[ 2016-07-22T18:01:25+08:00 ] 127.0.0.1 /hotel/admin.php/Index/login
INFO: [ route_check ] --START--
INFO: Run CheckRoute Behavior [ RunTime:0.002056s ]
INFO: [ route_check ] --END-- [ RunTime:0.002179s ]
INFO: [ app_begin ] --START--
INFO: Run ReadHtmlCache Behavior [ RunTime:-0.000511s ]
INFO: [ app_begin ] --END-- [ RunTime:0.001479s ]
INFO: [ view_template ] --START--
INFO: Run LocationTemplate Behavior [ RunTime:-0.004980s ]
INFO: [ view_template ] --END-- [ RunTime:0.002547s ]
INFO: [ view_parse ] --START--
INFO: Run ParseTemplate Behavior [ RunTime:-0.007530s ]
INFO: [ view_parse ] --END-- [ RunTime:0.039400s ]
INFO: [ view_filter ] --START--
INFO: Run ContentReplace Behavior [ RunTime:-0.046969s ]
INFO: Run TokenBuild Behavior [ RunTime:-0.047967s ]
INFO: Run WriteHtmlCache Behavior [ RunTime:-0.049338s ]
INFO: Run ShowRuntime Behavior [ RunTime:-0.050224s ]
INFO: [ view_filter ] --END-- [ RunTime:0.004458s ]
INFO: [ view_end ] --START--
INFO: Run ShowPageTrace Behavior [ RunTime:-0.051495s ]
INFO: [ view_end ] --END-- [ RunTime:0.001385s ]

[ 2016-07-22T18:01:33+08:00 ] 127.0.0.1 /hotel/admin.php
INFO: [ app_begin ] --START--
INFO: Run ReadHtmlCache Behavior [ RunTime:0.000490s ]
INFO: [ app_begin ] --END-- [ RunTime:0.000550s ]
INFO: [ view_template ] --START--
INFO: Run LocationTemplate Behavior [ RunTime:-0.000961s ]
INFO: [ view_template ] --END-- [ RunTime:0.000785s ]
INFO: [ view_parse ] --START--
INFO: Run ParseTemplate Behavior [ RunTime:-0.001777s ]
INFO: [ view_parse ] --END-- [ RunTime:0.024134s ]
INFO: [ view_filter ] --START--
INFO: Run ContentReplace Behavior [ RunTime:-0.025943s ]
INFO: Run TokenBuild Behavior [ RunTime:-0.026430s ]
INFO: Run WriteHtmlCache Behavior [ RunTime:-0.027407s ]
INFO: Run ShowRuntime Behavior [ RunTime:-0.028283s ]
INFO: [ view_filter ] --END-- [ RunTime:0.004359s ]
INFO: [ view_end ] --START--
INFO: Run ShowPageTrace Behavior [ RunTime:-0.030391s ]
INFO: [ view_end ] --END-- [ RunTime:0.001425s ]

[ 2016-07-22T18:01:33+08:00 ] 127.0.0.1 /hotel/admin.php/Layout/north?_=1469181693403
INFO: [ route_check ] --START--
INFO: Run CheckRoute Behavior [ RunTime:0.000611s ]
INFO: [ route_check ] --END-- [ RunTime:0.000667s ]
INFO: [ app_begin ] --START--
INFO: Run ReadHtmlCache Behavior [ RunTime:-0.000205s ]
INFO: [ app_begin ] --END-- [ RunTime:0.000467s ]
INFO: [ view_template ] --START--
INFO: Run LocationTemplate Behavior [ RunTime:-0.002003s ]
INFO: [ view_template ] --END-- [ RunTime:0.000587s ]
INFO: [ view_parse ] --START--
INFO: Run ParseTemplate Behavior [ RunTime:-0.002499s ]
INFO: [ view_parse ] --END-- [ RunTime:0.027923s ]
INFO: [ view_filter ] --START--
INFO: Run ContentReplace Behavior [ RunTime:-0.030461s ]
INFO: Run TokenBuild Behavior [ RunTime:-0.030892s ]
INFO: Run WriteHtmlCache Behavior [ RunTime:-0.031404s ]
INFO: Run ShowRuntime Behavior [ RunTime:-0.031873s ]
INFO: [ view_filter ] --END-- [ RunTime:0.001957s ]
INFO: [ view_end ] --START--
INFO: Run ShowPageTrace Behavior [ RunTime:-0.032477s ]
INFO: [ view_end ] --END-- [ RunTime:0.000698s ]

[ 2016-07-22T18:01:33+08:00 ] 127.0.0.1 /hotel/admin.php/Layout/west?_=1469181693420
INFO: [ route_check ] --START--
INFO: Run CheckRoute Behavior [ RunTime:0.001219s ]
INFO: [ route_check ] --END-- [ RunTime:0.001295s ]
INFO: [ app_begin ] --START--
INFO: Run ReadHtmlCache Behavior [ RunTime:-0.000783s ]
INFO: [ app_begin ] --END-- [ RunTime:0.000867s ]
INFO: [ view_template ] --START--
INFO: Run LocationTemplate Behavior [ RunTime:-0.011784s ]
INFO: [ view_template ] --END-- [ RunTime:0.000726s ]
INFO: [ view_parse ] --START--
INFO: Run ParseTemplate Behavior [ RunTime:-0.012549s ]
INFO: [ view_parse ] --END-- [ RunTime:0.058713s ]
INFO: [ view_filter ] --START--
INFO: Run ContentReplace Behavior [ RunTime:-0.071297s ]
INFO: Run TokenBuild Behavior [ RunTime:-0.072009s ]
INFO: Run WriteHtmlCache Behavior [ RunTime:-0.072714s ]
INFO: Run ShowRuntime Behavior [ RunTime:-0.073274s ]
INFO: [ view_filter ] --END-- [ RunTime:0.002708s ]
INFO: [ view_end ] --START--
INFO: Run ShowPageTrace Behavior [ RunTime:-0.074086s ]
INFO: [ view_end ] --END-- [ RunTime:0.000963s ]

[ 2016-07-22T18:01:33+08:00 ] 127.0.0.1 /hotel/admin.php/Layout/center?_=1469181693428
INFO: [ route_check ] --START--
INFO: Run CheckRoute Behavior [ RunTime:0.001121s ]
INFO: [ route_check ] --END-- [ RunTime:0.001214s ]
INFO: [ app_begin ] --START--
INFO: Run ReadHtmlCache Behavior [ RunTime:-0.000318s ]
INFO: [ app_begin ] --END-- [ RunTime:0.000905s ]
INFO: [ view_template ] --START--
INFO: Run LocationTemplate Behavior [ RunTime:-0.047531s ]
INFO: [ view_template ] --END-- [ RunTime:0.000619s ]
INFO: [ view_parse ] --START--
INFO: Run ParseTemplate Behavior [ RunTime:-0.048191s ]
INFO: [ view_parse ] --END-- [ RunTime:0.007906s ]
INFO: [ view_filter ] --START--
INFO: Run ContentReplace Behavior [ RunTime:-0.056128s ]
INFO: Run TokenBuild Behavior [ RunTime:-0.056685s ]
INFO: Run WriteHtmlCache Behavior [ RunTime:-0.057153s ]
INFO: Run ShowRuntime Behavior [ RunTime:-0.057484s ]
INFO: [ view_filter ] --END-- [ RunTime:0.001892s ]
INFO: [ view_end ] --START--
INFO: Run ShowPageTrace Behavior [ RunTime:-0.058079s ]
INFO: [ view_end ] --END-- [ RunTime:0.000858s ]

[ 2016-07-22T18:01:33+08:00 ] 127.0.0.1 /hotel/admin.php/Order/index
INFO: [ route_check ] --START--
INFO: Run CheckRoute Behavior [ RunTime:0.000630s ]
INFO: [ route_check ] --END-- [ RunTime:0.000695s ]
INFO: [ app_begin ] --START--
INFO: Run ReadHtmlCache Behavior [ RunTime:-0.000957s ]
INFO: [ app_begin ] --END-- [ RunTime:0.000505s ]
INFO: [ view_template ] --START--
INFO: Run LocationTemplate Behavior [ RunTime:-0.004130s ]
INFO: [ view_template ] --END-- [ RunTime:0.001170s ]
INFO: [ view_parse ] --START--
INFO: Run ParseTemplate Behavior [ RunTime:-0.005342s ]
INFO: [ view_parse ] --END-- [ RunTime:0.023956s ]
INFO: [ view_filter ] --START--
INFO: Run ContentReplace Behavior [ RunTime:-0.029319s ]
INFO: Run TokenBuild Behavior [ RunTime:-0.029709s ]
INFO: Run WriteHtmlCache Behavior [ RunTime:-0.030012s ]
INFO: Run ShowRuntime Behavior [ RunTime:-0.030242s ]
INFO: [ view_filter ] --END-- [ RunTime:0.001290s ]
INFO: [ view_end ] --START--
INFO: Run ShowPageTrace Behavior [ RunTime:-0.030888s ]
INFO: [ view_end ] --END-- [ RunTime:0.000759s ]

[ 2016-07-22T18:01:33+08:00 ] 127.0.0.1 /hotel/admin.php/Order/index
INFO: [ route_check ] --START--
INFO: Run CheckRoute Behavior [ RunTime:0.000921s ]
INFO: [ route_check ] --END-- [ RunTime:0.000998s ]
INFO: [ app_begin ] --START--
INFO: Run ReadHtmlCache Behavior [ RunTime:-0.000300s ]
INFO: [ app_begin ] --END-- [ RunTime:0.000716s ]
INFO: [ view_template ] --START--
INFO: Run LocationTemplate Behavior [ RunTime:-0.032321s ]
INFO: [ view_template ] --END-- [ RunTime:0.000618s ]
INFO: [ view_parse ] --START--
INFO: Run ParseTemplate Behavior [ RunTime:-0.032961s ]
INFO: [ view_parse ] --END-- [ RunTime:0.007216s ]
INFO: [ view_filter ] --START--
INFO: Run ContentReplace Behavior [ RunTime:-0.040211s ]
INFO: Run TokenBuild Behavior [ RunTime:-0.040614s ]
INFO: Run WriteHtmlCache Behavior [ RunTime:-0.040932s ]
INFO: Run ShowRuntime Behavior [ RunTime:-0.041161s ]
INFO: [ view_filter ] --END-- [ RunTime:0.001342s ]
INFO: [ view_end ] --START--
INFO: Run ShowPageTrace Behavior [ RunTime:-0.041855s ]
INFO: [ view_end ] --END-- [ RunTime:0.000745s ]

[ 2016-07-22T18:01:38+08:00 ] 127.0.0.1 /hotel/admin.php/Goods/index
INFO: [ route_check ] --START--
INFO: Run CheckRoute Behavior [ RunTime:0.001823s ]
INFO: [ route_check ] --END-- [ RunTime:0.001965s ]
INFO: [ app_begin ] --START--
INFO: Run ReadHtmlCache Behavior [ RunTime:-0.000565s ]
INFO: [ app_begin ] --END-- [ RunTime:0.001150s ]
INFO: [ view_template ] --START--
INFO: Run LocationTemplate Behavior [ RunTime:-0.072035s ]
INFO: [ view_template ] --END-- [ RunTime:0.002250s ]
INFO: [ view_parse ] --START--
INFO: Run ParseTemplate Behavior [ RunTime:-0.074365s ]
INFO: [ view_parse ] --END-- [ RunTime:0.032902s ]
INFO: [ view_filter ] --START--
INFO: Run ContentReplace Behavior [ RunTime:-0.107324s ]
INFO: Run TokenBuild Behavior [ RunTime:-0.108230s ]
INFO: Run WriteHtmlCache Behavior [ RunTime:-0.109063s ]
INFO: Run ShowRuntime Behavior [ RunTime:-0.109644s ]
INFO: [ view_filter ] --END-- [ RunTime:0.003288s ]
INFO: [ view_end ] --START--
INFO: Run ShowPageTrace Behavior [ RunTime:-0.111095s ]
INFO: [ view_end ] --END-- [ RunTime:0.002825s ]

[ 2016-07-22T18:01:40+08:00 ] 127.0.0.1 /hotel/admin.php/Goods/uppd?id=3
INFO: [ route_check ] --START--
INFO: Run CheckRoute Behavior [ RunTime:0.001726s ]
INFO: [ route_check ] --END-- [ RunTime:0.002132s ]
INFO: [ app_begin ] --START--
INFO: Run ReadHtmlCache Behavior [ RunTime:-0.000506s ]
INFO: [ app_begin ] --END-- [ RunTime:0.001544s ]
SQL: SHOW COLUMNS FROM `rooms` [ RunTime:0.001458s ]
NOTIC: [8] Use of undefined constant type_id - assumed 'type_id' D:\Hotel\Apache\htdocs\hotel\Admin\Lib\Action\GoodsAction.class.php 第 187 行.
SQL: SELECT * FROM `rooms` WHERE ( `type_id` = 3 ) LIMIT 1   [ RunTime:0.000291s ]
INFO: [ view_template ] --START--
INFO: Run LocationTemplate Behavior [ RunTime:-0.018441s ]
INFO: [ view_template ] --END-- [ RunTime:0.000676s ]
INFO: [ view_parse ] --START--
INFO: Run ParseTemplate Behavior [ RunTime:-0.019151s ]
INFO: [ view_parse ] --END-- [ RunTime:0.080219s ]
INFO: [ view_filter ] --START--
INFO: Run ContentReplace Behavior [ RunTime:-0.099470s ]
INFO: Run TokenBuild Behavior [ RunTime:-0.100752s ]
INFO: Run WriteHtmlCache Behavior [ RunTime:-0.101735s ]
INFO: Run ShowRuntime Behavior [ RunTime:-0.102316s ]
INFO: [ view_filter ] --END-- [ RunTime:0.003842s ]
INFO: [ view_end ] --START--
INFO: Run ShowPageTrace Behavior [ RunTime:-0.103427s ]
INFO: [ view_end ] --END-- [ RunTime:0.001387s ]

[ 2016-07-22T18:01:41+08:00 ] 127.0.0.1 /hotel/admin.php/Goods/
INFO: [ route_check ] --START--
INFO: Run CheckRoute Behavior [ RunTime:0.000511s ]
INFO: [ route_check ] --END-- [ RunTime:0.000555s ]
INFO: [ app_begin ] --START--
INFO: Run ReadHtmlCache Behavior [ RunTime:-0.000166s ]
INFO: [ app_begin ] --END-- [ RunTime:0.000388s ]
INFO: [ view_template ] --START--
INFO: Run LocationTemplate Behavior [ RunTime:-0.001508s ]
INFO: [ view_template ] --END-- [ RunTime:0.000477s ]
INFO: [ view_parse ] --START--
INFO: Run ParseTemplate Behavior [ RunTime:-0.002009s ]
INFO: [ view_parse ] --END-- [ RunTime:0.005385s ]
INFO: [ view_filter ] --START--
INFO: Run ContentReplace Behavior [ RunTime:-0.007414s ]
INFO: Run TokenBuild Behavior [ RunTime:-0.007719s ]
INFO: Run WriteHtmlCache Behavior [ RunTime:-0.007982s ]
INFO: Run ShowRuntime Behavior [ RunTime:-0.008186s ]
INFO: [ view_filter ] --END-- [ RunTime:0.001097s ]
INFO: [ view_end ] --START--
INFO: Run ShowPageTrace Behavior [ RunTime:-0.008711s ]
INFO: [ view_end ] --END-- [ RunTime:0.000829s ]

[ 2016-07-22T18:01:45+08:00 ] 127.0.0.1 /hotel/admin.php/Goods/index
INFO: [ route_check ] --START--
INFO: Run CheckRoute Behavior [ RunTime:0.000573s ]
INFO: [ route_check ] --END-- [ RunTime:0.000626s ]
INFO: [ app_begin ] --START--
INFO: Run ReadHtmlCache Behavior [ RunTime:-0.000188s ]
INFO: [ app_begin ] --END-- [ RunTime:0.000453s ]
INFO: [ view_template ] --START--
INFO: Run LocationTemplate Behavior [ RunTime:-0.001601s ]
INFO: [ view_template ] --END-- [ RunTime:0.000542s ]
INFO: [ view_parse ] --START--
INFO: Run ParseTemplate Behavior [ RunTime:-0.002169s ]
INFO: [ view_parse ] --END-- [ RunTime:0.005658s ]
INFO: [ view_filter ] --START--
INFO: Run ContentReplace Behavior [ RunTime:-0.007846s ]
INFO: Run TokenBuild Behavior [ RunTime:-0.008157s ]
INFO: Run WriteHtmlCache Behavior [ RunTime:-0.008422s ]
INFO: Run ShowRuntime Behavior [ RunTime:-0.008614s ]
INFO: [ view_filter ] --END-- [ RunTime:0.001093s ]
INFO: [ view_end ] --START--
INFO: Run ShowPageTrace Behavior [ RunTime:-0.009144s ]
INFO: [ view_end ] --END-- [ RunTime:0.000508s ]

[ 2016-07-22T18:01:46+08:00 ] ERR: (ThinkException) 非法操作:﻿
[ 2016-07-22T18:01:50+08:00 ] 127.0.0.1 /hotel/admin.php/Goods/addpd
INFO: [ route_check ] --START--
INFO: Run CheckRoute Behavior [ RunTime:0.001256s ]
INFO: [ route_check ] --END-- [ RunTime:0.001360s ]
INFO: [ app_begin ] --START--
INFO: Run ReadHtmlCache Behavior [ RunTime:-0.000318s ]
INFO: [ app_begin ] --END-- [ RunTime:0.000703s ]
NOTIC: [8] Undefined index: pid D:\Hotel\Apache\htdocs\hotel\Admin\Lib\Action\GoodsAction.class.php 第 88 行.
INFO: [ view_template ] --START--
INFO: Run LocationTemplate Behavior [ RunTime:-0.002840s ]
INFO: [ view_template ] --END-- [ RunTime:0.000990s ]
INFO: [ view_parse ] --START--
INFO: Run ParseTemplate Behavior [ RunTime:-0.003864s ]
INFO: [ view_parse ] --END-- [ RunTime:0.078479s ]
INFO: [ view_filter ] --START--
INFO: Run ContentReplace Behavior [ RunTime:-0.082441s ]
INFO: Run TokenBuild Behavior [ RunTime:-0.083469s ]
INFO: Run WriteHtmlCache Behavior [ RunTime:-0.084339s ]
INFO: Run ShowRuntime Behavior [ RunTime:-0.084980s ]
INFO: [ view_filter ] --END-- [ RunTime:0.003621s ]
INFO: [ view_end ] --START--
INFO: Run ShowPageTrace Behavior [ RunTime:-0.086190s ]
INFO: [ view_end ] --END-- [ RunTime:0.001598s ]

[ 2016-07-22T18:01:51+08:00 ] 127.0.0.1 /hotel/admin.php/Goods/
INFO: [ route_check ] --START--
INFO: Run CheckRoute Behavior [ RunTime:0.001606s ]
INFO: [ route_check ] --END-- [ RunTime:0.001735s ]
INFO: [ app_begin ] --START--
INFO: Run ReadHtmlCache Behavior [ RunTime:-0.000524s ]
INFO: [ app_begin ] --END-- [ RunTime:0.001194s ]
INFO: [ view_template ] --START--
INFO: Run LocationTemplate Behavior [ RunTime:-0.004209s ]
INFO: [ view_template ] --END-- [ RunTime:0.001027s ]
INFO: [ view_parse ] --START--
INFO: Run ParseTemplate Behavior [ RunTime:-0.005303s ]
INFO: [ view_parse ] --END-- [ RunTime:0.014452s ]
INFO: [ view_filter ] --START--
INFO: Run ContentReplace Behavior [ RunTime:-0.019779s ]
INFO: Run TokenBuild Behavior [ RunTime:-0.020349s ]
INFO: Run WriteHtmlCache Behavior [ RunTime:-0.020827s ]
INFO: Run ShowRuntime Behavior [ RunTime:-0.021176s ]
INFO: [ view_filter ] --END-- [ RunTime:0.001981s ]
INFO: [ view_end ] --START--
INFO: Run ShowPageTrace Behavior [ RunTime:-0.022097s ]
INFO: [ view_end ] --END-- [ RunTime:0.001050s ]

[ 2016-07-22T18:01:55+08:00 ] 127.0.0.1 /hotel/admin.php/Goods/index
INFO: [ route_check ] --START--
INFO: Run CheckRoute Behavior [ RunTime:0.000927s ]
INFO: [ route_check ] --END-- [ RunTime:0.001007s ]
INFO: [ app_begin ] --START--
INFO: Run ReadHtmlCache Behavior [ RunTime:-0.000295s ]
INFO: [ app_begin ] --END-- [ RunTime:0.000708s ]
INFO: [ view_template ] --START--
INFO: Run LocationTemplate Behavior [ RunTime:-0.002475s ]
INFO: [ view_template ] --END-- [ RunTime:0.000622s ]
INFO: [ view_parse ] --START--
INFO: Run ParseTemplate Behavior [ RunTime:-0.003137s ]
INFO: [ view_parse ] --END-- [ RunTime:0.009773s ]
INFO: [ view_filter ] --START--
INFO: Run ContentReplace Behavior [ RunTime:-0.013010s ]
INFO: Run TokenBuild Behavior [ RunTime:-0.014002s ]
INFO: Run WriteHtmlCache Behavior [ RunTime:-0.014554s ]
INFO: Run ShowRuntime Behavior [ RunTime:-0.014916s ]
INFO: [ view_filter ] --END-- [ RunTime:0.002821s ]
INFO: [ view_end ] --START--
INFO: Run ShowPageTrace Behavior [ RunTime:-0.016534s ]
INFO: [ view_end ] --END-- [ RunTime:0.001718s ]

[ 2016-07-22T18:01:59+08:00 ] 127.0.0.1 /hotel/admin.php/Index/login
INFO: [ route_check ] --START--
INFO: Run CheckRoute Behavior [ RunTime:0.001433s ]
INFO: [ route_check ] --END-- [ RunTime:0.001555s ]
INFO: [ app_begin ] --START--
INFO: Run ReadHtmlCache Behavior [ RunTime:-0.000465s ]
INFO: [ app_begin ] --END-- [ RunTime:0.001225s ]
INFO: [ view_template ] --START--
INFO: Run LocationTemplate Behavior [ RunTime:-0.004546s ]
INFO: [ view_template ] --END-- [ RunTime:0.001496s ]
INFO: [ view_parse ] --START--
INFO: Run ParseTemplate Behavior [ RunTime:-0.006098s ]
INFO: [ view_parse ] --END-- [ RunTime:0.015696s ]
INFO: [ view_filter ] --START--
INFO: Run ContentReplace Behavior [ RunTime:-0.021839s ]
INFO: Run TokenBuild Behavior [ RunTime:-0.022773s ]
INFO: Run WriteHtmlCache Behavior [ RunTime:-0.023698s ]
INFO: Run ShowRuntime Behavior [ RunTime:-0.024400s ]
INFO: [ view_filter ] --END-- [ RunTime:0.003614s ]
INFO: [ view_end ] --START--
INFO: Run ShowPageTrace Behavior [ RunTime:-0.025575s ]
INFO: [ view_end ] --END-- [ RunTime:0.001596s ]

[ 2016-07-22T18:02:07+08:00 ] 127.0.0.1 /hotel/admin.php
INFO: [ app_begin ] --START--
INFO: Run ReadHtmlCache Behavior [ RunTime:0.000653s ]
INFO: [ app_begin ] --END-- [ RunTime:0.000728s ]
INFO: [ view_template ] --START--
INFO: Run LocationTemplate Behavior [ RunTime:-0.001422s ]
INFO: [ view_template ] --END-- [ RunTime:0.000944s ]
INFO: [ view_parse ] --START--
INFO: Run ParseTemplate Behavior [ RunTime:-0.002371s ]
INFO: [ view_parse ] --END-- [ RunTime:0.004683s ]
INFO: [ view_filter ] --START--
INFO: Run ContentReplace Behavior [ RunTime:-0.007076s ]
INFO: Run TokenBuild Behavior [ RunTime:-0.007380s ]
INFO: Run WriteHtmlCache Behavior [ RunTime:-0.007654s ]
INFO: Run ShowRuntime Behavior [ RunTime:-0.007853s ]
INFO: [ view_filter ] --END-- [ RunTime:0.001105s ]
INFO: [ view_end ] --START--
INFO: Run ShowPageTrace Behavior [ RunTime:-0.008218s ]
INFO: [ view_end ] --END-- [ RunTime:0.000467s ]

[ 2016-07-22T18:02:07+08:00 ] 127.0.0.1 /hotel/admin.php/Layout/north?_=1469181727876
INFO: [ route_check ] --START--
INFO: Run CheckRoute Behavior [ RunTime:0.001018s ]
INFO: [ route_check ] --END-- [ RunTime:0.001093s ]
INFO: [ app_begin ] --START--
INFO: Run ReadHtmlCache Behavior [ RunTime:-0.000221s ]
INFO: [ app_begin ] --END-- [ RunTime:0.000581s ]
INFO: [ view_template ] --START--
INFO: Run LocationTemplate Behavior [ RunTime:-0.002298s ]
INFO: [ view_template ] --END-- [ RunTime:0.000945s ]
INFO: [ view_parse ] --START--
INFO: Run ParseTemplate Behavior [ RunTime:-0.003275s ]
INFO: [ view_parse ] --END-- [ RunTime:0.007966s ]
INFO: [ view_filter ] --START--
INFO: Run ContentReplace Behavior [ RunTime:-0.011290s ]
INFO: Run TokenBuild Behavior [ RunTime:-0.011835s ]
INFO: Run WriteHtmlCache Behavior [ RunTime:-0.012310s ]
INFO: Run ShowRuntime Behavior [ RunTime:-0.012659s ]
INFO: [ view_filter ] --END-- [ RunTime:0.001930s ]
INFO: [ view_end ] --START--
INFO: Run ShowPageTrace Behavior [ RunTime:-0.013270s ]
INFO: [ view_end ] --END-- [ RunTime:0.000710s ]

[ 2016-07-22T18:02:07+08:00 ] 127.0.0.1 /hotel/admin.php/Layout/west?_=1469181727886
INFO: [ route_check ] --START--
INFO: Run CheckRoute Behavior [ RunTime:0.000793s ]
INFO: [ route_check ] --END-- [ RunTime:0.000864s ]
INFO: [ app_begin ] --START--
INFO: Run ReadHtmlCache Behavior [ RunTime:-0.000216s ]
INFO: [ app_begin ] --END-- [ RunTime:0.000641s ]
INFO: [ view_template ] --START--
INFO: Run LocationTemplate Behavior [ RunTime:-0.001506s ]
INFO: [ view_template ] --END-- [ RunTime:0.000331s ]
INFO: [ view_parse ] --START--
INFO: Run ParseTemplate Behavior [ RunTime:-0.001858s ]
INFO: [ view_parse ] --END-- [ RunTime:0.007980s ]
INFO: [ view_filter ] --START--
INFO: Run ContentReplace Behavior [ RunTime:-0.009878s ]
INFO: Run TokenBuild Behavior [ RunTime:-0.010536s ]
INFO: Run WriteHtmlCache Behavior [ RunTime:-0.010958s ]
INFO: Run ShowRuntime Behavior [ RunTime:-0.011285s ]
INFO: [ view_filter ] --END-- [ RunTime:0.001938s ]
INFO: [ view_end ] --START--
INFO: Run ShowPageTrace Behavior [ RunTime:-0.011872s ]
INFO: [ view_end ] --END-- [ RunTime:0.000683s ]

[ 2016-07-22T18:02:07+08:00 ] 127.0.0.1 /hotel/admin.php/Layout/center?_=1469181727891
INFO: [ route_check ] --START--
INFO: Run CheckRoute Behavior [ RunTime:0.000958s ]
INFO: [ route_check ] --END-- [ RunTime:0.001040s ]
INFO: [ app_begin ] --START--
INFO: Run ReadHtmlCache Behavior [ RunTime:-0.000307s ]
INFO: [ app_begin ] --END-- [ RunTime:0.000692s ]
INFO: [ view_template ] --START--
INFO: Run LocationTemplate Behavior [ RunTime:-0.001775s ]
INFO: [ view_template ] --END-- [ RunTime:0.000627s ]
INFO: [ view_parse ] --START--
INFO: Run ParseTemplate Behavior [ RunTime:-0.002428s ]
INFO: [ view_parse ] --END-- [ RunTime:0.006742s ]
INFO: [ view_filter ] --START--
INFO: Run ContentReplace Behavior [ RunTime:-0.009203s ]
INFO: Run TokenBuild Behavior [ RunTime:-0.009578s ]
INFO: Run WriteHtmlCache Behavior [ RunTime:-0.009923s ]
INFO: Run ShowRuntime Behavior [ RunTime:-0.010200s ]
INFO: [ view_filter ] --END-- [ RunTime:0.001477s ]
INFO: [ view_end ] --START--
INFO: Run ShowPageTrace Behavior [ RunTime:-0.010725s ]
INFO: [ view_end ] --END-- [ RunTime:0.000800s ]

[ 2016-07-22T18:02:08+08:00 ] 127.0.0.1 /hotel/admin.php/Order/index
INFO: [ route_check ] --START--
INFO: Run CheckRoute Behavior [ RunTime:0.000937s ]
INFO: [ route_check ] --END-- [ RunTime:0.001020s ]
INFO: [ app_begin ] --START--
INFO: Run ReadHtmlCache Behavior [ RunTime:-0.000313s ]
INFO: [ app_begin ] --END-- [ RunTime:0.000702s ]
INFO: [ view_template ] --START--
INFO: Run LocationTemplate Behavior [ RunTime:-0.002539s ]
INFO: [ view_template ] --END-- [ RunTime:0.000628s ]
INFO: [ view_parse ] --START--
INFO: Run ParseTemplate Behavior [ RunTime:-0.003206s ]
INFO: [ view_parse ] --END-- [ RunTime:0.011183s ]
INFO: [ view_filter ] --START--
INFO: Run ContentReplace Behavior [ RunTime:-0.014435s ]
INFO: Run TokenBuild Behavior [ RunTime:-0.015209s ]
INFO: Run WriteHtmlCache Behavior [ RunTime:-0.016060s ]
INFO: Run ShowRuntime Behavior [ RunTime:-0.016661s ]
INFO: [ view_filter ] --END-- [ RunTime:0.002602s ]
INFO: [ view_end ] --START--
INFO: Run ShowPageTrace Behavior [ RunTime:-0.017308s ]
INFO: [ view_end ] --END-- [ RunTime:0.000483s ]

[ 2016-07-22T18:02:08+08:00 ] 127.0.0.1 /hotel/admin.php/Order/index
INFO: [ route_check ] --START--
INFO: Run CheckRoute Behavior [ RunTime:0.002155s ]
INFO: [ route_check ] --END-- [ RunTime:0.002304s ]
INFO: [ app_begin ] --START--
INFO: Run ReadHtmlCache Behavior [ RunTime:-0.000564s ]
INFO: [ app_begin ] --END-- [ RunTime:0.001348s ]
INFO: [ view_template ] --START--
INFO: Run LocationTemplate Behavior [ RunTime:-0.004943s ]
INFO: [ view_template ] --END-- [ RunTime:0.000882s ]
INFO: [ view_parse ] --START--
INFO: Run ParseTemplate Behavior [ RunTime:-0.005877s ]
INFO: [ view_parse ] --END-- [ RunTime:0.015009s ]
INFO: [ view_filter ] --START--
INFO: Run ContentReplace Behavior [ RunTime:-0.020943s ]
INFO: Run TokenBuild Behavior [ RunTime:-0.021741s ]
INFO: Run WriteHtmlCache Behavior [ RunTime:-0.022447s ]
INFO: Run ShowRuntime Behavior [ RunTime:-0.022925s ]
INFO: [ view_filter ] --END-- [ RunTime:0.002789s ]
INFO: [ view_end ] --START--
INFO: Run ShowPageTrace Behavior [ RunTime:-0.024158s ]
INFO: [ view_end ] --END-- [ RunTime:0.001276s ]

[ 2016-07-22T18:02:16+08:00 ] 127.0.0.1 /hotel/admin.php/Auser/index
INFO: [ route_check ] --START--
INFO: Run CheckRoute Behavior [ RunTime:0.001352s ]
INFO: [ route_check ] --END-- [ RunTime:0.001450s ]
INFO: [ app_begin ] --START--
INFO: Run ReadHtmlCache Behavior [ RunTime:-0.000373s ]
INFO: [ app_begin ] --END-- [ RunTime:0.000800s ]
INFO: [ view_template ] --START--
INFO: Run LocationTemplate Behavior [ RunTime:-0.006539s ]
INFO: [ view_template ] --END-- [ RunTime:0.000933s ]
INFO: [ view_parse ] --START--
NOTIC: [8] Undefined variable: time D:\Hotel\Apache\htdocs\hotel\Admin\Runtime\Cache\17f64007229cc80dfeec02b2cf21cc3e.php 第 121 行.
NOTIC: [8] Undefined variable: time D:\Hotel\Apache\htdocs\hotel\Admin\Runtime\Cache\17f64007229cc80dfeec02b2cf21cc3e.php 第 122 行.
INFO: Run ParseTemplate Behavior [ RunTime:-0.007503s ]
INFO: [ view_parse ] --END-- [ RunTime:0.115075s ]
INFO: [ view_filter ] --START--
INFO: Run ContentReplace Behavior [ RunTime:-0.122662s ]
INFO: Run TokenBuild Behavior [ RunTime:-0.123765s ]
INFO: Run WriteHtmlCache Behavior [ RunTime:-0.124587s ]
INFO: Run ShowRuntime Behavior [ RunTime:-0.125165s ]
INFO: [ view_filter ] --END-- [ RunTime:0.003530s ]
INFO: [ view_end ] --START--
INFO: Run ShowPageTrace Behavior [ RunTime:-0.126748s ]
INFO: [ view_end ] --END-- [ RunTime:0.002168s ]

[ 2016-07-22T18:32:38+08:00 ] 127.0.0.1 /hotel/admin.php/Index/login
INFO: [ route_check ] --START--
INFO: Run CheckRoute Behavior [ RunTime:0.000579s ]
INFO: [ route_check ] --END-- [ RunTime:0.000631s ]
INFO: [ app_begin ] --START--
INFO: Run ReadHtmlCache Behavior [ RunTime:-0.000171s ]
INFO: [ app_begin ] --END-- [ RunTime:0.000400s ]
INFO: [ view_template ] --START--
INFO: Run LocationTemplate Behavior [ RunTime:-0.001514s ]
INFO: [ view_template ] --END-- [ RunTime:0.000362s ]
INFO: [ view_parse ] --START--
INFO: Run ParseTemplate Behavior [ RunTime:-0.001899s ]
INFO: [ view_parse ] --END-- [ RunTime:0.005188s ]
INFO: [ view_filter ] --START--
INFO: Run ContentReplace Behavior [ RunTime:-0.007110s ]
INFO: Run TokenBuild Behavior [ RunTime:-0.007483s ]
INFO: Run WriteHtmlCache Behavior [ RunTime:-0.007815s ]
INFO: Run ShowRuntime Behavior [ RunTime:-0.008075s ]
INFO: [ view_filter ] --END-- [ RunTime:0.001370s ]
INFO: [ view_end ] --START--
INFO: Run ShowPageTrace Behavior [ RunTime:-0.008518s ]
INFO: [ view_end ] --END-- [ RunTime:0.000548s ]

[ 2016-07-22T18:33:09+08:00 ] 127.0.0.1 /hotel/admin.php
INFO: [ app_begin ] --START--
INFO: Run ReadHtmlCache Behavior [ RunTime:0.000364s ]
INFO: [ app_begin ] --END-- [ RunTime:0.000411s ]
INFO: [ view_template ] --START--
INFO: Run LocationTemplate Behavior [ RunTime:-0.000916s ]
INFO: [ view_template ] --END-- [ RunTime:0.000879s ]
INFO: [ view_parse ] --START--
INFO: Run ParseTemplate Behavior [ RunTime:-0.001813s ]
INFO: [ view_parse ] --END-- [ RunTime:0.005540s ]
INFO: [ view_filter ] --START--
INFO: Run ContentReplace Behavior [ RunTime:-0.007383s ]
INFO: Run TokenBuild Behavior [ RunTime:-0.007805s ]
INFO: Run WriteHtmlCache Behavior [ RunTime:-0.008156s ]
INFO: Run ShowRuntime Behavior [ RunTime:-0.008421s ]
INFO: [ view_filter ] --END-- [ RunTime:0.001435s ]
INFO: [ view_end ] --START--
INFO: Run ShowPageTrace Behavior [ RunTime:-0.008855s ]
INFO: [ view_end ] --END-- [ RunTime:0.000499s ]

[ 2016-07-22T18:33:09+08:00 ] 127.0.0.1 /hotel/admin.php/Layout/north?_=1469183589850
INFO: [ route_check ] --START--
INFO: Run CheckRoute Behavior [ RunTime:0.000592s ]
INFO: [ route_check ] --END-- [ RunTime:0.000650s ]
INFO: [ app_begin ] --START--
INFO: Run ReadHtmlCache Behavior [ RunTime:-0.000198s ]
INFO: [ app_begin ] --END-- [ RunTime:0.000458s ]
INFO: [ view_template ] --START--
INFO: Run LocationTemplate Behavior [ RunTime:-0.001554s ]
INFO: [ view_template ] --END-- [ RunTime:0.000476s ]
INFO: [ view_parse ] --START--
INFO: Run ParseTemplate Behavior [ RunTime:-0.002056s ]
INFO: [ view_parse ] --END-- [ RunTime:0.005777s ]
INFO: [ view_filter ] --START--
INFO: Run ContentReplace Behavior [ RunTime:-0.007907s ]
INFO: Run TokenBuild Behavior [ RunTime:-0.009082s ]
INFO: Run WriteHtmlCache Behavior [ RunTime:-0.009419s ]
INFO: Run ShowRuntime Behavior [ RunTime:-0.009643s ]
INFO: [ view_filter ] --END-- [ RunTime:0.002147s ]
INFO: [ view_end ] --START--
INFO: Run ShowPageTrace Behavior [ RunTime:-0.010056s ]
INFO: [ view_end ] --END-- [ RunTime:0.001918s ]

[ 2016-07-22T18:33:09+08:00 ] 127.0.0.1 /hotel/admin.php/Layout/west?_=1469183589858
INFO: [ route_check ] --START--
INFO: Run CheckRoute Behavior [ RunTime:0.001297s ]
INFO: [ route_check ] --END-- [ RunTime:0.001454s ]
INFO: [ app_begin ] --START--
INFO: Run ReadHtmlCache Behavior [ RunTime:-0.000614s ]
INFO: [ app_begin ] --END-- [ RunTime:0.000753s ]
INFO: [ view_template ] --START--
INFO: Run LocationTemplate Behavior [ RunTime:-0.002787s ]
INFO: [ view_template ] --END-- [ RunTime:0.001529s ]
INFO: [ view_parse ] --START--
INFO: Run ParseTemplate Behavior [ RunTime:-0.004340s ]
INFO: [ view_parse ] --END-- [ RunTime:0.006227s ]
INFO: [ view_filter ] --START--
INFO: Run ContentReplace Behavior [ RunTime:-0.010613s ]
INFO: Run TokenBuild Behavior [ RunTime:-0.011112s ]
INFO: Run WriteHtmlCache Behavior [ RunTime:-0.011646s ]
INFO: Run ShowRuntime Behavior [ RunTime:-0.012041s ]
INFO: [ view_filter ] --END-- [ RunTime:0.002086s ]
INFO: [ view_end ] --START--
INFO: Run ShowPageTrace Behavior [ RunTime:-0.012756s ]
INFO: [ view_end ] --END-- [ RunTime:0.000713s ]

[ 2016-07-22T18:33:09+08:00 ] 127.0.0.1 /hotel/admin.php/Layout/center?_=1469183589860
INFO: [ route_check ] --START--
INFO: Run CheckRoute Behavior [ RunTime:0.000774s ]
INFO: [ route_check ] --END-- [ RunTime:0.000847s ]
INFO: [ app_begin ] --START--
INFO: Run ReadHtmlCache Behavior [ RunTime:-0.000277s ]
INFO: [ app_begin ] --END-- [ RunTime:0.000674s ]
INFO: [ view_template ] --START--
INFO: Run LocationTemplate Behavior [ RunTime:-0.002479s ]
INFO: [ view_template ] --END-- [ RunTime:0.001630s ]
INFO: [ view_parse ] --START--
INFO: Run ParseTemplate Behavior [ RunTime:-0.004150s ]
INFO: [ view_parse ] --END-- [ RunTime:0.007544s ]
INFO: [ view_filter ] --START--
INFO: Run ContentReplace Behavior [ RunTime:-0.011708s ]
INFO: Run TokenBuild Behavior [ RunTime:-0.012033s ]
INFO: Run WriteHtmlCache Behavior [ RunTime:-0.012571s ]
INFO: Run ShowRuntime Behavior [ RunTime:-0.012919s ]
INFO: [ view_filter ] --END-- [ RunTime:0.001880s ]
INFO: [ view_end ] --START--
INFO: Run ShowPageTrace Behavior [ RunTime:-0.013655s ]
INFO: [ view_end ] --END-- [ RunTime:0.000744s ]

[ 2016-07-22T18:33:10+08:00 ] 127.0.0.1 /hotel/admin.php/Order/index
INFO: [ route_check ] --START--
INFO: Run CheckRoute Behavior [ RunTime:0.000970s ]
INFO: [ route_check ] --END-- [ RunTime:0.001046s ]
INFO: [ app_begin ] --START--
INFO: Run ReadHtmlCache Behavior [ RunTime:-0.000248s ]
INFO: [ app_begin ] --END-- [ RunTime:0.000667s ]
INFO: [ view_template ] --START--
INFO: Run LocationTemplate Behavior [ RunTime:-0.002507s ]
INFO: [ view_template ] --END-- [ RunTime:0.000654s ]
INFO: [ view_parse ] --START--
INFO: Run ParseTemplate Behavior [ RunTime:-0.003184s ]
INFO: [ view_parse ] --END-- [ RunTime:0.013333s ]
INFO: [ view_filter ] --START--
INFO: Run ContentReplace Behavior [ RunTime:-0.016542s ]
INFO: Run TokenBuild Behavior [ RunTime:-0.016990s ]
INFO: Run WriteHtmlCache Behavior [ RunTime:-0.017277s ]
INFO: Run ShowRuntime Behavior [ RunTime:-0.017475s ]
INFO: [ view_filter ] --END-- [ RunTime:0.001332s ]
INFO: [ view_end ] --START--
INFO: Run ShowPageTrace Behavior [ RunTime:-0.018100s ]
INFO: [ view_end ] --END-- [ RunTime:0.000486s ]

[ 2016-07-22T18:33:10+08:00 ] 127.0.0.1 /hotel/admin.php/Order/index
INFO: [ route_check ] --START--
INFO: Run CheckRoute Behavior [ RunTime:0.000616s ]
INFO: [ route_check ] --END-- [ RunTime:0.000669s ]
INFO: [ app_begin ] --START--
INFO: Run ReadHtmlCache Behavior [ RunTime:-0.000204s ]
INFO: [ app_begin ] --END-- [ RunTime:0.000505s ]
INFO: [ view_template ] --START--
INFO: Run LocationTemplate Behavior [ RunTime:-0.004650s ]
INFO: [ view_template ] --END-- [ RunTime:0.000873s ]
INFO: [ view_parse ] --START--
INFO: Run ParseTemplate Behavior [ RunTime:-0.005576s ]
INFO: [ view_parse ] --END-- [ RunTime:0.008379s ]
INFO: [ view_filter ] --START--
INFO: Run ContentReplace Behavior [ RunTime:-0.013971s ]
INFO: Run TokenBuild Behavior [ RunTime:-0.014303s ]
INFO: Run WriteHtmlCache Behavior [ RunTime:-0.014576s ]
INFO: Run ShowRuntime Behavior [ RunTime:-0.014801s ]
INFO: [ view_filter ] --END-- [ RunTime:0.001168s ]
INFO: [ view_end ] --START--
INFO: Run ShowPageTrace Behavior [ RunTime:-0.015392s ]
INFO: [ view_end ] --END-- [ RunTime:0.000791s ]

[ 2016-07-22T18:33:18+08:00 ] 127.0.0.1 /hotel/admin.php/Goods/index
INFO: [ route_check ] --START--
INFO: Run CheckRoute Behavior [ RunTime:0.001621s ]
INFO: [ route_check ] --END-- [ RunTime:0.001920s ]
INFO: [ app_begin ] --START--
INFO: Run ReadHtmlCache Behavior [ RunTime:-0.000670s ]
INFO: [ app_begin ] --END-- [ RunTime:0.001410s ]
INFO: [ view_template ] --START--
INFO: Run LocationTemplate Behavior [ RunTime:-0.004708s ]
INFO: [ view_template ] --END-- [ RunTime:0.001505s ]
INFO: [ view_parse ] --START--
INFO: Run ParseTemplate Behavior [ RunTime:-0.006282s ]
INFO: [ view_parse ] --END-- [ RunTime:0.010167s ]
INFO: [ view_filter ] --START--
INFO: Run ContentReplace Behavior [ RunTime:-0.016457s ]
INFO: Run TokenBuild Behavior [ RunTime:-0.016905s ]
INFO: Run WriteHtmlCache Behavior [ RunTime:-0.017300s ]
INFO: Run ShowRuntime Behavior [ RunTime:-0.017597s ]
INFO: [ view_filter ] --END-- [ RunTime:0.001601s ]
INFO: [ view_end ] --START--
INFO: Run ShowPageTrace Behavior [ RunTime:-0.018481s ]
INFO: [ view_end ] --END-- [ RunTime:0.000973s ]

[ 2016-07-22T18:33:21+08:00 ] 127.0.0.1 /hotel/admin.php/Goods/uppd?id=14
INFO: [ route_check ] --START--
INFO: Run CheckRoute Behavior [ RunTime:0.001049s ]
INFO: [ route_check ] --END-- [ RunTime:0.001144s ]
INFO: [ app_begin ] --START--
INFO: Run ReadHtmlCache Behavior [ RunTime:-0.000331s ]
INFO: [ app_begin ] --END-- [ RunTime:0.001785s ]
SQL: SHOW COLUMNS FROM `rooms` [ RunTime:0.000567s ]
NOTIC: [8] Use of undefined constant type_id - assumed 'type_id' D:\Hotel\Apache\htdocs\hotel\Admin\Lib\Action\GoodsAction.class.php 第 187 行.
SQL: SELECT * FROM `rooms` WHERE ( `type_id` = 14 ) LIMIT 1   [ RunTime:0.000321s ]
INFO: [ view_template ] --START--
INFO: Run LocationTemplate Behavior [ RunTime:-0.018495s ]
INFO: [ view_template ] --END-- [ RunTime:0.000615s ]
INFO: [ view_parse ] --START--
INFO: Run ParseTemplate Behavior [ RunTime:-0.019139s ]
INFO: [ view_parse ] --END-- [ RunTime:0.006665s ]
INFO: [ view_filter ] --START--
INFO: Run ContentReplace Behavior [ RunTime:-0.025825s ]
INFO: Run TokenBuild Behavior [ RunTime:-0.026132s ]
INFO: Run WriteHtmlCache Behavior [ RunTime:-0.026399s ]
INFO: Run ShowRuntime Behavior [ RunTime:-0.026590s ]
INFO: [ view_filter ] --END-- [ RunTime:0.001090s ]
INFO: [ view_end ] --START--
INFO: Run ShowPageTrace Behavior [ RunTime:-0.026958s ]
INFO: [ view_end ] --END-- [ RunTime:0.000472s ]

[ 2016-07-22T18:33:21+08:00 ] 127.0.0.1 /hotel/admin.php/Goods/
INFO: [ route_check ] --START--
INFO: Run CheckRoute Behavior [ RunTime:0.001197s ]
INFO: [ route_check ] --END-- [ RunTime:0.001280s ]
INFO: [ app_begin ] --START--
INFO: Run ReadHtmlCache Behavior [ RunTime:-0.000384s ]
INFO: [ app_begin ] --END-- [ RunTime:0.000784s ]
INFO: [ view_template ] --START--
INFO: Run LocationTemplate Behavior [ RunTime:-0.002876s ]
INFO: [ view_template ] --END-- [ RunTime:0.001239s ]
INFO: [ view_parse ] --START--
INFO: Run ParseTemplate Behavior [ RunTime:-0.004159s ]
INFO: [ view_parse ] --END-- [ RunTime:0.012495s ]
INFO: [ view_filter ] --START--
INFO: Run ContentReplace Behavior [ RunTime:-0.016713s ]
INFO: Run TokenBuild Behavior [ RunTime:-0.017408s ]
INFO: Run WriteHtmlCache Behavior [ RunTime:-0.017930s ]
INFO: Run ShowRuntime Behavior [ RunTime:-0.018278s ]
INFO: [ view_filter ] --END-- [ RunTime:0.002038s ]
INFO: [ view_end ] --START--
INFO: Run ShowPageTrace Behavior [ RunTime:-0.019057s ]
INFO: [ view_end ] --END-- [ RunTime:0.000999s ]

[ 2016-07-22T18:33:45+08:00 ] 127.0.0.1 /hotel/admin.php/Goods/uploadify
INFO: [ route_check ] --START--
INFO: Run CheckRoute Behavior [ RunTime:0.001212s ]
INFO: [ route_check ] --END-- [ RunTime:0.001290s ]
INFO: [ app_begin ] --START--
INFO: Run ReadHtmlCache Behavior [ RunTime:-0.000551s ]
INFO: [ app_begin ] --END-- [ RunTime:0.000871s ]
NOTIC: [8] Undefined property: UploadFile::$zipImags D:\Hotel\Apache\htdocs\hotel\ThinkPHP\Extend\Library\ORG\Net\UploadFile.class.php 第 172 行.

[ 2016-07-22T18:33:46+08:00 ] ERR: (ThinkException) 非法操作:﻿
[ 2016-07-22T18:33:54+08:00 ] 127.0.0.1 /hotel/admin.php/Goods/index
INFO: [ route_check ] --START--
INFO: Run CheckRoute Behavior [ RunTime:0.000947s ]
INFO: [ route_check ] --END-- [ RunTime:0.001025s ]
INFO: [ app_begin ] --START--
INFO: Run ReadHtmlCache Behavior [ RunTime:-0.000292s ]
INFO: [ app_begin ] --END-- [ RunTime:0.000708s ]
INFO: [ view_template ] --START--
INFO: Run LocationTemplate Behavior [ RunTime:-0.003257s ]
INFO: [ view_template ] --END-- [ RunTime:0.001996s ]
INFO: [ view_parse ] --START--
INFO: Run ParseTemplate Behavior [ RunTime:-0.005281s ]
INFO: [ view_parse ] --END-- [ RunTime:0.012673s ]
INFO: [ view_filter ] --START--
INFO: Run ContentReplace Behavior [ RunTime:-0.017991s ]
INFO: Run TokenBuild Behavior [ RunTime:-0.018782s ]
INFO: Run WriteHtmlCache Behavior [ RunTime:-0.019491s ]
INFO: Run ShowRuntime Behavior [ RunTime:-0.020070s ]
INFO: [ view_filter ] --END-- [ RunTime:0.002895s ]
INFO: [ view_end ] --START--
INFO: Run ShowPageTrace Behavior [ RunTime:-0.021175s ]
INFO: [ view_end ] --END-- [ RunTime:0.002340s ]

[ 2016-07-22T18:34:12+08:00 ] 127.0.0.1 /hotel/admin.php/Goods/uppd?id=14
INFO: [ route_check ] --START--
INFO: Run CheckRoute Behavior [ RunTime:0.000530s ]
INFO: [ route_check ] --END-- [ RunTime:0.000579s ]
INFO: [ app_begin ] --START--
INFO: Run ReadHtmlCache Behavior [ RunTime:-0.000170s ]
INFO: [ app_begin ] --END-- [ RunTime:0.000409s ]
SQL: SHOW COLUMNS FROM `rooms` [ RunTime:0.001463s ]
NOTIC: [8] Use of undefined constant type_id - assumed 'type_id' D:\Hotel\Apache\htdocs\hotel\Admin\Lib\Action\GoodsAction.class.php 第 187 行.
SQL: SELECT * FROM `rooms` WHERE ( `type_id` = 14 ) LIMIT 1   [ RunTime:0.000308s ]
INFO: [ view_template ] --START--
INFO: Run LocationTemplate Behavior [ RunTime:-0.014232s ]
INFO: [ view_template ] --END-- [ RunTime:0.000696s ]
INFO: [ view_parse ] --START--
INFO: Run ParseTemplate Behavior [ RunTime:-0.014962s ]
INFO: [ view_parse ] --END-- [ RunTime:0.007350s ]
INFO: [ view_filter ] --START--
INFO: Run ContentReplace Behavior [ RunTime:-0.022331s ]
INFO: Run TokenBuild Behavior [ RunTime:-0.022634s ]
INFO: Run WriteHtmlCache Behavior [ RunTime:-0.022899s ]
INFO: Run ShowRuntime Behavior [ RunTime:-0.023118s ]
INFO: [ view_filter ] --END-- [ RunTime:0.001114s ]
INFO: [ view_end ] --START--
INFO: Run ShowPageTrace Behavior [ RunTime:-0.023490s ]
INFO: [ view_end ] --END-- [ RunTime:0.000416s ]

[ 2016-07-22T18:34:13+08:00 ] 127.0.0.1 /hotel/admin.php/Goods/
INFO: [ route_check ] --START--
INFO: Run CheckRoute Behavior [ RunTime:0.001788s ]
INFO: [ route_check ] --END-- [ RunTime:0.001927s ]
INFO: [ app_begin ] --START--
INFO: Run ReadHtmlCache Behavior [ RunTime:-0.000542s ]
INFO: [ app_begin ] --END-- [ RunTime:0.000972s ]
INFO: [ view_template ] --START--
INFO: Run LocationTemplate Behavior [ RunTime:-0.003002s ]
INFO: [ view_template ] --END-- [ RunTime:0.000936s ]
INFO: [ view_parse ] --START--
INFO: Run ParseTemplate Behavior [ RunTime:-0.003980s ]
INFO: [ view_parse ] --END-- [ RunTime:0.009942s ]
INFO: [ view_filter ] --START--
INFO: Run ContentReplace Behavior [ RunTime:-0.013960s ]
INFO: Run TokenBuild Behavior [ RunTime:-0.014501s ]
INFO: Run WriteHtmlCache Behavior [ RunTime:-0.014977s ]
INFO: Run ShowRuntime Behavior [ RunTime:-0.015324s ]
INFO: [ view_filter ] --END-- [ RunTime:0.001946s ]
INFO: [ view_end ] --START--
INFO: Run ShowPageTrace Behavior [ RunTime:-0.016212s ]
INFO: [ view_end ] --END-- [ RunTime:0.001127s ]

[ 2016-07-22T18:34:19+08:00 ] 127.0.0.1 /hotel/admin.php/Goods/uploadify
INFO: [ route_check ] --START--
INFO: Run CheckRoute Behavior [ RunTime:0.001017s ]
INFO: [ route_check ] --END-- [ RunTime:0.001099s ]
INFO: [ app_begin ] --START--
INFO: Run ReadHtmlCache Behavior [ RunTime:-0.000312s ]
INFO: [ app_begin ] --END-- [ RunTime:0.000687s ]
NOTIC: [8] Undefined property: UploadFile::$zipImags D:\Hotel\Apache\htdocs\hotel\ThinkPHP\Extend\Library\ORG\Net\UploadFile.class.php 第 172 行.

[ 2016-07-22T18:34:20+08:00 ] ERR: (ThinkException) 非法操作:﻿
[ 2016-07-22T18:34:27+08:00 ] 127.0.0.1 /hotel/admin.php/Goods/index
INFO: [ route_check ] --START--
INFO: Run CheckRoute Behavior [ RunTime:0.001657s ]
INFO: [ route_check ] --END-- [ RunTime:0.001727s ]
INFO: [ app_begin ] --START--
INFO: Run ReadHtmlCache Behavior [ RunTime:-0.000541s ]
INFO: [ app_begin ] --END-- [ RunTime:0.001078s ]
INFO: [ view_template ] --START--
INFO: Run LocationTemplate Behavior [ RunTime:-0.003200s ]
INFO: [ view_template ] --END-- [ RunTime:0.001590s ]
INFO: [ view_parse ] --START--
INFO: Run ParseTemplate Behavior [ RunTime:-0.004816s ]
INFO: [ view_parse ] --END-- [ RunTime:0.010592s ]
INFO: [ view_filter ] --START--
INFO: Run ContentReplace Behavior [ RunTime:-0.015431s ]
INFO: Run TokenBuild Behavior [ RunTime:-0.016404s ]
INFO: Run WriteHtmlCache Behavior [ RunTime:-0.017636s ]
INFO: Run ShowRuntime Behavior [ RunTime:-0.018500s ]
INFO: [ view_filter ] --END-- [ RunTime:0.004070s ]
INFO: [ view_end ] --START--
INFO: Run ShowPageTrace Behavior [ RunTime:-0.019707s ]
INFO: [ view_end ] --END-- [ RunTime:0.001404s ]

[ 2016-07-22T18:34:31+08:00 ] ERR: (ThinkException) 非法操作:﻿
[ 2016-07-22T18:35:11+08:00 ] 127.0.0.1 /hotel/admin.php/Goods/index
INFO: [ route_check ] --START--
INFO: Run CheckRoute Behavior [ RunTime:0.001615s ]
INFO: [ route_check ] --END-- [ RunTime:0.001744s ]
INFO: [ app_begin ] --START--
INFO: Run ReadHtmlCache Behavior [ RunTime:-0.000493s ]
INFO: [ app_begin ] --END-- [ RunTime:0.001189s ]
INFO: [ view_template ] --START--
INFO: Run LocationTemplate Behavior [ RunTime:-0.004472s ]
INFO: [ view_template ] --END-- [ RunTime:0.002200s ]
INFO: [ view_parse ] --START--
INFO: Run ParseTemplate Behavior [ RunTime:-0.006743s ]
INFO: [ view_parse ] --END-- [ RunTime:0.021389s ]
INFO: [ view_filter ] --START--
INFO: Run ContentReplace Behavior [ RunTime:-0.028194s ]
INFO: Run TokenBuild Behavior [ RunTime:-0.029673s ]
INFO: Run WriteHtmlCache Behavior [ RunTime:-0.031004s ]
INFO: Run ShowRuntime Behavior [ RunTime:-0.032431s ]
INFO: [ view_filter ] --END-- [ RunTime:0.005667s ]
INFO: [ view_end ] --START--
INFO: Run ShowPageTrace Behavior [ RunTime:-0.034364s ]
INFO: [ view_end ] --END-- [ RunTime:0.002263s ]

[ 2016-07-22T18:35:17+08:00 ] ERR: (ThinkException) 非法操作:﻿
[ 2016-07-22T20:35:01+08:00 ] 127.0.0.1 /hotel/admin.php/Index/login
INFO: [ route_check ] --START--
INFO: Run CheckRoute Behavior [ RunTime:0.002567s ]
INFO: [ route_check ] --END-- [ RunTime:0.002706s ]
INFO: [ app_begin ] --START--
INFO: Run ReadHtmlCache Behavior [ RunTime:-0.000541s ]
INFO: [ app_begin ] --END-- [ RunTime:0.001217s ]
INFO: [ view_template ] --START--
INFO: Run LocationTemplate Behavior [ RunTime:-0.004449s ]
INFO: [ view_template ] --END-- [ RunTime:0.002555s ]
INFO: [ view_parse ] --START--
INFO: Run ParseTemplate Behavior [ RunTime:-0.007099s ]
INFO: [ view_parse ] --END-- [ RunTime:0.038077s ]
INFO: [ view_filter ] --START--
INFO: Run ContentReplace Behavior [ RunTime:-0.045237s ]
INFO: Run TokenBuild Behavior [ RunTime:-0.047102s ]
INFO: Run WriteHtmlCache Behavior [ RunTime:-0.049502s ]
INFO: Run ShowRuntime Behavior [ RunTime:-0.051061s ]
INFO: [ view_filter ] --END-- [ RunTime:0.009637s ]
INFO: [ view_end ] --START--
INFO: Run ShowPageTrace Behavior [ RunTime:-0.054982s ]
INFO: [ view_end ] --END-- [ RunTime:0.002404s ]

[ 2016-07-22T20:35:06+08:00 ] 127.0.0.1 /hotel/admin.php
INFO: [ app_begin ] --START--
INFO: Run ReadHtmlCache Behavior [ RunTime:0.000771s ]
INFO: [ app_begin ] --END-- [ RunTime:0.000864s ]
INFO: [ view_template ] --START--
INFO: Run LocationTemplate Behavior [ RunTime:-0.001397s ]
INFO: [ view_template ] --END-- [ RunTime:0.000798s ]
INFO: [ view_parse ] --START--
INFO: Run ParseTemplate Behavior [ RunTime:-0.002241s ]
INFO: [ view_parse ] --END-- [ RunTime:0.010634s ]
INFO: [ view_filter ] --START--
INFO: Run ContentReplace Behavior [ RunTime:-0.012925s ]
INFO: Run TokenBuild Behavior [ RunTime:-0.013556s ]
INFO: Run WriteHtmlCache Behavior [ RunTime:-0.014153s ]
INFO: Run ShowRuntime Behavior [ RunTime:-0.014592s ]
INFO: [ view_filter ] --END-- [ RunTime:0.002428s ]
INFO: [ view_end ] --START--
INFO: Run ShowPageTrace Behavior [ RunTime:-0.015434s ]
INFO: [ view_end ] --END-- [ RunTime:0.002543s ]

[ 2016-07-22T20:35:07+08:00 ] 127.0.0.1 /hotel/admin.php/Layout/north?_=1469190907090
INFO: [ route_check ] --START--
INFO: Run CheckRoute Behavior [ RunTime:0.000578s ]
INFO: [ route_check ] --END-- [ RunTime:0.000632s ]
INFO: [ app_begin ] --START--
INFO: Run ReadHtmlCache Behavior [ RunTime:-0.000182s ]
INFO: [ app_begin ] --END-- [ RunTime:0.000504s ]
INFO: [ view_template ] --START--
INFO: Run LocationTemplate Behavior [ RunTime:-0.001727s ]
INFO: [ view_template ] --END-- [ RunTime:0.000335s ]
INFO: [ view_parse ] --START--
INFO: Run ParseTemplate Behavior [ RunTime:-0.002083s ]
INFO: [ view_parse ] --END-- [ RunTime:0.029378s ]
INFO: [ view_filter ] --START--
INFO: Run ContentReplace Behavior [ RunTime:-0.031485s ]
INFO: Run TokenBuild Behavior [ RunTime:-0.031857s ]
INFO: Run WriteHtmlCache Behavior [ RunTime:-0.032241s ]
INFO: Run ShowRuntime Behavior [ RunTime:-0.032504s ]
INFO: [ view_filter ] --END-- [ RunTime:0.001418s ]
INFO: [ view_end ] --START--
INFO: Run ShowPageTrace Behavior [ RunTime:-0.032983s ]
INFO: [ view_end ] --END-- [ RunTime:0.000584s ]

[ 2016-07-22T20:35:07+08:00 ] 127.0.0.1 /hotel/admin.php/Layout/west?_=1469190907102
INFO: [ route_check ] --START--
INFO: Run CheckRoute Behavior [ RunTime:0.003342s ]
INFO: [ route_check ] --END-- [ RunTime:0.003515s ]
INFO: [ app_begin ] --START--
INFO: Run ReadHtmlCache Behavior [ RunTime:-0.001009s ]
INFO: [ app_begin ] --END-- [ RunTime:0.000859s ]
INFO: [ view_template ] --START--
INFO: Run LocationTemplate Behavior [ RunTime:-0.009194s ]
INFO: [ view_template ] --END-- [ RunTime:0.000462s ]
INFO: [ view_parse ] --START--
INFO: Run ParseTemplate Behavior [ RunTime:-0.009679s ]
INFO: [ view_parse ] --END-- [ RunTime:0.020833s ]
INFO: [ view_filter ] --START--
INFO: Run ContentReplace Behavior [ RunTime:-0.030536s ]
INFO: Run TokenBuild Behavior [ RunTime:-0.030943s ]
INFO: Run WriteHtmlCache Behavior [ RunTime:-0.031332s ]
INFO: Run ShowRuntime Behavior [ RunTime:-0.031638s ]
INFO: [ view_filter ] --END-- [ RunTime:0.001547s ]
INFO: [ view_end ] --START--
INFO: Run ShowPageTrace Behavior [ RunTime:-0.032124s ]
INFO: [ view_end ] --END-- [ RunTime:0.000557s ]

[ 2016-07-22T20:35:07+08:00 ] 127.0.0.1 /hotel/admin.php/Layout/center?_=1469190907110
INFO: [ route_check ] --START--
INFO: Run CheckRoute Behavior [ RunTime:0.000603s ]
INFO: [ route_check ] --END-- [ RunTime:0.000662s ]
INFO: [ app_begin ] --START--
INFO: Run ReadHtmlCache Behavior [ RunTime:-0.000194s ]
INFO: [ app_begin ] --END-- [ RunTime:0.000746s ]
INFO: [ view_template ] --START--
INFO: Run LocationTemplate Behavior [ RunTime:-0.012406s ]
INFO: [ view_template ] --END-- [ RunTime:0.000395s ]
INFO: [ view_parse ] --START--
INFO: Run ParseTemplate Behavior [ RunTime:-0.012819s ]
INFO: [ view_parse ] --END-- [ RunTime:0.005675s ]
INFO: [ view_filter ] --START--
INFO: Run ContentReplace Behavior [ RunTime:-0.018519s ]
INFO: Run TokenBuild Behavior [ RunTime:-0.018839s ]
INFO: Run WriteHtmlCache Behavior [ RunTime:-0.019136s ]
INFO: Run ShowRuntime Behavior [ RunTime:-0.019356s ]
INFO: [ view_filter ] --END-- [ RunTime:0.001224s ]
INFO: [ view_end ] --START--
INFO: Run ShowPageTrace Behavior [ RunTime:-0.019780s ]
INFO: [ view_end ] --END-- [ RunTime:0.000476s ]

[ 2016-07-22T20:35:07+08:00 ] 127.0.0.1 /hotel/admin.php/Order/index
INFO: [ route_check ] --START--
INFO: Run CheckRoute Behavior [ RunTime:0.000925s ]
INFO: [ route_check ] --END-- [ RunTime:0.001005s ]
INFO: [ app_begin ] --START--
INFO: Run ReadHtmlCache Behavior [ RunTime:-0.000305s ]
INFO: [ app_begin ] --END-- [ RunTime:0.000700s ]
INFO: [ view_template ] --START--
INFO: Run LocationTemplate Behavior [ RunTime:-0.004301s ]
INFO: [ view_template ] --END-- [ RunTime:0.000843s ]
INFO: [ view_parse ] --START--
INFO: Run ParseTemplate Behavior [ RunTime:-0.005303s ]
INFO: [ view_parse ] --END-- [ RunTime:0.009636s ]
INFO: [ view_filter ] --START--
INFO: Run ContentReplace Behavior [ RunTime:-0.014953s ]
INFO: Run TokenBuild Behavior [ RunTime:-0.015398s ]
INFO: Run WriteHtmlCache Behavior [ RunTime:-0.015755s ]
INFO: Run ShowRuntime Behavior [ RunTime:-0.016008s ]
INFO: [ view_filter ] --END-- [ RunTime:0.001466s ]
INFO: [ view_end ] --START--
INFO: Run ShowPageTrace Behavior [ RunTime:-0.016673s ]
INFO: [ view_end ] --END-- [ RunTime:0.001445s ]

[ 2016-07-22T20:35:07+08:00 ] 127.0.0.1 /hotel/admin.php/Order/index
INFO: [ route_check ] --START--
INFO: Run CheckRoute Behavior [ RunTime:0.000913s ]
INFO: [ route_check ] --END-- [ RunTime:0.000986s ]
INFO: [ app_begin ] --START--
INFO: Run ReadHtmlCache Behavior [ RunTime:-0.000216s ]
INFO: [ app_begin ] --END-- [ RunTime:0.000613s ]
INFO: [ view_template ] --START--
INFO: Run LocationTemplate Behavior [ RunTime:-0.015915s ]
INFO: [ view_template ] --END-- [ RunTime:0.001183s ]
INFO: [ view_parse ] --START--
INFO: Run ParseTemplate Behavior [ RunTime:-0.017097s ]
INFO: [ view_parse ] --END-- [ RunTime:0.009832s ]
INFO: [ view_filter ] --START--
INFO: Run ContentReplace Behavior [ RunTime:-0.026942s ]
INFO: Run TokenBuild Behavior [ RunTime:-0.027278s ]
INFO: Run WriteHtmlCache Behavior [ RunTime:-0.027555s ]
INFO: Run ShowRuntime Behavior [ RunTime:-0.027758s ]
INFO: [ view_filter ] --END-- [ RunTime:0.001168s ]
INFO: [ view_end ] --START--
INFO: Run ShowPageTrace Behavior [ RunTime:-0.028434s ]
INFO: [ view_end ] --END-- [ RunTime:0.000835s ]

[ 2016-07-22T20:35:10+08:00 ] 127.0.0.1 /hotel/admin.php/Goods/index
INFO: [ route_check ] --START--
INFO: Run CheckRoute Behavior [ RunTime:0.001555s ]
INFO: [ route_check ] --END-- [ RunTime:0.001683s ]
INFO: [ app_begin ] --START--
INFO: Run ReadHtmlCache Behavior [ RunTime:-0.000501s ]
INFO: [ app_begin ] --END-- [ RunTime:0.001193s ]
INFO: [ view_template ] --START--
INFO: Run LocationTemplate Behavior [ RunTime:-0.004721s ]
INFO: [ view_template ] --END-- [ RunTime:0.002380s ]
INFO: [ view_parse ] --START--
INFO: Run ParseTemplate Behavior [ RunTime:-0.007202s ]
INFO: [ view_parse ] --END-- [ RunTime:0.158615s ]
INFO: [ view_filter ] --START--
INFO: Run ContentReplace Behavior [ RunTime:-0.165859s ]
INFO: Run TokenBuild Behavior [ RunTime:-0.166725s ]
INFO: Run WriteHtmlCache Behavior [ RunTime:-0.167528s ]
INFO: Run ShowRuntime Behavior [ RunTime:-0.168071s ]
INFO: [ view_filter ] --END-- [ RunTime:0.003017s ]
INFO: [ view_end ] --START--
INFO: Run ShowPageTrace Behavior [ RunTime:-0.169308s ]
INFO: [ view_end ] --END-- [ RunTime:0.001337s ]

[ 2016-07-22T20:35:10+08:00 ] 127.0.0.1 /hotel/admin.php/Goods/index
INFO: [ route_check ] --START--
INFO: Run CheckRoute Behavior [ RunTime:0.001017s ]
INFO: [ route_check ] --END-- [ RunTime:0.001107s ]
INFO: [ app_begin ] --START--
INFO: Run ReadHtmlCache Behavior [ RunTime:-0.000323s ]
INFO: [ app_begin ] --END-- [ RunTime:0.000783s ]
INFO: [ view_template ] --START--
INFO: Run LocationTemplate Behavior [ RunTime:-0.173570s ]
INFO: [ view_template ] --END-- [ RunTime:0.001400s ]
INFO: [ view_parse ] --START--
INFO: Run ParseTemplate Behavior [ RunTime:-0.175027s ]
INFO: [ view_parse ] --END-- [ RunTime:0.014448s ]
INFO: [ view_filter ] --START--
INFO: Run ContentReplace Behavior [ RunTime:-0.189526s ]
INFO: Run TokenBuild Behavior [ RunTime:-0.190285s ]
INFO: Run WriteHtmlCache Behavior [ RunTime:-0.190935s ]
INFO: Run ShowRuntime Behavior [ RunTime:-0.191408s ]
INFO: [ view_filter ] --END-- [ RunTime:0.002683s ]
INFO: [ view_end ] --START--
INFO: Run ShowPageTrace Behavior [ RunTime:-0.192644s ]
INFO: [ view_end ] --END-- [ RunTime:0.001814s ]

[ 2016-07-22T20:35:33+08:00 ] 127.0.0.1 /hotel/admin.php/Goods/index
INFO: [ route_check ] --START--
INFO: Run CheckRoute Behavior [ RunTime:0.001428s ]
INFO: [ route_check ] --END-- [ RunTime:0.001538s ]
INFO: [ app_begin ] --START--
INFO: Run ReadHtmlCache Behavior [ RunTime:-0.000438s ]
INFO: [ app_begin ] --END-- [ RunTime:0.001047s ]
INFO: [ view_template ] --START--
INFO: Run LocationTemplate Behavior [ RunTime:-0.003116s ]
INFO: [ view_template ] --END-- [ RunTime:0.000820s ]
INFO: [ view_parse ] --START--
INFO: Run ParseTemplate Behavior [ RunTime:-0.003975s ]
INFO: [ view_parse ] --END-- [ RunTime:0.012611s ]
INFO: [ view_filter ] --START--
INFO: Run ContentReplace Behavior [ RunTime:-0.016626s ]
INFO: Run TokenBuild Behavior [ RunTime:-0.017190s ]
INFO: Run WriteHtmlCache Behavior [ RunTime:-0.017676s ]
INFO: Run ShowRuntime Behavior [ RunTime:-0.018027s ]
INFO: [ view_filter ] --END-- [ RunTime:0.001993s ]
INFO: [ view_end ] --START--
INFO: Run ShowPageTrace Behavior [ RunTime:-0.018933s ]
INFO: [ view_end ] --END-- [ RunTime:0.001000s ]

[ 2016-07-22T20:36:02+08:00 ] 127.0.0.1 /hotel/admin.php/Goods/index
INFO: [ route_check ] --START--
INFO: Run CheckRoute Behavior [ RunTime:0.001689s ]
INFO: [ route_check ] --END-- [ RunTime:0.001823s ]
INFO: [ app_begin ] --START--
INFO: Run ReadHtmlCache Behavior [ RunTime:-0.000503s ]
INFO: [ app_begin ] --END-- [ RunTime:0.001196s ]
INFO: [ view_template ] --START--
INFO: Run LocationTemplate Behavior [ RunTime:-0.004543s ]
INFO: [ view_template ] --END-- [ RunTime:0.001543s ]
INFO: [ view_parse ] --START--
INFO: Run ParseTemplate Behavior [ RunTime:-0.006180s ]
INFO: [ view_parse ] --END-- [ RunTime:0.019758s ]
INFO: [ view_filter ] --START--
INFO: Run ContentReplace Behavior [ RunTime:-0.026002s ]
INFO: Run TokenBuild Behavior [ RunTime:-0.026953s ]
INFO: Run WriteHtmlCache Behavior [ RunTime:-0.027743s ]
INFO: Run ShowRuntime Behavior [ RunTime:-0.028314s ]
INFO: [ view_filter ] --END-- [ RunTime:0.003335s ]
INFO: [ view_end ] --START--
INFO: Run ShowPageTrace Behavior [ RunTime:-0.029785s ]
INFO: [ view_end ] --END-- [ RunTime:0.001890s ]

[ 2016-07-22T20:36:35+08:00 ] 127.0.0.1 /hotel/admin.php/Goods/index
INFO: [ route_check ] --START--
INFO: Run CheckRoute Behavior [ RunTime:0.001259s ]
INFO: [ route_check ] --END-- [ RunTime:0.001368s ]
INFO: [ app_begin ] --START--
INFO: Run ReadHtmlCache Behavior [ RunTime:-0.000396s ]
INFO: [ app_begin ] --END-- [ RunTime:0.000957s ]
INFO: [ view_template ] --START--
INFO: Run LocationTemplate Behavior [ RunTime:-0.003373s ]
INFO: [ view_template ] --END-- [ RunTime:0.001103s ]
INFO: [ view_parse ] --START--
INFO: Run ParseTemplate Behavior [ RunTime:-0.004533s ]
INFO: [ view_parse ] --END-- [ RunTime:0.011145s ]
INFO: [ view_filter ] --START--
INFO: Run ContentReplace Behavior [ RunTime:-0.015698s ]
INFO: Run TokenBuild Behavior [ RunTime:-0.016160s ]
INFO: Run WriteHtmlCache Behavior [ RunTime:-0.016559s ]
INFO: Run ShowRuntime Behavior [ RunTime:-0.016868s ]
INFO: [ view_filter ] --END-- [ RunTime:0.001668s ]
INFO: [ view_end ] --START--
INFO: Run ShowPageTrace Behavior [ RunTime:-0.017639s ]
INFO: [ view_end ] --END-- [ RunTime:0.000837s ]

[ 2016-07-22T20:37:46+08:00 ] 127.0.0.1 /hotel/admin.php/Goods/index
INFO: [ route_check ] --START--
INFO: Run CheckRoute Behavior [ RunTime:0.003802s ]
INFO: [ route_check ] --END-- [ RunTime:0.004253s ]
INFO: [ app_begin ] --START--
INFO: Run ReadHtmlCache Behavior [ RunTime:-0.000992s ]
INFO: [ app_begin ] --END-- [ RunTime:0.001463s ]
INFO: [ view_template ] --START--
INFO: Run LocationTemplate Behavior [ RunTime:-0.006534s ]
INFO: [ view_template ] --END-- [ RunTime:0.001903s ]
INFO: [ view_parse ] --START--
INFO: Run ParseTemplate Behavior [ RunTime:-0.008504s ]
INFO: [ view_parse ] --END-- [ RunTime:0.023122s ]
INFO: [ view_filter ] --START--
INFO: Run ContentReplace Behavior [ RunTime:-0.031691s ]
INFO: Run TokenBuild Behavior [ RunTime:-0.033140s ]
INFO: Run WriteHtmlCache Behavior [ RunTime:-0.034178s ]
INFO: Run ShowRuntime Behavior [ RunTime:-0.034978s ]
INFO: [ view_filter ] --END-- [ RunTime:0.004475s ]
INFO: [ view_end ] --START--
INFO: Run ShowPageTrace Behavior [ RunTime:-0.036665s ]
INFO: [ view_end ] --END-- [ RunTime:0.001924s ]

[ 2016-07-22T20:37:52+08:00 ] 127.0.0.1 /hotel/admin.php/User/index
INFO: [ route_check ] --START--
INFO: Run CheckRoute Behavior [ RunTime:0.001529s ]
INFO: [ route_check ] --END-- [ RunTime:0.001655s ]
INFO: [ app_begin ] --START--
INFO: Run ReadHtmlCache Behavior [ RunTime:-0.000481s ]
INFO: [ app_begin ] --END-- [ RunTime:0.001957s ]
INFO: [ view_template ] --START--
INFO: Run LocationTemplate Behavior [ RunTime:-0.061796s ]
INFO: [ view_template ] --END-- [ RunTime:0.001058s ]
INFO: [ view_parse ] --START--
INFO: Run ParseTemplate Behavior [ RunTime:-0.062896s ]
INFO: [ view_parse ] --END-- [ RunTime:0.011589s ]
INFO: [ view_filter ] --START--
INFO: Run ContentReplace Behavior [ RunTime:-0.074536s ]
INFO: Run TokenBuild Behavior [ RunTime:-0.075165s ]
INFO: Run WriteHtmlCache Behavior [ RunTime:-0.075709s ]
INFO: Run ShowRuntime Behavior [ RunTime:-0.076080s ]
INFO: [ view_filter ] --END-- [ RunTime:0.002106s ]
INFO: [ view_end ] --START--
INFO: Run ShowPageTrace Behavior [ RunTime:-0.076952s ]
INFO: [ view_end ] --END-- [ RunTime:0.000673s ]

[ 2016-07-22T20:37:52+08:00 ] 127.0.0.1 /hotel/admin.php/User/index
INFO: [ route_check ] --START--
INFO: Run CheckRoute Behavior [ RunTime:0.002074s ]
INFO: [ route_check ] --END-- [ RunTime:0.002205s ]
INFO: [ app_begin ] --START--
INFO: Run ReadHtmlCache Behavior [ RunTime:-0.000860s ]
INFO: [ app_begin ] --END-- [ RunTime:0.000925s ]
INFO: [ view_template ] --START--
INFO: Run LocationTemplate Behavior [ RunTime:-0.067326s ]
INFO: [ view_template ] --END-- [ RunTime:0.000878s ]
INFO: [ view_parse ] --START--
INFO: Run ParseTemplate Behavior [ RunTime:-0.068245s ]
INFO: [ view_parse ] --END-- [ RunTime:0.010094s ]
INFO: [ view_filter ] --START--
INFO: Run ContentReplace Behavior [ RunTime:-0.078361s ]
INFO: Run TokenBuild Behavior [ RunTime:-0.079016s ]
INFO: Run WriteHtmlCache Behavior [ RunTime:-0.079617s ]
INFO: Run ShowRuntime Behavior [ RunTime:-0.080076s ]
INFO: [ view_filter ] --END-- [ RunTime:0.002440s ]
INFO: [ view_end ] --START--
INFO: Run ShowPageTrace Behavior [ RunTime:-0.081418s ]
INFO: [ view_end ] --END-- [ RunTime:0.001410s ]

[ 2016-07-22T20:37:52+08:00 ] ERR: (ThinkException) 非法操作:www.zlmhote.com
[ 2016-07-22T20:37:52+08:00 ] ERR: (ThinkException) 非法操作:www.zlmhote.com
[ 2016-07-22T20:37:52+08:00 ] ERR: (ThinkException) 非法操作:www.zlmhote.com
[ 2016-07-22T20:38:12+08:00 ] 127.0.0.1 /hotel/admin.php/User/index
INFO: [ route_check ] --START--
INFO: Run CheckRoute Behavior [ RunTime:0.001745s ]
INFO: [ route_check ] --END-- [ RunTime:0.001919s ]
INFO: [ app_begin ] --START--
INFO: Run ReadHtmlCache Behavior [ RunTime:-0.000708s ]
INFO: [ app_begin ] --END-- [ RunTime:0.001778s ]
INFO: [ view_template ] --START--
INFO: Run LocationTemplate Behavior [ RunTime:-0.005156s ]
INFO: [ view_template ] --END-- [ RunTime:0.001060s ]
INFO: [ view_parse ] --START--
INFO: Run ParseTemplate Behavior [ RunTime:-0.006276s ]
INFO: [ view_parse ] --END-- [ RunTime:0.019105s ]
INFO: [ view_filter ] --START--
INFO: Run ContentReplace Behavior [ RunTime:-0.025449s ]
INFO: Run TokenBuild Behavior [ RunTime:-0.026364s ]
INFO: Run WriteHtmlCache Behavior [ RunTime:-0.027162s ]
INFO: Run ShowRuntime Behavior [ RunTime:-0.027740s ]
INFO: [ view_filter ] --END-- [ RunTime:0.003262s ]
INFO: [ view_end ] --START--
INFO: Run ShowPageTrace Behavior [ RunTime:-0.029199s ]
INFO: [ view_end ] --END-- [ RunTime:0.001599s ]

[ 2016-07-22T20:38:12+08:00 ] ERR: (ThinkException) 非法操作:www.zlmhote.com
[ 2016-07-22T20:38:12+08:00 ] ERR: (ThinkException) 非法操作:www.zlmhote.com
[ 2016-07-22T20:38:12+08:00 ] ERR: (ThinkException) 非法操作:www.zlmhote.com
[ 2016-07-22T20:38:32+08:00 ] 127.0.0.1 /hotel/admin.php/User/index
INFO: [ route_check ] --START--
INFO: Run CheckRoute Behavior [ RunTime:0.001637s ]
INFO: [ route_check ] --END-- [ RunTime:0.001770s ]
INFO: [ app_begin ] --START--
INFO: Run ReadHtmlCache Behavior [ RunTime:-0.000523s ]
INFO: [ app_begin ] --END-- [ RunTime:0.001178s ]
INFO: [ view_template ] --START--
INFO: Run LocationTemplate Behavior [ RunTime:-0.004994s ]
INFO: [ view_template ] --END-- [ RunTime:0.002232s ]
INFO: [ view_parse ] --START--
INFO: Run ParseTemplate Behavior [ RunTime:-0.007273s ]
INFO: [ view_parse ] --END-- [ RunTime:0.019360s ]
INFO: [ view_filter ] --START--
INFO: Run ContentReplace Behavior [ RunTime:-0.026702s ]
INFO: Run TokenBuild Behavior [ RunTime:-0.027651s ]
INFO: Run WriteHtmlCache Behavior [ RunTime:-0.028496s ]
INFO: Run ShowRuntime Behavior [ RunTime:-0.029082s ]
INFO: [ view_filter ] --END-- [ RunTime:0.003547s ]
INFO: [ view_end ] --START--
INFO: Run ShowPageTrace Behavior [ RunTime:-0.030861s ]
INFO: [ view_end ] --END-- [ RunTime:0.001521s ]

[ 2016-07-22T20:38:32+08:00 ] ERR: (ThinkException) 非法操作:www.zlmhote.com
[ 2016-07-22T20:38:33+08:00 ] ERR: (ThinkException) 非法操作:www.zlmhote.com
[ 2016-07-22T20:39:58+08:00 ] 127.0.0.1 /hotel/admin.php/User/index
INFO: [ route_check ] --START--
INFO: Run CheckRoute Behavior [ RunTime:0.002290s ]
INFO: [ route_check ] --END-- [ RunTime:0.002454s ]
INFO: [ app_begin ] --START--
INFO: Run ReadHtmlCache Behavior [ RunTime:-0.001429s ]
INFO: [ app_begin ] --END-- [ RunTime:0.002856s ]
INFO: [ view_template ] --START--
INFO: Run LocationTemplate Behavior [ RunTime:-0.008344s ]
INFO: [ view_template ] --END-- [ RunTime:0.002997s ]
INFO: [ view_parse ] --START--
INFO: Run ParseTemplate Behavior [ RunTime:-0.011417s ]
INFO: [ view_parse ] --END-- [ RunTime:0.021083s ]
INFO: [ view_filter ] --START--
INFO: Run ContentReplace Behavior [ RunTime:-0.032569s ]
INFO: Run TokenBuild Behavior [ RunTime:-0.033765s ]
INFO: Run WriteHtmlCache Behavior [ RunTime:-0.035186s ]
INFO: Run ShowRuntime Behavior [ RunTime:-0.038173s ]
INFO: [ view_filter ] --END-- [ RunTime:0.007743s ]
INFO: [ view_end ] --START--
INFO: Run ShowPageTrace Behavior [ RunTime:-0.040953s ]
INFO: [ view_end ] --END-- [ RunTime:0.002874s ]

[ 2016-07-22T20:39:58+08:00 ] ERR: (ThinkException) 非法操作:www.zlmhote.com
[ 2016-07-22T20:39:58+08:00 ] ERR: (ThinkException) 非法操作:www.zlmhote.com
[ 2016-07-22T20:39:58+08:00 ] ERR: (ThinkException) 非法操作:www.zlmhote.com
[ 2016-07-22T20:40:24+08:00 ] 127.0.0.1 /hotel/admin.php/User/index
INFO: [ route_check ] --START--
INFO: Run CheckRoute Behavior [ RunTime:0.000788s ]
INFO: [ route_check ] --END-- [ RunTime:0.000846s ]
INFO: [ app_begin ] --START--
INFO: Run ReadHtmlCache Behavior [ RunTime:-0.000370s ]
INFO: [ app_begin ] --END-- [ RunTime:0.000537s ]
INFO: [ view_template ] --START--
INFO: Run LocationTemplate Behavior [ RunTime:-0.002157s ]
INFO: [ view_template ] --END-- [ RunTime:0.000692s ]
INFO: [ view_parse ] --START--
INFO: Run ParseTemplate Behavior [ RunTime:-0.002873s ]
INFO: [ view_parse ] --END-- [ RunTime:0.006535s ]
INFO: [ view_filter ] --START--
INFO: Run ContentReplace Behavior [ RunTime:-0.009437s ]
INFO: Run TokenBuild Behavior [ RunTime:-0.010076s ]
INFO: Run WriteHtmlCache Behavior [ RunTime:-0.010782s ]
INFO: Run ShowRuntime Behavior [ RunTime:-0.011306s ]
INFO: [ view_filter ] --END-- [ RunTime:0.002367s ]
INFO: [ view_end ] --START--
INFO: Run ShowPageTrace Behavior [ RunTime:-0.011856s ]
INFO: [ view_end ] --END-- [ RunTime:0.000655s ]

[ 2016-07-22T20:41:07+08:00 ] 127.0.0.1 /hotel/admin.php/User/index
INFO: [ route_check ] --START--
INFO: Run CheckRoute Behavior [ RunTime:0.001534s ]
INFO: [ route_check ] --END-- [ RunTime:0.001663s ]
INFO: [ app_begin ] --START--
INFO: Run ReadHtmlCache Behavior [ RunTime:-0.000479s ]
INFO: [ app_begin ] --END-- [ RunTime:0.001263s ]
INFO: [ view_template ] --START--
INFO: Run LocationTemplate Behavior [ RunTime:-0.004475s ]
INFO: [ view_template ] --END-- [ RunTime:0.001166s ]
INFO: [ view_parse ] --START--
INFO: Run ParseTemplate Behavior [ RunTime:-0.005688s ]
INFO: [ view_parse ] --END-- [ RunTime:0.019258s ]
INFO: [ view_filter ] --START--
INFO: Run ContentReplace Behavior [ RunTime:-0.025279s ]
INFO: Run TokenBuild Behavior [ RunTime:-0.026658s ]
INFO: Run WriteHtmlCache Behavior [ RunTime:-0.027749s ]
INFO: Run ShowRuntime Behavior [ RunTime:-0.028416s ]
INFO: [ view_filter ] --END-- [ RunTime:0.004152s ]
INFO: [ view_end ] --START--
INFO: Run ShowPageTrace Behavior [ RunTime:-0.029541s ]
INFO: [ view_end ] --END-- [ RunTime:0.001244s ]

[ 2016-07-22T20:41:30+08:00 ] 127.0.0.1 /hotel/admin.php/User/index
INFO: [ route_check ] --START--
INFO: Run CheckRoute Behavior [ RunTime:0.001559s ]
INFO: [ route_check ] --END-- [ RunTime:0.001687s ]
INFO: [ app_begin ] --START--
INFO: Run ReadHtmlCache Behavior [ RunTime:-0.000528s ]
INFO: [ app_begin ] --END-- [ RunTime:0.001728s ]
INFO: [ view_template ] --START--
INFO: Run LocationTemplate Behavior [ RunTime:-0.005016s ]
INFO: [ view_template ] --END-- [ RunTime:0.001077s ]
INFO: [ view_parse ] --START--
INFO: Run ParseTemplate Behavior [ RunTime:-0.006153s ]
INFO: [ view_parse ] --END-- [ RunTime:0.018767s ]
INFO: [ view_filter ] --START--
INFO: Run ContentReplace Behavior [ RunTime:-0.024986s ]
INFO: Run TokenBuild Behavior [ RunTime:-0.025942s ]
INFO: Run WriteHtmlCache Behavior [ RunTime:-0.026731s ]
INFO: Run ShowRuntime Behavior [ RunTime:-0.027316s ]
INFO: [ view_filter ] --END-- [ RunTime:0.003315s ]
INFO: [ view_end ] --START--
INFO: Run ShowPageTrace Behavior [ RunTime:-0.028415s ]
INFO: [ view_end ] --END-- [ RunTime:0.001283s ]

[ 2016-07-22T20:42:31+08:00 ] 127.0.0.1 /hotel/admin.php/User/index
INFO: [ route_check ] --START--
INFO: Run CheckRoute Behavior [ RunTime:0.002006s ]
INFO: [ route_check ] --END-- [ RunTime:0.002134s ]
INFO: [ app_begin ] --START--
INFO: Run ReadHtmlCache Behavior [ RunTime:-0.001815s ]
INFO: [ app_begin ] --END-- [ RunTime:0.001896s ]
INFO: [ view_template ] --START--
INFO: Run LocationTemplate Behavior [ RunTime:-0.006336s ]
INFO: [ view_template ] --END-- [ RunTime:0.001068s ]
INFO: [ view_parse ] --START--
INFO: Run ParseTemplate Behavior [ RunTime:-0.007445s ]
INFO: [ view_parse ] --END-- [ RunTime:0.011095s ]
INFO: [ view_filter ] --START--
INFO: Run ContentReplace Behavior [ RunTime:-0.018581s ]
INFO: Run TokenBuild Behavior [ RunTime:-0.019266s ]
INFO: Run WriteHtmlCache Behavior [ RunTime:-0.019868s ]
INFO: Run ShowRuntime Behavior [ RunTime:-0.020341s ]
INFO: [ view_filter ] --END-- [ RunTime:0.003476s ]
INFO: [ view_end ] --START--
INFO: Run ShowPageTrace Behavior [ RunTime:-0.022346s ]
INFO: [ view_end ] --END-- [ RunTime:0.001239s ]

[ 2016-07-22T20:43:18+08:00 ] 127.0.0.1 /hotel/admin.php/User/index
INFO: [ route_check ] --START--
INFO: Run CheckRoute Behavior [ RunTime:0.002062s ]
INFO: [ route_check ] --END-- [ RunTime:0.002209s ]
INFO: [ app_begin ] --START--
INFO: Run ReadHtmlCache Behavior [ RunTime:-0.000934s ]
INFO: [ app_begin ] --END-- [ RunTime:0.001505s ]
INFO: [ view_template ] --START--
INFO: Run LocationTemplate Behavior [ RunTime:-0.005618s ]
INFO: [ view_template ] --END-- [ RunTime:0.002232s ]
INFO: [ view_parse ] --START--
INFO: Run ParseTemplate Behavior [ RunTime:-0.007879s ]
INFO: [ view_parse ] --END-- [ RunTime:0.011012s ]
INFO: [ view_filter ] --START--
INFO: Run ContentReplace Behavior [ RunTime:-0.018931s ]
INFO: Run TokenBuild Behavior [ RunTime:-0.019657s ]
INFO: Run WriteHtmlCache Behavior [ RunTime:-0.020287s ]
INFO: Run ShowRuntime Behavior [ RunTime:-0.021028s ]
INFO: [ view_filter ] --END-- [ RunTime:0.002909s ]
INFO: [ view_end ] --START--
INFO: Run ShowPageTrace Behavior [ RunTime:-0.022135s ]
INFO: [ view_end ] --END-- [ RunTime:0.001108s ]

[ 2016-07-22T20:44:16+08:00 ] 127.0.0.1 /hotel/admin.php/Goods/index
INFO: [ route_check ] --START--
INFO: Run CheckRoute Behavior [ RunTime:0.001557s ]
INFO: [ route_check ] --END-- [ RunTime:0.001686s ]
INFO: [ app_begin ] --START--
INFO: Run ReadHtmlCache Behavior [ RunTime:-0.000484s ]
INFO: [ app_begin ] --END-- [ RunTime:0.001160s ]
INFO: [ view_template ] --START--
INFO: Run LocationTemplate Behavior [ RunTime:-0.004349s ]
INFO: [ view_template ] --END-- [ RunTime:0.001485s ]
INFO: [ view_parse ] --START--
INFO: Run ParseTemplate Behavior [ RunTime:-0.005895s ]
INFO: [ view_parse ] --END-- [ RunTime:0.019215s ]
INFO: [ view_filter ] --START--
INFO: Run ContentReplace Behavior [ RunTime:-0.025174s ]
INFO: Run TokenBuild Behavior [ RunTime:-0.026073s ]
INFO: Run WriteHtmlCache Behavior [ RunTime:-0.027096s ]
INFO: Run ShowRuntime Behavior [ RunTime:-0.027788s ]
INFO: [ view_filter ] --END-- [ RunTime:0.003608s ]
INFO: [ view_end ] --START--
INFO: Run ShowPageTrace Behavior [ RunTime:-0.029386s ]
INFO: [ view_end ] --END-- [ RunTime:0.001490s ]

[ 2016-07-22T20:44:20+08:00 ] 127.0.0.1 /hotel/admin.php/Goods/index
INFO: [ route_check ] --START--
INFO: Run CheckRoute Behavior [ RunTime:0.001132s ]
INFO: [ route_check ] --END-- [ RunTime:0.001226s ]
INFO: [ app_begin ] --START--
INFO: Run ReadHtmlCache Behavior [ RunTime:-0.000336s ]
INFO: [ app_begin ] --END-- [ RunTime:0.000885s ]
INFO: [ view_template ] --START--
INFO: Run LocationTemplate Behavior [ RunTime:-0.003075s ]
INFO: [ view_template ] --END-- [ RunTime:0.001726s ]
INFO: [ view_parse ] --START--
INFO: Run ParseTemplate Behavior [ RunTime:-0.004921s ]
INFO: [ view_parse ] --END-- [ RunTime:0.013575s ]
INFO: [ view_filter ] --START--
INFO: Run ContentReplace Behavior [ RunTime:-0.018497s ]
INFO: Run TokenBuild Behavior [ RunTime:-0.019055s ]
INFO: Run WriteHtmlCache Behavior [ RunTime:-0.019547s ]
INFO: Run ShowRuntime Behavior [ RunTime:-0.019951s ]
INFO: [ view_filter ] --END-- [ RunTime:0.002056s ]
INFO: [ view_end ] --START--
INFO: Run ShowPageTrace Behavior [ RunTime:-0.021120s ]
INFO: [ view_end ] --END-- [ RunTime:0.002041s ]

[ 2016-07-22T20:44:22+08:00 ] 127.0.0.1 /hotel/admin.php/User/index
INFO: [ route_check ] --START--
INFO: Run CheckRoute Behavior [ RunTime:0.002236s ]
INFO: [ route_check ] --END-- [ RunTime:0.002381s ]
INFO: [ app_begin ] --START--
INFO: Run ReadHtmlCache Behavior [ RunTime:-0.000385s ]
INFO: [ app_begin ] --END-- [ RunTime:0.000807s ]
INFO: [ view_template ] --START--
INFO: Run LocationTemplate Behavior [ RunTime:-0.003917s ]
INFO: [ view_template ] --END-- [ RunTime:0.001692s ]
INFO: [ view_parse ] --START--
INFO: Run ParseTemplate Behavior [ RunTime:-0.005668s ]
INFO: [ view_parse ] --END-- [ RunTime:0.012858s ]
INFO: [ view_filter ] --START--
INFO: Run ContentReplace Behavior [ RunTime:-0.018549s ]
INFO: Run TokenBuild Behavior [ RunTime:-0.019108s ]
INFO: Run WriteHtmlCache Behavior [ RunTime:-0.019674s ]
INFO: Run ShowRuntime Behavior [ RunTime:-0.020148s ]
INFO: [ view_filter ] --END-- [ RunTime:0.002333s ]
INFO: [ view_end ] --START--
INFO: Run ShowPageTrace Behavior [ RunTime:-0.021275s ]
INFO: [ view_end ] --END-- [ RunTime:0.000978s ]

[ 2016-07-22T20:44:22+08:00 ] 127.0.0.1 /hotel/admin.php/User/index
INFO: [ route_check ] --START--
INFO: Run CheckRoute Behavior [ RunTime:0.001476s ]
INFO: [ route_check ] --END-- [ RunTime:0.001614s ]
INFO: [ app_begin ] --START--
INFO: Run ReadHtmlCache Behavior [ RunTime:-0.000658s ]
INFO: [ app_begin ] --END-- [ RunTime:0.001370s ]
INFO: [ view_template ] --START--
INFO: Run LocationTemplate Behavior [ RunTime:-0.003824s ]
INFO: [ view_template ] --END-- [ RunTime:0.000738s ]
INFO: [ view_parse ] --START--
INFO: Run ParseTemplate Behavior [ RunTime:-0.004628s ]
INFO: [ view_parse ] --END-- [ RunTime:0.007407s ]
INFO: [ view_filter ] --START--
INFO: Run ContentReplace Behavior [ RunTime:-0.012048s ]
INFO: Run TokenBuild Behavior [ RunTime:-0.012368s ]
INFO: Run WriteHtmlCache Behavior [ RunTime:-0.012684s ]
INFO: Run ShowRuntime Behavior [ RunTime:-0.012960s ]
INFO: [ view_filter ] --END-- [ RunTime:0.001628s ]
INFO: [ view_end ] --START--
INFO: Run ShowPageTrace Behavior [ RunTime:-0.013960s ]
INFO: [ view_end ] --END-- [ RunTime:0.000904s ]

[ 2016-07-22T20:44:29+08:00 ] 127.0.0.1 /hotel/admin.php/User/index
INFO: [ route_check ] --START--
INFO: Run CheckRoute Behavior [ RunTime:0.000950s ]
INFO: [ route_check ] --END-- [ RunTime:0.001036s ]
INFO: [ app_begin ] --START--
INFO: Run ReadHtmlCache Behavior [ RunTime:-0.000304s ]
INFO: [ app_begin ] --END-- [ RunTime:0.000731s ]
INFO: [ view_template ] --START--
INFO: Run LocationTemplate Behavior [ RunTime:-0.002407s ]
INFO: [ view_template ] --END-- [ RunTime:0.000636s ]
INFO: [ view_parse ] --START--
INFO: Run ParseTemplate Behavior [ RunTime:-0.003081s ]
INFO: [ view_parse ] --END-- [ RunTime:0.013723s ]
INFO: [ view_filter ] --START--
INFO: Run ContentReplace Behavior [ RunTime:-0.016851s ]
INFO: Run TokenBuild Behavior [ RunTime:-0.017552s ]
INFO: Run WriteHtmlCache Behavior [ RunTime:-0.018065s ]
INFO: Run ShowRuntime Behavior [ RunTime:-0.018423s ]
INFO: [ view_filter ] --END-- [ RunTime:0.002180s ]
INFO: [ view_end ] --START--
INFO: Run ShowPageTrace Behavior [ RunTime:-0.019347s ]
INFO: [ view_end ] --END-- [ RunTime:0.001003s ]

[ 2016-07-22T21:36:03+08:00 ] 127.0.0.1 /hotel/admin.php/Index/login
INFO: [ route_check ] --START--
INFO: Run CheckRoute Behavior [ RunTime:0.000986s ]
INFO: [ route_check ] --END-- [ RunTime:0.001062s ]
INFO: [ app_begin ] --START--
INFO: Run ReadHtmlCache Behavior [ RunTime:-0.000313s ]
INFO: [ app_begin ] --END-- [ RunTime:0.000766s ]
INFO: [ view_template ] --START--
INFO: Run LocationTemplate Behavior [ RunTime:-0.002380s ]
INFO: [ view_template ] --END-- [ RunTime:0.000432s ]
INFO: [ view_parse ] --START--
INFO: Run ParseTemplate Behavior [ RunTime:-0.002833s ]
INFO: [ view_parse ] --END-- [ RunTime:0.005781s ]
INFO: [ view_filter ] --START--
INFO: Run ContentReplace Behavior [ RunTime:-0.008639s ]
INFO: Run TokenBuild Behavior [ RunTime:-0.009038s ]
INFO: Run WriteHtmlCache Behavior [ RunTime:-0.009411s ]
INFO: Run ShowRuntime Behavior [ RunTime:-0.009743s ]
INFO: [ view_filter ] --END-- [ RunTime:0.001564s ]
INFO: [ view_end ] --START--
INFO: Run ShowPageTrace Behavior [ RunTime:-0.010244s ]
INFO: [ view_end ] --END-- [ RunTime:0.000557s ]

[ 2016-07-22T21:36:14+08:00 ] 127.0.0.1 /hotel/admin.php
INFO: [ app_begin ] --START--
INFO: Run ReadHtmlCache Behavior [ RunTime:0.000374s ]
INFO: [ app_begin ] --END-- [ RunTime:0.000420s ]
INFO: [ view_template ] --START--
INFO: Run LocationTemplate Behavior [ RunTime:-0.000695s ]
INFO: [ view_template ] --END-- [ RunTime:0.000634s ]
INFO: [ view_parse ] --START--
INFO: Run ParseTemplate Behavior [ RunTime:-0.001375s ]
INFO: [ view_parse ] --END-- [ RunTime:0.006060s ]
INFO: [ view_filter ] --START--
INFO: Run ContentReplace Behavior [ RunTime:-0.007440s ]
INFO: Run TokenBuild Behavior [ RunTime:-0.007871s ]
INFO: Run WriteHtmlCache Behavior [ RunTime:-0.008218s ]
INFO: Run ShowRuntime Behavior [ RunTime:-0.008521s ]
INFO: [ view_filter ] --END-- [ RunTime:0.001581s ]
INFO: [ view_end ] --START--
INFO: Run ShowPageTrace Behavior [ RunTime:-0.009058s ]
INFO: [ view_end ] --END-- [ RunTime:0.000539s ]

[ 2016-07-22T21:36:14+08:00 ] 127.0.0.1 /hotel/admin.php/Layout/north?_=1469194574498
INFO: [ route_check ] --START--
INFO: Run CheckRoute Behavior [ RunTime:0.001205s ]
INFO: [ route_check ] --END-- [ RunTime:0.001299s ]
INFO: [ app_begin ] --START--
INFO: Run ReadHtmlCache Behavior [ RunTime:-0.000422s ]
INFO: [ app_begin ] --END-- [ RunTime:0.000837s ]
INFO: [ view_template ] --START--
INFO: Run LocationTemplate Behavior [ RunTime:-0.002612s ]
INFO: [ view_template ] --END-- [ RunTime:0.000415s ]
INFO: [ view_parse ] --START--
INFO: Run ParseTemplate Behavior [ RunTime:-0.003054s ]
INFO: [ view_parse ] --END-- [ RunTime:0.007540s ]
INFO: [ view_filter ] --START--
INFO: Run ContentReplace Behavior [ RunTime:-0.010646s ]
INFO: Run TokenBuild Behavior [ RunTime:-0.011122s ]
INFO: Run WriteHtmlCache Behavior [ RunTime:-0.011590s ]
INFO: Run ShowRuntime Behavior [ RunTime:-0.011974s ]
INFO: [ view_filter ] --END-- [ RunTime:0.001934s ]
INFO: [ view_end ] --START--
INFO: Run ShowPageTrace Behavior [ RunTime:-0.012641s ]
INFO: [ view_end ] --END-- [ RunTime:0.000815s ]

[ 2016-07-22T21:36:14+08:00 ] 127.0.0.1 /hotel/admin.php/Layout/west?_=1469194574516
INFO: [ route_check ] --START--
INFO: Run CheckRoute Behavior [ RunTime:0.001207s ]
INFO: [ route_check ] --END-- [ RunTime:0.001298s ]
INFO: [ app_begin ] --START--
INFO: Run ReadHtmlCache Behavior [ RunTime:-0.000557s ]
INFO: [ app_begin ] --END-- [ RunTime:0.000585s ]
INFO: [ view_template ] --START--
INFO: Run LocationTemplate Behavior [ RunTime:-0.002326s ]
INFO: [ view_template ] --END-- [ RunTime:0.000436s ]
INFO: [ view_parse ] --START--
INFO: Run ParseTemplate Behavior [ RunTime:-0.002789s ]
INFO: [ view_parse ] --END-- [ RunTime:0.008056s ]
INFO: [ view_filter ] --START--
INFO: Run ContentReplace Behavior [ RunTime:-0.010882s ]
INFO: Run TokenBuild Behavior [ RunTime:-0.011432s ]
INFO: Run WriteHtmlCache Behavior [ RunTime:-0.012011s ]
INFO: Run ShowRuntime Behavior [ RunTime:-0.012486s ]
INFO: [ view_filter ] --END-- [ RunTime:0.002174s ]
INFO: [ view_end ] --START--
INFO: Run ShowPageTrace Behavior [ RunTime:-0.013115s ]
INFO: [ view_end ] --END-- [ RunTime:0.000769s ]

[ 2016-07-22T21:36:14+08:00 ] 127.0.0.1 /hotel/admin.php/Layout/center?_=1469194574523
INFO: [ route_check ] --START--
INFO: Run CheckRoute Behavior [ RunTime:0.001709s ]
INFO: [ route_check ] --END-- [ RunTime:0.001796s ]
INFO: [ app_begin ] --START--
INFO: Run ReadHtmlCache Behavior [ RunTime:-0.000586s ]
INFO: [ app_begin ] --END-- [ RunTime:0.000848s ]
INFO: [ view_template ] --START--
INFO: Run LocationTemplate Behavior [ RunTime:-0.008025s ]
INFO: [ view_template ] --END-- [ RunTime:0.001987s ]
INFO: [ view_parse ] --START--
INFO: Run ParseTemplate Behavior [ RunTime:-0.010030s ]
INFO: [ view_parse ] --END-- [ RunTime:0.011404s ]
INFO: [ view_filter ] --START--
INFO: Run ContentReplace Behavior [ RunTime:-0.021466s ]
INFO: Run TokenBuild Behavior [ RunTime:-0.022116s ]
INFO: Run WriteHtmlCache Behavior [ RunTime:-0.022738s ]
INFO: Run ShowRuntime Behavior [ RunTime:-0.023242s ]
INFO: [ view_filter ] --END-- [ RunTime:0.002272s ]
INFO: [ view_end ] --START--
INFO: Run ShowPageTrace Behavior [ RunTime:-0.023770s ]
INFO: [ view_end ] --END-- [ RunTime:0.000562s ]

[ 2016-07-22T21:36:14+08:00 ] 127.0.0.1 /hotel/admin.php/Order/index
INFO: [ route_check ] --START--
INFO: Run CheckRoute Behavior [ RunTime:0.000621s ]
INFO: [ route_check ] --END-- [ RunTime:0.000683s ]
INFO: [ app_begin ] --START--
INFO: Run ReadHtmlCache Behavior [ RunTime:-0.000217s ]
INFO: [ app_begin ] --END-- [ RunTime:0.000491s ]
INFO: [ view_template ] --START--
INFO: Run LocationTemplate Behavior [ RunTime:-0.001888s ]
INFO: [ view_template ] --END-- [ RunTime:0.000597s ]
INFO: [ view_parse ] --START--
INFO: Run ParseTemplate Behavior [ RunTime:-0.002512s ]
INFO: [ view_parse ] --END-- [ RunTime:0.006555s ]
INFO: [ view_filter ] --START--
INFO: Run ContentReplace Behavior [ RunTime:-0.009096s ]
INFO: Run TokenBuild Behavior [ RunTime:-0.009488s ]
INFO: Run WriteHtmlCache Behavior [ RunTime:-0.009799s ]
INFO: Run ShowRuntime Behavior [ RunTime:-0.010023s ]
INFO: [ view_filter ] --END-- [ RunTime:0.001311s ]
INFO: [ view_end ] --START--
INFO: Run ShowPageTrace Behavior [ RunTime:-0.010657s ]
INFO: [ view_end ] --END-- [ RunTime:0.000572s ]

[ 2016-07-22T21:36:14+08:00 ] 127.0.0.1 /hotel/admin.php/Order/index
INFO: [ route_check ] --START--
INFO: Run CheckRoute Behavior [ RunTime:0.000612s ]
INFO: [ route_check ] --END-- [ RunTime:0.000677s ]
INFO: [ app_begin ] --START--
INFO: Run ReadHtmlCache Behavior [ RunTime:-0.000196s ]
INFO: [ app_begin ] --END-- [ RunTime:0.000423s ]
INFO: [ view_template ] --START--
INFO: Run LocationTemplate Behavior [ RunTime:-0.001723s ]
INFO: [ view_template ] --END-- [ RunTime:0.000493s ]
INFO: [ view_parse ] --START--
INFO: Run ParseTemplate Behavior [ RunTime:-0.002239s ]
INFO: [ view_parse ] --END-- [ RunTime:0.008261s ]
INFO: [ view_filter ] --START--
INFO: Run ContentReplace Behavior [ RunTime:-0.010524s ]
INFO: Run TokenBuild Behavior [ RunTime:-0.010969s ]
INFO: Run WriteHtmlCache Behavior [ RunTime:-0.011280s ]
INFO: Run ShowRuntime Behavior [ RunTime:-0.011514s ]
INFO: [ view_filter ] --END-- [ RunTime:0.001382s ]
INFO: [ view_end ] --START--
INFO: Run ShowPageTrace Behavior [ RunTime:-0.012138s ]
INFO: [ view_end ] --END-- [ RunTime:0.000706s ]

[ 2016-07-22T21:36:19+08:00 ] 127.0.0.1 /hotel/admin.php/User/index
INFO: [ route_check ] --START--
INFO: Run CheckRoute Behavior [ RunTime:0.000961s ]
INFO: [ route_check ] --END-- [ RunTime:0.001050s ]
INFO: [ app_begin ] --START--
INFO: Run ReadHtmlCache Behavior [ RunTime:-0.000310s ]
INFO: [ app_begin ] --END-- [ RunTime:0.000787s ]
INFO: [ view_template ] --START--
INFO: Run LocationTemplate Behavior [ RunTime:-0.002875s ]
INFO: [ view_template ] --END-- [ RunTime:0.000952s ]
INFO: [ view_parse ] --START--
INFO: Run ParseTemplate Behavior [ RunTime:-0.003884s ]
INFO: [ view_parse ] --END-- [ RunTime:0.009943s ]
INFO: [ view_filter ] --START--
INFO: Run ContentReplace Behavior [ RunTime:-0.013859s ]
INFO: Run TokenBuild Behavior [ RunTime:-0.014625s ]
INFO: Run WriteHtmlCache Behavior [ RunTime:-0.015502s ]
INFO: Run ShowRuntime Behavior [ RunTime:-0.016174s ]
INFO: [ view_filter ] --END-- [ RunTime:0.002929s ]
INFO: [ view_end ] --START--
INFO: Run ShowPageTrace Behavior [ RunTime:-0.017256s ]
INFO: [ view_end ] --END-- [ RunTime:0.001222s ]

[ 2016-07-22T21:48:47+08:00 ] 127.0.0.1 /hotel/admin.php/Goods/index
INFO: [ route_check ] --START--
INFO: Run CheckRoute Behavior [ RunTime:0.002146s ]
INFO: [ route_check ] --END-- [ RunTime:0.002294s ]
INFO: [ app_begin ] --START--
INFO: Run ReadHtmlCache Behavior [ RunTime:-0.000816s ]
INFO: [ app_begin ] --END-- [ RunTime:0.001295s ]
INFO: [ view_template ] --START--
INFO: Run LocationTemplate Behavior [ RunTime:-0.005609s ]
INFO: [ view_template ] --END-- [ RunTime:0.001943s ]
INFO: [ view_parse ] --START--
INFO: Run ParseTemplate Behavior [ RunTime:-0.007640s ]
INFO: [ view_parse ] --END-- [ RunTime:0.017393s ]
INFO: [ view_filter ] --START--
INFO: Run ContentReplace Behavior [ RunTime:-0.025119s ]
INFO: Run TokenBuild Behavior [ RunTime:-0.026238s ]
INFO: Run WriteHtmlCache Behavior [ RunTime:-0.027195s ]
INFO: Run ShowRuntime Behavior [ RunTime:-0.029056s ]
INFO: [ view_filter ] --END-- [ RunTime:0.005837s ]
INFO: [ view_end ] --START--
INFO: Run ShowPageTrace Behavior [ RunTime:-0.031371s ]
INFO: [ view_end ] --END-- [ RunTime:0.002437s ]

[ 2016-07-22T21:50:30+08:00 ] 127.0.0.1 /hotel/admin.php/User/index
INFO: [ route_check ] --START--
INFO: Run CheckRoute Behavior [ RunTime:0.000752s ]
INFO: [ route_check ] --END-- [ RunTime:0.000809s ]
INFO: [ app_begin ] --START--
INFO: Run ReadHtmlCache Behavior [ RunTime:-0.000450s ]
INFO: [ app_begin ] --END-- [ RunTime:0.000538s ]
INFO: [ view_template ] --START--
INFO: Run LocationTemplate Behavior [ RunTime:-0.002196s ]
INFO: [ view_template ] --END-- [ RunTime:0.000669s ]
INFO: [ view_parse ] --START--
INFO: Run ParseTemplate Behavior [ RunTime:-0.002891s ]
INFO: [ view_parse ] --END-- [ RunTime:0.005944s ]
INFO: [ view_filter ] --START--
INFO: Run ContentReplace Behavior [ RunTime:-0.008860s ]
INFO: Run TokenBuild Behavior [ RunTime:-0.009296s ]
INFO: Run WriteHtmlCache Behavior [ RunTime:-0.009677s ]
INFO: Run ShowRuntime Behavior [ RunTime:-0.009976s ]
INFO: [ view_filter ] --END-- [ RunTime:0.001667s ]
INFO: [ view_end ] --START--
INFO: Run ShowPageTrace Behavior [ RunTime:-0.010747s ]
INFO: [ view_end ] --END-- [ RunTime:0.000591s ]

[ 2016-07-22T21:50:36+08:00 ] 127.0.0.1 /hotel/admin.php/User/index
INFO: [ route_check ] --START--
INFO: Run CheckRoute Behavior [ RunTime:0.002666s ]
INFO: [ route_check ] --END-- [ RunTime:0.002792s ]
INFO: [ app_begin ] --START--
INFO: Run ReadHtmlCache Behavior [ RunTime:-0.000976s ]
INFO: [ app_begin ] --END-- [ RunTime:0.001307s ]
INFO: [ view_template ] --START--
INFO: Run LocationTemplate Behavior [ RunTime:-0.006012s ]
INFO: [ view_template ] --END-- [ RunTime:0.002115s ]
INFO: [ view_parse ] --START--
INFO: Run ParseTemplate Behavior [ RunTime:-0.008177s ]
INFO: [ view_parse ] --END-- [ RunTime:0.012081s ]
INFO: [ view_filter ] --START--
INFO: Run ContentReplace Behavior [ RunTime:-0.020293s ]
INFO: Run TokenBuild Behavior [ RunTime:-0.020876s ]
INFO: Run WriteHtmlCache Behavior [ RunTime:-0.021354s ]
INFO: Run ShowRuntime Behavior [ RunTime:-0.021700s ]
INFO: [ view_filter ] --END-- [ RunTime:0.002016s ]
INFO: [ view_end ] --START--
INFO: Run ShowPageTrace Behavior [ RunTime:-0.022630s ]
INFO: [ view_end ] --END-- [ RunTime:0.001107s ]

