[ 2016-07-19T00:06:37+08:00 ] 127.0.0.1 /hotel/admin.php/Goods/addpd
INFO: [ route_check ] --START--
INFO: Run CheckRoute Behavior [ RunTime:0.001001s ]
INFO: [ route_check ] --END-- [ RunTime:0.001104s ]
INFO: [ app_begin ] --START--
INFO: Run ReadHtmlCache Behavior [ RunTime:-0.000426s ]
INFO: [ app_begin ] --END-- [ RunTime:0.000618s ]
NOTIC: [8] Undefined index: pid D:\Hotel\Apache\htdocs\hotel\Admin\Lib\Action\GoodsAction.class.php 第 88 行.
INFO: [ view_template ] --START--
INFO: Run LocationTemplate Behavior [ RunTime:-0.002746s ]
INFO: [ view_template ] --END-- [ RunTime:0.000819s ]
INFO: [ view_parse ] --START--
INFO: Run ParseTemplate Behavior [ RunTime:-0.003603s ]
INFO: [ view_parse ] --END-- [ RunTime:0.008713s ]
INFO: [ view_filter ] --START--
INFO: Run ContentReplace Behavior [ RunTime:-0.012354s ]
INFO: Run TokenBuild Behavior [ RunTime:-0.012867s ]
INFO: Run WriteHtmlCache Behavior [ RunTime:-0.013318s ]
INFO: Run ShowRuntime Behavior [ RunTime:-0.013681s ]
INFO: [ view_filter ] --END-- [ RunTime:0.001867s ]
INFO: [ view_end ] --START--
INFO: Run ShowPageTrace Behavior [ RunTime:-0.014274s ]
INFO: [ view_end ] --END-- [ RunTime:0.000685s ]

[ 2016-07-19T00:06:38+08:00 ] 127.0.0.1 /hotel/admin.php/Goods/
INFO: [ route_check ] --START--
INFO: Run CheckRoute Behavior [ RunTime:0.000605s ]
INFO: [ route_check ] --END-- [ RunTime:0.000654s ]
INFO: [ app_begin ] --START--
INFO: Run ReadHtmlCache Behavior [ RunTime:-0.000180s ]
INFO: [ app_begin ] --END-- [ RunTime:0.000443s ]
INFO: [ view_template ] --START--
INFO: Run LocationTemplate Behavior [ RunTime:-0.001603s ]
INFO: [ view_template ] --END-- [ RunTime:0.000479s ]
INFO: [ view_parse ] --START--
INFO: Run ParseTemplate Behavior [ RunTime:-0.002104s ]
INFO: [ view_parse ] --END-- [ RunTime:0.006295s ]
INFO: [ view_filter ] --START--
INFO: Run ContentReplace Behavior [ RunTime:-0.008421s ]
INFO: Run TokenBuild Behavior [ RunTime:-0.008740s ]
INFO: Run WriteHtmlCache Behavior [ RunTime:-0.009030s ]
INFO: Run ShowRuntime Behavior [ RunTime:-0.009228s ]
INFO: [ view_filter ] --END-- [ RunTime:0.001236s ]
INFO: [ view_end ] --START--
INFO: Run ShowPageTrace Behavior [ RunTime:-0.009864s ]
INFO: [ view_end ] --END-- [ RunTime:0.000583s ]

[ 2016-07-19T00:06:42+08:00 ] 127.0.0.1 /hotel/admin.php/Goods/index
INFO: [ route_check ] --START--
INFO: Run CheckRoute Behavior [ RunTime:0.000683s ]
INFO: [ route_check ] --END-- [ RunTime:0.000742s ]
INFO: [ app_begin ] --START--
INFO: Run ReadHtmlCache Behavior [ RunTime:-0.000215s ]
INFO: [ app_begin ] --END-- [ RunTime:0.000518s ]
INFO: [ view_template ] --START--
INFO: Run LocationTemplate Behavior [ RunTime:-0.001831s ]
INFO: [ view_template ] --END-- [ RunTime:0.000560s ]
INFO: [ view_parse ] --START--
INFO: Run ParseTemplate Behavior [ RunTime:-0.002401s ]
INFO: [ view_parse ] --END-- [ RunTime:0.006657s ]
INFO: [ view_filter ] --START--
INFO: Run ContentReplace Behavior [ RunTime:-0.009082s ]
INFO: Run TokenBuild Behavior [ RunTime:-0.009589s ]
INFO: Run WriteHtmlCache Behavior [ RunTime:-0.009946s ]
INFO: Run ShowRuntime Behavior [ RunTime:-0.010221s ]
INFO: [ view_filter ] --END-- [ RunTime:0.001514s ]
INFO: [ view_end ] --START--
INFO: Run ShowPageTrace Behavior [ RunTime:-0.010909s ]
INFO: [ view_end ] --END-- [ RunTime:0.000528s ]

[ 2016-07-19T00:06:45+08:00 ] 127.0.0.1 /hotel/admin.php/Index/login
INFO: [ route_check ] --START--
INFO: Run CheckRoute Behavior [ RunTime:0.000562s ]
INFO: [ route_check ] --END-- [ RunTime:0.000608s ]
INFO: [ app_begin ] --START--
INFO: Run ReadHtmlCache Behavior [ RunTime:-0.000166s ]
INFO: [ app_begin ] --END-- [ RunTime:0.000394s ]
INFO: [ view_template ] --START--
INFO: Run LocationTemplate Behavior [ RunTime:-0.001469s ]
INFO: [ view_template ] --END-- [ RunTime:0.000481s ]
INFO: [ view_parse ] --START--
INFO: Run ParseTemplate Behavior [ RunTime:-0.001976s ]
INFO: [ view_parse ] --END-- [ RunTime:0.006292s ]
INFO: [ view_filter ] --START--
INFO: Run ContentReplace Behavior [ RunTime:-0.008290s ]
INFO: Run TokenBuild Behavior [ RunTime:-0.008638s ]
INFO: Run WriteHtmlCache Behavior [ RunTime:-0.008993s ]
INFO: Run ShowRuntime Behavior [ RunTime:-0.009261s ]
INFO: [ view_filter ] --END-- [ RunTime:0.001405s ]
INFO: [ view_end ] --START--
INFO: Run ShowPageTrace Behavior [ RunTime:-0.009732s ]
INFO: [ view_end ] --END-- [ RunTime:0.000525s ]

[ 2016-07-19T00:07:30+08:00 ] 127.0.0.1 /hotel/admin.php
INFO: [ app_begin ] --START--
INFO: Run ReadHtmlCache Behavior [ RunTime:0.000539s ]
INFO: [ app_begin ] --END-- [ RunTime:0.000592s ]
INFO: [ view_template ] --START--
INFO: Run LocationTemplate Behavior [ RunTime:-0.001128s ]
INFO: [ view_template ] --END-- [ RunTime:0.000727s ]
INFO: [ view_parse ] --START--
INFO: Run ParseTemplate Behavior [ RunTime:-0.001877s ]
INFO: [ view_parse ] --END-- [ RunTime:0.006256s ]
INFO: [ view_filter ] --START--
INFO: Run ContentReplace Behavior [ RunTime:-0.008159s ]
INFO: Run TokenBuild Behavior [ RunTime:-0.008641s ]
INFO: Run WriteHtmlCache Behavior [ RunTime:-0.009056s ]
INFO: Run ShowRuntime Behavior [ RunTime:-0.009392s ]
INFO: [ view_filter ] --END-- [ RunTime:0.001723s ]
INFO: [ view_end ] --START--
INFO: Run ShowPageTrace Behavior [ RunTime:-0.009920s ]
INFO: [ view_end ] --END-- [ RunTime:0.000575s ]

[ 2016-07-19T00:07:30+08:00 ] 127.0.0.1 /hotel/admin.php/Layout/north?_=1468858050159
INFO: [ route_check ] --START--
INFO: Run CheckRoute Behavior [ RunTime:0.000755s ]
INFO: [ route_check ] --END-- [ RunTime:0.000815s ]
INFO: [ app_begin ] --START--
INFO: Run ReadHtmlCache Behavior [ RunTime:-0.000362s ]
INFO: [ app_begin ] --END-- [ RunTime:0.000669s ]
INFO: [ view_template ] --START--
INFO: Run LocationTemplate Behavior [ RunTime:-0.002448s ]
INFO: [ view_template ] --END-- [ RunTime:0.000781s ]
INFO: [ view_parse ] --START--
INFO: Run ParseTemplate Behavior [ RunTime:-0.003252s ]
INFO: [ view_parse ] --END-- [ RunTime:0.008131s ]
INFO: [ view_filter ] --START--
INFO: Run ContentReplace Behavior [ RunTime:-0.011405s ]
INFO: Run TokenBuild Behavior [ RunTime:-0.011991s ]
INFO: Run WriteHtmlCache Behavior [ RunTime:-0.012830s ]
INFO: Run ShowRuntime Behavior [ RunTime:-0.013524s ]
INFO: [ view_filter ] --END-- [ RunTime:0.003114s ]
INFO: [ view_end ] --START--
INFO: Run ShowPageTrace Behavior [ RunTime:-0.014589s ]
INFO: [ view_end ] --END-- [ RunTime:0.001216s ]

[ 2016-07-19T00:07:30+08:00 ] 127.0.0.1 /hotel/admin.php/Layout/west?_=1468858050167
INFO: [ route_check ] --START--
INFO: Run CheckRoute Behavior [ RunTime:0.000882s ]
INFO: [ route_check ] --END-- [ RunTime:0.000945s ]
INFO: [ app_begin ] --START--
INFO: Run ReadHtmlCache Behavior [ RunTime:-0.000557s ]
INFO: [ app_begin ] --END-- [ RunTime:0.001622s ]
INFO: [ view_template ] --START--
INFO: Run LocationTemplate Behavior [ RunTime:-0.004109s ]
INFO: [ view_template ] --END-- [ RunTime:0.000771s ]
INFO: [ view_parse ] --START--
INFO: Run ParseTemplate Behavior [ RunTime:-0.004904s ]
INFO: [ view_parse ] --END-- [ RunTime:0.007343s ]
INFO: [ view_filter ] --START--
INFO: Run ContentReplace Behavior [ RunTime:-0.012276s ]
INFO: Run TokenBuild Behavior [ RunTime:-0.012758s ]
INFO: Run WriteHtmlCache Behavior [ RunTime:-0.013247s ]
INFO: Run ShowRuntime Behavior [ RunTime:-0.013656s ]
INFO: [ view_filter ] --END-- [ RunTime:0.002055s ]
INFO: [ view_end ] --START--
INFO: Run ShowPageTrace Behavior [ RunTime:-0.014385s ]
INFO: [ view_end ] --END-- [ RunTime:0.001239s ]

[ 2016-07-19T00:07:30+08:00 ] 127.0.0.1 /hotel/admin.php/Layout/center?_=1468858050172
INFO: [ route_check ] --START--
INFO: Run CheckRoute Behavior [ RunTime:0.001523s ]
INFO: [ route_check ] --END-- [ RunTime:0.001701s ]
INFO: [ app_begin ] --START--
INFO: Run ReadHtmlCache Behavior [ RunTime:-0.000961s ]
INFO: [ app_begin ] --END-- [ RunTime:0.001340s ]
INFO: [ view_template ] --START--
INFO: Run LocationTemplate Behavior [ RunTime:-0.004434s ]
INFO: [ view_template ] --END-- [ RunTime:0.001307s ]
INFO: [ view_parse ] --START--
INFO: Run ParseTemplate Behavior [ RunTime:-0.005780s ]
INFO: [ view_parse ] --END-- [ RunTime:0.011146s ]
INFO: [ view_filter ] --START--
INFO: Run ContentReplace Behavior [ RunTime:-0.016960s ]
INFO: Run TokenBuild Behavior [ RunTime:-0.017727s ]
INFO: Run WriteHtmlCache Behavior [ RunTime:-0.018481s ]
INFO: Run ShowRuntime Behavior [ RunTime:-0.019091s ]
INFO: [ view_filter ] --END-- [ RunTime:0.003062s ]
INFO: [ view_end ] --START--
INFO: Run ShowPageTrace Behavior [ RunTime:-0.020057s ]
INFO: [ view_end ] --END-- [ RunTime:0.000634s ]

[ 2016-07-19T00:07:30+08:00 ] 127.0.0.1 /hotel/admin.php/Order/index
INFO: [ route_check ] --START--
INFO: Run CheckRoute Behavior [ RunTime:0.001115s ]
INFO: [ route_check ] --END-- [ RunTime:0.001188s ]
INFO: [ app_begin ] --START--
INFO: Run ReadHtmlCache Behavior [ RunTime:-0.000488s ]
INFO: [ app_begin ] --END-- [ RunTime:0.000902s ]
INFO: [ view_template ] --START--
INFO: Run LocationTemplate Behavior [ RunTime:-0.003430s ]
INFO: [ view_template ] --END-- [ RunTime:0.001342s ]
INFO: [ view_parse ] --START--
INFO: Run ParseTemplate Behavior [ RunTime:-0.004818s ]
INFO: [ view_parse ] --END-- [ RunTime:0.012050s ]
INFO: [ view_filter ] --START--
INFO: Run ContentReplace Behavior [ RunTime:-0.016886s ]
INFO: Run TokenBuild Behavior [ RunTime:-0.017407s ]
INFO: Run WriteHtmlCache Behavior [ RunTime:-0.017841s ]
INFO: Run ShowRuntime Behavior [ RunTime:-0.018171s ]
INFO: [ view_filter ] --END-- [ RunTime:0.001788s ]
INFO: [ view_end ] --START--
INFO: Run ShowPageTrace Behavior [ RunTime:-0.018887s ]
INFO: [ view_end ] --END-- [ RunTime:0.000633s ]

[ 2016-07-19T00:07:30+08:00 ] 127.0.0.1 /hotel/admin.php/Order/index
INFO: [ route_check ] --START--
INFO: Run CheckRoute Behavior [ RunTime:0.001503s ]
INFO: [ route_check ] --END-- [ RunTime:0.001595s ]
INFO: [ app_begin ] --START--
INFO: Run ReadHtmlCache Behavior [ RunTime:-0.000649s ]
INFO: [ app_begin ] --END-- [ RunTime:0.001523s ]
INFO: [ view_template ] --START--
INFO: Run LocationTemplate Behavior [ RunTime:-0.011796s ]
INFO: [ view_template ] --END-- [ RunTime:0.000850s ]
INFO: [ view_parse ] --START--
INFO: Run ParseTemplate Behavior [ RunTime:-0.012671s ]
INFO: [ view_parse ] --END-- [ RunTime:0.009870s ]
INFO: [ view_filter ] --START--
INFO: Run ContentReplace Behavior [ RunTime:-0.022568s ]
INFO: Run TokenBuild Behavior [ RunTime:-0.023068s ]
INFO: Run WriteHtmlCache Behavior [ RunTime:-0.023505s ]
INFO: Run ShowRuntime Behavior [ RunTime:-0.023857s ]
INFO: [ view_filter ] --END-- [ RunTime:0.001790s ]
INFO: [ view_end ] --START--
INFO: Run ShowPageTrace Behavior [ RunTime:-0.024608s ]
INFO: [ view_end ] --END-- [ RunTime:0.000988s ]

[ 2016-07-19T00:07:33+08:00 ] 127.0.0.1 /hotel/admin.php/Auser/index
INFO: [ route_check ] --START--
INFO: Run CheckRoute Behavior [ RunTime:0.003382s ]
INFO: [ route_check ] --END-- [ RunTime:0.003476s ]
INFO: [ app_begin ] --START--
INFO: Run ReadHtmlCache Behavior [ RunTime:-0.000947s ]
INFO: [ app_begin ] --END-- [ RunTime:0.000965s ]
INFO: [ view_template ] --START--
INFO: Run LocationTemplate Behavior [ RunTime:-0.004024s ]
INFO: [ view_template ] --END-- [ RunTime:0.001366s ]
INFO: [ view_parse ] --START--
NOTIC: [8] Undefined variable: time D:\Hotel\Apache\htdocs\hotel\Admin\Runtime\Cache\17f64007229cc80dfeec02b2cf21cc3e.php 第 157 行.
NOTIC: [8] Undefined variable: time D:\Hotel\Apache\htdocs\hotel\Admin\Runtime\Cache\17f64007229cc80dfeec02b2cf21cc3e.php 第 158 行.
INFO: Run ParseTemplate Behavior [ RunTime:-0.005416s ]
INFO: [ view_parse ] --END-- [ RunTime:0.009970s ]
INFO: [ view_filter ] --START--
INFO: Run ContentReplace Behavior [ RunTime:-0.015410s ]
INFO: Run TokenBuild Behavior [ RunTime:-0.015995s ]
INFO: Run WriteHtmlCache Behavior [ RunTime:-0.016543s ]
INFO: Run ShowRuntime Behavior [ RunTime:-0.016973s ]
INFO: [ view_filter ] --END-- [ RunTime:0.002199s ]
INFO: [ view_end ] --START--
INFO: Run ShowPageTrace Behavior [ RunTime:-0.017910s ]
INFO: [ view_end ] --END-- [ RunTime:0.001047s ]

[ 2016-07-19T00:10:48+08:00 ] 127.0.0.1 /hotel/admin.php/Auser/index
INFO: [ route_check ] --START--
INFO: Run CheckRoute Behavior [ RunTime:0.002089s ]
INFO: [ route_check ] --END-- [ RunTime:0.002215s ]
INFO: [ app_begin ] --START--
INFO: Run ReadHtmlCache Behavior [ RunTime:-0.000883s ]
INFO: [ app_begin ] --END-- [ RunTime:0.001476s ]
INFO: [ view_template ] --START--
INFO: Run LocationTemplate Behavior [ RunTime:-0.005578s ]
INFO: [ view_template ] --END-- [ RunTime:0.001600s ]
INFO: [ view_parse ] --START--
NOTIC: [8] Undefined variable: time D:\Hotel\Apache\htdocs\hotel\Admin\Runtime\Cache\17f64007229cc80dfeec02b2cf21cc3e.php 第 157 行.
NOTIC: [8] Undefined variable: time D:\Hotel\Apache\htdocs\hotel\Admin\Runtime\Cache\17f64007229cc80dfeec02b2cf21cc3e.php 第 158 行.
INFO: Run ParseTemplate Behavior [ RunTime:-0.007241s ]
INFO: [ view_parse ] --END-- [ RunTime:0.012652s ]
INFO: [ view_filter ] --START--
INFO: Run ContentReplace Behavior [ RunTime:-0.019896s ]
INFO: Run TokenBuild Behavior [ RunTime:-0.020364s ]
INFO: Run WriteHtmlCache Behavior [ RunTime:-0.020709s ]
INFO: Run ShowRuntime Behavior [ RunTime:-0.020978s ]
INFO: [ view_filter ] --END-- [ RunTime:0.001516s ]
INFO: [ view_end ] --START--
INFO: Run ShowPageTrace Behavior [ RunTime:-0.021680s ]
INFO: [ view_end ] --END-- [ RunTime:0.000710s ]

