[ 2016-07-20T20:56:05+08:00 ] 127.0.0.1 /hotel/admin.php/Auser/index
INFO: [ route_check ] --START--
INFO: Run CheckRoute Behavior [ RunTime:0.001620s ]
INFO: [ route_check ] --END-- [ RunTime:0.002325s ]
INFO: [ app_begin ] --START--
INFO: Run ReadHtmlCache Behavior [ RunTime:-0.012752s ]
INFO: [ app_begin ] --END-- [ RunTime:0.000855s ]
INFO: [ view_template ] --START--
INFO: Run LocationTemplate Behavior [ RunTime:-0.032828s ]
INFO: [ view_template ] --END-- [ RunTime:0.001161s ]
INFO: [ view_parse ] --START--
NOTIC: [8] Undefined variable: time D:\Hotel\Apache\htdocs\hotel\Admin\Runtime\Cache\17f64007229cc80dfeec02b2cf21cc3e.php 第 158 行.
NOTIC: [8] Undefined variable: time D:\Hotel\Apache\htdocs\hotel\Admin\Runtime\Cache\17f64007229cc80dfeec02b2cf21cc3e.php 第 159 行.
INFO: Run ParseTemplate Behavior [ RunTime:-0.034025s ]
INFO: [ view_parse ] --END-- [ RunTime:0.059374s ]
INFO: [ view_filter ] --START--
INFO: Run ContentReplace Behavior [ RunTime:-0.093423s ]
INFO: Run TokenBuild Behavior [ RunTime:-0.094659s ]
INFO: Run WriteHtmlCache Behavior [ RunTime:-0.095765s ]
INFO: Run ShowRuntime Behavior [ RunTime:-0.096396s ]
INFO: [ view_filter ] --END-- [ RunTime:0.003960s ]
INFO: [ view_end ] --START--
INFO: Run ShowPageTrace Behavior [ RunTime:-0.097950s ]
INFO: [ view_end ] --END-- [ RunTime:0.001353s ]

[ 2016-07-20T20:59:32+08:00 ] 127.0.0.1 /hotel/admin.php/Auser/index
INFO: [ route_check ] --START--
INFO: Run CheckRoute Behavior [ RunTime:0.000928s ]
INFO: [ route_check ] --END-- [ RunTime:0.000991s ]
INFO: [ app_begin ] --START--
INFO: Run ReadHtmlCache Behavior [ RunTime:-0.000408s ]
INFO: [ app_begin ] --END-- [ RunTime:0.000658s ]
INFO: [ view_template ] --START--
INFO: Run LocationTemplate Behavior [ RunTime:-0.002650s ]
INFO: [ view_template ] --END-- [ RunTime:0.000914s ]
INFO: [ view_parse ] --START--
NOTIC: [8] Undefined variable: time D:\Hotel\Apache\htdocs\hotel\Admin\Runtime\Cache\17f64007229cc80dfeec02b2cf21cc3e.php 第 120 行.
NOTIC: [8] Undefined variable: time D:\Hotel\Apache\htdocs\hotel\Admin\Runtime\Cache\17f64007229cc80dfeec02b2cf21cc3e.php 第 121 行.
INFO: Run ParseTemplate Behavior [ RunTime:-0.003595s ]
INFO: [ view_parse ] --END-- [ RunTime:0.008865s ]
INFO: [ view_filter ] --START--
INFO: Run ContentReplace Behavior [ RunTime:-0.012486s ]
INFO: Run TokenBuild Behavior [ RunTime:-0.013066s ]
INFO: Run WriteHtmlCache Behavior [ RunTime:-0.013526s ]
INFO: Run ShowRuntime Behavior [ RunTime:-0.013892s ]
INFO: [ view_filter ] --END-- [ RunTime:0.001981s ]
INFO: [ view_end ] --START--
INFO: Run ShowPageTrace Behavior [ RunTime:-0.014732s ]
INFO: [ view_end ] --END-- [ RunTime:0.001099s ]

[ 2016-07-20T21:02:22+08:00 ] 127.0.0.1 /hotel/admin.php/Auser/index
INFO: [ route_check ] --START--
INFO: Run CheckRoute Behavior [ RunTime:0.002151s ]
INFO: [ route_check ] --END-- [ RunTime:0.002293s ]
INFO: [ app_begin ] --START--
INFO: Run ReadHtmlCache Behavior [ RunTime:-0.000831s ]
INFO: [ app_begin ] --END-- [ RunTime:0.001322s ]
INFO: [ view_template ] --START--
INFO: Run LocationTemplate Behavior [ RunTime:-0.004470s ]
INFO: [ view_template ] --END-- [ RunTime:0.001846s ]
INFO: [ view_parse ] --START--
NOTIC: [8] Undefined variable: time D:\Hotel\Apache\htdocs\hotel\Admin\Runtime\Cache\17f64007229cc80dfeec02b2cf21cc3e.php 第 120 行.
NOTIC: [8] Undefined variable: time D:\Hotel\Apache\htdocs\hotel\Admin\Runtime\Cache\17f64007229cc80dfeec02b2cf21cc3e.php 第 121 行.
INFO: Run ParseTemplate Behavior [ RunTime:-0.006359s ]
INFO: [ view_parse ] --END-- [ RunTime:0.009327s ]
INFO: [ view_filter ] --START--
INFO: Run ContentReplace Behavior [ RunTime:-0.015717s ]
INFO: Run TokenBuild Behavior [ RunTime:-0.016409s ]
INFO: Run WriteHtmlCache Behavior [ RunTime:-0.016995s ]
INFO: Run ShowRuntime Behavior [ RunTime:-0.017449s ]
INFO: [ view_filter ] --END-- [ RunTime:0.002401s ]
INFO: [ view_end ] --START--
INFO: Run ShowPageTrace Behavior [ RunTime:-0.018454s ]
INFO: [ view_end ] --END-- [ RunTime:0.001089s ]

[ 2016-07-20T21:04:54+08:00 ] ERR: (ThinkException) XML标签语法错误
[ 2016-07-20T21:04:54+08:00 ] ERR: (ThinkException) 非法操作:__PUBLIC__
[ 2016-07-20T21:04:54+08:00 ] ERR: (ThinkException) 非法操作:__PUBLIC__
[ 2016-07-20T21:04:54+08:00 ] ERR: (ThinkException) 非法操作:__PUBLIC__
[ 2016-07-20T21:04:54+08:00 ] ERR: (ThinkException) 非法操作:__PUBLIC__
[ 2016-07-20T21:04:54+08:00 ] ERR: (ThinkException) 非法操作:__PUBLIC__
[ 2016-07-20T21:04:54+08:00 ] ERR: (ThinkException) 非法操作:__PUBLIC__
[ 2016-07-20T21:04:54+08:00 ] ERR: (ThinkException) 非法操作:__PUBLIC__
[ 2016-07-20T21:04:54+08:00 ] ERR: (ThinkException) 非法操作:__PUBLIC__
[ 2016-07-20T21:05:02+08:00 ] ERR: (ThinkException) XML标签语法错误
[ 2016-07-20T21:05:02+08:00 ] ERR: (ThinkException) 非法操作:__PUBLIC__
[ 2016-07-20T21:05:02+08:00 ] ERR: (ThinkException) 非法操作:__PUBLIC__
[ 2016-07-20T21:05:02+08:00 ] ERR: (ThinkException) 非法操作:__PUBLIC__
[ 2016-07-20T21:05:02+08:00 ] ERR: (ThinkException) 非法操作:__PUBLIC__
[ 2016-07-20T21:05:02+08:00 ] ERR: (ThinkException) 非法操作:__PUBLIC__
[ 2016-07-20T21:05:02+08:00 ] ERR: (ThinkException) 非法操作:__PUBLIC__
[ 2016-07-20T21:05:02+08:00 ] ERR: (ThinkException) 非法操作:__PUBLIC__
[ 2016-07-20T21:05:02+08:00 ] ERR: (ThinkException) 非法操作:__PUBLIC__
[ 2016-07-20T21:05:15+08:00 ] 127.0.0.1 /hotel/admin.php/Auser/index
INFO: [ route_check ] --START--
INFO: Run CheckRoute Behavior [ RunTime:0.000865s ]
INFO: [ route_check ] --END-- [ RunTime:0.000926s ]
INFO: [ app_begin ] --START--
INFO: Run ReadHtmlCache Behavior [ RunTime:-0.000321s ]
INFO: [ app_begin ] --END-- [ RunTime:0.000721s ]
INFO: [ view_template ] --START--
INFO: Run LocationTemplate Behavior [ RunTime:-0.002578s ]
INFO: [ view_template ] --END-- [ RunTime:0.001160s ]
INFO: [ view_parse ] --START--
NOTIC: [8] Undefined variable: time D:\Hotel\Apache\htdocs\hotel\Admin\Runtime\Cache\17f64007229cc80dfeec02b2cf21cc3e.php 第 133 行.
NOTIC: [8] Undefined variable: time D:\Hotel\Apache\htdocs\hotel\Admin\Runtime\Cache\17f64007229cc80dfeec02b2cf21cc3e.php 第 134 行.
INFO: Run ParseTemplate Behavior [ RunTime:-0.003802s ]
INFO: [ view_parse ] --END-- [ RunTime:0.018203s ]
INFO: [ view_filter ] --START--
INFO: Run ContentReplace Behavior [ RunTime:-0.022021s ]
INFO: Run TokenBuild Behavior [ RunTime:-0.022539s ]
INFO: Run WriteHtmlCache Behavior [ RunTime:-0.022986s ]
INFO: Run ShowRuntime Behavior [ RunTime:-0.023324s ]
INFO: [ view_filter ] --END-- [ RunTime:0.001843s ]
INFO: [ view_end ] --START--
INFO: Run ShowPageTrace Behavior [ RunTime:-0.024159s ]
INFO: [ view_end ] --END-- [ RunTime:0.000871s ]

[ 2016-07-20T21:05:17+08:00 ] 127.0.0.1 /hotel/admin.php/Auser/index
INFO: [ route_check ] --START--
INFO: Run CheckRoute Behavior [ RunTime:0.000914s ]
INFO: [ route_check ] --END-- [ RunTime:0.000984s ]
INFO: [ app_begin ] --START--
INFO: Run ReadHtmlCache Behavior [ RunTime:-0.000329s ]
INFO: [ app_begin ] --END-- [ RunTime:0.000621s ]
INFO: [ view_template ] --START--
INFO: Run LocationTemplate Behavior [ RunTime:-0.002219s ]
INFO: [ view_template ] --END-- [ RunTime:0.000742s ]
INFO: [ view_parse ] --START--
NOTIC: [8] Undefined variable: time D:\Hotel\Apache\htdocs\hotel\Admin\Runtime\Cache\17f64007229cc80dfeec02b2cf21cc3e.php 第 133 行.
NOTIC: [8] Undefined variable: time D:\Hotel\Apache\htdocs\hotel\Admin\Runtime\Cache\17f64007229cc80dfeec02b2cf21cc3e.php 第 134 行.
INFO: Run ParseTemplate Behavior [ RunTime:-0.002994s ]
INFO: [ view_parse ] --END-- [ RunTime:0.012575s ]
INFO: [ view_filter ] --START--
INFO: Run ContentReplace Behavior [ RunTime:-0.015599s ]
INFO: Run TokenBuild Behavior [ RunTime:-0.016269s ]
INFO: Run WriteHtmlCache Behavior [ RunTime:-0.016896s ]
INFO: Run ShowRuntime Behavior [ RunTime:-0.017395s ]
INFO: [ view_filter ] --END-- [ RunTime:0.002494s ]
INFO: [ view_end ] --START--
INFO: Run ShowPageTrace Behavior [ RunTime:-0.018742s ]
INFO: [ view_end ] --END-- [ RunTime:0.001860s ]

[ 2016-07-20T21:05:19+08:00 ] 127.0.0.1 /hotel/admin.php/Auser/index
INFO: [ route_check ] --START--
INFO: Run CheckRoute Behavior [ RunTime:0.001575s ]
INFO: [ route_check ] --END-- [ RunTime:0.001695s ]
INFO: [ app_begin ] --START--
INFO: Run ReadHtmlCache Behavior [ RunTime:-0.000610s ]
INFO: [ app_begin ] --END-- [ RunTime:0.001710s ]
INFO: [ view_template ] --START--
INFO: Run LocationTemplate Behavior [ RunTime:-0.004746s ]
INFO: [ view_template ] --END-- [ RunTime:0.000665s ]
INFO: [ view_parse ] --START--
NOTIC: [8] Undefined variable: time D:\Hotel\Apache\htdocs\hotel\Admin\Runtime\Cache\17f64007229cc80dfeec02b2cf21cc3e.php 第 133 行.
NOTIC: [8] Undefined variable: time D:\Hotel\Apache\htdocs\hotel\Admin\Runtime\Cache\17f64007229cc80dfeec02b2cf21cc3e.php 第 134 行.
INFO: Run ParseTemplate Behavior [ RunTime:-0.005434s ]
INFO: [ view_parse ] --END-- [ RunTime:0.009496s ]
INFO: [ view_filter ] --START--
INFO: Run ContentReplace Behavior [ RunTime:-0.014953s ]
INFO: Run TokenBuild Behavior [ RunTime:-0.015460s ]
INFO: Run WriteHtmlCache Behavior [ RunTime:-0.015899s ]
INFO: Run ShowRuntime Behavior [ RunTime:-0.016233s ]
INFO: [ view_filter ] --END-- [ RunTime:0.001805s ]
INFO: [ view_end ] --START--
INFO: Run ShowPageTrace Behavior [ RunTime:-0.017059s ]
INFO: [ view_end ] --END-- [ RunTime:0.000910s ]

[ 2016-07-20T21:05:21+08:00 ] 127.0.0.1 /hotel/admin.php/Auser/index
INFO: [ route_check ] --START--
INFO: Run CheckRoute Behavior [ RunTime:0.000874s ]
INFO: [ route_check ] --END-- [ RunTime:0.000950s ]
INFO: [ app_begin ] --START--
INFO: Run ReadHtmlCache Behavior [ RunTime:-0.000419s ]
INFO: [ app_begin ] --END-- [ RunTime:0.000845s ]
INFO: [ view_template ] --START--
INFO: Run LocationTemplate Behavior [ RunTime:-0.003064s ]
INFO: [ view_template ] --END-- [ RunTime:0.001087s ]
INFO: [ view_parse ] --START--
NOTIC: [8] Undefined variable: time D:\Hotel\Apache\htdocs\hotel\Admin\Runtime\Cache\17f64007229cc80dfeec02b2cf21cc3e.php 第 133 行.
NOTIC: [8] Undefined variable: time D:\Hotel\Apache\htdocs\hotel\Admin\Runtime\Cache\17f64007229cc80dfeec02b2cf21cc3e.php 第 134 行.
INFO: Run ParseTemplate Behavior [ RunTime:-0.004217s ]
INFO: [ view_parse ] --END-- [ RunTime:0.010689s ]
INFO: [ view_filter ] --START--
INFO: Run ContentReplace Behavior [ RunTime:-0.014931s ]
INFO: Run TokenBuild Behavior [ RunTime:-0.015732s ]
INFO: Run WriteHtmlCache Behavior [ RunTime:-0.016432s ]
INFO: Run ShowRuntime Behavior [ RunTime:-0.016977s ]
INFO: [ view_filter ] --END-- [ RunTime:0.002640s ]
INFO: [ view_end ] --START--
INFO: Run ShowPageTrace Behavior [ RunTime:-0.017857s ]
INFO: [ view_end ] --END-- [ RunTime:0.000951s ]

[ 2016-07-20T21:05:21+08:00 ] 127.0.0.1 /hotel/admin.php/Auser/index
INFO: [ route_check ] --START--
INFO: Run CheckRoute Behavior [ RunTime:0.000852s ]
INFO: [ route_check ] --END-- [ RunTime:0.000968s ]
INFO: [ app_begin ] --START--
INFO: Run ReadHtmlCache Behavior [ RunTime:-0.000375s ]
INFO: [ app_begin ] --END-- [ RunTime:0.000788s ]
INFO: [ view_template ] --START--
INFO: Run LocationTemplate Behavior [ RunTime:-0.002711s ]
INFO: [ view_template ] --END-- [ RunTime:0.001273s ]
INFO: [ view_parse ] --START--
NOTIC: [8] Undefined variable: time D:\Hotel\Apache\htdocs\hotel\Admin\Runtime\Cache\17f64007229cc80dfeec02b2cf21cc3e.php 第 133 行.
NOTIC: [8] Undefined variable: time D:\Hotel\Apache\htdocs\hotel\Admin\Runtime\Cache\17f64007229cc80dfeec02b2cf21cc3e.php 第 134 行.
INFO: Run ParseTemplate Behavior [ RunTime:-0.004056s ]
INFO: [ view_parse ] --END-- [ RunTime:0.008461s ]
INFO: [ view_filter ] --START--
INFO: Run ContentReplace Behavior [ RunTime:-0.012545s ]
INFO: Run TokenBuild Behavior [ RunTime:-0.013181s ]
INFO: Run WriteHtmlCache Behavior [ RunTime:-0.013700s ]
INFO: Run ShowRuntime Behavior [ RunTime:-0.014057s ]
INFO: [ view_filter ] --END-- [ RunTime:0.002117s ]
INFO: [ view_end ] --START--
INFO: Run ShowPageTrace Behavior [ RunTime:-0.016120s ]
INFO: [ view_end ] --END-- [ RunTime:0.002844s ]

[ 2016-07-20T21:05:29+08:00 ] 127.0.0.1 /hotel/admin.php/Auser/index
INFO: [ route_check ] --START--
INFO: Run CheckRoute Behavior [ RunTime:0.000773s ]
INFO: [ route_check ] --END-- [ RunTime:0.000837s ]
INFO: [ app_begin ] --START--
INFO: Run ReadHtmlCache Behavior [ RunTime:-0.000246s ]
INFO: [ app_begin ] --END-- [ RunTime:0.000599s ]
INFO: [ view_template ] --START--
INFO: Run LocationTemplate Behavior [ RunTime:-0.002081s ]
INFO: [ view_template ] --END-- [ RunTime:0.000817s ]
INFO: [ view_parse ] --START--
NOTIC: [8] Undefined variable: time D:\Hotel\Apache\htdocs\hotel\Admin\Runtime\Cache\17f64007229cc80dfeec02b2cf21cc3e.php 第 133 行.
NOTIC: [8] Undefined variable: time D:\Hotel\Apache\htdocs\hotel\Admin\Runtime\Cache\17f64007229cc80dfeec02b2cf21cc3e.php 第 134 行.
INFO: Run ParseTemplate Behavior [ RunTime:-0.002908s ]
INFO: [ view_parse ] --END-- [ RunTime:0.010545s ]
INFO: [ view_filter ] --START--
INFO: Run ContentReplace Behavior [ RunTime:-0.013485s ]
INFO: Run TokenBuild Behavior [ RunTime:-0.014043s ]
INFO: Run WriteHtmlCache Behavior [ RunTime:-0.014452s ]
INFO: Run ShowRuntime Behavior [ RunTime:-0.014747s ]
INFO: [ view_filter ] --END-- [ RunTime:0.001759s ]
INFO: [ view_end ] --START--
INFO: Run ShowPageTrace Behavior [ RunTime:-0.015586s ]
INFO: [ view_end ] --END-- [ RunTime:0.000875s ]

[ 2016-07-20T21:05:38+08:00 ] 127.0.0.1 /hotel/admin.php/Auser/index
INFO: [ route_check ] --START--
INFO: Run CheckRoute Behavior [ RunTime:0.000764s ]
INFO: [ route_check ] --END-- [ RunTime:0.000837s ]
INFO: [ app_begin ] --START--
INFO: Run ReadHtmlCache Behavior [ RunTime:-0.000305s ]
INFO: [ app_begin ] --END-- [ RunTime:0.000707s ]
INFO: [ view_template ] --START--
INFO: Run LocationTemplate Behavior [ RunTime:-0.002173s ]
INFO: [ view_template ] --END-- [ RunTime:0.000448s ]
INFO: [ view_parse ] --START--
NOTIC: [8] Undefined variable: time D:\Hotel\Apache\htdocs\hotel\Admin\Runtime\Cache\17f64007229cc80dfeec02b2cf21cc3e.php 第 133 行.
NOTIC: [8] Undefined variable: time D:\Hotel\Apache\htdocs\hotel\Admin\Runtime\Cache\17f64007229cc80dfeec02b2cf21cc3e.php 第 134 行.
INFO: Run ParseTemplate Behavior [ RunTime:-0.002651s ]
INFO: [ view_parse ] --END-- [ RunTime:0.011624s ]
INFO: [ view_filter ] --START--
INFO: Run ContentReplace Behavior [ RunTime:-0.014320s ]
INFO: Run TokenBuild Behavior [ RunTime:-0.015326s ]
INFO: Run WriteHtmlCache Behavior [ RunTime:-0.016009s ]
INFO: Run ShowRuntime Behavior [ RunTime:-0.016416s ]
INFO: [ view_filter ] --END-- [ RunTime:0.002730s ]
INFO: [ view_end ] --START--
INFO: Run ShowPageTrace Behavior [ RunTime:-0.019289s ]
INFO: [ view_end ] --END-- [ RunTime:0.002474s ]

[ 2016-07-20T21:06:40+08:00 ] 127.0.0.1 /hotel/admin.php/Auser/index
INFO: [ route_check ] --START--
INFO: Run CheckRoute Behavior [ RunTime:0.001950s ]
INFO: [ route_check ] --END-- [ RunTime:0.002084s ]
INFO: [ app_begin ] --START--
INFO: Run ReadHtmlCache Behavior [ RunTime:-0.001270s ]
INFO: [ app_begin ] --END-- [ RunTime:0.001808s ]
INFO: [ view_template ] --START--
INFO: Run LocationTemplate Behavior [ RunTime:-0.006529s ]
INFO: [ view_template ] --END-- [ RunTime:0.001317s ]
INFO: [ view_parse ] --START--
NOTIC: [8] Undefined variable: time D:\Hotel\Apache\htdocs\hotel\Admin\Runtime\Cache\17f64007229cc80dfeec02b2cf21cc3e.php 第 133 行.
NOTIC: [8] Undefined variable: time D:\Hotel\Apache\htdocs\hotel\Admin\Runtime\Cache\17f64007229cc80dfeec02b2cf21cc3e.php 第 134 行.
INFO: Run ParseTemplate Behavior [ RunTime:-0.007871s ]
INFO: [ view_parse ] --END-- [ RunTime:0.014108s ]
INFO: [ view_filter ] --START--
INFO: Run ContentReplace Behavior [ RunTime:-0.022017s ]
INFO: Run TokenBuild Behavior [ RunTime:-0.022916s ]
INFO: Run WriteHtmlCache Behavior [ RunTime:-0.023643s ]
INFO: Run ShowRuntime Behavior [ RunTime:-0.024235s ]
INFO: [ view_filter ] --END-- [ RunTime:0.003057s ]
INFO: [ view_end ] --START--
INFO: Run ShowPageTrace Behavior [ RunTime:-0.025437s ]
INFO: [ view_end ] --END-- [ RunTime:0.001106s ]

[ 2016-07-20T21:07:28+08:00 ] 127.0.0.1 /hotel/admin.php/Auser/index
INFO: [ route_check ] --START--
INFO: Run CheckRoute Behavior [ RunTime:0.001039s ]
INFO: [ route_check ] --END-- [ RunTime:0.001138s ]
INFO: [ app_begin ] --START--
INFO: Run ReadHtmlCache Behavior [ RunTime:-0.000401s ]
INFO: [ app_begin ] --END-- [ RunTime:0.000481s ]
INFO: [ view_template ] --START--
INFO: Run LocationTemplate Behavior [ RunTime:-0.002033s ]
INFO: [ view_template ] --END-- [ RunTime:0.000586s ]
INFO: [ view_parse ] --START--
NOTIC: [8] Undefined variable: time D:\Hotel\Apache\htdocs\hotel\Admin\Runtime\Cache\17f64007229cc80dfeec02b2cf21cc3e.php 第 134 行.
NOTIC: [8] Undefined variable: time D:\Hotel\Apache\htdocs\hotel\Admin\Runtime\Cache\17f64007229cc80dfeec02b2cf21cc3e.php 第 135 行.
INFO: Run ParseTemplate Behavior [ RunTime:-0.002642s ]
INFO: [ view_parse ] --END-- [ RunTime:0.007094s ]
INFO: [ view_filter ] --START--
INFO: Run ContentReplace Behavior [ RunTime:-0.009760s ]
INFO: Run TokenBuild Behavior [ RunTime:-0.010245s ]
INFO: Run WriteHtmlCache Behavior [ RunTime:-0.010607s ]
INFO: Run ShowRuntime Behavior [ RunTime:-0.010884s ]
INFO: [ view_filter ] --END-- [ RunTime:0.001584s ]
INFO: [ view_end ] --START--
INFO: Run ShowPageTrace Behavior [ RunTime:-0.011573s ]
INFO: [ view_end ] --END-- [ RunTime:0.000769s ]

[ 2016-07-20T21:08:51+08:00 ] 127.0.0.1 /hotel/admin.php/Auser/index
INFO: [ route_check ] --START--
INFO: Run CheckRoute Behavior [ RunTime:0.002432s ]
INFO: [ route_check ] --END-- [ RunTime:0.002574s ]
INFO: [ app_begin ] --START--
INFO: Run ReadHtmlCache Behavior [ RunTime:-0.000944s ]
INFO: [ app_begin ] --END-- [ RunTime:0.000916s ]
INFO: [ view_template ] --START--
INFO: Run LocationTemplate Behavior [ RunTime:-0.003875s ]
INFO: [ view_template ] --END-- [ RunTime:0.001135s ]
INFO: [ view_parse ] --START--
NOTIC: [8] Undefined variable: time D:\Hotel\Apache\htdocs\hotel\Admin\Runtime\Cache\17f64007229cc80dfeec02b2cf21cc3e.php 第 121 行.
NOTIC: [8] Undefined variable: time D:\Hotel\Apache\htdocs\hotel\Admin\Runtime\Cache\17f64007229cc80dfeec02b2cf21cc3e.php 第 122 行.
INFO: Run ParseTemplate Behavior [ RunTime:-0.005049s ]
INFO: [ view_parse ] --END-- [ RunTime:0.013218s ]
INFO: [ view_filter ] --START--
INFO: Run ContentReplace Behavior [ RunTime:-0.018304s ]
INFO: Run TokenBuild Behavior [ RunTime:-0.019135s ]
INFO: Run WriteHtmlCache Behavior [ RunTime:-0.019820s ]
INFO: Run ShowRuntime Behavior [ RunTime:-0.020375s ]
INFO: [ view_filter ] --END-- [ RunTime:0.002866s ]
INFO: [ view_end ] --START--
INFO: Run ShowPageTrace Behavior [ RunTime:-0.021500s ]
INFO: [ view_end ] --END-- [ RunTime:0.001237s ]

[ 2016-07-20T21:09:33+08:00 ] 127.0.0.1 /hotel/admin.php/Index/login
INFO: [ route_check ] --START--
INFO: Run CheckRoute Behavior [ RunTime:0.000539s ]
INFO: [ route_check ] --END-- [ RunTime:0.000585s ]
INFO: [ app_begin ] --START--
INFO: Run ReadHtmlCache Behavior [ RunTime:-0.000170s ]
INFO: [ app_begin ] --END-- [ RunTime:0.000410s ]
INFO: [ view_template ] --START--
INFO: Run LocationTemplate Behavior [ RunTime:-0.001547s ]
INFO: [ view_template ] --END-- [ RunTime:0.000478s ]
INFO: [ view_parse ] --START--
INFO: Run ParseTemplate Behavior [ RunTime:-0.002046s ]
INFO: [ view_parse ] --END-- [ RunTime:0.035216s ]
INFO: [ view_filter ] --START--
INFO: Run ContentReplace Behavior [ RunTime:-0.037286s ]
INFO: Run TokenBuild Behavior [ RunTime:-0.037816s ]
INFO: Run WriteHtmlCache Behavior [ RunTime:-0.038481s ]
INFO: Run ShowRuntime Behavior [ RunTime:-0.039155s ]
INFO: [ view_filter ] --END-- [ RunTime:0.002327s ]
INFO: [ view_end ] --START--
INFO: Run ShowPageTrace Behavior [ RunTime:-0.039652s ]
INFO: [ view_end ] --END-- [ RunTime:0.000513s ]

[ 2016-07-20T21:09:48+08:00 ] 127.0.0.1 /hotel/admin.php
INFO: [ app_begin ] --START--
INFO: Run ReadHtmlCache Behavior [ RunTime:0.000590s ]
INFO: [ app_begin ] --END-- [ RunTime:0.000646s ]
INFO: [ view_template ] --START--
INFO: Run LocationTemplate Behavior [ RunTime:-0.001243s ]
INFO: [ view_template ] --END-- [ RunTime:0.000821s ]
INFO: [ view_parse ] --START--
INFO: Run ParseTemplate Behavior [ RunTime:-0.002090s ]
INFO: [ view_parse ] --END-- [ RunTime:0.078118s ]
INFO: [ view_filter ] --START--
INFO: Run ContentReplace Behavior [ RunTime:-0.080256s ]
INFO: Run TokenBuild Behavior [ RunTime:-0.081338s ]
INFO: Run WriteHtmlCache Behavior [ RunTime:-0.082734s ]
INFO: Run ShowRuntime Behavior [ RunTime:-0.083771s ]
INFO: [ view_filter ] --END-- [ RunTime:0.005484s ]
INFO: [ view_end ] --START--
INFO: Run ShowPageTrace Behavior [ RunTime:-0.085809s ]
INFO: [ view_end ] --END-- [ RunTime:0.001021s ]

[ 2016-07-20T21:09:48+08:00 ] 127.0.0.1 /hotel/admin.php/Layout/north?_=1469020188736
INFO: [ route_check ] --START--
INFO: Run CheckRoute Behavior [ RunTime:0.001267s ]
INFO: [ route_check ] --END-- [ RunTime:0.001369s ]
INFO: [ app_begin ] --START--
INFO: Run ReadHtmlCache Behavior [ RunTime:-0.000391s ]
INFO: [ app_begin ] --END-- [ RunTime:0.000722s ]
INFO: [ view_template ] --START--
INFO: Run LocationTemplate Behavior [ RunTime:-0.003527s ]
INFO: [ view_template ] --END-- [ RunTime:0.000782s ]
INFO: [ view_parse ] --START--
INFO: Run ParseTemplate Behavior [ RunTime:-0.004338s ]
INFO: [ view_parse ] --END-- [ RunTime:0.008671s ]
INFO: [ view_filter ] --START--
INFO: Run ContentReplace Behavior [ RunTime:-0.013039s ]
INFO: Run TokenBuild Behavior [ RunTime:-0.013652s ]
INFO: Run WriteHtmlCache Behavior [ RunTime:-0.014295s ]
INFO: Run ShowRuntime Behavior [ RunTime:-0.015063s ]
INFO: [ view_filter ] --END-- [ RunTime:0.003033s ]
INFO: [ view_end ] --START--
INFO: Run ShowPageTrace Behavior [ RunTime:-0.016132s ]
INFO: [ view_end ] --END-- [ RunTime:0.001085s ]

[ 2016-07-20T21:09:48+08:00 ] 127.0.0.1 /hotel/admin.php/Layout/west?_=1469020188744
INFO: [ route_check ] --START--
INFO: Run CheckRoute Behavior [ RunTime:0.001628s ]
INFO: [ route_check ] --END-- [ RunTime:0.001762s ]
INFO: [ app_begin ] --START--
INFO: Run ReadHtmlCache Behavior [ RunTime:-0.000640s ]
INFO: [ app_begin ] --END-- [ RunTime:0.000916s ]
INFO: [ view_template ] --START--
INFO: Run LocationTemplate Behavior [ RunTime:-0.003987s ]
INFO: [ view_template ] --END-- [ RunTime:0.001208s ]
INFO: [ view_parse ] --START--
INFO: Run ParseTemplate Behavior [ RunTime:-0.005233s ]
INFO: [ view_parse ] --END-- [ RunTime:0.022141s ]
INFO: [ view_filter ] --START--
INFO: Run ContentReplace Behavior [ RunTime:-0.027387s ]
INFO: Run TokenBuild Behavior [ RunTime:-0.027842s ]
INFO: Run WriteHtmlCache Behavior [ RunTime:-0.028272s ]
INFO: Run ShowRuntime Behavior [ RunTime:-0.028629s ]
INFO: [ view_filter ] --END-- [ RunTime:0.001737s ]
INFO: [ view_end ] --START--
INFO: Run ShowPageTrace Behavior [ RunTime:-0.029162s ]
INFO: [ view_end ] --END-- [ RunTime:0.000571s ]

[ 2016-07-20T21:09:48+08:00 ] 127.0.0.1 /hotel/admin.php/Layout/center?_=1469020188750
INFO: [ route_check ] --START--
INFO: Run CheckRoute Behavior [ RunTime:0.000762s ]
INFO: [ route_check ] --END-- [ RunTime:0.000823s ]
INFO: [ app_begin ] --START--
INFO: Run ReadHtmlCache Behavior [ RunTime:-0.000332s ]
INFO: [ app_begin ] --END-- [ RunTime:0.000646s ]
INFO: [ view_template ] --START--
INFO: Run LocationTemplate Behavior [ RunTime:-0.002276s ]
INFO: [ view_template ] --END-- [ RunTime:0.000690s ]
INFO: [ view_parse ] --START--
INFO: Run ParseTemplate Behavior [ RunTime:-0.002993s ]
INFO: [ view_parse ] --END-- [ RunTime:0.007398s ]
INFO: [ view_filter ] --START--
INFO: Run ContentReplace Behavior [ RunTime:-0.010417s ]
INFO: Run TokenBuild Behavior [ RunTime:-0.010923s ]
INFO: Run WriteHtmlCache Behavior [ RunTime:-0.011409s ]
INFO: Run ShowRuntime Behavior [ RunTime:-0.011808s ]
INFO: [ view_filter ] --END-- [ RunTime:0.001951s ]
INFO: [ view_end ] --START--
INFO: Run ShowPageTrace Behavior [ RunTime:-0.012411s ]
INFO: [ view_end ] --END-- [ RunTime:0.000641s ]

[ 2016-07-20T21:09:48+08:00 ] 127.0.0.1 /hotel/admin.php/Order/index
INFO: [ route_check ] --START--
INFO: Run CheckRoute Behavior [ RunTime:0.000807s ]
INFO: [ route_check ] --END-- [ RunTime:0.000879s ]
INFO: [ app_begin ] --START--
INFO: Run ReadHtmlCache Behavior [ RunTime:-0.000324s ]
INFO: [ app_begin ] --END-- [ RunTime:0.000649s ]
INFO: [ view_template ] --START--
INFO: Run LocationTemplate Behavior [ RunTime:-0.003286s ]
INFO: [ view_template ] --END-- [ RunTime:0.001482s ]
INFO: [ view_parse ] --START--
INFO: Run ParseTemplate Behavior [ RunTime:-0.004905s ]
INFO: [ view_parse ] --END-- [ RunTime:0.031687s ]
INFO: [ view_filter ] --START--
INFO: Run ContentReplace Behavior [ RunTime:-0.036602s ]
INFO: Run TokenBuild Behavior [ RunTime:-0.037135s ]
INFO: Run WriteHtmlCache Behavior [ RunTime:-0.037581s ]
INFO: Run ShowRuntime Behavior [ RunTime:-0.037978s ]
INFO: [ view_filter ] --END-- [ RunTime:0.002004s ]
INFO: [ view_end ] --START--
INFO: Run ShowPageTrace Behavior [ RunTime:-0.038975s ]
INFO: [ view_end ] --END-- [ RunTime:0.000922s ]

[ 2016-07-20T21:09:49+08:00 ] 127.0.0.1 /hotel/admin.php/Order/index
INFO: [ route_check ] --START--
INFO: Run CheckRoute Behavior [ RunTime:0.001428s ]
INFO: [ route_check ] --END-- [ RunTime:0.001539s ]
INFO: [ app_begin ] --START--
INFO: Run ReadHtmlCache Behavior [ RunTime:-0.000583s ]
INFO: [ app_begin ] --END-- [ RunTime:0.001130s ]
INFO: [ view_template ] --START--
INFO: Run LocationTemplate Behavior [ RunTime:-0.004213s ]
INFO: [ view_template ] --END-- [ RunTime:0.001366s ]
INFO: [ view_parse ] --START--
INFO: Run ParseTemplate Behavior [ RunTime:-0.005638s ]
INFO: [ view_parse ] --END-- [ RunTime:0.013262s ]
INFO: [ view_filter ] --START--
INFO: Run ContentReplace Behavior [ RunTime:-0.018910s ]
INFO: Run TokenBuild Behavior [ RunTime:-0.019374s ]
INFO: Run WriteHtmlCache Behavior [ RunTime:-0.019979s ]
INFO: Run ShowRuntime Behavior [ RunTime:-0.020566s ]
INFO: [ view_filter ] --END-- [ RunTime:0.002435s ]
INFO: [ view_end ] --START--
INFO: Run ShowPageTrace Behavior [ RunTime:-0.021575s ]
INFO: [ view_end ] --END-- [ RunTime:0.000827s ]

[ 2016-07-20T21:09:52+08:00 ] 127.0.0.1 /hotel/admin.php/Goods/index
INFO: [ route_check ] --START--
INFO: Run CheckRoute Behavior [ RunTime:0.001248s ]
INFO: [ route_check ] --END-- [ RunTime:0.001339s ]
INFO: [ app_begin ] --START--
INFO: Run ReadHtmlCache Behavior [ RunTime:-0.000508s ]
INFO: [ app_begin ] --END-- [ RunTime:0.001028s ]
INFO: [ view_template ] --START--
INFO: Run LocationTemplate Behavior [ RunTime:-0.077123s ]
INFO: [ view_template ] --END-- [ RunTime:0.002359s ]
INFO: [ view_parse ] --START--
INFO: Run ParseTemplate Behavior [ RunTime:-0.079560s ]
INFO: [ view_parse ] --END-- [ RunTime:0.039761s ]
INFO: [ view_filter ] --START--
INFO: Run ContentReplace Behavior [ RunTime:-0.119381s ]
INFO: Run TokenBuild Behavior [ RunTime:-0.120705s ]
INFO: Run WriteHtmlCache Behavior [ RunTime:-0.121882s ]
INFO: Run ShowRuntime Behavior [ RunTime:-0.122867s ]
INFO: [ view_filter ] --END-- [ RunTime:0.004866s ]
INFO: [ view_end ] --START--
INFO: Run ShowPageTrace Behavior [ RunTime:-0.124691s ]
INFO: [ view_end ] --END-- [ RunTime:0.001698s ]

[ 2016-07-20T21:09:52+08:00 ] 127.0.0.1 /hotel/admin.php/Goods/index
INFO: [ route_check ] --START--
INFO: Run CheckRoute Behavior [ RunTime:0.000811s ]
INFO: [ route_check ] --END-- [ RunTime:0.000889s ]
INFO: [ app_begin ] --START--
INFO: Run ReadHtmlCache Behavior [ RunTime:-0.000270s ]
INFO: [ app_begin ] --END-- [ RunTime:0.000681s ]
INFO: [ view_template ] --START--
INFO: Run LocationTemplate Behavior [ RunTime:-0.110721s ]
INFO: [ view_template ] --END-- [ RunTime:0.000879s ]
INFO: [ view_parse ] --START--
INFO: Run ParseTemplate Behavior [ RunTime:-0.111634s ]
INFO: [ view_parse ] --END-- [ RunTime:0.008327s ]
INFO: [ view_filter ] --START--
INFO: Run ContentReplace Behavior [ RunTime:-0.119992s ]
INFO: Run TokenBuild Behavior [ RunTime:-0.120447s ]
INFO: Run WriteHtmlCache Behavior [ RunTime:-0.120846s ]
INFO: Run ShowRuntime Behavior [ RunTime:-0.121134s ]
INFO: [ view_filter ] --END-- [ RunTime:0.001633s ]
INFO: [ view_end ] --START--
INFO: Run ShowPageTrace Behavior [ RunTime:-0.121867s ]
INFO: [ view_end ] --END-- [ RunTime:0.000958s ]

[ 2016-07-20T21:09:59+08:00 ] 127.0.0.1 /hotel/admin.php/Goods/addpd
INFO: [ route_check ] --START--
INFO: Run CheckRoute Behavior [ RunTime:0.001303s ]
INFO: [ route_check ] --END-- [ RunTime:0.001400s ]
INFO: [ app_begin ] --START--
INFO: Run ReadHtmlCache Behavior [ RunTime:-0.000631s ]
INFO: [ app_begin ] --END-- [ RunTime:0.000959s ]
NOTIC: [8] Undefined index: pid D:\Hotel\Apache\htdocs\hotel\Admin\Lib\Action\GoodsAction.class.php 第 88 行.
INFO: [ view_template ] --START--
INFO: Run LocationTemplate Behavior [ RunTime:-0.003882s ]
INFO: [ view_template ] --END-- [ RunTime:0.001122s ]
INFO: [ view_parse ] --START--
INFO: Run ParseTemplate Behavior [ RunTime:-0.005040s ]
INFO: [ view_parse ] --END-- [ RunTime:0.082070s ]
INFO: [ view_filter ] --START--
INFO: Run ContentReplace Behavior [ RunTime:-0.087251s ]
INFO: Run TokenBuild Behavior [ RunTime:-0.088728s ]
INFO: Run WriteHtmlCache Behavior [ RunTime:-0.090056s ]
INFO: Run ShowRuntime Behavior [ RunTime:-0.091178s ]
INFO: [ view_filter ] --END-- [ RunTime:0.005539s ]
INFO: [ view_end ] --START--
INFO: Run ShowPageTrace Behavior [ RunTime:-0.092895s ]
INFO: [ view_end ] --END-- [ RunTime:0.001896s ]

[ 2016-07-20T21:10:00+08:00 ] 127.0.0.1 /hotel/admin.php/Goods/
INFO: [ route_check ] --START--
INFO: Run CheckRoute Behavior [ RunTime:0.002031s ]
INFO: [ route_check ] --END-- [ RunTime:0.002165s ]
INFO: [ app_begin ] --START--
INFO: Run ReadHtmlCache Behavior [ RunTime:-0.000761s ]
INFO: [ app_begin ] --END-- [ RunTime:0.001577s ]
INFO: [ view_template ] --START--
INFO: Run LocationTemplate Behavior [ RunTime:-0.005974s ]
INFO: [ view_template ] --END-- [ RunTime:0.002249s ]
INFO: [ view_parse ] --START--
INFO: Run ParseTemplate Behavior [ RunTime:-0.008290s ]
INFO: [ view_parse ] --END-- [ RunTime:0.020640s ]
INFO: [ view_filter ] --START--
INFO: Run ContentReplace Behavior [ RunTime:-0.028991s ]
INFO: Run TokenBuild Behavior [ RunTime:-0.030398s ]
INFO: Run WriteHtmlCache Behavior [ RunTime:-0.031583s ]
INFO: Run ShowRuntime Behavior [ RunTime:-0.032478s ]
INFO: [ view_filter ] --END-- [ RunTime:0.005269s ]
INFO: [ view_end ] --START--
INFO: Run ShowPageTrace Behavior [ RunTime:-0.034768s ]
INFO: [ view_end ] --END-- [ RunTime:0.002335s ]

[ 2016-07-20T21:10:01+08:00 ] 127.0.0.1 /hotel/admin.php/Goods/index
INFO: [ route_check ] --START--
INFO: Run CheckRoute Behavior [ RunTime:0.000693s ]
INFO: [ route_check ] --END-- [ RunTime:0.000747s ]
INFO: [ app_begin ] --START--
INFO: Run ReadHtmlCache Behavior [ RunTime:-0.000267s ]
INFO: [ app_begin ] --END-- [ RunTime:0.000558s ]
INFO: [ view_template ] --START--
INFO: Run LocationTemplate Behavior [ RunTime:-0.001993s ]
INFO: [ view_template ] --END-- [ RunTime:0.000775s ]
INFO: [ view_parse ] --START--
INFO: Run ParseTemplate Behavior [ RunTime:-0.002792s ]
INFO: [ view_parse ] --END-- [ RunTime:0.007011s ]
INFO: [ view_filter ] --START--
INFO: Run ContentReplace Behavior [ RunTime:-0.009826s ]
INFO: Run TokenBuild Behavior [ RunTime:-0.010283s ]
INFO: Run WriteHtmlCache Behavior [ RunTime:-0.010707s ]
INFO: Run ShowRuntime Behavior [ RunTime:-0.011068s ]
INFO: [ view_filter ] --END-- [ RunTime:0.002141s ]
INFO: [ view_end ] --START--
INFO: Run ShowPageTrace Behavior [ RunTime:-0.012239s ]
INFO: [ view_end ] --END-- [ RunTime:0.001197s ]

[ 2016-07-20T21:10:03+08:00 ] 127.0.0.1 /hotel/admin.php/Goods/uppd?id=3
INFO: [ route_check ] --START--
INFO: Run CheckRoute Behavior [ RunTime:0.000974s ]
INFO: [ route_check ] --END-- [ RunTime:0.001081s ]
INFO: [ app_begin ] --START--
INFO: Run ReadHtmlCache Behavior [ RunTime:-0.000389s ]
INFO: [ app_begin ] --END-- [ RunTime:0.000776s ]
SQL: SHOW COLUMNS FROM `rooms` [ RunTime:0.000608s ]
NOTIC: [8] Use of undefined constant type_id - assumed 'type_id' D:\Hotel\Apache\htdocs\hotel\Admin\Lib\Action\GoodsAction.class.php 第 187 行.
SQL: SELECT * FROM `rooms` WHERE ( `type_id` = 3 ) LIMIT 1   [ RunTime:0.000298s ]
INFO: [ view_template ] --START--
INFO: Run LocationTemplate Behavior [ RunTime:-0.017363s ]
INFO: [ view_template ] --END-- [ RunTime:0.000948s ]
INFO: [ view_parse ] --START--
INFO: Run ParseTemplate Behavior [ RunTime:-0.018341s ]
INFO: [ view_parse ] --END-- [ RunTime:0.008545s ]
INFO: [ view_filter ] --START--
INFO: Run ContentReplace Behavior [ RunTime:-0.026906s ]
INFO: Run TokenBuild Behavior [ RunTime:-0.027389s ]
INFO: Run WriteHtmlCache Behavior [ RunTime:-0.027788s ]
INFO: Run ShowRuntime Behavior [ RunTime:-0.028115s ]
INFO: [ view_filter ] --END-- [ RunTime:0.001681s ]
INFO: [ view_end ] --START--
INFO: Run ShowPageTrace Behavior [ RunTime:-0.028631s ]
INFO: [ view_end ] --END-- [ RunTime:0.000563s ]

[ 2016-07-20T21:10:04+08:00 ] 127.0.0.1 /hotel/admin.php/Goods/
INFO: [ route_check ] --START--
INFO: Run CheckRoute Behavior [ RunTime:0.000948s ]
INFO: [ route_check ] --END-- [ RunTime:0.001024s ]
INFO: [ app_begin ] --START--
INFO: Run ReadHtmlCache Behavior [ RunTime:-0.000718s ]
INFO: [ app_begin ] --END-- [ RunTime:0.001128s ]
INFO: [ view_template ] --START--
INFO: Run LocationTemplate Behavior [ RunTime:-0.004256s ]
INFO: [ view_template ] --END-- [ RunTime:0.001845s ]
INFO: [ view_parse ] --START--
INFO: Run ParseTemplate Behavior [ RunTime:-0.006129s ]
INFO: [ view_parse ] --END-- [ RunTime:0.007664s ]
INFO: [ view_filter ] --START--
INFO: Run ContentReplace Behavior [ RunTime:-0.013798s ]
INFO: Run TokenBuild Behavior [ RunTime:-0.014288s ]
INFO: Run WriteHtmlCache Behavior [ RunTime:-0.014724s ]
INFO: Run ShowRuntime Behavior [ RunTime:-0.015057s ]
INFO: [ view_filter ] --END-- [ RunTime:0.001765s ]
INFO: [ view_end ] --START--
INFO: Run ShowPageTrace Behavior [ RunTime:-0.015772s ]
INFO: [ view_end ] --END-- [ RunTime:0.000647s ]

[ 2016-07-20T21:10:12+08:00 ] 127.0.0.1 /hotel/admin.php/Goods/uploadify
INFO: [ route_check ] --START--
INFO: Run CheckRoute Behavior [ RunTime:0.000714s ]
INFO: [ route_check ] --END-- [ RunTime:0.000774s ]
INFO: [ app_begin ] --START--
INFO: Run ReadHtmlCache Behavior [ RunTime:-0.000232s ]
INFO: [ app_begin ] --END-- [ RunTime:0.000533s ]
NOTIC: [8] Undefined property: UploadFile::$zipImags D:\Hotel\Apache\htdocs\hotel\ThinkPHP\Extend\Library\ORG\Net\UploadFile.class.php 第 172 行.

[ 2016-07-20T21:10:12+08:00 ] ERR: (ThinkException) 非法操作:﻿
[ 2016-07-20T21:10:27+08:00 ] 127.0.0.1 /hotel/admin.php/Goods/index
INFO: [ route_check ] --START--
INFO: Run CheckRoute Behavior [ RunTime:0.001878s ]
INFO: [ route_check ] --END-- [ RunTime:0.001974s ]
INFO: [ app_begin ] --START--
INFO: Run ReadHtmlCache Behavior [ RunTime:-0.001867s ]
INFO: [ app_begin ] --END-- [ RunTime:0.002581s ]
INFO: [ view_template ] --START--
INFO: Run LocationTemplate Behavior [ RunTime:-0.006418s ]
INFO: [ view_template ] --END-- [ RunTime:0.001435s ]
INFO: [ view_parse ] --START--
INFO: Run ParseTemplate Behavior [ RunTime:-0.007874s ]
INFO: [ view_parse ] --END-- [ RunTime:0.009513s ]
INFO: [ view_filter ] --START--
INFO: Run ContentReplace Behavior [ RunTime:-0.017410s ]
INFO: Run TokenBuild Behavior [ RunTime:-0.018904s ]
INFO: Run WriteHtmlCache Behavior [ RunTime:-0.020084s ]
INFO: Run ShowRuntime Behavior [ RunTime:-0.020996s ]
INFO: [ view_filter ] --END-- [ RunTime:0.008897s ]
INFO: [ view_end ] --START--
INFO: Run ShowPageTrace Behavior [ RunTime:-0.026548s ]
INFO: [ view_end ] --END-- [ RunTime:0.001107s ]

[ 2016-07-20T21:13:12+08:00 ] 127.0.0.1 /hotel/admin.php/Goods/index
INFO: [ route_check ] --START--
INFO: Run CheckRoute Behavior [ RunTime:0.001251s ]
INFO: [ route_check ] --END-- [ RunTime:0.001329s ]
INFO: [ app_begin ] --START--
INFO: Run ReadHtmlCache Behavior [ RunTime:-0.000540s ]
INFO: [ app_begin ] --END-- [ RunTime:0.000966s ]
INFO: [ view_template ] --START--
INFO: Run LocationTemplate Behavior [ RunTime:-0.004502s ]
INFO: [ view_template ] --END-- [ RunTime:0.001267s ]
INFO: [ view_parse ] --START--
INFO: Run ParseTemplate Behavior [ RunTime:-0.005808s ]
INFO: [ view_parse ] --END-- [ RunTime:0.011358s ]
INFO: [ view_filter ] --START--
INFO: Run ContentReplace Behavior [ RunTime:-0.017235s ]
INFO: Run TokenBuild Behavior [ RunTime:-0.018245s ]
INFO: Run WriteHtmlCache Behavior [ RunTime:-0.018950s ]
INFO: Run ShowRuntime Behavior [ RunTime:-0.019616s ]
INFO: [ view_filter ] --END-- [ RunTime:0.003295s ]
INFO: [ view_end ] --START--
INFO: Run ShowPageTrace Behavior [ RunTime:-0.020813s ]
INFO: [ view_end ] --END-- [ RunTime:0.001720s ]

[ 2016-07-20T21:13:37+08:00 ] 127.0.0.1 /hotel/admin.php/Goods/index
INFO: [ route_check ] --START--
INFO: Run CheckRoute Behavior [ RunTime:0.000831s ]
INFO: [ route_check ] --END-- [ RunTime:0.000891s ]
INFO: [ app_begin ] --START--
INFO: Run ReadHtmlCache Behavior [ RunTime:-0.000352s ]
INFO: [ app_begin ] --END-- [ RunTime:0.000652s ]
INFO: [ view_template ] --START--
INFO: Run LocationTemplate Behavior [ RunTime:-0.002448s ]
INFO: [ view_template ] --END-- [ RunTime:0.000882s ]
INFO: [ view_parse ] --START--
INFO: Run ParseTemplate Behavior [ RunTime:-0.003358s ]
INFO: [ view_parse ] --END-- [ RunTime:0.007689s ]
INFO: [ view_filter ] --START--
INFO: Run ContentReplace Behavior [ RunTime:-0.011069s ]
INFO: Run TokenBuild Behavior [ RunTime:-0.011606s ]
INFO: Run WriteHtmlCache Behavior [ RunTime:-0.012059s ]
INFO: Run ShowRuntime Behavior [ RunTime:-0.012631s ]
INFO: [ view_filter ] --END-- [ RunTime:0.002390s ]
INFO: [ view_end ] --START--
INFO: Run ShowPageTrace Behavior [ RunTime:-0.013736s ]
INFO: [ view_end ] --END-- [ RunTime:0.001092s ]

[ 2016-07-20T21:13:38+08:00 ] ERR: (ThinkException) 非法操作:img
[ 2016-07-20T21:13:42+08:00 ] 127.0.0.1 /hotel/admin.php/Goods/uppd?id=3
INFO: [ route_check ] --START--
INFO: Run CheckRoute Behavior [ RunTime:0.001181s ]
INFO: [ route_check ] --END-- [ RunTime:0.001264s ]
INFO: [ app_begin ] --START--
INFO: Run ReadHtmlCache Behavior [ RunTime:-0.000432s ]
INFO: [ app_begin ] --END-- [ RunTime:0.000785s ]
SQL: SHOW COLUMNS FROM `rooms` [ RunTime:0.000683s ]
NOTIC: [8] Use of undefined constant type_id - assumed 'type_id' D:\Hotel\Apache\htdocs\hotel\Admin\Lib\Action\GoodsAction.class.php 第 187 行.
SQL: SELECT * FROM `rooms` WHERE ( `type_id` = 3 ) LIMIT 1   [ RunTime:0.000294s ]
INFO: [ view_template ] --START--
INFO: Run LocationTemplate Behavior [ RunTime:-0.025692s ]
INFO: [ view_template ] --END-- [ RunTime:0.001157s ]
INFO: [ view_parse ] --START--
INFO: Run ParseTemplate Behavior [ RunTime:-0.026897s ]
INFO: [ view_parse ] --END-- [ RunTime:0.009415s ]
INFO: [ view_filter ] --START--
INFO: Run ContentReplace Behavior [ RunTime:-0.036329s ]
INFO: Run TokenBuild Behavior [ RunTime:-0.037227s ]
INFO: Run WriteHtmlCache Behavior [ RunTime:-0.037718s ]
INFO: Run ShowRuntime Behavior [ RunTime:-0.038027s ]
INFO: [ view_filter ] --END-- [ RunTime:0.002173s ]
INFO: [ view_end ] --START--
INFO: Run ShowPageTrace Behavior [ RunTime:-0.038570s ]
INFO: [ view_end ] --END-- [ RunTime:0.000536s ]

[ 2016-07-20T21:13:43+08:00 ] 127.0.0.1 /hotel/admin.php/Goods/
INFO: [ route_check ] --START--
INFO: Run CheckRoute Behavior [ RunTime:0.001676s ]
INFO: [ route_check ] --END-- [ RunTime:0.001793s ]
INFO: [ app_begin ] --START--
INFO: Run ReadHtmlCache Behavior [ RunTime:-0.000652s ]
INFO: [ app_begin ] --END-- [ RunTime:0.001304s ]
INFO: [ view_template ] --START--
INFO: Run LocationTemplate Behavior [ RunTime:-0.004792s ]
INFO: [ view_template ] --END-- [ RunTime:0.001443s ]
INFO: [ view_parse ] --START--
INFO: Run ParseTemplate Behavior [ RunTime:-0.006243s ]
INFO: [ view_parse ] --END-- [ RunTime:0.007392s ]
INFO: [ view_filter ] --START--
INFO: Run ContentReplace Behavior [ RunTime:-0.013660s ]
INFO: Run TokenBuild Behavior [ RunTime:-0.014137s ]
INFO: Run WriteHtmlCache Behavior [ RunTime:-0.014564s ]
INFO: Run ShowRuntime Behavior [ RunTime:-0.014924s ]
INFO: [ view_filter ] --END-- [ RunTime:0.001760s ]
INFO: [ view_end ] --START--
INFO: Run ShowPageTrace Behavior [ RunTime:-0.015660s ]
INFO: [ view_end ] --END-- [ RunTime:0.000870s ]

[ 2016-07-20T21:13:47+08:00 ] 127.0.0.1 /hotel/admin.php/Goods/uploadify
INFO: [ route_check ] --START--
INFO: Run CheckRoute Behavior [ RunTime:0.001271s ]
INFO: [ route_check ] --END-- [ RunTime:0.001342s ]
INFO: [ app_begin ] --START--
INFO: Run ReadHtmlCache Behavior [ RunTime:-0.000422s ]
INFO: [ app_begin ] --END-- [ RunTime:0.000911s ]
NOTIC: [8] Undefined property: UploadFile::$zipImags D:\Hotel\Apache\htdocs\hotel\ThinkPHP\Extend\Library\ORG\Net\UploadFile.class.php 第 172 行.

[ 2016-07-20T21:13:47+08:00 ] ERR: (ThinkException) 非法操作:﻿
[ 2016-07-20T21:13:54+08:00 ] 127.0.0.1 /hotel/admin.php/Goods/index
INFO: [ route_check ] --START--
INFO: Run CheckRoute Behavior [ RunTime:0.000687s ]
INFO: [ route_check ] --END-- [ RunTime:0.000736s ]
INFO: [ app_begin ] --START--
INFO: Run ReadHtmlCache Behavior [ RunTime:-0.000271s ]
INFO: [ app_begin ] --END-- [ RunTime:0.000610s ]
INFO: [ view_template ] --START--
INFO: Run LocationTemplate Behavior [ RunTime:-0.002043s ]
INFO: [ view_template ] --END-- [ RunTime:0.000774s ]
INFO: [ view_parse ] --START--
INFO: Run ParseTemplate Behavior [ RunTime:-0.002841s ]
INFO: [ view_parse ] --END-- [ RunTime:0.008779s ]
INFO: [ view_filter ] --START--
INFO: Run ContentReplace Behavior [ RunTime:-0.011646s ]
INFO: Run TokenBuild Behavior [ RunTime:-0.012209s ]
INFO: Run WriteHtmlCache Behavior [ RunTime:-0.012718s ]
INFO: Run ShowRuntime Behavior [ RunTime:-0.013051s ]
INFO: [ view_filter ] --END-- [ RunTime:0.001903s ]
INFO: [ view_end ] --START--
INFO: Run ShowPageTrace Behavior [ RunTime:-0.013775s ]
INFO: [ view_end ] --END-- [ RunTime:0.000983s ]

[ 2016-07-20T21:13:56+08:00 ] ERR: (ThinkException) 非法操作:img
[ 2016-07-20T21:14:58+08:00 ] 127.0.0.1 /hotel/admin.php/Goods/uppd?id=3
INFO: [ route_check ] --START--
INFO: Run CheckRoute Behavior [ RunTime:0.001052s ]
INFO: [ route_check ] --END-- [ RunTime:0.001122s ]
INFO: [ app_begin ] --START--
INFO: Run ReadHtmlCache Behavior [ RunTime:-0.000473s ]
INFO: [ app_begin ] --END-- [ RunTime:0.000720s ]
SQL: SHOW COLUMNS FROM `rooms` [ RunTime:0.000668s ]
NOTIC: [8] Use of undefined constant type_id - assumed 'type_id' D:\Hotel\Apache\htdocs\hotel\Admin\Lib\Action\GoodsAction.class.php 第 187 行.
SQL: SELECT * FROM `rooms` WHERE ( `type_id` = 3 ) LIMIT 1   [ RunTime:0.000299s ]
INFO: [ view_template ] --START--
INFO: Run LocationTemplate Behavior [ RunTime:-0.025682s ]
INFO: [ view_template ] --END-- [ RunTime:0.000968s ]
INFO: [ view_parse ] --START--
INFO: Run ParseTemplate Behavior [ RunTime:-0.026691s ]
INFO: [ view_parse ] --END-- [ RunTime:0.010252s ]
INFO: [ view_filter ] --START--
INFO: Run ContentReplace Behavior [ RunTime:-0.036978s ]
INFO: Run TokenBuild Behavior [ RunTime:-0.037611s ]
INFO: Run WriteHtmlCache Behavior [ RunTime:-0.038154s ]
INFO: Run ShowRuntime Behavior [ RunTime:-0.038582s ]
INFO: [ view_filter ] --END-- [ RunTime:0.002229s ]
INFO: [ view_end ] --START--
INFO: Run ShowPageTrace Behavior [ RunTime:-0.039273s ]
INFO: [ view_end ] --END-- [ RunTime:0.000787s ]

[ 2016-07-20T21:14:58+08:00 ] 127.0.0.1 /hotel/admin.php/Goods/
INFO: [ route_check ] --START--
INFO: Run CheckRoute Behavior [ RunTime:0.000576s ]
INFO: [ route_check ] --END-- [ RunTime:0.000629s ]
INFO: [ app_begin ] --START--
INFO: Run ReadHtmlCache Behavior [ RunTime:-0.000193s ]
INFO: [ app_begin ] --END-- [ RunTime:0.000439s ]
INFO: [ view_template ] --START--
INFO: Run LocationTemplate Behavior [ RunTime:-0.001550s ]
INFO: [ view_template ] --END-- [ RunTime:0.000492s ]
INFO: [ view_parse ] --START--
INFO: Run ParseTemplate Behavior [ RunTime:-0.002066s ]
INFO: [ view_parse ] --END-- [ RunTime:0.006262s ]
INFO: [ view_filter ] --START--
INFO: Run ContentReplace Behavior [ RunTime:-0.008354s ]
INFO: Run TokenBuild Behavior [ RunTime:-0.008725s ]
INFO: Run WriteHtmlCache Behavior [ RunTime:-0.009027s ]
INFO: Run ShowRuntime Behavior [ RunTime:-0.009240s ]
INFO: [ view_filter ] --END-- [ RunTime:0.001267s ]
INFO: [ view_end ] --START--
INFO: Run ShowPageTrace Behavior [ RunTime:-0.009852s ]
INFO: [ view_end ] --END-- [ RunTime:0.000709s ]

[ 2016-07-20T21:15:28+08:00 ] 127.0.0.1 /hotel/admin.php/Goods/uploadify
INFO: [ route_check ] --START--
INFO: Run CheckRoute Behavior [ RunTime:0.001052s ]
INFO: [ route_check ] --END-- [ RunTime:0.001113s ]
INFO: [ app_begin ] --START--
INFO: Run ReadHtmlCache Behavior [ RunTime:-0.000420s ]
INFO: [ app_begin ] --END-- [ RunTime:0.001021s ]
NOTIC: [8] Undefined property: UploadFile::$zipImags D:\Hotel\Apache\htdocs\hotel\ThinkPHP\Extend\Library\ORG\Net\UploadFile.class.php 第 172 行.

[ 2016-07-20T21:15:28+08:00 ] ERR: (ThinkException) 非法操作:﻿
[ 2016-07-20T21:15:35+08:00 ] 127.0.0.1 /hotel/admin.php/Goods/index
INFO: [ route_check ] --START--
INFO: Run CheckRoute Behavior [ RunTime:0.001217s ]
INFO: [ route_check ] --END-- [ RunTime:0.001287s ]
INFO: [ app_begin ] --START--
INFO: Run ReadHtmlCache Behavior [ RunTime:-0.000489s ]
INFO: [ app_begin ] --END-- [ RunTime:0.001001s ]
INFO: [ view_template ] --START--
INFO: Run LocationTemplate Behavior [ RunTime:-0.003780s ]
INFO: [ view_template ] --END-- [ RunTime:0.001546s ]
INFO: [ view_parse ] --START--
INFO: Run ParseTemplate Behavior [ RunTime:-0.005353s ]
INFO: [ view_parse ] --END-- [ RunTime:0.010091s ]
INFO: [ view_filter ] --START--
INFO: Run ContentReplace Behavior [ RunTime:-0.015464s ]
INFO: Run TokenBuild Behavior [ RunTime:-0.016164s ]
INFO: Run WriteHtmlCache Behavior [ RunTime:-0.016802s ]
INFO: Run ShowRuntime Behavior [ RunTime:-0.017348s ]
INFO: [ view_filter ] --END-- [ RunTime:0.002694s ]
INFO: [ view_end ] --START--
INFO: Run ShowPageTrace Behavior [ RunTime:-0.018420s ]
INFO: [ view_end ] --END-- [ RunTime:0.001169s ]

[ 2016-07-20T21:15:36+08:00 ] ERR: (ThinkException) 非法操作:img
[ 2016-07-20T21:17:26+08:00 ] 127.0.0.1 /hotel/admin.php/Goods/index
INFO: [ route_check ] --START--
INFO: Run CheckRoute Behavior [ RunTime:0.000704s ]
INFO: [ route_check ] --END-- [ RunTime:0.000750s ]
INFO: [ app_begin ] --START--
INFO: Run ReadHtmlCache Behavior [ RunTime:-0.000302s ]
INFO: [ app_begin ] --END-- [ RunTime:0.000484s ]
INFO: [ view_template ] --START--
INFO: Run LocationTemplate Behavior [ RunTime:-0.001975s ]
INFO: [ view_template ] --END-- [ RunTime:0.000623s ]
INFO: [ view_parse ] --START--
INFO: Run ParseTemplate Behavior [ RunTime:-0.002619s ]
INFO: [ view_parse ] --END-- [ RunTime:0.006688s ]
INFO: [ view_filter ] --START--
INFO: Run ContentReplace Behavior [ RunTime:-0.009330s ]
INFO: Run TokenBuild Behavior [ RunTime:-0.009744s ]
INFO: Run WriteHtmlCache Behavior [ RunTime:-0.010084s ]
INFO: Run ShowRuntime Behavior [ RunTime:-0.010348s ]
INFO: [ view_filter ] --END-- [ RunTime:0.001442s ]
INFO: [ view_end ] --START--
INFO: Run ShowPageTrace Behavior [ RunTime:-0.010974s ]
INFO: [ view_end ] --END-- [ RunTime:0.000596s ]

[ 2016-07-20T21:28:06+08:00 ] 127.0.0.1 /hotel/admin.php/Goods/uppd?id=3
INFO: [ route_check ] --START--
INFO: Run CheckRoute Behavior [ RunTime:0.001772s ]
INFO: [ route_check ] --END-- [ RunTime:0.001885s ]
INFO: [ app_begin ] --START--
INFO: Run ReadHtmlCache Behavior [ RunTime:-0.000606s ]
INFO: [ app_begin ] --END-- [ RunTime:0.001096s ]
SQL: SHOW COLUMNS FROM `rooms` [ RunTime:0.000580s ]
NOTIC: [8] Use of undefined constant type_id - assumed 'type_id' D:\Hotel\Apache\htdocs\hotel\Admin\Lib\Action\GoodsAction.class.php 第 187 行.
SQL: SELECT * FROM `rooms` WHERE ( `type_id` = 3 ) LIMIT 1   [ RunTime:0.000286s ]
INFO: [ view_template ] --START--
INFO: Run LocationTemplate Behavior [ RunTime:-0.028653s ]
INFO: [ view_template ] --END-- [ RunTime:0.001008s ]
INFO: [ view_parse ] --START--
INFO: Run ParseTemplate Behavior [ RunTime:-0.029689s ]
INFO: [ view_parse ] --END-- [ RunTime:0.007576s ]
INFO: [ view_filter ] --START--
INFO: Run ContentReplace Behavior [ RunTime:-0.037289s ]
INFO: Run TokenBuild Behavior [ RunTime:-0.037870s ]
INFO: Run WriteHtmlCache Behavior [ RunTime:-0.038577s ]
INFO: Run ShowRuntime Behavior [ RunTime:-0.039163s ]
INFO: [ view_filter ] --END-- [ RunTime:0.002475s ]
INFO: [ view_end ] --START--
INFO: Run ShowPageTrace Behavior [ RunTime:-0.039810s ]
INFO: [ view_end ] --END-- [ RunTime:0.000682s ]

[ 2016-07-20T21:28:07+08:00 ] 127.0.0.1 /hotel/admin.php/Goods/
INFO: [ route_check ] --START--
INFO: Run CheckRoute Behavior [ RunTime:0.000797s ]
INFO: [ route_check ] --END-- [ RunTime:0.000854s ]
INFO: [ app_begin ] --START--
INFO: Run ReadHtmlCache Behavior [ RunTime:-0.000330s ]
INFO: [ app_begin ] --END-- [ RunTime:0.000642s ]
INFO: [ view_template ] --START--
INFO: Run LocationTemplate Behavior [ RunTime:-0.002225s ]
INFO: [ view_template ] --END-- [ RunTime:0.000812s ]
INFO: [ view_parse ] --START--
INFO: Run ParseTemplate Behavior [ RunTime:-0.003061s ]
INFO: [ view_parse ] --END-- [ RunTime:0.006872s ]
INFO: [ view_filter ] --START--
INFO: Run ContentReplace Behavior [ RunTime:-0.009957s ]
INFO: Run TokenBuild Behavior [ RunTime:-0.010609s ]
INFO: Run WriteHtmlCache Behavior [ RunTime:-0.011178s ]
INFO: Run ShowRuntime Behavior [ RunTime:-0.011613s ]
INFO: [ view_filter ] --END-- [ RunTime:0.002214s ]
INFO: [ view_end ] --START--
INFO: Run ShowPageTrace Behavior [ RunTime:-0.012450s ]
INFO: [ view_end ] --END-- [ RunTime:0.001170s ]

[ 2016-07-20T21:28:16+08:00 ] 127.0.0.1 /hotel/admin.php/Goods/uploadify
INFO: [ route_check ] --START--
INFO: Run CheckRoute Behavior [ RunTime:0.000944s ]
INFO: [ route_check ] --END-- [ RunTime:0.001011s ]
INFO: [ app_begin ] --START--
INFO: Run ReadHtmlCache Behavior [ RunTime:-0.000422s ]
INFO: [ app_begin ] --END-- [ RunTime:0.000634s ]
NOTIC: [8] Undefined property: UploadFile::$zipImags D:\Hotel\Apache\htdocs\hotel\ThinkPHP\Extend\Library\ORG\Net\UploadFile.class.php 第 172 行.

[ 2016-07-20T21:28:16+08:00 ] ERR: (ThinkException) 非法操作:﻿
[ 2016-07-20T21:28:21+08:00 ] 127.0.0.1 /hotel/admin.php/Goods/index
INFO: [ route_check ] --START--
INFO: Run CheckRoute Behavior [ RunTime:0.000843s ]
INFO: [ route_check ] --END-- [ RunTime:0.000894s ]
INFO: [ app_begin ] --START--
INFO: Run ReadHtmlCache Behavior [ RunTime:-0.000311s ]
INFO: [ app_begin ] --END-- [ RunTime:0.000654s ]
INFO: [ view_template ] --START--
INFO: Run LocationTemplate Behavior [ RunTime:-0.002337s ]
INFO: [ view_template ] --END-- [ RunTime:0.000922s ]
INFO: [ view_parse ] --START--
INFO: Run ParseTemplate Behavior [ RunTime:-0.003283s ]
INFO: [ view_parse ] --END-- [ RunTime:0.009751s ]
INFO: [ view_filter ] --START--
INFO: Run ContentReplace Behavior [ RunTime:-0.013060s ]
INFO: Run TokenBuild Behavior [ RunTime:-0.013629s ]
INFO: Run WriteHtmlCache Behavior [ RunTime:-0.014174s ]
INFO: Run ShowRuntime Behavior [ RunTime:-0.014564s ]
INFO: [ view_filter ] --END-- [ RunTime:0.002021s ]
INFO: [ view_end ] --START--
INFO: Run ShowPageTrace Behavior [ RunTime:-0.015301s ]
INFO: [ view_end ] --END-- [ RunTime:0.000735s ]

[ 2016-07-20T21:28:26+08:00 ] ERR: (ThinkException) 非法操作:﻿
[ 2016-07-20T21:29:15+08:00 ] 127.0.0.1 /hotel/admin.php/Goods/uppd?id=3
INFO: [ route_check ] --START--
INFO: Run CheckRoute Behavior [ RunTime:0.000956s ]
INFO: [ route_check ] --END-- [ RunTime:0.001007s ]
INFO: [ app_begin ] --START--
INFO: Run ReadHtmlCache Behavior [ RunTime:-0.000374s ]
INFO: [ app_begin ] --END-- [ RunTime:0.000480s ]
SQL: SHOW COLUMNS FROM `rooms` [ RunTime:0.000665s ]
NOTIC: [8] Use of undefined constant type_id - assumed 'type_id' D:\Hotel\Apache\htdocs\hotel\Admin\Lib\Action\GoodsAction.class.php 第 187 行.
SQL: SELECT * FROM `rooms` WHERE ( `type_id` = 3 ) LIMIT 1   [ RunTime:0.000365s ]
INFO: [ view_template ] --START--
INFO: Run LocationTemplate Behavior [ RunTime:-0.010997s ]
INFO: [ view_template ] --END-- [ RunTime:0.000754s ]
INFO: [ view_parse ] --START--
INFO: Run ParseTemplate Behavior [ RunTime:-0.011780s ]
INFO: [ view_parse ] --END-- [ RunTime:0.006226s ]
INFO: [ view_filter ] --START--
INFO: Run ContentReplace Behavior [ RunTime:-0.018027s ]
INFO: Run TokenBuild Behavior [ RunTime:-0.018410s ]
INFO: Run WriteHtmlCache Behavior [ RunTime:-0.018751s ]
INFO: Run ShowRuntime Behavior [ RunTime:-0.019040s ]
INFO: [ view_filter ] --END-- [ RunTime:0.001500s ]
INFO: [ view_end ] --START--
INFO: Run ShowPageTrace Behavior [ RunTime:-0.019587s ]
INFO: [ view_end ] --END-- [ RunTime:0.000600s ]

[ 2016-07-20T21:29:16+08:00 ] 127.0.0.1 /hotel/admin.php/Goods/
INFO: [ route_check ] --START--
INFO: Run CheckRoute Behavior [ RunTime:0.000556s ]
INFO: [ route_check ] --END-- [ RunTime:0.000605s ]
INFO: [ app_begin ] --START--
INFO: Run ReadHtmlCache Behavior [ RunTime:-0.000202s ]
INFO: [ app_begin ] --END-- [ RunTime:0.000425s ]
INFO: [ view_template ] --START--
INFO: Run LocationTemplate Behavior [ RunTime:-0.001532s ]
INFO: [ view_template ] --END-- [ RunTime:0.000483s ]
INFO: [ view_parse ] --START--
INFO: Run ParseTemplate Behavior [ RunTime:-0.002039s ]
INFO: [ view_parse ] --END-- [ RunTime:0.006367s ]
INFO: [ view_filter ] --START--
INFO: Run ContentReplace Behavior [ RunTime:-0.008430s ]
INFO: Run TokenBuild Behavior [ RunTime:-0.008773s ]
INFO: Run WriteHtmlCache Behavior [ RunTime:-0.009076s ]
INFO: Run ShowRuntime Behavior [ RunTime:-0.009365s ]
INFO: [ view_filter ] --END-- [ RunTime:0.001335s ]
INFO: [ view_end ] --START--
INFO: Run ShowPageTrace Behavior [ RunTime:-0.010001s ]
INFO: [ view_end ] --END-- [ RunTime:0.000563s ]

[ 2016-07-20T21:29:22+08:00 ] 127.0.0.1 /hotel/admin.php/Goods/uploadify
INFO: [ route_check ] --START--
INFO: Run CheckRoute Behavior [ RunTime:0.000707s ]
INFO: [ route_check ] --END-- [ RunTime:0.000755s ]
INFO: [ app_begin ] --START--
INFO: Run ReadHtmlCache Behavior [ RunTime:-0.000310s ]
INFO: [ app_begin ] --END-- [ RunTime:0.000488s ]
NOTIC: [8] Undefined property: UploadFile::$zipImags D:\Hotel\Apache\htdocs\hotel\ThinkPHP\Extend\Library\ORG\Net\UploadFile.class.php 第 172 行.

[ 2016-07-20T21:29:22+08:00 ] ERR: (ThinkException) 非法操作:﻿
[ 2016-07-20T21:31:58+08:00 ] 127.0.0.1 /hotel/admin.php/Goods/index
INFO: [ route_check ] --START--
INFO: Run CheckRoute Behavior [ RunTime:0.001177s ]
INFO: [ route_check ] --END-- [ RunTime:0.001245s ]
INFO: [ app_begin ] --START--
INFO: Run ReadHtmlCache Behavior [ RunTime:-0.000457s ]
INFO: [ app_begin ] --END-- [ RunTime:0.000939s ]
INFO: [ view_template ] --START--
INFO: Run LocationTemplate Behavior [ RunTime:-0.003533s ]
INFO: [ view_template ] --END-- [ RunTime:0.001595s ]
INFO: [ view_parse ] --START--
INFO: Run ParseTemplate Behavior [ RunTime:-0.005167s ]
INFO: [ view_parse ] --END-- [ RunTime:0.011807s ]
INFO: [ view_filter ] --START--
INFO: Run ContentReplace Behavior [ RunTime:-0.017047s ]
INFO: Run TokenBuild Behavior [ RunTime:-0.017831s ]
INFO: Run WriteHtmlCache Behavior [ RunTime:-0.018470s ]
INFO: Run ShowRuntime Behavior [ RunTime:-0.018895s ]
INFO: [ view_filter ] --END-- [ RunTime:0.002581s ]
INFO: [ view_end ] --START--
INFO: Run ShowPageTrace Behavior [ RunTime:-0.019848s ]
INFO: [ view_end ] --END-- [ RunTime:0.000649s ]

[ 2016-07-20T21:31:59+08:00 ] ERR: (ThinkException) 非法操作:﻿
[ 2016-07-20T21:32:02+08:00 ] ERR: (ThinkException) 非法操作:img
[ 2016-07-20T21:32:10+08:00 ] ERR: (ThinkException) 非法操作:﻿
[ 2016-07-20T21:33:54+08:00 ] 127.0.0.1 /hotel/admin.php/Goods/uppd?id=4
INFO: [ route_check ] --START--
INFO: Run CheckRoute Behavior [ RunTime:0.002147s ]
INFO: [ route_check ] --END-- [ RunTime:0.002283s ]
INFO: [ app_begin ] --START--
INFO: Run ReadHtmlCache Behavior [ RunTime:-0.001392s ]
INFO: [ app_begin ] --END-- [ RunTime:0.001579s ]
SQL: SHOW COLUMNS FROM `rooms` [ RunTime:0.000549s ]
NOTIC: [8] Use of undefined constant type_id - assumed 'type_id' D:\Hotel\Apache\htdocs\hotel\Admin\Lib\Action\GoodsAction.class.php 第 187 行.
SQL: SELECT * FROM `rooms` WHERE ( `type_id` = 4 ) LIMIT 1   [ RunTime:0.000353s ]
INFO: [ view_template ] --START--
INFO: Run LocationTemplate Behavior [ RunTime:-0.017886s ]
INFO: [ view_template ] --END-- [ RunTime:0.000852s ]
INFO: [ view_parse ] --START--
INFO: Run ParseTemplate Behavior [ RunTime:-0.018769s ]
INFO: [ view_parse ] --END-- [ RunTime:0.008455s ]
INFO: [ view_filter ] --START--
INFO: Run ContentReplace Behavior [ RunTime:-0.027249s ]
INFO: Run TokenBuild Behavior [ RunTime:-0.027745s ]
INFO: Run WriteHtmlCache Behavior [ RunTime:-0.028201s ]
INFO: Run ShowRuntime Behavior [ RunTime:-0.028566s ]
INFO: [ view_filter ] --END-- [ RunTime:0.001834s ]
INFO: [ view_end ] --START--
INFO: Run ShowPageTrace Behavior [ RunTime:-0.029131s ]
INFO: [ view_end ] --END-- [ RunTime:0.000663s ]

[ 2016-07-20T21:33:54+08:00 ] 127.0.0.1 /hotel/admin.php/Goods/
INFO: [ route_check ] --START--
INFO: Run CheckRoute Behavior [ RunTime:0.000632s ]
INFO: [ route_check ] --END-- [ RunTime:0.000680s ]
INFO: [ app_begin ] --START--
INFO: Run ReadHtmlCache Behavior [ RunTime:-0.000342s ]
INFO: [ app_begin ] --END-- [ RunTime:0.000522s ]
INFO: [ view_template ] --START--
INFO: Run LocationTemplate Behavior [ RunTime:-0.002209s ]
INFO: [ view_template ] --END-- [ RunTime:0.001042s ]
INFO: [ view_parse ] --START--
INFO: Run ParseTemplate Behavior [ RunTime:-0.003265s ]
INFO: [ view_parse ] --END-- [ RunTime:0.007233s ]
INFO: [ view_filter ] --START--
INFO: Run ContentReplace Behavior [ RunTime:-0.010518s ]
INFO: Run TokenBuild Behavior [ RunTime:-0.010963s ]
INFO: Run WriteHtmlCache Behavior [ RunTime:-0.011396s ]
INFO: Run ShowRuntime Behavior [ RunTime:-0.011746s ]
INFO: [ view_filter ] --END-- [ RunTime:0.001698s ]
INFO: [ view_end ] --START--
INFO: Run ShowPageTrace Behavior [ RunTime:-0.012421s ]
INFO: [ view_end ] --END-- [ RunTime:0.000780s ]

[ 2016-07-20T21:34:02+08:00 ] 127.0.0.1 /hotel/admin.php/Goods/uploadify
INFO: [ route_check ] --START--
INFO: Run CheckRoute Behavior [ RunTime:0.001310s ]
INFO: [ route_check ] --END-- [ RunTime:0.001458s ]
INFO: [ app_begin ] --START--
INFO: Run ReadHtmlCache Behavior [ RunTime:-0.000733s ]
INFO: [ app_begin ] --END-- [ RunTime:0.000809s ]
NOTIC: [8] Undefined property: UploadFile::$zipImags D:\Hotel\Apache\htdocs\hotel\ThinkPHP\Extend\Library\ORG\Net\UploadFile.class.php 第 172 行.

[ 2016-07-20T21:34:02+08:00 ] ERR: (ThinkException) 非法操作:﻿
[ 2016-07-20T21:34:09+08:00 ] 127.0.0.1 /hotel/admin.php/Goods/index
INFO: [ route_check ] --START--
INFO: Run CheckRoute Behavior [ RunTime:0.000780s ]
INFO: [ route_check ] --END-- [ RunTime:0.000847s ]
INFO: [ app_begin ] --START--
INFO: Run ReadHtmlCache Behavior [ RunTime:-0.000447s ]
INFO: [ app_begin ] --END-- [ RunTime:0.000919s ]
INFO: [ view_template ] --START--
INFO: Run LocationTemplate Behavior [ RunTime:-0.003636s ]
INFO: [ view_template ] --END-- [ RunTime:0.001034s ]
INFO: [ view_parse ] --START--
INFO: Run ParseTemplate Behavior [ RunTime:-0.004703s ]
INFO: [ view_parse ] --END-- [ RunTime:0.011493s ]
INFO: [ view_filter ] --START--
INFO: Run ContentReplace Behavior [ RunTime:-0.016237s ]
INFO: Run TokenBuild Behavior [ RunTime:-0.016999s ]
INFO: Run WriteHtmlCache Behavior [ RunTime:-0.017736s ]
INFO: Run ShowRuntime Behavior [ RunTime:-0.018475s ]
INFO: [ view_filter ] --END-- [ RunTime:0.003274s ]
INFO: [ view_end ] --START--
INFO: Run ShowPageTrace Behavior [ RunTime:-0.019848s ]
INFO: [ view_end ] --END-- [ RunTime:0.004340s ]

[ 2016-07-20T21:34:10+08:00 ] ERR: (ThinkException) 非法操作:﻿
[ 2016-07-20T21:34:31+08:00 ] ERR: (ThinkException) 非法操作:img
[ 2016-07-20T21:35:25+08:00 ] ERR: (ThinkException) 非法操作:﻿
[ 2016-07-20T21:35:28+08:00 ] 127.0.0.1 /hotel/admin.php/Goods/uppd?id=14
INFO: [ route_check ] --START--
INFO: Run CheckRoute Behavior [ RunTime:0.000680s ]
INFO: [ route_check ] --END-- [ RunTime:0.000764s ]
INFO: [ app_begin ] --START--
INFO: Run ReadHtmlCache Behavior [ RunTime:-0.000262s ]
INFO: [ app_begin ] --END-- [ RunTime:0.000692s ]
SQL: SHOW COLUMNS FROM `rooms` [ RunTime:0.000959s ]
NOTIC: [8] Use of undefined constant type_id - assumed 'type_id' D:\Hotel\Apache\htdocs\hotel\Admin\Lib\Action\GoodsAction.class.php 第 187 行.
SQL: SELECT * FROM `rooms` WHERE ( `type_id` = 14 ) LIMIT 1   [ RunTime:0.000546s ]
INFO: [ view_template ] --START--
INFO: Run LocationTemplate Behavior [ RunTime:-0.013941s ]
INFO: [ view_template ] --END-- [ RunTime:0.000999s ]
INFO: [ view_parse ] --START--
INFO: Run ParseTemplate Behavior [ RunTime:-0.014977s ]
INFO: [ view_parse ] --END-- [ RunTime:0.009471s ]
INFO: [ view_filter ] --START--
INFO: Run ContentReplace Behavior [ RunTime:-0.024530s ]
INFO: Run TokenBuild Behavior [ RunTime:-0.025095s ]
INFO: Run WriteHtmlCache Behavior [ RunTime:-0.025490s ]
INFO: Run ShowRuntime Behavior [ RunTime:-0.025785s ]
INFO: [ view_filter ] --END-- [ RunTime:0.001710s ]
INFO: [ view_end ] --START--
INFO: Run ShowPageTrace Behavior [ RunTime:-0.026271s ]
INFO: [ view_end ] --END-- [ RunTime:0.000539s ]

[ 2016-07-20T21:35:29+08:00 ] 127.0.0.1 /hotel/admin.php/Goods/
INFO: [ route_check ] --START--
INFO: Run CheckRoute Behavior [ RunTime:0.000697s ]
INFO: [ route_check ] --END-- [ RunTime:0.000766s ]
INFO: [ app_begin ] --START--
INFO: Run ReadHtmlCache Behavior [ RunTime:-0.000188s ]
INFO: [ app_begin ] --END-- [ RunTime:0.000415s ]
INFO: [ view_template ] --START--
INFO: Run LocationTemplate Behavior [ RunTime:-0.001507s ]
INFO: [ view_template ] --END-- [ RunTime:0.000486s ]
INFO: [ view_parse ] --START--
INFO: Run ParseTemplate Behavior [ RunTime:-0.002016s ]
INFO: [ view_parse ] --END-- [ RunTime:0.006154s ]
INFO: [ view_filter ] --START--
INFO: Run ContentReplace Behavior [ RunTime:-0.008196s ]
INFO: Run TokenBuild Behavior [ RunTime:-0.008540s ]
INFO: Run WriteHtmlCache Behavior [ RunTime:-0.008841s ]
INFO: Run ShowRuntime Behavior [ RunTime:-0.009147s ]
INFO: [ view_filter ] --END-- [ RunTime:0.001320s ]
INFO: [ view_end ] --START--
INFO: Run ShowPageTrace Behavior [ RunTime:-0.009743s ]
INFO: [ view_end ] --END-- [ RunTime:0.000676s ]

[ 2016-07-20T21:35:30+08:00 ] 127.0.0.1 /hotel/admin.php/Goods/index
INFO: [ route_check ] --START--
INFO: Run CheckRoute Behavior [ RunTime:0.000564s ]
INFO: [ route_check ] --END-- [ RunTime:0.000612s ]
INFO: [ app_begin ] --START--
INFO: Run ReadHtmlCache Behavior [ RunTime:-0.000196s ]
INFO: [ app_begin ] --END-- [ RunTime:0.000469s ]
INFO: [ view_template ] --START--
INFO: Run LocationTemplate Behavior [ RunTime:-0.001652s ]
INFO: [ view_template ] --END-- [ RunTime:0.000428s ]
INFO: [ view_parse ] --START--
INFO: Run ParseTemplate Behavior [ RunTime:-0.002102s ]
INFO: [ view_parse ] --END-- [ RunTime:0.006569s ]
INFO: [ view_filter ] --START--
INFO: Run ContentReplace Behavior [ RunTime:-0.008694s ]
INFO: Run TokenBuild Behavior [ RunTime:-0.009006s ]
INFO: Run WriteHtmlCache Behavior [ RunTime:-0.009305s ]
INFO: Run ShowRuntime Behavior [ RunTime:-0.009501s ]
INFO: [ view_filter ] --END-- [ RunTime:0.001134s ]
INFO: [ view_end ] --START--
INFO: Run ShowPageTrace Behavior [ RunTime:-0.010042s ]
INFO: [ view_end ] --END-- [ RunTime:0.000686s ]

[ 2016-07-20T21:35:33+08:00 ] 127.0.0.1 /hotel/admin.php/Goods/uppd?id=14
INFO: [ route_check ] --START--
INFO: Run CheckRoute Behavior [ RunTime:0.000745s ]
INFO: [ route_check ] --END-- [ RunTime:0.000813s ]
INFO: [ app_begin ] --START--
INFO: Run ReadHtmlCache Behavior [ RunTime:-0.000253s ]
INFO: [ app_begin ] --END-- [ RunTime:0.000573s ]
SQL: SHOW COLUMNS FROM `rooms` [ RunTime:0.001478s ]
NOTIC: [8] Use of undefined constant type_id - assumed 'type_id' D:\Hotel\Apache\htdocs\hotel\Admin\Lib\Action\GoodsAction.class.php 第 187 行.
SQL: SELECT * FROM `rooms` WHERE ( `type_id` = 14 ) LIMIT 1   [ RunTime:0.000556s ]
INFO: [ view_template ] --START--
INFO: Run LocationTemplate Behavior [ RunTime:-0.017031s ]
INFO: [ view_template ] --END-- [ RunTime:0.000532s ]
INFO: [ view_parse ] --START--
INFO: Run ParseTemplate Behavior [ RunTime:-0.017590s ]
INFO: [ view_parse ] --END-- [ RunTime:0.007494s ]
INFO: [ view_filter ] --START--
INFO: Run ContentReplace Behavior [ RunTime:-0.025149s ]
INFO: Run TokenBuild Behavior [ RunTime:-0.025796s ]
INFO: Run WriteHtmlCache Behavior [ RunTime:-0.026113s ]
INFO: Run ShowRuntime Behavior [ RunTime:-0.026351s ]
INFO: [ view_filter ] --END-- [ RunTime:0.001542s ]
INFO: [ view_end ] --START--
INFO: Run ShowPageTrace Behavior [ RunTime:-0.026730s ]
INFO: [ view_end ] --END-- [ RunTime:0.000424s ]

[ 2016-07-20T21:35:33+08:00 ] 127.0.0.1 /hotel/admin.php/Goods/
INFO: [ route_check ] --START--
INFO: Run CheckRoute Behavior [ RunTime:0.000702s ]
INFO: [ route_check ] --END-- [ RunTime:0.000761s ]
INFO: [ app_begin ] --START--
INFO: Run ReadHtmlCache Behavior [ RunTime:-0.000224s ]
INFO: [ app_begin ] --END-- [ RunTime:0.000531s ]
INFO: [ view_template ] --START--
INFO: Run LocationTemplate Behavior [ RunTime:-0.001850s ]
INFO: [ view_template ] --END-- [ RunTime:0.000553s ]
INFO: [ view_parse ] --START--
INFO: Run ParseTemplate Behavior [ RunTime:-0.002435s ]
INFO: [ view_parse ] --END-- [ RunTime:0.007784s ]
INFO: [ view_filter ] --START--
INFO: Run ContentReplace Behavior [ RunTime:-0.010248s ]
INFO: Run TokenBuild Behavior [ RunTime:-0.010666s ]
INFO: Run WriteHtmlCache Behavior [ RunTime:-0.011031s ]
INFO: Run ShowRuntime Behavior [ RunTime:-0.011290s ]
INFO: [ view_filter ] --END-- [ RunTime:0.001480s ]
INFO: [ view_end ] --START--
INFO: Run ShowPageTrace Behavior [ RunTime:-0.011956s ]
INFO: [ view_end ] --END-- [ RunTime:0.000611s ]

[ 2016-07-20T21:35:39+08:00 ] 127.0.0.1 /hotel/admin.php/Goods/uploadify
INFO: [ route_check ] --START--
INFO: Run CheckRoute Behavior [ RunTime:0.000930s ]
INFO: [ route_check ] --END-- [ RunTime:0.001015s ]
INFO: [ app_begin ] --START--
INFO: Run ReadHtmlCache Behavior [ RunTime:-0.000376s ]
INFO: [ app_begin ] --END-- [ RunTime:0.000595s ]
NOTIC: [8] Undefined property: UploadFile::$zipImags D:\Hotel\Apache\htdocs\hotel\ThinkPHP\Extend\Library\ORG\Net\UploadFile.class.php 第 172 行.

[ 2016-07-20T21:35:39+08:00 ] ERR: (ThinkException) 非法操作:﻿
[ 2016-07-20T21:35:45+08:00 ] 127.0.0.1 /hotel/admin.php/Goods/index
INFO: [ route_check ] --START--
INFO: Run CheckRoute Behavior [ RunTime:0.001183s ]
INFO: [ route_check ] --END-- [ RunTime:0.001275s ]
INFO: [ app_begin ] --START--
INFO: Run ReadHtmlCache Behavior [ RunTime:-0.000531s ]
INFO: [ app_begin ] --END-- [ RunTime:0.000920s ]
INFO: [ view_template ] --START--
INFO: Run LocationTemplate Behavior [ RunTime:-0.003377s ]
INFO: [ view_template ] --END-- [ RunTime:0.002913s ]
INFO: [ view_parse ] --START--
INFO: Run ParseTemplate Behavior [ RunTime:-0.006522s ]
INFO: [ view_parse ] --END-- [ RunTime:0.008115s ]
INFO: [ view_filter ] --START--
INFO: Run ContentReplace Behavior [ RunTime:-0.014595s ]
INFO: Run TokenBuild Behavior [ RunTime:-0.015068s ]
INFO: Run WriteHtmlCache Behavior [ RunTime:-0.015513s ]
INFO: Run ShowRuntime Behavior [ RunTime:-0.015847s ]
INFO: [ view_filter ] --END-- [ RunTime:0.001746s ]
INFO: [ view_end ] --START--
INFO: Run ShowPageTrace Behavior [ RunTime:-0.016566s ]
INFO: [ view_end ] --END-- [ RunTime:0.000895s ]

[ 2016-07-20T21:35:48+08:00 ] ERR: (ThinkException) 非法操作:﻿
[ 2016-07-20T21:36:10+08:00 ] 127.0.0.1 /hotel/admin.php/Goods/uppd?id=3
INFO: [ route_check ] --START--
INFO: Run CheckRoute Behavior [ RunTime:0.000880s ]
INFO: [ route_check ] --END-- [ RunTime:0.000941s ]
INFO: [ app_begin ] --START--
INFO: Run ReadHtmlCache Behavior [ RunTime:-0.000377s ]
INFO: [ app_begin ] --END-- [ RunTime:0.000696s ]
SQL: SHOW COLUMNS FROM `rooms` [ RunTime:0.000641s ]
NOTIC: [8] Use of undefined constant type_id - assumed 'type_id' D:\Hotel\Apache\htdocs\hotel\Admin\Lib\Action\GoodsAction.class.php 第 187 行.
SQL: SELECT * FROM `rooms` WHERE ( `type_id` = 3 ) LIMIT 1   [ RunTime:0.000307s ]
INFO: [ view_template ] --START--
INFO: Run LocationTemplate Behavior [ RunTime:-0.023802s ]
INFO: [ view_template ] --END-- [ RunTime:0.001046s ]
INFO: [ view_parse ] --START--
INFO: Run ParseTemplate Behavior [ RunTime:-0.024885s ]
INFO: [ view_parse ] --END-- [ RunTime:0.009242s ]
INFO: [ view_filter ] --START--
INFO: Run ContentReplace Behavior [ RunTime:-0.034157s ]
INFO: Run TokenBuild Behavior [ RunTime:-0.034738s ]
INFO: Run WriteHtmlCache Behavior [ RunTime:-0.035276s ]
INFO: Run ShowRuntime Behavior [ RunTime:-0.035705s ]
INFO: [ view_filter ] --END-- [ RunTime:0.002171s ]
INFO: [ view_end ] --START--
INFO: Run ShowPageTrace Behavior [ RunTime:-0.036383s ]
INFO: [ view_end ] --END-- [ RunTime:0.000675s ]

[ 2016-07-20T21:36:11+08:00 ] 127.0.0.1 /hotel/admin.php/Goods/
INFO: [ route_check ] --START--
INFO: Run CheckRoute Behavior [ RunTime:0.001069s ]
INFO: [ route_check ] --END-- [ RunTime:0.001146s ]
INFO: [ app_begin ] --START--
INFO: Run ReadHtmlCache Behavior [ RunTime:-0.000451s ]
INFO: [ app_begin ] --END-- [ RunTime:0.000881s ]
INFO: [ view_template ] --START--
INFO: Run LocationTemplate Behavior [ RunTime:-0.003346s ]
INFO: [ view_template ] --END-- [ RunTime:0.001129s ]
INFO: [ view_parse ] --START--
INFO: Run ParseTemplate Behavior [ RunTime:-0.004511s ]
INFO: [ view_parse ] --END-- [ RunTime:0.010573s ]
INFO: [ view_filter ] --START--
INFO: Run ContentReplace Behavior [ RunTime:-0.015116s ]
INFO: Run TokenBuild Behavior [ RunTime:-0.015832s ]
INFO: Run WriteHtmlCache Behavior [ RunTime:-0.016469s ]
INFO: Run ShowRuntime Behavior [ RunTime:-0.017223s ]
INFO: [ view_filter ] --END-- [ RunTime:0.002937s ]
INFO: [ view_end ] --START--
INFO: Run ShowPageTrace Behavior [ RunTime:-0.018257s ]
INFO: [ view_end ] --END-- [ RunTime:0.000571s ]

[ 2016-07-20T21:36:18+08:00 ] 127.0.0.1 /hotel/admin.php/Goods/uploadify
INFO: [ route_check ] --START--
INFO: Run CheckRoute Behavior [ RunTime:0.001300s ]
INFO: [ route_check ] --END-- [ RunTime:0.001380s ]
INFO: [ app_begin ] --START--
INFO: Run ReadHtmlCache Behavior [ RunTime:-0.000543s ]
INFO: [ app_begin ] --END-- [ RunTime:0.000924s ]
NOTIC: [8] Undefined property: UploadFile::$zipImags D:\Hotel\Apache\htdocs\hotel\ThinkPHP\Extend\Library\ORG\Net\UploadFile.class.php 第 172 行.

[ 2016-07-20T21:36:18+08:00 ] ERR: (ThinkException) 非法操作:﻿
[ 2016-07-20T21:36:24+08:00 ] 127.0.0.1 /hotel/admin.php/Goods/index
INFO: [ route_check ] --START--
INFO: Run CheckRoute Behavior [ RunTime:0.000655s ]
INFO: [ route_check ] --END-- [ RunTime:0.000700s ]
INFO: [ app_begin ] --START--
INFO: Run ReadHtmlCache Behavior [ RunTime:-0.000250s ]
INFO: [ app_begin ] --END-- [ RunTime:0.000669s ]
INFO: [ view_template ] --START--
INFO: Run LocationTemplate Behavior [ RunTime:-0.002156s ]
INFO: [ view_template ] --END-- [ RunTime:0.000740s ]
INFO: [ view_parse ] --START--
INFO: Run ParseTemplate Behavior [ RunTime:-0.002919s ]
INFO: [ view_parse ] --END-- [ RunTime:0.006923s ]
INFO: [ view_filter ] --START--
INFO: Run ContentReplace Behavior [ RunTime:-0.009864s ]
INFO: Run TokenBuild Behavior [ RunTime:-0.010323s ]
INFO: Run WriteHtmlCache Behavior [ RunTime:-0.010775s ]
INFO: Run ShowRuntime Behavior [ RunTime:-0.011362s ]
INFO: [ view_filter ] --END-- [ RunTime:0.002260s ]
INFO: [ view_end ] --START--
INFO: Run ShowPageTrace Behavior [ RunTime:-0.012355s ]
INFO: [ view_end ] --END-- [ RunTime:0.000718s ]

[ 2016-07-20T21:37:44+08:00 ] ERR: (ThinkException) 非法操作:﻿
[ 2016-07-20T21:41:41+08:00 ] 127.0.0.1 /hotel/admin.php/Goods/addpd
INFO: [ route_check ] --START--
INFO: Run CheckRoute Behavior [ RunTime:0.000913s ]
INFO: [ route_check ] --END-- [ RunTime:0.000979s ]
INFO: [ app_begin ] --START--
INFO: Run ReadHtmlCache Behavior [ RunTime:-0.000485s ]
INFO: [ app_begin ] --END-- [ RunTime:0.000675s ]
NOTIC: [8] Undefined index: pid D:\Hotel\Apache\htdocs\hotel\Admin\Lib\Action\GoodsAction.class.php 第 88 行.
INFO: [ view_template ] --START--
INFO: Run LocationTemplate Behavior [ RunTime:-0.002705s ]
INFO: [ view_template ] --END-- [ RunTime:0.000851s ]
INFO: [ view_parse ] --START--
INFO: Run ParseTemplate Behavior [ RunTime:-0.003593s ]
INFO: [ view_parse ] --END-- [ RunTime:0.008387s ]
INFO: [ view_filter ] --START--
INFO: Run ContentReplace Behavior [ RunTime:-0.012012s ]
INFO: Run TokenBuild Behavior [ RunTime:-0.012604s ]
INFO: Run WriteHtmlCache Behavior [ RunTime:-0.013059s ]
INFO: Run ShowRuntime Behavior [ RunTime:-0.013454s ]
INFO: [ view_filter ] --END-- [ RunTime:0.001985s ]
INFO: [ view_end ] --START--
INFO: Run ShowPageTrace Behavior [ RunTime:-0.014050s ]
INFO: [ view_end ] --END-- [ RunTime:0.000714s ]

[ 2016-07-20T21:41:41+08:00 ] 127.0.0.1 /hotel/admin.php/Goods/
INFO: [ route_check ] --START--
INFO: Run CheckRoute Behavior [ RunTime:0.000541s ]
INFO: [ route_check ] --END-- [ RunTime:0.000593s ]
INFO: [ app_begin ] --START--
INFO: Run ReadHtmlCache Behavior [ RunTime:-0.000211s ]
INFO: [ app_begin ] --END-- [ RunTime:0.000507s ]
INFO: [ view_template ] --START--
INFO: Run LocationTemplate Behavior [ RunTime:-0.001742s ]
INFO: [ view_template ] --END-- [ RunTime:0.000538s ]
INFO: [ view_parse ] --START--
INFO: Run ParseTemplate Behavior [ RunTime:-0.002306s ]
INFO: [ view_parse ] --END-- [ RunTime:0.006940s ]
INFO: [ view_filter ] --START--
INFO: Run ContentReplace Behavior [ RunTime:-0.009270s ]
INFO: Run TokenBuild Behavior [ RunTime:-0.009668s ]
INFO: Run WriteHtmlCache Behavior [ RunTime:-0.009966s ]
INFO: Run ShowRuntime Behavior [ RunTime:-0.010186s ]
INFO: [ view_filter ] --END-- [ RunTime:0.001315s ]
INFO: [ view_end ] --START--
INFO: Run ShowPageTrace Behavior [ RunTime:-0.010873s ]
INFO: [ view_end ] --END-- [ RunTime:0.000834s ]

[ 2016-07-20T21:41:44+08:00 ] 127.0.0.1 /hotel/admin.php/Goods/index
INFO: [ route_check ] --START--
INFO: Run CheckRoute Behavior [ RunTime:0.000546s ]
INFO: [ route_check ] --END-- [ RunTime:0.000597s ]
INFO: [ app_begin ] --START--
INFO: Run ReadHtmlCache Behavior [ RunTime:-0.000173s ]
INFO: [ app_begin ] --END-- [ RunTime:0.000399s ]
INFO: [ view_template ] --START--
INFO: Run LocationTemplate Behavior [ RunTime:-0.001446s ]
INFO: [ view_template ] --END-- [ RunTime:0.000422s ]
INFO: [ view_parse ] --START--
INFO: Run ParseTemplate Behavior [ RunTime:-0.001891s ]
INFO: [ view_parse ] --END-- [ RunTime:0.005777s ]
INFO: [ view_filter ] --START--
INFO: Run ContentReplace Behavior [ RunTime:-0.007691s ]
INFO: Run TokenBuild Behavior [ RunTime:-0.008034s ]
INFO: Run WriteHtmlCache Behavior [ RunTime:-0.008306s ]
INFO: Run ShowRuntime Behavior [ RunTime:-0.008503s ]
INFO: [ view_filter ] --END-- [ RunTime:0.001142s ]
INFO: [ view_end ] --START--
INFO: Run ShowPageTrace Behavior [ RunTime:-0.009065s ]
INFO: [ view_end ] --END-- [ RunTime:0.000532s ]

