[ 2016-07-18T21:02:08+08:00 ] 127.0.0.1 /hotel/admin.php/Index/login
INFO: [ route_check ] --START--
INFO: Run CheckRoute Behavior [ RunTime:0.001606s ]
INFO: [ route_check ] --END-- [ RunTime:0.001768s ]
INFO: [ app_begin ] --START--
INFO: Run ReadHtmlCache Behavior [ RunTime:-0.000232s ]
INFO: [ app_begin ] --END-- [ RunTime:0.000504s ]
INFO: [ view_template ] --START--
INFO: Run LocationTemplate Behavior [ RunTime:-0.018755s ]
INFO: [ view_template ] --END-- [ RunTime:0.000764s ]
INFO: [ view_parse ] --START--
INFO: Run ParseTemplate Behavior [ RunTime:-0.019543s ]
INFO: [ view_parse ] --END-- [ RunTime:0.043439s ]
INFO: [ view_filter ] --START--
INFO: Run ContentReplace Behavior [ RunTime:-0.063008s ]
INFO: Run TokenBuild Behavior [ RunTime:-0.063979s ]
INFO: Run WriteHtmlCache Behavior [ RunTime:-0.065418s ]
INFO: Run ShowRuntime Behavior [ RunTime:-0.066093s ]
INFO: [ view_filter ] --END-- [ RunTime:0.004125s ]
INFO: [ view_end ] --START--
INFO: Run ShowPageTrace Behavior [ RunTime:-0.067180s ]
INFO: [ view_end ] --END-- [ RunTime:0.001098s ]

[ 2016-07-18T21:02:37+08:00 ] 127.0.0.1 /hotel/admin.php
INFO: [ app_begin ] --START--
INFO: Run ReadHtmlCache Behavior [ RunTime:0.001409s ]
INFO: [ app_begin ] --END-- [ RunTime:0.001516s ]
INFO: [ view_template ] --START--
INFO: Run LocationTemplate Behavior [ RunTime:-0.001732s ]
INFO: [ view_template ] --END-- [ RunTime:0.001006s ]
INFO: [ view_parse ] --START--
INFO: Run ParseTemplate Behavior [ RunTime:-0.002781s ]
INFO: [ view_parse ] --END-- [ RunTime:0.027299s ]
INFO: [ view_filter ] --START--
INFO: Run ContentReplace Behavior [ RunTime:-0.030119s ]
INFO: Run TokenBuild Behavior [ RunTime:-0.030722s ]
INFO: Run WriteHtmlCache Behavior [ RunTime:-0.031396s ]
INFO: Run ShowRuntime Behavior [ RunTime:-0.032023s ]
INFO: [ view_filter ] --END-- [ RunTime:0.002561s ]
INFO: [ view_end ] --START--
INFO: Run ShowPageTrace Behavior [ RunTime:-0.032744s ]
INFO: [ view_end ] --END-- [ RunTime:0.000897s ]

[ 2016-07-18T21:02:37+08:00 ] 127.0.0.1 /hotel/admin.php/Layout/north?_=1468846957555
INFO: [ route_check ] --START--
INFO: Run CheckRoute Behavior [ RunTime:0.000903s ]
INFO: [ route_check ] --END-- [ RunTime:0.000985s ]
INFO: [ app_begin ] --START--
INFO: Run ReadHtmlCache Behavior [ RunTime:-0.000234s ]
INFO: [ app_begin ] --END-- [ RunTime:0.000677s ]
INFO: [ view_template ] --START--
INFO: Run LocationTemplate Behavior [ RunTime:-0.002447s ]
INFO: [ view_template ] --END-- [ RunTime:0.000567s ]
INFO: [ view_parse ] --START--
INFO: Run ParseTemplate Behavior [ RunTime:-0.003048s ]
INFO: [ view_parse ] --END-- [ RunTime:0.032270s ]
INFO: [ view_filter ] --START--
INFO: Run ContentReplace Behavior [ RunTime:-0.035358s ]
INFO: Run TokenBuild Behavior [ RunTime:-0.035902s ]
INFO: Run WriteHtmlCache Behavior [ RunTime:-0.036444s ]
INFO: Run ShowRuntime Behavior [ RunTime:-0.036849s ]
INFO: [ view_filter ] --END-- [ RunTime:0.002117s ]
INFO: [ view_end ] --START--
INFO: Run ShowPageTrace Behavior [ RunTime:-0.037534s ]
INFO: [ view_end ] --END-- [ RunTime:0.000815s ]

[ 2016-07-18T21:02:37+08:00 ] 127.0.0.1 /hotel/admin.php/Layout/west?_=1468846957580
INFO: [ route_check ] --START--
INFO: Run CheckRoute Behavior [ RunTime:0.001298s ]
INFO: [ route_check ] --END-- [ RunTime:0.001383s ]
INFO: [ app_begin ] --START--
INFO: Run ReadHtmlCache Behavior [ RunTime:-0.000594s ]
INFO: [ app_begin ] --END-- [ RunTime:0.002062s ]
INFO: [ view_template ] --START--
INFO: Run LocationTemplate Behavior [ RunTime:-0.012775s ]
INFO: [ view_template ] --END-- [ RunTime:0.000869s ]
INFO: [ view_parse ] --START--
INFO: Run ParseTemplate Behavior [ RunTime:-0.013553s ]
INFO: [ view_parse ] --END-- [ RunTime:0.039274s ]
INFO: [ view_filter ] --START--
INFO: Run ContentReplace Behavior [ RunTime:-0.052865s ]
INFO: Run TokenBuild Behavior [ RunTime:-0.053630s ]
INFO: Run WriteHtmlCache Behavior [ RunTime:-0.055090s ]
INFO: Run ShowRuntime Behavior [ RunTime:-0.055667s ]
INFO: [ view_filter ] --END-- [ RunTime:0.003607s ]
INFO: [ view_end ] --START--
INFO: Run ShowPageTrace Behavior [ RunTime:-0.056544s ]
INFO: [ view_end ] --END-- [ RunTime:0.001019s ]

[ 2016-07-18T21:02:37+08:00 ] 127.0.0.1 /hotel/admin.php/Layout/center?_=1468846957594
INFO: [ route_check ] --START--
INFO: Run CheckRoute Behavior [ RunTime:0.000954s ]
INFO: [ route_check ] --END-- [ RunTime:0.001037s ]
INFO: [ app_begin ] --START--
INFO: Run ReadHtmlCache Behavior [ RunTime:-0.000301s ]
INFO: [ app_begin ] --END-- [ RunTime:0.000679s ]
INFO: [ view_template ] --START--
INFO: Run LocationTemplate Behavior [ RunTime:-0.028816s ]
INFO: [ view_template ] --END-- [ RunTime:0.000811s ]
INFO: [ view_parse ] --START--
INFO: Run ParseTemplate Behavior [ RunTime:-0.029672s ]
INFO: [ view_parse ] --END-- [ RunTime:0.011818s ]
INFO: [ view_filter ] --START--
INFO: Run ContentReplace Behavior [ RunTime:-0.041526s ]
INFO: Run TokenBuild Behavior [ RunTime:-0.042120s ]
INFO: Run WriteHtmlCache Behavior [ RunTime:-0.042719s ]
INFO: Run ShowRuntime Behavior [ RunTime:-0.043083s ]
INFO: [ view_filter ] --END-- [ RunTime:0.002180s ]
INFO: [ view_end ] --START--
INFO: Run ShowPageTrace Behavior [ RunTime:-0.043768s ]
INFO: [ view_end ] --END-- [ RunTime:0.000803s ]

[ 2016-07-18T21:02:37+08:00 ] 127.0.0.1 /hotel/admin.php/Order/index
INFO: [ route_check ] --START--
INFO: Run CheckRoute Behavior [ RunTime:0.000933s ]
INFO: [ route_check ] --END-- [ RunTime:0.001013s ]
INFO: [ app_begin ] --START--
INFO: Run ReadHtmlCache Behavior [ RunTime:-0.000304s ]
INFO: [ app_begin ] --END-- [ RunTime:0.000720s ]
INFO: [ view_template ] --START--
INFO: Run LocationTemplate Behavior [ RunTime:-0.003732s ]
INFO: [ view_template ] --END-- [ RunTime:0.001293s ]
INFO: [ view_parse ] --START--
INFO: Run ParseTemplate Behavior [ RunTime:-0.005069s ]
INFO: [ view_parse ] --END-- [ RunTime:0.036758s ]
INFO: [ view_filter ] --START--
INFO: Run ContentReplace Behavior [ RunTime:-0.041843s ]
INFO: Run TokenBuild Behavior [ RunTime:-0.042195s ]
INFO: Run WriteHtmlCache Behavior [ RunTime:-0.042499s ]
INFO: Run ShowRuntime Behavior [ RunTime:-0.042712s ]
INFO: [ view_filter ] --END-- [ RunTime:0.001231s ]
INFO: [ view_end ] --START--
INFO: Run ShowPageTrace Behavior [ RunTime:-0.043327s ]
INFO: [ view_end ] --END-- [ RunTime:0.000767s ]

[ 2016-07-18T21:02:37+08:00 ] 127.0.0.1 /hotel/admin.php/Order/index
INFO: [ route_check ] --START--
INFO: Run CheckRoute Behavior [ RunTime:0.000590s ]
INFO: [ route_check ] --END-- [ RunTime:0.000643s ]
INFO: [ app_begin ] --START--
INFO: Run ReadHtmlCache Behavior [ RunTime:-0.000191s ]
INFO: [ app_begin ] --END-- [ RunTime:0.000456s ]
INFO: [ view_template ] --START--
INFO: Run LocationTemplate Behavior [ RunTime:-0.044788s ]
INFO: [ view_template ] --END-- [ RunTime:0.000533s ]
INFO: [ view_parse ] --START--
INFO: Run ParseTemplate Behavior [ RunTime:-0.045346s ]
INFO: [ view_parse ] --END-- [ RunTime:0.006403s ]
INFO: [ view_filter ] --START--
INFO: Run ContentReplace Behavior [ RunTime:-0.051772s ]
INFO: Run TokenBuild Behavior [ RunTime:-0.052119s ]
INFO: Run WriteHtmlCache Behavior [ RunTime:-0.052409s ]
INFO: Run ShowRuntime Behavior [ RunTime:-0.052618s ]
INFO: [ view_filter ] --END-- [ RunTime:0.001203s ]
INFO: [ view_end ] --START--
INFO: Run ShowPageTrace Behavior [ RunTime:-0.053218s ]
INFO: [ view_end ] --END-- [ RunTime:0.000688s ]

[ 2016-07-18T21:02:45+08:00 ] 127.0.0.1 /hotel/admin.php/Goods/index
INFO: [ route_check ] --START--
INFO: Run CheckRoute Behavior [ RunTime:0.001659s ]
INFO: [ route_check ] --END-- [ RunTime:0.001760s ]
INFO: [ app_begin ] --START--
INFO: Run ReadHtmlCache Behavior [ RunTime:-0.000380s ]
INFO: [ app_begin ] --END-- [ RunTime:0.000921s ]
INFO: [ view_template ] --START--
INFO: Run LocationTemplate Behavior [ RunTime:-0.007612s ]
INFO: [ view_template ] --END-- [ RunTime:0.077467s ]
INFO: [ view_parse ] --START--
INFO: Run ParseTemplate Behavior [ RunTime:-0.085103s ]
INFO: [ view_parse ] --END-- [ RunTime:0.033702s ]
INFO: [ view_filter ] --START--
INFO: Run ContentReplace Behavior [ RunTime:-0.118871s ]
INFO: Run TokenBuild Behavior [ RunTime:-0.119928s ]
INFO: Run WriteHtmlCache Behavior [ RunTime:-0.120818s ]
INFO: Run ShowRuntime Behavior [ RunTime:-0.121368s ]
INFO: [ view_filter ] --END-- [ RunTime:0.003389s ]
INFO: [ view_end ] --START--
INFO: Run ShowPageTrace Behavior [ RunTime:-0.122643s ]
INFO: [ view_end ] --END-- [ RunTime:0.001214s ]

[ 2016-07-18T21:02:45+08:00 ] 127.0.0.1 /hotel/admin.php/Goods/index
INFO: [ route_check ] --START--
INFO: Run CheckRoute Behavior [ RunTime:0.000861s ]
INFO: [ route_check ] --END-- [ RunTime:0.000932s ]
INFO: [ app_begin ] --START--
INFO: Run ReadHtmlCache Behavior [ RunTime:-0.000278s ]
INFO: [ app_begin ] --END-- [ RunTime:0.000668s ]
INFO: [ view_template ] --START--
INFO: Run LocationTemplate Behavior [ RunTime:-0.002576s ]
INFO: [ view_template ] --END-- [ RunTime:0.000671s ]
INFO: [ view_parse ] --START--
INFO: Run ParseTemplate Behavior [ RunTime:-0.003312s ]
INFO: [ view_parse ] --END-- [ RunTime:0.009946s ]
INFO: [ view_filter ] --START--
INFO: Run ContentReplace Behavior [ RunTime:-0.013291s ]
INFO: Run TokenBuild Behavior [ RunTime:-0.013903s ]
INFO: Run WriteHtmlCache Behavior [ RunTime:-0.014398s ]
INFO: Run ShowRuntime Behavior [ RunTime:-0.014741s ]
INFO: [ view_filter ] --END-- [ RunTime:0.002008s ]
INFO: [ view_end ] --START--
INFO: Run ShowPageTrace Behavior [ RunTime:-0.015641s ]
INFO: [ view_end ] --END-- [ RunTime:0.001420s ]

[ 2016-07-18T21:02:57+08:00 ] 127.0.0.1 /hotel/admin.php/Index/login
INFO: [ route_check ] --START--
INFO: Run CheckRoute Behavior [ RunTime:0.000701s ]
INFO: [ route_check ] --END-- [ RunTime:0.000771s ]
INFO: [ app_begin ] --START--
INFO: Run ReadHtmlCache Behavior [ RunTime:-0.000287s ]
INFO: [ app_begin ] --END-- [ RunTime:0.000572s ]
INFO: [ view_template ] --START--
INFO: Run LocationTemplate Behavior [ RunTime:-0.002204s ]
INFO: [ view_template ] --END-- [ RunTime:0.000635s ]
INFO: [ view_parse ] --START--
INFO: Run ParseTemplate Behavior [ RunTime:-0.002871s ]
INFO: [ view_parse ] --END-- [ RunTime:0.006126s ]
INFO: [ view_filter ] --START--
INFO: Run ContentReplace Behavior [ RunTime:-0.009017s ]
INFO: Run TokenBuild Behavior [ RunTime:-0.009346s ]
INFO: Run WriteHtmlCache Behavior [ RunTime:-0.009664s ]
INFO: Run ShowRuntime Behavior [ RunTime:-0.009983s ]
INFO: [ view_filter ] --END-- [ RunTime:0.001381s ]
INFO: [ view_end ] --START--
INFO: Run ShowPageTrace Behavior [ RunTime:-0.010435s ]
INFO: [ view_end ] --END-- [ RunTime:0.000431s ]

[ 2016-07-18T21:03:18+08:00 ] 127.0.0.1 /hotel/admin.php
INFO: [ app_begin ] --START--
INFO: Run ReadHtmlCache Behavior [ RunTime:0.000364s ]
INFO: [ app_begin ] --END-- [ RunTime:0.000420s ]
INFO: [ view_template ] --START--
INFO: Run LocationTemplate Behavior [ RunTime:-0.000868s ]
INFO: [ view_template ] --END-- [ RunTime:0.000482s ]
INFO: [ view_parse ] --START--
INFO: Run ParseTemplate Behavior [ RunTime:-0.001374s ]
INFO: [ view_parse ] --END-- [ RunTime:0.004802s ]
INFO: [ view_filter ] --START--
INFO: Run ContentReplace Behavior [ RunTime:-0.006198s ]
INFO: Run TokenBuild Behavior [ RunTime:-0.006475s ]
INFO: Run WriteHtmlCache Behavior [ RunTime:-0.006759s ]
INFO: Run ShowRuntime Behavior [ RunTime:-0.006952s ]
INFO: [ view_filter ] --END-- [ RunTime:0.001075s ]
INFO: [ view_end ] --START--
INFO: Run ShowPageTrace Behavior [ RunTime:-0.007311s ]
INFO: [ view_end ] --END-- [ RunTime:0.000459s ]

[ 2016-07-18T21:03:18+08:00 ] 127.0.0.1 /hotel/admin.php/Layout/north?_=1468846998272
INFO: [ route_check ] --START--
INFO: Run CheckRoute Behavior [ RunTime:0.001056s ]
INFO: [ route_check ] --END-- [ RunTime:0.001128s ]
INFO: [ app_begin ] --START--
INFO: Run ReadHtmlCache Behavior [ RunTime:-0.000213s ]
INFO: [ app_begin ] --END-- [ RunTime:0.000484s ]
INFO: [ view_template ] --START--
INFO: Run LocationTemplate Behavior [ RunTime:-0.001641s ]
INFO: [ view_template ] --END-- [ RunTime:0.000493s ]
INFO: [ view_parse ] --START--
INFO: Run ParseTemplate Behavior [ RunTime:-0.002150s ]
INFO: [ view_parse ] --END-- [ RunTime:0.007051s ]
INFO: [ view_filter ] --START--
INFO: Run ContentReplace Behavior [ RunTime:-0.009245s ]
INFO: Run TokenBuild Behavior [ RunTime:-0.009697s ]
INFO: Run WriteHtmlCache Behavior [ RunTime:-0.010162s ]
INFO: Run ShowRuntime Behavior [ RunTime:-0.010526s ]
INFO: [ view_filter ] --END-- [ RunTime:0.001796s ]
INFO: [ view_end ] --START--
INFO: Run ShowPageTrace Behavior [ RunTime:-0.011073s ]
INFO: [ view_end ] --END-- [ RunTime:0.000559s ]

[ 2016-07-18T21:03:18+08:00 ] 127.0.0.1 /hotel/admin.php/Layout/west?_=1468846998282
INFO: [ route_check ] --START--
INFO: Run CheckRoute Behavior [ RunTime:0.001331s ]
INFO: [ route_check ] --END-- [ RunTime:0.001462s ]
INFO: [ app_begin ] --START--
INFO: Run ReadHtmlCache Behavior [ RunTime:-0.000306s ]
INFO: [ app_begin ] --END-- [ RunTime:0.000714s ]
INFO: [ view_template ] --START--
INFO: Run LocationTemplate Behavior [ RunTime:-0.001930s ]
INFO: [ view_template ] --END-- [ RunTime:0.000704s ]
INFO: [ view_parse ] --START--
INFO: Run ParseTemplate Behavior [ RunTime:-0.002700s ]
INFO: [ view_parse ] --END-- [ RunTime:0.008171s ]
INFO: [ view_filter ] --START--
INFO: Run ContentReplace Behavior [ RunTime:-0.010902s ]
INFO: Run TokenBuild Behavior [ RunTime:-0.011370s ]
INFO: Run WriteHtmlCache Behavior [ RunTime:-0.011823s ]
INFO: Run ShowRuntime Behavior [ RunTime:-0.012177s ]
INFO: [ view_filter ] --END-- [ RunTime:0.001854s ]
INFO: [ view_end ] --START--
INFO: Run ShowPageTrace Behavior [ RunTime:-0.012816s ]
INFO: [ view_end ] --END-- [ RunTime:0.000681s ]

[ 2016-07-18T21:03:18+08:00 ] 127.0.0.1 /hotel/admin.php/Layout/center?_=1468846998288
INFO: [ route_check ] --START--
INFO: Run CheckRoute Behavior [ RunTime:0.000619s ]
INFO: [ route_check ] --END-- [ RunTime:0.000675s ]
INFO: [ app_begin ] --START--
INFO: Run ReadHtmlCache Behavior [ RunTime:-0.000196s ]
INFO: [ app_begin ] --END-- [ RunTime:0.000464s ]
INFO: [ view_template ] --START--
INFO: Run LocationTemplate Behavior [ RunTime:-0.001412s ]
INFO: [ view_template ] --END-- [ RunTime:0.000434s ]
INFO: [ view_parse ] --START--
INFO: Run ParseTemplate Behavior [ RunTime:-0.001869s ]
INFO: [ view_parse ] --END-- [ RunTime:0.005536s ]
INFO: [ view_filter ] --START--
INFO: Run ContentReplace Behavior [ RunTime:-0.007449s ]
INFO: Run TokenBuild Behavior [ RunTime:-0.007943s ]
INFO: Run WriteHtmlCache Behavior [ RunTime:-0.008346s ]
INFO: Run ShowRuntime Behavior [ RunTime:-0.008605s ]
INFO: [ view_filter ] --END-- [ RunTime:0.001728s ]
INFO: [ view_end ] --START--
INFO: Run ShowPageTrace Behavior [ RunTime:-0.009235s ]
INFO: [ view_end ] --END-- [ RunTime:0.000764s ]

[ 2016-07-18T21:03:18+08:00 ] 127.0.0.1 /hotel/admin.php/Order/index
INFO: [ route_check ] --START--
INFO: Run CheckRoute Behavior [ RunTime:0.001473s ]
INFO: [ route_check ] --END-- [ RunTime:0.001555s ]
INFO: [ app_begin ] --START--
INFO: Run ReadHtmlCache Behavior [ RunTime:-0.000504s ]
INFO: [ app_begin ] --END-- [ RunTime:0.000565s ]
INFO: [ view_template ] --START--
INFO: Run LocationTemplate Behavior [ RunTime:-0.002635s ]
INFO: [ view_template ] --END-- [ RunTime:0.000863s ]
INFO: [ view_parse ] --START--
INFO: Run ParseTemplate Behavior [ RunTime:-0.003520s ]
INFO: [ view_parse ] --END-- [ RunTime:0.010059s ]
INFO: [ view_filter ] --START--
INFO: Run ContentReplace Behavior [ RunTime:-0.013587s ]
INFO: Run TokenBuild Behavior [ RunTime:-0.014055s ]
INFO: Run WriteHtmlCache Behavior [ RunTime:-0.014528s ]
INFO: Run ShowRuntime Behavior [ RunTime:-0.014821s ]
INFO: [ view_filter ] --END-- [ RunTime:0.001802s ]
INFO: [ view_end ] --START--
INFO: Run ShowPageTrace Behavior [ RunTime:-0.015674s ]
INFO: [ view_end ] --END-- [ RunTime:0.000757s ]

[ 2016-07-18T21:03:18+08:00 ] 127.0.0.1 /hotel/admin.php/Order/index
INFO: [ route_check ] --START--
INFO: Run CheckRoute Behavior [ RunTime:0.000644s ]
INFO: [ route_check ] --END-- [ RunTime:0.000697s ]
INFO: [ app_begin ] --START--
INFO: Run ReadHtmlCache Behavior [ RunTime:-0.000192s ]
INFO: [ app_begin ] --END-- [ RunTime:0.000449s ]
INFO: [ view_template ] --START--
INFO: Run LocationTemplate Behavior [ RunTime:-0.001632s ]
INFO: [ view_template ] --END-- [ RunTime:0.000380s ]
INFO: [ view_parse ] --START--
INFO: Run ParseTemplate Behavior [ RunTime:-0.002036s ]
INFO: [ view_parse ] --END-- [ RunTime:0.006031s ]
INFO: [ view_filter ] --START--
INFO: Run ContentReplace Behavior [ RunTime:-0.008093s ]
INFO: Run TokenBuild Behavior [ RunTime:-0.008446s ]
INFO: Run WriteHtmlCache Behavior [ RunTime:-0.008737s ]
INFO: Run ShowRuntime Behavior [ RunTime:-0.008952s ]
INFO: [ view_filter ] --END-- [ RunTime:0.001220s ]
INFO: [ view_end ] --START--
INFO: Run ShowPageTrace Behavior [ RunTime:-0.009646s ]
INFO: [ view_end ] --END-- [ RunTime:0.000706s ]

[ 2016-07-18T21:03:26+08:00 ] 127.0.0.1 /hotel/admin.php/Auser/index
INFO: [ route_check ] --START--
INFO: Run CheckRoute Behavior [ RunTime:0.001089s ]
INFO: [ route_check ] --END-- [ RunTime:0.001221s ]
INFO: [ app_begin ] --START--
INFO: Run ReadHtmlCache Behavior [ RunTime:-0.000409s ]
INFO: [ app_begin ] --END-- [ RunTime:0.000796s ]
INFO: [ view_template ] --START--
INFO: Run LocationTemplate Behavior [ RunTime:-0.057734s ]
INFO: [ view_template ] --END-- [ RunTime:0.000716s ]
INFO: [ view_parse ] --START--
INFO: Run ParseTemplate Behavior [ RunTime:-0.058472s ]
INFO: [ view_parse ] --END-- [ RunTime:0.008831s ]
INFO: [ view_filter ] --START--
INFO: Run ContentReplace Behavior [ RunTime:-0.067327s ]
INFO: Run TokenBuild Behavior [ RunTime:-0.067668s ]
INFO: Run WriteHtmlCache Behavior [ RunTime:-0.067965s ]
INFO: Run ShowRuntime Behavior [ RunTime:-0.068163s ]
INFO: [ view_filter ] --END-- [ RunTime:0.001173s ]
INFO: [ view_end ] --START--
INFO: Run ShowPageTrace Behavior [ RunTime:-0.068754s ]
INFO: [ view_end ] --END-- [ RunTime:0.000521s ]

[ 2016-07-18T21:03:26+08:00 ] 127.0.0.1 /hotel/admin.php/Auser/index
INFO: [ route_check ] --START--
INFO: Run CheckRoute Behavior [ RunTime:0.000964s ]
INFO: [ route_check ] --END-- [ RunTime:0.001055s ]
INFO: [ app_begin ] --START--
INFO: Run ReadHtmlCache Behavior [ RunTime:-0.000581s ]
INFO: [ app_begin ] --END-- [ RunTime:0.000692s ]
INFO: [ view_template ] --START--
INFO: Run LocationTemplate Behavior [ RunTime:-0.051880s ]
INFO: [ view_template ] --END-- [ RunTime:0.000625s ]
INFO: [ view_parse ] --START--
INFO: Run ParseTemplate Behavior [ RunTime:-0.052526s ]
INFO: [ view_parse ] --END-- [ RunTime:0.006684s ]
INFO: [ view_filter ] --START--
INFO: Run ContentReplace Behavior [ RunTime:-0.059235s ]
INFO: Run TokenBuild Behavior [ RunTime:-0.059694s ]
INFO: Run WriteHtmlCache Behavior [ RunTime:-0.060128s ]
INFO: Run ShowRuntime Behavior [ RunTime:-0.060515s ]
INFO: [ view_filter ] --END-- [ RunTime:0.002130s ]
INFO: [ view_end ] --START--
INFO: Run ShowPageTrace Behavior [ RunTime:-0.061789s ]
INFO: [ view_end ] --END-- [ RunTime:0.001028s ]

[ 2016-07-18T21:08:03+08:00 ] 127.0.0.1 /hotel/admin.php/Auser/index
INFO: [ route_check ] --START--
INFO: Run CheckRoute Behavior [ RunTime:0.001083s ]
INFO: [ route_check ] --END-- [ RunTime:0.001156s ]
INFO: [ app_begin ] --START--
INFO: Run ReadHtmlCache Behavior [ RunTime:-0.000673s ]
INFO: [ app_begin ] --END-- [ RunTime:0.000774s ]
INFO: [ view_template ] --START--
INFO: Run LocationTemplate Behavior [ RunTime:-0.003094s ]
INFO: [ view_template ] --END-- [ RunTime:0.000923s ]
INFO: [ view_parse ] --START--
INFO: Run ParseTemplate Behavior [ RunTime:-0.004057s ]
INFO: [ view_parse ] --END-- [ RunTime:0.010766s ]
INFO: [ view_filter ] --START--
INFO: Run ContentReplace Behavior [ RunTime:-0.014858s ]
INFO: Run TokenBuild Behavior [ RunTime:-0.015511s ]
INFO: Run WriteHtmlCache Behavior [ RunTime:-0.016052s ]
INFO: Run ShowRuntime Behavior [ RunTime:-0.016470s ]
INFO: [ view_filter ] --END-- [ RunTime:0.002331s ]
INFO: [ view_end ] --START--
INFO: Run ShowPageTrace Behavior [ RunTime:-0.017495s ]
INFO: [ view_end ] --END-- [ RunTime:0.001528s ]

[ 2016-07-18T21:09:14+08:00 ] 127.0.0.1 /hotel/admin.php/Auser/index
INFO: [ route_check ] --START--
INFO: Run CheckRoute Behavior [ RunTime:0.002832s ]
INFO: [ route_check ] --END-- [ RunTime:0.002975s ]
INFO: [ app_begin ] --START--
INFO: Run ReadHtmlCache Behavior [ RunTime:-0.000950s ]
INFO: [ app_begin ] --END-- [ RunTime:0.001620s ]
INFO: [ view_template ] --START--
INFO: Run LocationTemplate Behavior [ RunTime:-0.006568s ]
INFO: [ view_template ] --END-- [ RunTime:0.001754s ]
INFO: [ view_parse ] --START--
INFO: Run ParseTemplate Behavior [ RunTime:-0.008409s ]
INFO: [ view_parse ] --END-- [ RunTime:0.020642s ]
INFO: [ view_filter ] --START--
INFO: Run ContentReplace Behavior [ RunTime:-0.029045s ]
INFO: Run TokenBuild Behavior [ RunTime:-0.029565s ]
INFO: Run WriteHtmlCache Behavior [ RunTime:-0.030004s ]
INFO: Run ShowRuntime Behavior [ RunTime:-0.030333s ]
INFO: [ view_filter ] --END-- [ RunTime:0.001787s ]
INFO: [ view_end ] --START--
INFO: Run ShowPageTrace Behavior [ RunTime:-0.031110s ]
INFO: [ view_end ] --END-- [ RunTime:0.000902s ]

[ 2016-07-18T21:09:36+08:00 ] 127.0.0.1 /hotel/admin.php/Auser/index
INFO: [ route_check ] --START--
INFO: Run CheckRoute Behavior [ RunTime:0.002035s ]
INFO: [ route_check ] --END-- [ RunTime:0.002184s ]
INFO: [ app_begin ] --START--
INFO: Run ReadHtmlCache Behavior [ RunTime:-0.000617s ]
INFO: [ app_begin ] --END-- [ RunTime:0.001323s ]
INFO: [ view_template ] --START--
INFO: Run LocationTemplate Behavior [ RunTime:-0.003639s ]
INFO: [ view_template ] --END-- [ RunTime:0.000680s ]
INFO: [ view_parse ] --START--
INFO: Run ParseTemplate Behavior [ RunTime:-0.004351s ]
INFO: [ view_parse ] --END-- [ RunTime:0.010747s ]
INFO: [ view_filter ] --START--
INFO: Run ContentReplace Behavior [ RunTime:-0.015136s ]
INFO: Run TokenBuild Behavior [ RunTime:-0.015703s ]
INFO: Run WriteHtmlCache Behavior [ RunTime:-0.016191s ]
INFO: Run ShowRuntime Behavior [ RunTime:-0.016518s ]
INFO: [ view_filter ] --END-- [ RunTime:0.001960s ]
INFO: [ view_end ] --START--
INFO: Run ShowPageTrace Behavior [ RunTime:-0.017396s ]
INFO: [ view_end ] --END-- [ RunTime:0.001111s ]

[ 2016-07-18T21:13:46+08:00 ] 127.0.0.1 /hotel/admin.php/Auser/index
INFO: [ route_check ] --START--
INFO: Run CheckRoute Behavior [ RunTime:0.002146s ]
INFO: [ route_check ] --END-- [ RunTime:0.002306s ]
INFO: [ app_begin ] --START--
INFO: Run ReadHtmlCache Behavior [ RunTime:-0.001410s ]
INFO: [ app_begin ] --END-- [ RunTime:0.001910s ]
INFO: [ view_template ] --START--
INFO: Run LocationTemplate Behavior [ RunTime:-0.005313s ]
INFO: [ view_template ] --END-- [ RunTime:0.000892s ]
INFO: [ view_parse ] --START--
INFO: Run ParseTemplate Behavior [ RunTime:-0.006278s ]
INFO: [ view_parse ] --END-- [ RunTime:0.010162s ]
INFO: [ view_filter ] --START--
INFO: Run ContentReplace Behavior [ RunTime:-0.016443s ]
INFO: Run TokenBuild Behavior [ RunTime:-0.017063s ]
INFO: Run WriteHtmlCache Behavior [ RunTime:-0.017592s ]
INFO: Run ShowRuntime Behavior [ RunTime:-0.017993s ]
INFO: [ view_filter ] --END-- [ RunTime:0.002150s ]
INFO: [ view_end ] --START--
INFO: Run ShowPageTrace Behavior [ RunTime:-0.018926s ]
INFO: [ view_end ] --END-- [ RunTime:0.000920s ]

[ 2016-07-18T21:18:28+08:00 ] 127.0.0.1 /hotel/admin.php/Auser/index
INFO: [ route_check ] --START--
INFO: Run CheckRoute Behavior [ RunTime:0.002109s ]
INFO: [ route_check ] --END-- [ RunTime:0.002208s ]
INFO: [ app_begin ] --START--
INFO: Run ReadHtmlCache Behavior [ RunTime:-0.000670s ]
INFO: [ app_begin ] --END-- [ RunTime:0.001017s ]
INFO: [ view_template ] --START--
INFO: Run LocationTemplate Behavior [ RunTime:-0.004552s ]
INFO: [ view_template ] --END-- [ RunTime:0.001263s ]
INFO: [ view_parse ] --START--
INFO: Run ParseTemplate Behavior [ RunTime:-0.005843s ]
INFO: [ view_parse ] --END-- [ RunTime:0.011810s ]
INFO: [ view_filter ] --START--
INFO: Run ContentReplace Behavior [ RunTime:-0.017659s ]
INFO: Run TokenBuild Behavior [ RunTime:-0.018078s ]
INFO: Run WriteHtmlCache Behavior [ RunTime:-0.018478s ]
INFO: Run ShowRuntime Behavior [ RunTime:-0.018757s ]
INFO: [ view_filter ] --END-- [ RunTime:0.001528s ]
INFO: [ view_end ] --START--
INFO: Run ShowPageTrace Behavior [ RunTime:-0.019427s ]
INFO: [ view_end ] --END-- [ RunTime:0.000611s ]

[ 2016-07-18T23:02:07+08:00 ] 127.0.0.1 /hotel/admin.php/Auser/index
INFO: [ route_check ] --START--
INFO: Run CheckRoute Behavior [ RunTime:0.002117s ]
INFO: [ route_check ] --END-- [ RunTime:0.002249s ]
INFO: [ app_begin ] --START--
INFO: Run ReadHtmlCache Behavior [ RunTime:-0.001029s ]
INFO: [ app_begin ] --END-- [ RunTime:0.001507s ]
INFO: [ view_template ] --START--
INFO: Run LocationTemplate Behavior [ RunTime:-0.004034s ]
INFO: [ view_template ] --END-- [ RunTime:0.000568s ]
INFO: [ view_parse ] --START--
INFO: Run ParseTemplate Behavior [ RunTime:-0.004723s ]
INFO: [ view_parse ] --END-- [ RunTime:0.006748s ]
INFO: [ view_filter ] --START--
INFO: Run ContentReplace Behavior [ RunTime:-0.011488s ]
INFO: Run TokenBuild Behavior [ RunTime:-0.012171s ]
INFO: Run WriteHtmlCache Behavior [ RunTime:-0.012546s ]
INFO: Run ShowRuntime Behavior [ RunTime:-0.012852s ]
INFO: [ view_filter ] --END-- [ RunTime:0.001784s ]
INFO: [ view_end ] --START--
INFO: Run ShowPageTrace Behavior [ RunTime:-0.013492s ]
INFO: [ view_end ] --END-- [ RunTime:0.000981s ]

[ 2016-07-18T23:14:28+08:00 ] 127.0.0.1 /hotel/admin.php/Auser/index
INFO: [ route_check ] --START--
INFO: Run CheckRoute Behavior [ RunTime:0.002184s ]
INFO: [ route_check ] --END-- [ RunTime:0.002357s ]
INFO: [ app_begin ] --START--
INFO: Run ReadHtmlCache Behavior [ RunTime:-0.001066s ]
INFO: [ app_begin ] --END-- [ RunTime:0.000995s ]
INFO: [ view_template ] --START--
INFO: Run LocationTemplate Behavior [ RunTime:-0.003255s ]
INFO: [ view_template ] --END-- [ RunTime:0.000639s ]
INFO: [ view_parse ] --START--
INFO: Run ParseTemplate Behavior [ RunTime:-0.003918s ]
INFO: [ view_parse ] --END-- [ RunTime:0.007991s ]
INFO: [ view_filter ] --START--
INFO: Run ContentReplace Behavior [ RunTime:-0.011932s ]
INFO: Run TokenBuild Behavior [ RunTime:-0.012360s ]
INFO: Run WriteHtmlCache Behavior [ RunTime:-0.012733s ]
INFO: Run ShowRuntime Behavior [ RunTime:-0.013003s ]
INFO: [ view_filter ] --END-- [ RunTime:0.001580s ]
INFO: [ view_end ] --START--
INFO: Run ShowPageTrace Behavior [ RunTime:-0.013795s ]
INFO: [ view_end ] --END-- [ RunTime:0.000675s ]

[ 2016-07-18T23:16:17+08:00 ] 127.0.0.1 /hotel/admin.php/Auser/index
INFO: [ route_check ] --START--
INFO: Run CheckRoute Behavior [ RunTime:0.000859s ]
INFO: [ route_check ] --END-- [ RunTime:0.000935s ]
INFO: [ app_begin ] --START--
INFO: Run ReadHtmlCache Behavior [ RunTime:-0.000423s ]
INFO: [ app_begin ] --END-- [ RunTime:0.000761s ]
INFO: [ view_template ] --START--
INFO: Run LocationTemplate Behavior [ RunTime:-0.002438s ]
INFO: [ view_template ] --END-- [ RunTime:0.000968s ]
INFO: [ view_parse ] --START--
INFO: Run ParseTemplate Behavior [ RunTime:-0.003459s ]
INFO: [ view_parse ] --END-- [ RunTime:0.011364s ]
INFO: [ view_filter ] --START--
INFO: Run ContentReplace Behavior [ RunTime:-0.014854s ]
INFO: Run TokenBuild Behavior [ RunTime:-0.015672s ]
INFO: Run WriteHtmlCache Behavior [ RunTime:-0.016251s ]
INFO: Run ShowRuntime Behavior [ RunTime:-0.016631s ]
INFO: [ view_filter ] --END-- [ RunTime:0.002348s ]
INFO: [ view_end ] --START--
INFO: Run ShowPageTrace Behavior [ RunTime:-0.017536s ]
INFO: [ view_end ] --END-- [ RunTime:0.001038s ]

[ 2016-07-18T23:19:05+08:00 ] 127.0.0.1 /hotel/admin.php/Auser/index
INFO: [ route_check ] --START--
INFO: Run CheckRoute Behavior [ RunTime:0.002215s ]
INFO: [ route_check ] --END-- [ RunTime:0.002403s ]
INFO: [ app_begin ] --START--
INFO: Run ReadHtmlCache Behavior [ RunTime:-0.000922s ]
INFO: [ app_begin ] --END-- [ RunTime:0.001440s ]
INFO: [ view_template ] --START--
INFO: Run LocationTemplate Behavior [ RunTime:-0.004867s ]
INFO: [ view_template ] --END-- [ RunTime:0.001131s ]
INFO: [ view_parse ] --START--
INFO: Run ParseTemplate Behavior [ RunTime:-0.006021s ]
INFO: [ view_parse ] --END-- [ RunTime:0.012660s ]
INFO: [ view_filter ] --START--
INFO: Run ContentReplace Behavior [ RunTime:-0.018721s ]
INFO: Run TokenBuild Behavior [ RunTime:-0.019511s ]
INFO: Run WriteHtmlCache Behavior [ RunTime:-0.020163s ]
INFO: Run ShowRuntime Behavior [ RunTime:-0.020646s ]
INFO: [ view_filter ] --END-- [ RunTime:0.002643s ]
INFO: [ view_end ] --START--
INFO: Run ShowPageTrace Behavior [ RunTime:-0.021750s ]
INFO: [ view_end ] --END-- [ RunTime:0.001211s ]

[ 2016-07-18T23:23:05+08:00 ] 127.0.0.1 /hotel/admin.php/Index/login
INFO: [ route_check ] --START--
INFO: Run CheckRoute Behavior [ RunTime:0.000908s ]
INFO: [ route_check ] --END-- [ RunTime:0.000969s ]
INFO: [ app_begin ] --START--
INFO: Run ReadHtmlCache Behavior [ RunTime:-0.000337s ]
INFO: [ app_begin ] --END-- [ RunTime:0.000511s ]
INFO: [ view_template ] --START--
INFO: Run LocationTemplate Behavior [ RunTime:-0.001875s ]
INFO: [ view_template ] --END-- [ RunTime:0.000401s ]
INFO: [ view_parse ] --START--
INFO: Run ParseTemplate Behavior [ RunTime:-0.002298s ]
INFO: [ view_parse ] --END-- [ RunTime:0.005682s ]
INFO: [ view_filter ] --START--
INFO: Run ContentReplace Behavior [ RunTime:-0.008010s ]
INFO: Run TokenBuild Behavior [ RunTime:-0.008457s ]
INFO: Run WriteHtmlCache Behavior [ RunTime:-0.008847s ]
INFO: Run ShowRuntime Behavior [ RunTime:-0.009324s ]
INFO: [ view_filter ] --END-- [ RunTime:0.001876s ]
INFO: [ view_end ] --START--
INFO: Run ShowPageTrace Behavior [ RunTime:-0.009921s ]
INFO: [ view_end ] --END-- [ RunTime:0.000605s ]

[ 2016-07-18T23:23:17+08:00 ] 127.0.0.1 /hotel/admin.php
INFO: [ app_begin ] --START--
INFO: Run ReadHtmlCache Behavior [ RunTime:0.000389s ]
INFO: [ app_begin ] --END-- [ RunTime:0.000436s ]
INFO: [ view_template ] --START--
INFO: Run LocationTemplate Behavior [ RunTime:-0.000694s ]
INFO: [ view_template ] --END-- [ RunTime:0.000640s ]
INFO: [ view_parse ] --START--
INFO: Run ParseTemplate Behavior [ RunTime:-0.001357s ]
INFO: [ view_parse ] --END-- [ RunTime:0.005355s ]
INFO: [ view_filter ] --START--
INFO: Run ContentReplace Behavior [ RunTime:-0.006740s ]
INFO: Run TokenBuild Behavior [ RunTime:-0.007172s ]
INFO: Run WriteHtmlCache Behavior [ RunTime:-0.007640s ]
INFO: Run ShowRuntime Behavior [ RunTime:-0.008143s ]
INFO: [ view_filter ] --END-- [ RunTime:0.002128s ]
INFO: [ view_end ] --START--
INFO: Run ShowPageTrace Behavior [ RunTime:-0.008916s ]
INFO: [ view_end ] --END-- [ RunTime:0.000896s ]

[ 2016-07-18T23:23:17+08:00 ] 127.0.0.1 /hotel/admin.php/Layout/north?_=1468855397774
INFO: [ route_check ] --START--
INFO: Run CheckRoute Behavior [ RunTime:0.000634s ]
INFO: [ route_check ] --END-- [ RunTime:0.000698s ]
INFO: [ app_begin ] --START--
INFO: Run ReadHtmlCache Behavior [ RunTime:-0.000213s ]
INFO: [ app_begin ] --END-- [ RunTime:0.000483s ]
INFO: [ view_template ] --START--
INFO: Run LocationTemplate Behavior [ RunTime:-0.001618s ]
INFO: [ view_template ] --END-- [ RunTime:0.000531s ]
INFO: [ view_parse ] --START--
INFO: Run ParseTemplate Behavior [ RunTime:-0.002172s ]
INFO: [ view_parse ] --END-- [ RunTime:0.005994s ]
INFO: [ view_filter ] --START--
INFO: Run ContentReplace Behavior [ RunTime:-0.008190s ]
INFO: Run TokenBuild Behavior [ RunTime:-0.008516s ]
INFO: Run WriteHtmlCache Behavior [ RunTime:-0.008823s ]
INFO: Run ShowRuntime Behavior [ RunTime:-0.009049s ]
INFO: [ view_filter ] --END-- [ RunTime:0.001237s ]
INFO: [ view_end ] --START--
INFO: Run ShowPageTrace Behavior [ RunTime:-0.009465s ]
INFO: [ view_end ] --END-- [ RunTime:0.000514s ]

[ 2016-07-18T23:23:17+08:00 ] 127.0.0.1 /hotel/admin.php/Layout/west?_=1468855397784
INFO: [ route_check ] --START--
INFO: Run CheckRoute Behavior [ RunTime:0.000614s ]
INFO: [ route_check ] --END-- [ RunTime:0.000675s ]
INFO: [ app_begin ] --START--
INFO: Run ReadHtmlCache Behavior [ RunTime:-0.000193s ]
INFO: [ app_begin ] --END-- [ RunTime:0.000491s ]
INFO: [ view_template ] --START--
INFO: Run LocationTemplate Behavior [ RunTime:-0.001628s ]
INFO: [ view_template ] --END-- [ RunTime:0.000533s ]
INFO: [ view_parse ] --START--
INFO: Run ParseTemplate Behavior [ RunTime:-0.002196s ]
INFO: [ view_parse ] --END-- [ RunTime:0.008822s ]
INFO: [ view_filter ] --START--
INFO: Run ContentReplace Behavior [ RunTime:-0.011098s ]
INFO: Run TokenBuild Behavior [ RunTime:-0.011938s ]
INFO: Run WriteHtmlCache Behavior [ RunTime:-0.012898s ]
INFO: Run ShowRuntime Behavior [ RunTime:-0.013618s ]
INFO: [ view_filter ] --END-- [ RunTime:0.003460s ]
INFO: [ view_end ] --START--
INFO: Run ShowPageTrace Behavior [ RunTime:-0.014660s ]
INFO: [ view_end ] --END-- [ RunTime:0.001213s ]

[ 2016-07-18T23:23:17+08:00 ] 127.0.0.1 /hotel/admin.php/Layout/center?_=1468855397789
INFO: [ route_check ] --START--
INFO: Run CheckRoute Behavior [ RunTime:0.000696s ]
INFO: [ route_check ] --END-- [ RunTime:0.000756s ]
INFO: [ app_begin ] --START--
INFO: Run ReadHtmlCache Behavior [ RunTime:-0.000204s ]
INFO: [ app_begin ] --END-- [ RunTime:0.000605s ]
INFO: [ view_template ] --START--
INFO: Run LocationTemplate Behavior [ RunTime:-0.002136s ]
INFO: [ view_template ] --END-- [ RunTime:0.000538s ]
INFO: [ view_parse ] --START--
INFO: Run ParseTemplate Behavior [ RunTime:-0.002695s ]
INFO: [ view_parse ] --END-- [ RunTime:0.005503s ]
INFO: [ view_filter ] --START--
INFO: Run ContentReplace Behavior [ RunTime:-0.008242s ]
INFO: Run TokenBuild Behavior [ RunTime:-0.008627s ]
INFO: Run WriteHtmlCache Behavior [ RunTime:-0.008948s ]
INFO: Run ShowRuntime Behavior [ RunTime:-0.009182s ]
INFO: [ view_filter ] --END-- [ RunTime:0.001333s ]
INFO: [ view_end ] --START--
INFO: Run ShowPageTrace Behavior [ RunTime:-0.009607s ]
INFO: [ view_end ] --END-- [ RunTime:0.000498s ]

[ 2016-07-18T23:23:17+08:00 ] 127.0.0.1 /hotel/admin.php/Order/index
INFO: [ route_check ] --START--
INFO: Run CheckRoute Behavior [ RunTime:0.000932s ]
INFO: [ route_check ] --END-- [ RunTime:0.001018s ]
INFO: [ app_begin ] --START--
INFO: Run ReadHtmlCache Behavior [ RunTime:-0.000312s ]
INFO: [ app_begin ] --END-- [ RunTime:0.000719s ]
INFO: [ view_template ] --START--
INFO: Run LocationTemplate Behavior [ RunTime:-0.003032s ]
INFO: [ view_template ] --END-- [ RunTime:0.001055s ]
INFO: [ view_parse ] --START--
INFO: Run ParseTemplate Behavior [ RunTime:-0.004249s ]
INFO: [ view_parse ] --END-- [ RunTime:0.011064s ]
INFO: [ view_filter ] --START--
INFO: Run ContentReplace Behavior [ RunTime:-0.015291s ]
INFO: Run TokenBuild Behavior [ RunTime:-0.015882s ]
INFO: Run WriteHtmlCache Behavior [ RunTime:-0.016404s ]
INFO: Run ShowRuntime Behavior [ RunTime:-0.016722s ]
INFO: [ view_filter ] --END-- [ RunTime:0.001813s ]
INFO: [ view_end ] --START--
INFO: Run ShowPageTrace Behavior [ RunTime:-0.017322s ]
INFO: [ view_end ] --END-- [ RunTime:0.000499s ]

[ 2016-07-18T23:23:18+08:00 ] 127.0.0.1 /hotel/admin.php/Order/index
INFO: [ route_check ] --START--
INFO: Run CheckRoute Behavior [ RunTime:0.000820s ]
INFO: [ route_check ] --END-- [ RunTime:0.000888s ]
INFO: [ app_begin ] --START--
INFO: Run ReadHtmlCache Behavior [ RunTime:-0.000256s ]
INFO: [ app_begin ] --END-- [ RunTime:0.000632s ]
INFO: [ view_template ] --START--
INFO: Run LocationTemplate Behavior [ RunTime:-0.002503s ]
INFO: [ view_template ] --END-- [ RunTime:0.000812s ]
INFO: [ view_parse ] --START--
INFO: Run ParseTemplate Behavior [ RunTime:-0.003352s ]
INFO: [ view_parse ] --END-- [ RunTime:0.010093s ]
INFO: [ view_filter ] --START--
INFO: Run ContentReplace Behavior [ RunTime:-0.013482s ]
INFO: Run TokenBuild Behavior [ RunTime:-0.014020s ]
INFO: Run WriteHtmlCache Behavior [ RunTime:-0.014449s ]
INFO: Run ShowRuntime Behavior [ RunTime:-0.014758s ]
INFO: [ view_filter ] --END-- [ RunTime:0.001942s ]
INFO: [ view_end ] --START--
INFO: Run ShowPageTrace Behavior [ RunTime:-0.015770s ]
INFO: [ view_end ] --END-- [ RunTime:0.000778s ]

[ 2016-07-18T23:23:37+08:00 ] 127.0.0.1 /hotel/admin.php/Goods/index
INFO: [ route_check ] --START--
INFO: Run CheckRoute Behavior [ RunTime:0.000976s ]
INFO: [ route_check ] --END-- [ RunTime:0.001045s ]
INFO: [ app_begin ] --START--
INFO: Run ReadHtmlCache Behavior [ RunTime:-0.000442s ]
INFO: [ app_begin ] --END-- [ RunTime:0.000667s ]
INFO: [ view_template ] --START--
INFO: Run LocationTemplate Behavior [ RunTime:-0.002749s ]
INFO: [ view_template ] --END-- [ RunTime:0.000859s ]
INFO: [ view_parse ] --START--
INFO: Run ParseTemplate Behavior [ RunTime:-0.003641s ]
INFO: [ view_parse ] --END-- [ RunTime:0.010370s ]
INFO: [ view_filter ] --START--
INFO: Run ContentReplace Behavior [ RunTime:-0.014284s ]
INFO: Run TokenBuild Behavior [ RunTime:-0.016841s ]
INFO: Run WriteHtmlCache Behavior [ RunTime:-0.017974s ]
INFO: Run ShowRuntime Behavior [ RunTime:-0.018755s ]
INFO: [ view_filter ] --END-- [ RunTime:0.005848s ]
INFO: [ view_end ] --START--
INFO: Run ShowPageTrace Behavior [ RunTime:-0.020836s ]
INFO: [ view_end ] --END-- [ RunTime:0.002811s ]

[ 2016-07-18T23:23:37+08:00 ] 127.0.0.1 /hotel/admin.php/Goods/index
INFO: [ route_check ] --START--
INFO: Run CheckRoute Behavior [ RunTime:0.000733s ]
INFO: [ route_check ] --END-- [ RunTime:0.000794s ]
INFO: [ app_begin ] --START--
INFO: Run ReadHtmlCache Behavior [ RunTime:-0.000238s ]
INFO: [ app_begin ] --END-- [ RunTime:0.000556s ]
INFO: [ view_template ] --START--
INFO: Run LocationTemplate Behavior [ RunTime:-0.001940s ]
INFO: [ view_template ] --END-- [ RunTime:0.000472s ]
INFO: [ view_parse ] --START--
INFO: Run ParseTemplate Behavior [ RunTime:-0.002442s ]
INFO: [ view_parse ] --END-- [ RunTime:0.007400s ]
INFO: [ view_filter ] --START--
INFO: Run ContentReplace Behavior [ RunTime:-0.009870s ]
INFO: Run TokenBuild Behavior [ RunTime:-0.010298s ]
INFO: Run WriteHtmlCache Behavior [ RunTime:-0.010678s ]
INFO: Run ShowRuntime Behavior [ RunTime:-0.011216s ]
INFO: [ view_filter ] --END-- [ RunTime:0.002136s ]
INFO: [ view_end ] --START--
INFO: Run ShowPageTrace Behavior [ RunTime:-0.012243s ]
INFO: [ view_end ] --END-- [ RunTime:0.000682s ]

[ 2016-07-18T23:23:39+08:00 ] 127.0.0.1 /hotel/admin.php/Goods/addpd
INFO: [ route_check ] --START--
INFO: Run CheckRoute Behavior [ RunTime:0.000703s ]
INFO: [ route_check ] --END-- [ RunTime:0.000763s ]
INFO: [ app_begin ] --START--
INFO: Run ReadHtmlCache Behavior [ RunTime:-0.000218s ]
INFO: [ app_begin ] --END-- [ RunTime:0.000551s ]
NOTIC: [8] Undefined index: pid D:\Hotel\Apache\htdocs\hotel\Admin\Lib\Action\GoodsAction.class.php 第 88 行.
INFO: [ view_template ] --START--
INFO: Run LocationTemplate Behavior [ RunTime:-0.001945s ]
INFO: [ view_template ] --END-- [ RunTime:0.000538s ]
INFO: [ view_parse ] --START--
INFO: Run ParseTemplate Behavior [ RunTime:-0.002519s ]
INFO: [ view_parse ] --END-- [ RunTime:0.007731s ]
INFO: [ view_filter ] --START--
INFO: Run ContentReplace Behavior [ RunTime:-0.010273s ]
INFO: Run TokenBuild Behavior [ RunTime:-0.010663s ]
INFO: Run WriteHtmlCache Behavior [ RunTime:-0.011095s ]
INFO: Run ShowRuntime Behavior [ RunTime:-0.011532s ]
INFO: [ view_filter ] --END-- [ RunTime:0.002241s ]
INFO: [ view_end ] --START--
INFO: Run ShowPageTrace Behavior [ RunTime:-0.012650s ]
INFO: [ view_end ] --END-- [ RunTime:0.001209s ]

[ 2016-07-18T23:23:40+08:00 ] 127.0.0.1 /hotel/admin.php/Goods/
INFO: [ route_check ] --START--
INFO: Run CheckRoute Behavior [ RunTime:0.002274s ]
INFO: [ route_check ] --END-- [ RunTime:0.002406s ]
INFO: [ app_begin ] --START--
INFO: Run ReadHtmlCache Behavior [ RunTime:-0.000522s ]
INFO: [ app_begin ] --END-- [ RunTime:0.001244s ]
INFO: [ view_template ] --START--
INFO: Run LocationTemplate Behavior [ RunTime:-0.004439s ]
INFO: [ view_template ] --END-- [ RunTime:0.001412s ]
INFO: [ view_parse ] --START--
INFO: Run ParseTemplate Behavior [ RunTime:-0.005863s ]
INFO: [ view_parse ] --END-- [ RunTime:0.007826s ]
INFO: [ view_filter ] --START--
INFO: Run ContentReplace Behavior [ RunTime:-0.013715s ]
INFO: Run TokenBuild Behavior [ RunTime:-0.014128s ]
INFO: Run WriteHtmlCache Behavior [ RunTime:-0.014485s ]
INFO: Run ShowRuntime Behavior [ RunTime:-0.014744s ]
INFO: [ view_filter ] --END-- [ RunTime:0.001468s ]
INFO: [ view_end ] --START--
INFO: Run ShowPageTrace Behavior [ RunTime:-0.015437s ]
INFO: [ view_end ] --END-- [ RunTime:0.000621s ]

[ 2016-07-18T23:24:02+08:00 ] 127.0.0.1 /hotel/admin.php/Goods/uploadify
INFO: [ route_check ] --START--
INFO: Run CheckRoute Behavior [ RunTime:0.001242s ]
INFO: [ route_check ] --END-- [ RunTime:0.001347s ]
INFO: [ app_begin ] --START--
INFO: Run ReadHtmlCache Behavior [ RunTime:-0.000392s ]
INFO: [ app_begin ] --END-- [ RunTime:0.001001s ]
NOTIC: [8] Undefined property: UploadFile::$zipImags D:\Hotel\Apache\htdocs\hotel\ThinkPHP\Extend\Library\ORG\Net\UploadFile.class.php 第 172 行.

[ 2016-07-18T23:24:02+08:00 ] ERR: (ThinkException) 非法操作:﻿
[ 2016-07-18T23:24:14+08:00 ] 127.0.0.1 /hotel/admin.php/Goods/index
INFO: [ route_check ] --START--
INFO: Run CheckRoute Behavior [ RunTime:0.000533s ]
INFO: [ route_check ] --END-- [ RunTime:0.000580s ]
INFO: [ app_begin ] --START--
INFO: Run ReadHtmlCache Behavior [ RunTime:-0.000166s ]
INFO: [ app_begin ] --END-- [ RunTime:0.000395s ]
INFO: [ view_template ] --START--
INFO: Run LocationTemplate Behavior [ RunTime:-0.001631s ]
INFO: [ view_template ] --END-- [ RunTime:0.000612s ]
INFO: [ view_parse ] --START--
INFO: Run ParseTemplate Behavior [ RunTime:-0.002261s ]
INFO: [ view_parse ] --END-- [ RunTime:0.005965s ]
INFO: [ view_filter ] --START--
INFO: Run ContentReplace Behavior [ RunTime:-0.008250s ]
INFO: Run TokenBuild Behavior [ RunTime:-0.008565s ]
INFO: Run WriteHtmlCache Behavior [ RunTime:-0.008838s ]
INFO: Run ShowRuntime Behavior [ RunTime:-0.009096s ]
INFO: [ view_filter ] --END-- [ RunTime:0.001251s ]
INFO: [ view_end ] --START--
INFO: Run ShowPageTrace Behavior [ RunTime:-0.009763s ]
INFO: [ view_end ] --END-- [ RunTime:0.000956s ]

[ 2016-07-18T23:28:01+08:00 ] 127.0.0.1 /hotel/admin.php/Index/login
INFO: [ route_check ] --START--
INFO: Run CheckRoute Behavior [ RunTime:0.000536s ]
INFO: [ route_check ] --END-- [ RunTime:0.000583s ]
INFO: [ app_begin ] --START--
INFO: Run ReadHtmlCache Behavior [ RunTime:-0.000195s ]
INFO: [ app_begin ] --END-- [ RunTime:0.000401s ]
INFO: [ view_template ] --START--
INFO: Run LocationTemplate Behavior [ RunTime:-0.001520s ]
INFO: [ view_template ] --END-- [ RunTime:0.000359s ]
INFO: [ view_parse ] --START--
INFO: Run ParseTemplate Behavior [ RunTime:-0.001902s ]
INFO: [ view_parse ] --END-- [ RunTime:0.005402s ]
INFO: [ view_filter ] --START--
INFO: Run ContentReplace Behavior [ RunTime:-0.007336s ]
INFO: Run TokenBuild Behavior [ RunTime:-0.007689s ]
INFO: Run WriteHtmlCache Behavior [ RunTime:-0.008025s ]
INFO: Run ShowRuntime Behavior [ RunTime:-0.008508s ]
INFO: [ view_filter ] --END-- [ RunTime:0.001666s ]
INFO: [ view_end ] --START--
INFO: Run ShowPageTrace Behavior [ RunTime:-0.009049s ]
INFO: [ view_end ] --END-- [ RunTime:0.000590s ]

[ 2016-07-18T23:28:11+08:00 ] 127.0.0.1 /hotel/admin.php
INFO: [ app_begin ] --START--
INFO: Run ReadHtmlCache Behavior [ RunTime:0.000369s ]
INFO: [ app_begin ] --END-- [ RunTime:0.000415s ]
INFO: [ view_template ] --START--
INFO: Run LocationTemplate Behavior [ RunTime:-0.000713s ]
INFO: [ view_template ] --END-- [ RunTime:0.000581s ]
INFO: [ view_parse ] --START--
INFO: Run ParseTemplate Behavior [ RunTime:-0.001320s ]
INFO: [ view_parse ] --END-- [ RunTime:0.007571s ]
INFO: [ view_filter ] --START--
INFO: Run ContentReplace Behavior [ RunTime:-0.008920s ]
INFO: Run TokenBuild Behavior [ RunTime:-0.009350s ]
INFO: Run WriteHtmlCache Behavior [ RunTime:-0.009767s ]
INFO: Run ShowRuntime Behavior [ RunTime:-0.010087s ]
INFO: [ view_filter ] --END-- [ RunTime:0.001634s ]
INFO: [ view_end ] --START--
INFO: Run ShowPageTrace Behavior [ RunTime:-0.010596s ]
INFO: [ view_end ] --END-- [ RunTime:0.001307s ]

[ 2016-07-18T23:28:11+08:00 ] 127.0.0.1 /hotel/admin.php/Layout/north?_=1468855691849
INFO: [ route_check ] --START--
INFO: Run CheckRoute Behavior [ RunTime:0.000668s ]
INFO: [ route_check ] --END-- [ RunTime:0.000730s ]
INFO: [ app_begin ] --START--
INFO: Run ReadHtmlCache Behavior [ RunTime:-0.000200s ]
INFO: [ app_begin ] --END-- [ RunTime:0.000501s ]
INFO: [ view_template ] --START--
INFO: Run LocationTemplate Behavior [ RunTime:-0.001665s ]
INFO: [ view_template ] --END-- [ RunTime:0.000543s ]
INFO: [ view_parse ] --START--
INFO: Run ParseTemplate Behavior [ RunTime:-0.002242s ]
INFO: [ view_parse ] --END-- [ RunTime:0.005630s ]
INFO: [ view_filter ] --START--
INFO: Run ContentReplace Behavior [ RunTime:-0.007890s ]
INFO: Run TokenBuild Behavior [ RunTime:-0.008222s ]
INFO: Run WriteHtmlCache Behavior [ RunTime:-0.008536s ]
INFO: Run ShowRuntime Behavior [ RunTime:-0.008760s ]
INFO: [ view_filter ] --END-- [ RunTime:0.001257s ]
INFO: [ view_end ] --START--
INFO: Run ShowPageTrace Behavior [ RunTime:-0.009187s ]
INFO: [ view_end ] --END-- [ RunTime:0.000503s ]

[ 2016-07-18T23:28:11+08:00 ] 127.0.0.1 /hotel/admin.php/Layout/west?_=1468855691854
INFO: [ route_check ] --START--
INFO: Run CheckRoute Behavior [ RunTime:0.001126s ]
INFO: [ route_check ] --END-- [ RunTime:0.001216s ]
INFO: [ app_begin ] --START--
INFO: Run ReadHtmlCache Behavior [ RunTime:-0.000267s ]
INFO: [ app_begin ] --END-- [ RunTime:0.000723s ]
INFO: [ view_template ] --START--
INFO: Run LocationTemplate Behavior [ RunTime:-0.002427s ]
INFO: [ view_template ] --END-- [ RunTime:0.000889s ]
INFO: [ view_parse ] --START--
INFO: Run ParseTemplate Behavior [ RunTime:-0.003350s ]
INFO: [ view_parse ] --END-- [ RunTime:0.008233s ]
INFO: [ view_filter ] --START--
INFO: Run ContentReplace Behavior [ RunTime:-0.011605s ]
INFO: Run TokenBuild Behavior [ RunTime:-0.011930s ]
INFO: Run WriteHtmlCache Behavior [ RunTime:-0.012244s ]
INFO: Run ShowRuntime Behavior [ RunTime:-0.012476s ]
INFO: [ view_filter ] --END-- [ RunTime:0.001272s ]
INFO: [ view_end ] --START--
INFO: Run ShowPageTrace Behavior [ RunTime:-0.012917s ]
INFO: [ view_end ] --END-- [ RunTime:0.000572s ]

[ 2016-07-18T23:28:11+08:00 ] 127.0.0.1 /hotel/admin.php/Layout/center?_=1468855691862
INFO: [ route_check ] --START--
INFO: Run CheckRoute Behavior [ RunTime:0.000684s ]
INFO: [ route_check ] --END-- [ RunTime:0.000754s ]
INFO: [ app_begin ] --START--
INFO: Run ReadHtmlCache Behavior [ RunTime:-0.000193s ]
INFO: [ app_begin ] --END-- [ RunTime:0.000470s ]
INFO: [ view_template ] --START--
INFO: Run LocationTemplate Behavior [ RunTime:-0.001484s ]
INFO: [ view_template ] --END-- [ RunTime:0.000527s ]
INFO: [ view_parse ] --START--
INFO: Run ParseTemplate Behavior [ RunTime:-0.002035s ]
INFO: [ view_parse ] --END-- [ RunTime:0.009690s ]
INFO: [ view_filter ] --START--
INFO: Run ContentReplace Behavior [ RunTime:-0.011768s ]
INFO: Run TokenBuild Behavior [ RunTime:-0.012157s ]
INFO: Run WriteHtmlCache Behavior [ RunTime:-0.012466s ]
INFO: Run ShowRuntime Behavior [ RunTime:-0.012725s ]
INFO: [ view_filter ] --END-- [ RunTime:0.001536s ]
INFO: [ view_end ] --START--
INFO: Run ShowPageTrace Behavior [ RunTime:-0.013368s ]
INFO: [ view_end ] --END-- [ RunTime:0.000866s ]

[ 2016-07-18T23:28:12+08:00 ] 127.0.0.1 /hotel/admin.php/Order/index
INFO: [ route_check ] --START--
INFO: Run CheckRoute Behavior [ RunTime:0.000627s ]
INFO: [ route_check ] --END-- [ RunTime:0.000683s ]
INFO: [ app_begin ] --START--
INFO: Run ReadHtmlCache Behavior [ RunTime:-0.000196s ]
INFO: [ app_begin ] --END-- [ RunTime:0.000470s ]
INFO: [ view_template ] --START--
INFO: Run LocationTemplate Behavior [ RunTime:-0.001856s ]
INFO: [ view_template ] --END-- [ RunTime:0.000869s ]
INFO: [ view_parse ] --START--
INFO: Run ParseTemplate Behavior [ RunTime:-0.002779s ]
INFO: [ view_parse ] --END-- [ RunTime:0.011430s ]
INFO: [ view_filter ] --START--
INFO: Run ContentReplace Behavior [ RunTime:-0.014231s ]
INFO: Run TokenBuild Behavior [ RunTime:-0.014633s ]
INFO: Run WriteHtmlCache Behavior [ RunTime:-0.014942s ]
INFO: Run ShowRuntime Behavior [ RunTime:-0.015167s ]
INFO: [ view_filter ] --END-- [ RunTime:0.001312s ]
INFO: [ view_end ] --START--
INFO: Run ShowPageTrace Behavior [ RunTime:-0.015776s ]
INFO: [ view_end ] --END-- [ RunTime:0.000517s ]

[ 2016-07-18T23:28:12+08:00 ] 127.0.0.1 /hotel/admin.php/Order/index
INFO: [ route_check ] --START--
INFO: Run CheckRoute Behavior [ RunTime:0.001790s ]
INFO: [ route_check ] --END-- [ RunTime:0.001956s ]
INFO: [ app_begin ] --START--
INFO: Run ReadHtmlCache Behavior [ RunTime:-0.000538s ]
INFO: [ app_begin ] --END-- [ RunTime:0.001208s ]
INFO: [ view_template ] --START--
INFO: Run LocationTemplate Behavior [ RunTime:-0.004768s ]
INFO: [ view_template ] --END-- [ RunTime:0.001152s ]
INFO: [ view_parse ] --START--
INFO: Run ParseTemplate Behavior [ RunTime:-0.005943s ]
INFO: [ view_parse ] --END-- [ RunTime:0.011042s ]
INFO: [ view_filter ] --START--
INFO: Run ContentReplace Behavior [ RunTime:-0.017024s ]
INFO: Run TokenBuild Behavior [ RunTime:-0.017573s ]
INFO: Run WriteHtmlCache Behavior [ RunTime:-0.018023s ]
INFO: Run ShowRuntime Behavior [ RunTime:-0.018355s ]
INFO: [ view_filter ] --END-- [ RunTime:0.001944s ]
INFO: [ view_end ] --START--
INFO: Run ShowPageTrace Behavior [ RunTime:-0.019302s ]
INFO: [ view_end ] --END-- [ RunTime:0.000983s ]

[ 2016-07-18T23:28:18+08:00 ] 127.0.0.1 /hotel/admin.php/Auser/index
INFO: [ route_check ] --START--
INFO: Run CheckRoute Behavior [ RunTime:0.000902s ]
INFO: [ route_check ] --END-- [ RunTime:0.000985s ]
INFO: [ app_begin ] --START--
INFO: Run ReadHtmlCache Behavior [ RunTime:-0.000286s ]
INFO: [ app_begin ] --END-- [ RunTime:0.001007s ]
INFO: [ view_template ] --START--
INFO: Run LocationTemplate Behavior [ RunTime:-0.002768s ]
INFO: [ view_template ] --END-- [ RunTime:0.000731s ]
INFO: [ view_parse ] --START--
INFO: Run ParseTemplate Behavior [ RunTime:-0.003539s ]
INFO: [ view_parse ] --END-- [ RunTime:0.010467s ]
INFO: [ view_filter ] --START--
INFO: Run ContentReplace Behavior [ RunTime:-0.014025s ]
INFO: Run TokenBuild Behavior [ RunTime:-0.014558s ]
INFO: Run WriteHtmlCache Behavior [ RunTime:-0.015018s ]
INFO: Run ShowRuntime Behavior [ RunTime:-0.015350s ]
INFO: [ view_filter ] --END-- [ RunTime:0.001788s ]
INFO: [ view_end ] --START--
INFO: Run ShowPageTrace Behavior [ RunTime:-0.016022s ]
INFO: [ view_end ] --END-- [ RunTime:0.000805s ]

[ 2016-07-18T23:28:18+08:00 ] 127.0.0.1 /hotel/admin.php/Auser/index
INFO: [ route_check ] --START--
INFO: Run CheckRoute Behavior [ RunTime:0.000991s ]
INFO: [ route_check ] --END-- [ RunTime:0.001054s ]
INFO: [ app_begin ] --START--
INFO: Run ReadHtmlCache Behavior [ RunTime:-0.000377s ]
INFO: [ app_begin ] --END-- [ RunTime:0.000552s ]
INFO: [ view_template ] --START--
INFO: Run LocationTemplate Behavior [ RunTime:-0.002380s ]
INFO: [ view_template ] --END-- [ RunTime:0.000719s ]
INFO: [ view_parse ] --START--
INFO: Run ParseTemplate Behavior [ RunTime:-0.003114s ]
INFO: [ view_parse ] --END-- [ RunTime:0.008487s ]
INFO: [ view_filter ] --START--
INFO: Run ContentReplace Behavior [ RunTime:-0.011628s ]
INFO: Run TokenBuild Behavior [ RunTime:-0.012286s ]
INFO: Run WriteHtmlCache Behavior [ RunTime:-0.012890s ]
INFO: Run ShowRuntime Behavior [ RunTime:-0.013446s ]
INFO: [ view_filter ] --END-- [ RunTime:0.002461s ]
INFO: [ view_end ] --START--
INFO: Run ShowPageTrace Behavior [ RunTime:-0.014413s ]
INFO: [ view_end ] --END-- [ RunTime:0.000802s ]

[ 2016-07-18T23:29:04+08:00 ] 127.0.0.1 /hotel/admin.php/Auser/index
INFO: [ route_check ] --START--
INFO: Run CheckRoute Behavior [ RunTime:0.001539s ]
INFO: [ route_check ] --END-- [ RunTime:0.001666s ]
INFO: [ app_begin ] --START--
INFO: Run ReadHtmlCache Behavior [ RunTime:-0.000478s ]
INFO: [ app_begin ] --END-- [ RunTime:0.001257s ]
INFO: [ view_template ] --START--
INFO: Run LocationTemplate Behavior [ RunTime:-0.005444s ]
INFO: [ view_template ] --END-- [ RunTime:0.001580s ]
INFO: [ view_parse ] --START--
INFO: Run ParseTemplate Behavior [ RunTime:-0.007016s ]
INFO: [ view_parse ] --END-- [ RunTime:0.010276s ]
INFO: [ view_filter ] --START--
INFO: Run ContentReplace Behavior [ RunTime:-0.017322s ]
INFO: Run TokenBuild Behavior [ RunTime:-0.017869s ]
INFO: Run WriteHtmlCache Behavior [ RunTime:-0.018299s ]
INFO: Run ShowRuntime Behavior [ RunTime:-0.018610s ]
INFO: [ view_filter ] --END-- [ RunTime:0.001815s ]
INFO: [ view_end ] --START--
INFO: Run ShowPageTrace Behavior [ RunTime:-0.019496s ]
INFO: [ view_end ] --END-- [ RunTime:0.001716s ]

[ 2016-07-18T23:29:08+08:00 ] 127.0.0.1 /hotel/admin.php/Auser/index
INFO: [ route_check ] --START--
INFO: Run CheckRoute Behavior [ RunTime:0.000961s ]
INFO: [ route_check ] --END-- [ RunTime:0.001046s ]
INFO: [ app_begin ] --START--
INFO: Run ReadHtmlCache Behavior [ RunTime:-0.000306s ]
INFO: [ app_begin ] --END-- [ RunTime:0.000736s ]
INFO: [ view_template ] --START--
INFO: Run LocationTemplate Behavior [ RunTime:-0.002473s ]
INFO: [ view_template ] --END-- [ RunTime:0.000582s ]
INFO: [ view_parse ] --START--
INFO: Run ParseTemplate Behavior [ RunTime:-0.003093s ]
INFO: [ view_parse ] --END-- [ RunTime:0.013249s ]
INFO: [ view_filter ] --START--
INFO: Run ContentReplace Behavior [ RunTime:-0.016387s ]
INFO: Run TokenBuild Behavior [ RunTime:-0.017043s ]
INFO: Run WriteHtmlCache Behavior [ RunTime:-0.017505s ]
INFO: Run ShowRuntime Behavior [ RunTime:-0.017852s ]
INFO: [ view_filter ] --END-- [ RunTime:0.001957s ]
INFO: [ view_end ] --START--
INFO: Run ShowPageTrace Behavior [ RunTime:-0.019570s ]
INFO: [ view_end ] --END-- [ RunTime:0.000731s ]

[ 2016-07-18T23:29:10+08:00 ] 127.0.0.1 /hotel/admin.php/Auser/index
INFO: [ route_check ] --START--
INFO: Run CheckRoute Behavior [ RunTime:0.000682s ]
INFO: [ route_check ] --END-- [ RunTime:0.000754s ]
INFO: [ app_begin ] --START--
INFO: Run ReadHtmlCache Behavior [ RunTime:-0.000287s ]
INFO: [ app_begin ] --END-- [ RunTime:0.000913s ]
INFO: [ view_template ] --START--
INFO: Run LocationTemplate Behavior [ RunTime:-0.002198s ]
INFO: [ view_template ] --END-- [ RunTime:0.000434s ]
INFO: [ view_parse ] --START--
INFO: Run ParseTemplate Behavior [ RunTime:-0.002654s ]
INFO: [ view_parse ] --END-- [ RunTime:0.008602s ]
INFO: [ view_filter ] --START--
INFO: Run ContentReplace Behavior [ RunTime:-0.011286s ]
INFO: Run TokenBuild Behavior [ RunTime:-0.011704s ]
INFO: Run WriteHtmlCache Behavior [ RunTime:-0.012038s ]
INFO: Run ShowRuntime Behavior [ RunTime:-0.012416s ]
INFO: [ view_filter ] --END-- [ RunTime:0.001583s ]
INFO: [ view_end ] --START--
INFO: Run ShowPageTrace Behavior [ RunTime:-0.013560s ]
INFO: [ view_end ] --END-- [ RunTime:0.001191s ]

[ 2016-07-18T23:29:12+08:00 ] 127.0.0.1 /hotel/admin.php/Auser/index
INFO: [ route_check ] --START--
INFO: Run CheckRoute Behavior [ RunTime:0.000630s ]
INFO: [ route_check ] --END-- [ RunTime:0.000692s ]
INFO: [ app_begin ] --START--
INFO: Run ReadHtmlCache Behavior [ RunTime:-0.000307s ]
INFO: [ app_begin ] --END-- [ RunTime:0.001218s ]
INFO: [ view_template ] --START--
INFO: Run LocationTemplate Behavior [ RunTime:-0.003981s ]
INFO: [ view_template ] --END-- [ RunTime:0.000446s ]
INFO: [ view_parse ] --START--
INFO: Run ParseTemplate Behavior [ RunTime:-0.004449s ]
INFO: [ view_parse ] --END-- [ RunTime:0.007326s ]
INFO: [ view_filter ] --START--
INFO: Run ContentReplace Behavior [ RunTime:-0.011801s ]
INFO: Run TokenBuild Behavior [ RunTime:-0.012249s ]
INFO: Run WriteHtmlCache Behavior [ RunTime:-0.012619s ]
INFO: Run ShowRuntime Behavior [ RunTime:-0.013033s ]
INFO: [ view_filter ] --END-- [ RunTime:0.001671s ]
INFO: [ view_end ] --START--
INFO: Run ShowPageTrace Behavior [ RunTime:-0.013755s ]
INFO: [ view_end ] --END-- [ RunTime:0.000586s ]

[ 2016-07-18T23:29:14+08:00 ] 127.0.0.1 /hotel/admin.php/Auser/index
INFO: [ route_check ] --START--
INFO: Run CheckRoute Behavior [ RunTime:0.000603s ]
INFO: [ route_check ] --END-- [ RunTime:0.000653s ]
INFO: [ app_begin ] --START--
INFO: Run ReadHtmlCache Behavior [ RunTime:-0.000171s ]
INFO: [ app_begin ] --END-- [ RunTime:0.000442s ]
INFO: [ view_template ] --START--
INFO: Run LocationTemplate Behavior [ RunTime:-0.001444s ]
INFO: [ view_template ] --END-- [ RunTime:0.000299s ]
INFO: [ view_parse ] --START--
INFO: Run ParseTemplate Behavior [ RunTime:-0.001765s ]
INFO: [ view_parse ] --END-- [ RunTime:0.006462s ]
INFO: [ view_filter ] --START--
INFO: Run ContentReplace Behavior [ RunTime:-0.008254s ]
INFO: Run TokenBuild Behavior [ RunTime:-0.008634s ]
INFO: Run WriteHtmlCache Behavior [ RunTime:-0.008934s ]
INFO: Run ShowRuntime Behavior [ RunTime:-0.009133s ]
INFO: [ view_filter ] --END-- [ RunTime:0.001233s ]
INFO: [ view_end ] --START--
INFO: Run ShowPageTrace Behavior [ RunTime:-0.009729s ]
INFO: [ view_end ] --END-- [ RunTime:0.000673s ]

[ 2016-07-18T23:29:19+08:00 ] 127.0.0.1 /hotel/admin.php/Auser/index
INFO: [ route_check ] --START--
INFO: Run CheckRoute Behavior [ RunTime:0.000900s ]
INFO: [ route_check ] --END-- [ RunTime:0.000982s ]
INFO: [ app_begin ] --START--
INFO: Run ReadHtmlCache Behavior [ RunTime:-0.000293s ]
INFO: [ app_begin ] --END-- [ RunTime:0.000701s ]
INFO: [ view_template ] --START--
INFO: Run LocationTemplate Behavior [ RunTime:-0.002436s ]
INFO: [ view_template ] --END-- [ RunTime:0.000601s ]
INFO: [ view_parse ] --START--
INFO: Run ParseTemplate Behavior [ RunTime:-0.003088s ]
INFO: [ view_parse ] --END-- [ RunTime:0.012499s ]
INFO: [ view_filter ] --START--
INFO: Run ContentReplace Behavior [ RunTime:-0.015591s ]
INFO: Run TokenBuild Behavior [ RunTime:-0.015994s ]
INFO: Run WriteHtmlCache Behavior [ RunTime:-0.016322s ]
INFO: Run ShowRuntime Behavior [ RunTime:-0.016560s ]
INFO: [ view_filter ] --END-- [ RunTime:0.001357s ]
INFO: [ view_end ] --START--
INFO: Run ShowPageTrace Behavior [ RunTime:-0.017161s ]
INFO: [ view_end ] --END-- [ RunTime:0.000629s ]

[ 2016-07-18T23:29:19+08:00 ] 127.0.0.1 /hotel/admin.php/Auser/index
INFO: [ route_check ] --START--
INFO: Run CheckRoute Behavior [ RunTime:0.000814s ]
INFO: [ route_check ] --END-- [ RunTime:0.000889s ]
INFO: [ app_begin ] --START--
INFO: Run ReadHtmlCache Behavior [ RunTime:-0.000320s ]
INFO: [ app_begin ] --END-- [ RunTime:0.000663s ]
INFO: [ view_template ] --START--
INFO: Run LocationTemplate Behavior [ RunTime:-0.002156s ]
INFO: [ view_template ] --END-- [ RunTime:0.000921s ]
INFO: [ view_parse ] --START--
INFO: Run ParseTemplate Behavior [ RunTime:-0.003167s ]
INFO: [ view_parse ] --END-- [ RunTime:0.011169s ]
INFO: [ view_filter ] --START--
INFO: Run ContentReplace Behavior [ RunTime:-0.014358s ]
INFO: Run TokenBuild Behavior [ RunTime:-0.015016s ]
INFO: Run WriteHtmlCache Behavior [ RunTime:-0.015527s ]
INFO: Run ShowRuntime Behavior [ RunTime:-0.015890s ]
INFO: [ view_filter ] --END-- [ RunTime:0.001976s ]
INFO: [ view_end ] --START--
INFO: Run ShowPageTrace Behavior [ RunTime:-0.016923s ]
INFO: [ view_end ] --END-- [ RunTime:0.000655s ]

[ 2016-07-18T23:29:41+08:00 ] 127.0.0.1 /hotel/admin.php/Auser/index
INFO: [ route_check ] --START--
INFO: Run CheckRoute Behavior [ RunTime:0.000983s ]
INFO: [ route_check ] --END-- [ RunTime:0.001064s ]
INFO: [ app_begin ] --START--
INFO: Run ReadHtmlCache Behavior [ RunTime:-0.000292s ]
INFO: [ app_begin ] --END-- [ RunTime:0.000969s ]
INFO: [ view_template ] --START--
INFO: Run LocationTemplate Behavior [ RunTime:-0.002690s ]
INFO: [ view_template ] --END-- [ RunTime:0.000529s ]
INFO: [ view_parse ] --START--
INFO: Run ParseTemplate Behavior [ RunTime:-0.003272s ]
INFO: [ view_parse ] --END-- [ RunTime:0.012205s ]
INFO: [ view_filter ] --START--
INFO: Run ContentReplace Behavior [ RunTime:-0.015514s ]
INFO: Run TokenBuild Behavior [ RunTime:-0.016179s ]
INFO: Run WriteHtmlCache Behavior [ RunTime:-0.016671s ]
INFO: Run ShowRuntime Behavior [ RunTime:-0.017028s ]
INFO: [ view_filter ] --END-- [ RunTime:0.002126s ]
INFO: [ view_end ] --START--
INFO: Run ShowPageTrace Behavior [ RunTime:-0.018031s ]
INFO: [ view_end ] --END-- [ RunTime:0.001454s ]

[ 2016-07-18T23:33:47+08:00 ] 127.0.0.1 /hotel/admin.php/Auser/index
INFO: [ route_check ] --START--
INFO: Run CheckRoute Behavior [ RunTime:0.003456s ]
INFO: [ route_check ] --END-- [ RunTime:0.003620s ]
INFO: [ app_begin ] --START--
INFO: Run ReadHtmlCache Behavior [ RunTime:-0.000979s ]
INFO: [ app_begin ] --END-- [ RunTime:0.001407s ]
INFO: [ view_template ] --START--
INFO: Run LocationTemplate Behavior [ RunTime:-0.005604s ]
INFO: [ view_template ] --END-- [ RunTime:0.001916s ]
INFO: [ view_parse ] --START--
NOTIC: [8] Undefined variable: time D:\Hotel\Apache\htdocs\hotel\Admin\Runtime\Cache\17f64007229cc80dfeec02b2cf21cc3e.php 第 302 行.
NOTIC: [8] Undefined variable: time D:\Hotel\Apache\htdocs\hotel\Admin\Runtime\Cache\17f64007229cc80dfeec02b2cf21cc3e.php 第 303 行.
INFO: Run ParseTemplate Behavior [ RunTime:-0.007627s ]
INFO: [ view_parse ] --END-- [ RunTime:0.010494s ]
INFO: [ view_filter ] --START--
INFO: Run ContentReplace Behavior [ RunTime:-0.018098s ]
INFO: Run TokenBuild Behavior [ RunTime:-0.018671s ]
INFO: Run WriteHtmlCache Behavior [ RunTime:-0.019209s ]
INFO: Run ShowRuntime Behavior [ RunTime:-0.019589s ]
INFO: [ view_filter ] --END-- [ RunTime:0.002048s ]
INFO: [ view_end ] --START--
INFO: Run ShowPageTrace Behavior [ RunTime:-0.020409s ]
INFO: [ view_end ] --END-- [ RunTime:0.000770s ]

[ 2016-07-18T23:34:04+08:00 ] 127.0.0.1 /hotel/admin.php/Auser/index
INFO: [ route_check ] --START--
INFO: Run CheckRoute Behavior [ RunTime:0.001917s ]
INFO: [ route_check ] --END-- [ RunTime:0.002191s ]
INFO: [ app_begin ] --START--
INFO: Run ReadHtmlCache Behavior [ RunTime:-0.001343s ]
INFO: [ app_begin ] --END-- [ RunTime:0.001993s ]
INFO: [ view_template ] --START--
INFO: Run LocationTemplate Behavior [ RunTime:-0.008776s ]
INFO: [ view_template ] --END-- [ RunTime:0.001888s ]
INFO: [ view_parse ] --START--
NOTIC: [8] Undefined variable: time D:\Hotel\Apache\htdocs\hotel\Admin\Runtime\Cache\17f64007229cc80dfeec02b2cf21cc3e.php 第 302 行.
NOTIC: [8] Undefined variable: time D:\Hotel\Apache\htdocs\hotel\Admin\Runtime\Cache\17f64007229cc80dfeec02b2cf21cc3e.php 第 303 行.
INFO: Run ParseTemplate Behavior [ RunTime:-0.010738s ]
INFO: [ view_parse ] --END-- [ RunTime:0.009458s ]
INFO: [ view_filter ] --START--
INFO: Run ContentReplace Behavior [ RunTime:-0.020174s ]
INFO: Run TokenBuild Behavior [ RunTime:-0.020660s ]
INFO: Run WriteHtmlCache Behavior [ RunTime:-0.021021s ]
INFO: Run ShowRuntime Behavior [ RunTime:-0.021296s ]
INFO: [ view_filter ] --END-- [ RunTime:0.001569s ]
INFO: [ view_end ] --START--
INFO: Run ShowPageTrace Behavior [ RunTime:-0.022001s ]
INFO: [ view_end ] --END-- [ RunTime:0.000690s ]

[ 2016-07-18T23:35:35+08:00 ] 127.0.0.1 /hotel/admin.php/Auser/index
INFO: [ route_check ] --START--
INFO: Run CheckRoute Behavior [ RunTime:0.000966s ]
INFO: [ route_check ] --END-- [ RunTime:0.001078s ]
INFO: [ app_begin ] --START--
INFO: Run ReadHtmlCache Behavior [ RunTime:-0.000310s ]
INFO: [ app_begin ] --END-- [ RunTime:0.000726s ]
INFO: [ view_template ] --START--
INFO: Run LocationTemplate Behavior [ RunTime:-0.002538s ]
INFO: [ view_template ] --END-- [ RunTime:0.000740s ]
INFO: [ view_parse ] --START--
NOTIC: [8] Undefined variable: time D:\Hotel\Apache\htdocs\hotel\Admin\Runtime\Cache\17f64007229cc80dfeec02b2cf21cc3e.php 第 298 行.
NOTIC: [8] Undefined variable: time D:\Hotel\Apache\htdocs\hotel\Admin\Runtime\Cache\17f64007229cc80dfeec02b2cf21cc3e.php 第 299 行.
INFO: Run ParseTemplate Behavior [ RunTime:-0.003364s ]
INFO: [ view_parse ] --END-- [ RunTime:0.012527s ]
INFO: [ view_filter ] --START--
INFO: Run ContentReplace Behavior [ RunTime:-0.015927s ]
INFO: Run TokenBuild Behavior [ RunTime:-0.016548s ]
INFO: Run WriteHtmlCache Behavior [ RunTime:-0.017033s ]
INFO: Run ShowRuntime Behavior [ RunTime:-0.017454s ]
INFO: [ view_filter ] --END-- [ RunTime:0.002221s ]
INFO: [ view_end ] --START--
INFO: Run ShowPageTrace Behavior [ RunTime:-0.018541s ]
INFO: [ view_end ] --END-- [ RunTime:0.001188s ]

[ 2016-07-18T23:35:42+08:00 ] 127.0.0.1 /hotel/admin.php/Auser/index
INFO: [ route_check ] --START--
INFO: Run CheckRoute Behavior [ RunTime:0.000901s ]
INFO: [ route_check ] --END-- [ RunTime:0.000980s ]
INFO: [ app_begin ] --START--
INFO: Run ReadHtmlCache Behavior [ RunTime:-0.000249s ]
INFO: [ app_begin ] --END-- [ RunTime:0.000683s ]
INFO: [ view_template ] --START--
INFO: Run LocationTemplate Behavior [ RunTime:-0.002374s ]
INFO: [ view_template ] --END-- [ RunTime:0.000620s ]
INFO: [ view_parse ] --START--
NOTIC: [8] Undefined variable: time D:\Hotel\Apache\htdocs\hotel\Admin\Runtime\Cache\17f64007229cc80dfeec02b2cf21cc3e.php 第 298 行.
NOTIC: [8] Undefined variable: time D:\Hotel\Apache\htdocs\hotel\Admin\Runtime\Cache\17f64007229cc80dfeec02b2cf21cc3e.php 第 299 行.
INFO: Run ParseTemplate Behavior [ RunTime:-0.002994s ]
INFO: [ view_parse ] --END-- [ RunTime:0.010049s ]
INFO: [ view_filter ] --START--
INFO: Run ContentReplace Behavior [ RunTime:-0.013072s ]
INFO: Run TokenBuild Behavior [ RunTime:-0.013627s ]
INFO: Run WriteHtmlCache Behavior [ RunTime:-0.014080s ]
INFO: Run ShowRuntime Behavior [ RunTime:-0.014443s ]
INFO: [ view_filter ] --END-- [ RunTime:0.002008s ]
INFO: [ view_end ] --START--
INFO: Run ShowPageTrace Behavior [ RunTime:-0.015439s ]
INFO: [ view_end ] --END-- [ RunTime:0.001095s ]

[ 2016-07-18T23:36:24+08:00 ] 127.0.0.1 /hotel/admin.php/Auser/index
INFO: [ route_check ] --START--
INFO: Run CheckRoute Behavior [ RunTime:0.000728s ]
INFO: [ route_check ] --END-- [ RunTime:0.000777s ]
INFO: [ app_begin ] --START--
INFO: Run ReadHtmlCache Behavior [ RunTime:-0.000305s ]
INFO: [ app_begin ] --END-- [ RunTime:0.000486s ]
INFO: [ view_template ] --START--
INFO: Run LocationTemplate Behavior [ RunTime:-0.001918s ]
INFO: [ view_template ] --END-- [ RunTime:0.000562s ]
INFO: [ view_parse ] --START--
NOTIC: [8] Undefined variable: time D:\Hotel\Apache\htdocs\hotel\Admin\Runtime\Cache\17f64007229cc80dfeec02b2cf21cc3e.php 第 298 行.
NOTIC: [8] Undefined variable: time D:\Hotel\Apache\htdocs\hotel\Admin\Runtime\Cache\17f64007229cc80dfeec02b2cf21cc3e.php 第 299 行.
INFO: Run ParseTemplate Behavior [ RunTime:-0.002503s ]
INFO: [ view_parse ] --END-- [ RunTime:0.007406s ]
INFO: [ view_filter ] --START--
INFO: Run ContentReplace Behavior [ RunTime:-0.009933s ]
INFO: Run TokenBuild Behavior [ RunTime:-0.010394s ]
INFO: Run WriteHtmlCache Behavior [ RunTime:-0.010789s ]
INFO: Run ShowRuntime Behavior [ RunTime:-0.011078s ]
INFO: [ view_filter ] --END-- [ RunTime:0.001557s ]
INFO: [ view_end ] --START--
INFO: Run ShowPageTrace Behavior [ RunTime:-0.011806s ]
INFO: [ view_end ] --END-- [ RunTime:0.000644s ]

[ 2016-07-18T23:37:51+08:00 ] 127.0.0.1 /hotel/admin.php/Auser/index
INFO: [ route_check ] --START--
INFO: Run CheckRoute Behavior [ RunTime:0.001556s ]
INFO: [ route_check ] --END-- [ RunTime:0.001667s ]
INFO: [ app_begin ] --START--
INFO: Run ReadHtmlCache Behavior [ RunTime:-0.001301s ]
INFO: [ app_begin ] --END-- [ RunTime:0.001572s ]
INFO: [ view_template ] --START--
INFO: Run LocationTemplate Behavior [ RunTime:-0.005146s ]
INFO: [ view_template ] --END-- [ RunTime:0.001596s ]
INFO: [ view_parse ] --START--
NOTIC: [8] Undefined variable: time D:\Hotel\Apache\htdocs\hotel\Admin\Runtime\Cache\17f64007229cc80dfeec02b2cf21cc3e.php 第 298 行.
NOTIC: [8] Undefined variable: time D:\Hotel\Apache\htdocs\hotel\Admin\Runtime\Cache\17f64007229cc80dfeec02b2cf21cc3e.php 第 299 行.
INFO: Run ParseTemplate Behavior [ RunTime:-0.006818s ]
INFO: [ view_parse ] --END-- [ RunTime:0.012401s ]
INFO: [ view_filter ] --START--
INFO: Run ContentReplace Behavior [ RunTime:-0.019222s ]
INFO: Run TokenBuild Behavior [ RunTime:-0.019730s ]
INFO: Run WriteHtmlCache Behavior [ RunTime:-0.020298s ]
INFO: Run ShowRuntime Behavior [ RunTime:-0.020858s ]
INFO: [ view_filter ] --END-- [ RunTime:0.002213s ]
INFO: [ view_end ] --START--
INFO: Run ShowPageTrace Behavior [ RunTime:-0.021686s ]
INFO: [ view_end ] --END-- [ RunTime:0.000674s ]

[ 2016-07-18T23:38:10+08:00 ] 127.0.0.1 /hotel/admin.php/Index/login
INFO: [ route_check ] --START--
INFO: Run CheckRoute Behavior [ RunTime:0.000548s ]
INFO: [ route_check ] --END-- [ RunTime:0.000593s ]
INFO: [ app_begin ] --START--
INFO: Run ReadHtmlCache Behavior [ RunTime:-0.000163s ]
INFO: [ app_begin ] --END-- [ RunTime:0.000393s ]
INFO: [ view_template ] --START--
INFO: Run LocationTemplate Behavior [ RunTime:-0.001476s ]
INFO: [ view_template ] --END-- [ RunTime:0.000379s ]
INFO: [ view_parse ] --START--
INFO: Run ParseTemplate Behavior [ RunTime:-0.001878s ]
INFO: [ view_parse ] --END-- [ RunTime:0.007700s ]
INFO: [ view_filter ] --START--
INFO: Run ContentReplace Behavior [ RunTime:-0.009627s ]
INFO: Run TokenBuild Behavior [ RunTime:-0.009964s ]
INFO: Run WriteHtmlCache Behavior [ RunTime:-0.010252s ]
INFO: Run ShowRuntime Behavior [ RunTime:-0.010462s ]
INFO: [ view_filter ] --END-- [ RunTime:0.001338s ]
INFO: [ view_end ] --START--
INFO: Run ShowPageTrace Behavior [ RunTime:-0.011021s ]
INFO: [ view_end ] --END-- [ RunTime:0.000683s ]

[ 2016-07-18T23:38:22+08:00 ] 127.0.0.1 /hotel/admin.php
INFO: [ app_begin ] --START--
INFO: Run ReadHtmlCache Behavior [ RunTime:0.000396s ]
INFO: [ app_begin ] --END-- [ RunTime:0.000446s ]
INFO: [ view_template ] --START--
INFO: Run LocationTemplate Behavior [ RunTime:-0.000956s ]
INFO: [ view_template ] --END-- [ RunTime:0.000512s ]
INFO: [ view_parse ] --START--
INFO: Run ParseTemplate Behavior [ RunTime:-0.001489s ]
INFO: [ view_parse ] --END-- [ RunTime:0.007357s ]
INFO: [ view_filter ] --START--
INFO: Run ContentReplace Behavior [ RunTime:-0.008874s ]
INFO: Run TokenBuild Behavior [ RunTime:-0.009253s ]
INFO: Run WriteHtmlCache Behavior [ RunTime:-0.009801s ]
INFO: Run ShowRuntime Behavior [ RunTime:-0.010256s ]
INFO: [ view_filter ] --END-- [ RunTime:0.001928s ]
INFO: [ view_end ] --START--
INFO: Run ShowPageTrace Behavior [ RunTime:-0.010849s ]
INFO: [ view_end ] --END-- [ RunTime:0.000594s ]

[ 2016-07-18T23:38:22+08:00 ] 127.0.0.1 /hotel/admin.php/Layout/north?_=1468856302708
INFO: [ route_check ] --START--
INFO: Run CheckRoute Behavior [ RunTime:0.001093s ]
INFO: [ route_check ] --END-- [ RunTime:0.001190s ]
INFO: [ app_begin ] --START--
INFO: Run ReadHtmlCache Behavior [ RunTime:-0.000337s ]
INFO: [ app_begin ] --END-- [ RunTime:0.000788s ]
INFO: [ view_template ] --START--
INFO: Run LocationTemplate Behavior [ RunTime:-0.002727s ]
INFO: [ view_template ] --END-- [ RunTime:0.000831s ]
INFO: [ view_parse ] --START--
INFO: Run ParseTemplate Behavior [ RunTime:-0.003593s ]
INFO: [ view_parse ] --END-- [ RunTime:0.010935s ]
INFO: [ view_filter ] --START--
INFO: Run ContentReplace Behavior [ RunTime:-0.014554s ]
INFO: Run TokenBuild Behavior [ RunTime:-0.014910s ]
INFO: Run WriteHtmlCache Behavior [ RunTime:-0.015247s ]
INFO: Run ShowRuntime Behavior [ RunTime:-0.015588s ]
INFO: [ view_filter ] --END-- [ RunTime:0.001620s ]
INFO: [ view_end ] --START--
INFO: Run ShowPageTrace Behavior [ RunTime:-0.016245s ]
INFO: [ view_end ] --END-- [ RunTime:0.000730s ]

[ 2016-07-18T23:38:22+08:00 ] 127.0.0.1 /hotel/admin.php/Layout/west?_=1468856302722
INFO: [ route_check ] --START--
INFO: Run CheckRoute Behavior [ RunTime:0.000810s ]
INFO: [ route_check ] --END-- [ RunTime:0.000871s ]
INFO: [ app_begin ] --START--
INFO: Run ReadHtmlCache Behavior [ RunTime:-0.000370s ]
INFO: [ app_begin ] --END-- [ RunTime:0.000592s ]
INFO: [ view_template ] --START--
INFO: Run LocationTemplate Behavior [ RunTime:-0.006414s ]
INFO: [ view_template ] --END-- [ RunTime:0.000409s ]
INFO: [ view_parse ] --START--
INFO: Run ParseTemplate Behavior [ RunTime:-0.006847s ]
INFO: [ view_parse ] --END-- [ RunTime:0.005840s ]
INFO: [ view_filter ] --START--
INFO: Run ContentReplace Behavior [ RunTime:-0.012711s ]
INFO: Run TokenBuild Behavior [ RunTime:-0.013116s ]
INFO: Run WriteHtmlCache Behavior [ RunTime:-0.013523s ]
INFO: Run ShowRuntime Behavior [ RunTime:-0.013834s ]
INFO: [ view_filter ] --END-- [ RunTime:0.001581s ]
INFO: [ view_end ] --START--
INFO: Run ShowPageTrace Behavior [ RunTime:-0.014335s ]
INFO: [ view_end ] --END-- [ RunTime:0.000568s ]

[ 2016-07-18T23:38:22+08:00 ] 127.0.0.1 /hotel/admin.php/Layout/center?_=1468856302733
INFO: [ route_check ] --START--
INFO: Run CheckRoute Behavior [ RunTime:0.000928s ]
INFO: [ route_check ] --END-- [ RunTime:0.000985s ]
INFO: [ app_begin ] --START--
INFO: Run ReadHtmlCache Behavior [ RunTime:-0.000366s ]
INFO: [ app_begin ] --END-- [ RunTime:0.000730s ]
INFO: [ view_template ] --START--
INFO: Run LocationTemplate Behavior [ RunTime:-0.003018s ]
INFO: [ view_template ] --END-- [ RunTime:0.001664s ]
INFO: [ view_parse ] --START--
INFO: Run ParseTemplate Behavior [ RunTime:-0.004729s ]
INFO: [ view_parse ] --END-- [ RunTime:0.014071s ]
INFO: [ view_filter ] --START--
INFO: Run ContentReplace Behavior [ RunTime:-0.018839s ]
INFO: Run TokenBuild Behavior [ RunTime:-0.019641s ]
INFO: Run WriteHtmlCache Behavior [ RunTime:-0.020282s ]
INFO: Run ShowRuntime Behavior [ RunTime:-0.020741s ]
INFO: [ view_filter ] --END-- [ RunTime:0.002546s ]
INFO: [ view_end ] --START--
INFO: Run ShowPageTrace Behavior [ RunTime:-0.021429s ]
INFO: [ view_end ] --END-- [ RunTime:0.000919s ]

[ 2016-07-18T23:38:22+08:00 ] 127.0.0.1 /hotel/admin.php/Order/index
INFO: [ route_check ] --START--
INFO: Run CheckRoute Behavior [ RunTime:0.000898s ]
INFO: [ route_check ] --END-- [ RunTime:0.000958s ]
INFO: [ app_begin ] --START--
INFO: Run ReadHtmlCache Behavior [ RunTime:-0.000392s ]
INFO: [ app_begin ] --END-- [ RunTime:0.000618s ]
INFO: [ view_template ] --START--
INFO: Run LocationTemplate Behavior [ RunTime:-0.002552s ]
INFO: [ view_template ] --END-- [ RunTime:0.001256s ]
INFO: [ view_parse ] --START--
INFO: Run ParseTemplate Behavior [ RunTime:-0.003861s ]
INFO: [ view_parse ] --END-- [ RunTime:0.012901s ]
INFO: [ view_filter ] --START--
INFO: Run ContentReplace Behavior [ RunTime:-0.016808s ]
INFO: Run TokenBuild Behavior [ RunTime:-0.017585s ]
INFO: Run WriteHtmlCache Behavior [ RunTime:-0.018128s ]
INFO: Run ShowRuntime Behavior [ RunTime:-0.019398s ]
INFO: [ view_filter ] --END-- [ RunTime:0.004533s ]
INFO: [ view_end ] --START--
INFO: Run ShowPageTrace Behavior [ RunTime:-0.021871s ]
INFO: [ view_end ] --END-- [ RunTime:0.001924s ]

[ 2016-07-18T23:38:22+08:00 ] 127.0.0.1 /hotel/admin.php/Order/index
INFO: [ route_check ] --START--
INFO: Run CheckRoute Behavior [ RunTime:0.001049s ]
INFO: [ route_check ] --END-- [ RunTime:0.001147s ]
INFO: [ app_begin ] --START--
INFO: Run ReadHtmlCache Behavior [ RunTime:-0.000325s ]
INFO: [ app_begin ] --END-- [ RunTime:0.000798s ]
INFO: [ view_template ] --START--
INFO: Run LocationTemplate Behavior [ RunTime:-0.021602s ]
INFO: [ view_template ] --END-- [ RunTime:0.001236s ]
INFO: [ view_parse ] --START--
INFO: Run ParseTemplate Behavior [ RunTime:-0.022953s ]
INFO: [ view_parse ] --END-- [ RunTime:0.007641s ]
INFO: [ view_filter ] --START--
INFO: Run ContentReplace Behavior [ RunTime:-0.030608s ]
INFO: Run TokenBuild Behavior [ RunTime:-0.031093s ]
INFO: Run WriteHtmlCache Behavior [ RunTime:-0.031402s ]
INFO: Run ShowRuntime Behavior [ RunTime:-0.031619s ]
INFO: [ view_filter ] --END-- [ RunTime:0.001380s ]
INFO: [ view_end ] --START--
INFO: Run ShowPageTrace Behavior [ RunTime:-0.032243s ]
INFO: [ view_end ] --END-- [ RunTime:0.000769s ]

[ 2016-07-18T23:38:26+08:00 ] 127.0.0.1 /hotel/admin.php/Auser/index
INFO: [ route_check ] --START--
INFO: Run CheckRoute Behavior [ RunTime:0.000911s ]
INFO: [ route_check ] --END-- [ RunTime:0.000992s ]
INFO: [ app_begin ] --START--
INFO: Run ReadHtmlCache Behavior [ RunTime:-0.000331s ]
INFO: [ app_begin ] --END-- [ RunTime:0.000681s ]
INFO: [ view_template ] --START--
INFO: Run LocationTemplate Behavior [ RunTime:-0.002534s ]
INFO: [ view_template ] --END-- [ RunTime:0.000750s ]
INFO: [ view_parse ] --START--
NOTIC: [8] Undefined variable: time D:\Hotel\Apache\htdocs\hotel\Admin\Runtime\Cache\17f64007229cc80dfeec02b2cf21cc3e.php 第 298 行.
NOTIC: [8] Undefined variable: time D:\Hotel\Apache\htdocs\hotel\Admin\Runtime\Cache\17f64007229cc80dfeec02b2cf21cc3e.php 第 299 行.
INFO: Run ParseTemplate Behavior [ RunTime:-0.003322s ]
INFO: [ view_parse ] --END-- [ RunTime:0.011961s ]
INFO: [ view_filter ] --START--
INFO: Run ContentReplace Behavior [ RunTime:-0.015321s ]
INFO: Run TokenBuild Behavior [ RunTime:-0.015907s ]
INFO: Run WriteHtmlCache Behavior [ RunTime:-0.016426s ]
INFO: Run ShowRuntime Behavior [ RunTime:-0.016785s ]
INFO: [ view_filter ] --END-- [ RunTime:0.002093s ]
INFO: [ view_end ] --START--
INFO: Run ShowPageTrace Behavior [ RunTime:-0.017762s ]
INFO: [ view_end ] --END-- [ RunTime:0.000777s ]

[ 2016-07-18T23:38:26+08:00 ] 127.0.0.1 /hotel/admin.php/Auser/index
INFO: [ route_check ] --START--
INFO: Run CheckRoute Behavior [ RunTime:0.000980s ]
INFO: [ route_check ] --END-- [ RunTime:0.001048s ]
INFO: [ app_begin ] --START--
INFO: Run ReadHtmlCache Behavior [ RunTime:-0.000509s ]
INFO: [ app_begin ] --END-- [ RunTime:0.000819s ]
INFO: [ view_template ] --START--
INFO: Run LocationTemplate Behavior [ RunTime:-0.002878s ]
INFO: [ view_template ] --END-- [ RunTime:0.000765s ]
INFO: [ view_parse ] --START--
NOTIC: [8] Undefined variable: time D:\Hotel\Apache\htdocs\hotel\Admin\Runtime\Cache\17f64007229cc80dfeec02b2cf21cc3e.php 第 298 行.
NOTIC: [8] Undefined variable: time D:\Hotel\Apache\htdocs\hotel\Admin\Runtime\Cache\17f64007229cc80dfeec02b2cf21cc3e.php 第 299 行.
INFO: Run ParseTemplate Behavior [ RunTime:-0.003676s ]
INFO: [ view_parse ] --END-- [ RunTime:0.008749s ]
INFO: [ view_filter ] --START--
INFO: Run ContentReplace Behavior [ RunTime:-0.012449s ]
INFO: Run TokenBuild Behavior [ RunTime:-0.013019s ]
INFO: Run WriteHtmlCache Behavior [ RunTime:-0.013622s ]
INFO: Run ShowRuntime Behavior [ RunTime:-0.014173s ]
INFO: [ view_filter ] --END-- [ RunTime:0.002352s ]
INFO: [ view_end ] --START--
INFO: Run ShowPageTrace Behavior [ RunTime:-0.015272s ]
INFO: [ view_end ] --END-- [ RunTime:0.000789s ]

[ 2016-07-18T23:38:29+08:00 ] 127.0.0.1 /hotel/admin.php/Auser/index
INFO: [ route_check ] --START--
INFO: Run CheckRoute Behavior [ RunTime:0.000755s ]
INFO: [ route_check ] --END-- [ RunTime:0.000823s ]
INFO: [ app_begin ] --START--
INFO: Run ReadHtmlCache Behavior [ RunTime:-0.000227s ]
INFO: [ app_begin ] --END-- [ RunTime:0.000697s ]
INFO: [ view_template ] --START--
INFO: Run LocationTemplate Behavior [ RunTime:-0.002132s ]
INFO: [ view_template ] --END-- [ RunTime:0.000458s ]
INFO: [ view_parse ] --START--
NOTIC: [8] Undefined variable: time D:\Hotel\Apache\htdocs\hotel\Admin\Runtime\Cache\17f64007229cc80dfeec02b2cf21cc3e.php 第 298 行.
NOTIC: [8] Undefined variable: time D:\Hotel\Apache\htdocs\hotel\Admin\Runtime\Cache\17f64007229cc80dfeec02b2cf21cc3e.php 第 299 行.
INFO: Run ParseTemplate Behavior [ RunTime:-0.002607s ]
INFO: [ view_parse ] --END-- [ RunTime:0.009073s ]
INFO: [ view_filter ] --START--
INFO: Run ContentReplace Behavior [ RunTime:-0.011705s ]
INFO: Run TokenBuild Behavior [ RunTime:-0.012270s ]
INFO: Run WriteHtmlCache Behavior [ RunTime:-0.012855s ]
INFO: Run ShowRuntime Behavior [ RunTime:-0.013116s ]
INFO: [ view_filter ] --END-- [ RunTime:0.001765s ]
INFO: [ view_end ] --START--
INFO: Run ShowPageTrace Behavior [ RunTime:-0.013697s ]
INFO: [ view_end ] --END-- [ RunTime:0.000598s ]

[ 2016-07-18T23:41:16+08:00 ] 127.0.0.1 /hotel/admin.php/Auser/index
INFO: [ route_check ] --START--
INFO: Run CheckRoute Behavior [ RunTime:0.002388s ]
INFO: [ route_check ] --END-- [ RunTime:0.002517s ]
INFO: [ app_begin ] --START--
INFO: Run ReadHtmlCache Behavior [ RunTime:-0.000928s ]
INFO: [ app_begin ] --END-- [ RunTime:0.001598s ]
INFO: [ view_template ] --START--
INFO: Run LocationTemplate Behavior [ RunTime:-0.005509s ]
INFO: [ view_template ] --END-- [ RunTime:0.001096s ]
INFO: [ view_parse ] --START--
NOTIC: [8] Undefined variable: time D:\Hotel\Apache\htdocs\hotel\Admin\Runtime\Cache\17f64007229cc80dfeec02b2cf21cc3e.php 第 157 行.
NOTIC: [8] Undefined variable: time D:\Hotel\Apache\htdocs\hotel\Admin\Runtime\Cache\17f64007229cc80dfeec02b2cf21cc3e.php 第 158 行.
INFO: Run ParseTemplate Behavior [ RunTime:-0.006644s ]
INFO: [ view_parse ] --END-- [ RunTime:0.012774s ]
INFO: [ view_filter ] --START--
INFO: Run ContentReplace Behavior [ RunTime:-0.019434s ]
INFO: Run TokenBuild Behavior [ RunTime:-0.020182s ]
INFO: Run WriteHtmlCache Behavior [ RunTime:-0.020811s ]
INFO: Run ShowRuntime Behavior [ RunTime:-0.021571s ]
INFO: [ view_filter ] --END-- [ RunTime:0.003670s ]
INFO: [ view_end ] --START--
INFO: Run ShowPageTrace Behavior [ RunTime:-0.023452s ]
INFO: [ view_end ] --END-- [ RunTime:0.001290s ]

[ 2016-07-18T23:43:00+08:00 ] 127.0.0.1 /hotel/admin.php/Auser/index
INFO: [ route_check ] --START--
INFO: Run CheckRoute Behavior [ RunTime:0.001277s ]
INFO: [ route_check ] --END-- [ RunTime:0.001380s ]
INFO: [ app_begin ] --START--
INFO: Run ReadHtmlCache Behavior [ RunTime:-0.000573s ]
INFO: [ app_begin ] --END-- [ RunTime:0.000995s ]
INFO: [ view_template ] --START--
INFO: Run LocationTemplate Behavior [ RunTime:-0.003698s ]
INFO: [ view_template ] --END-- [ RunTime:0.001130s ]
INFO: [ view_parse ] --START--
NOTIC: [8] Undefined variable: time D:\Hotel\Apache\htdocs\hotel\Admin\Runtime\Cache\17f64007229cc80dfeec02b2cf21cc3e.php 第 157 行.
NOTIC: [8] Undefined variable: time D:\Hotel\Apache\htdocs\hotel\Admin\Runtime\Cache\17f64007229cc80dfeec02b2cf21cc3e.php 第 158 行.
INFO: Run ParseTemplate Behavior [ RunTime:-0.004867s ]
INFO: [ view_parse ] --END-- [ RunTime:0.012295s ]
INFO: [ view_filter ] --START--
INFO: Run ContentReplace Behavior [ RunTime:-0.017183s ]
INFO: Run TokenBuild Behavior [ RunTime:-0.017792s ]
INFO: Run WriteHtmlCache Behavior [ RunTime:-0.018428s ]
INFO: Run ShowRuntime Behavior [ RunTime:-0.018872s ]
INFO: [ view_filter ] --END-- [ RunTime:0.002302s ]
INFO: [ view_end ] --START--
INFO: Run ShowPageTrace Behavior [ RunTime:-0.019782s ]
INFO: [ view_end ] --END-- [ RunTime:0.000929s ]

[ 2016-07-18T23:47:31+08:00 ] 127.0.0.1 /hotel/admin.php/Order/index
INFO: [ route_check ] --START--
INFO: Run CheckRoute Behavior [ RunTime:0.002155s ]
INFO: [ route_check ] --END-- [ RunTime:0.002315s ]
INFO: [ app_begin ] --START--
INFO: Run ReadHtmlCache Behavior [ RunTime:-0.001067s ]
INFO: [ app_begin ] --END-- [ RunTime:0.001471s ]
INFO: [ view_template ] --START--
INFO: Run LocationTemplate Behavior [ RunTime:-0.006242s ]
INFO: [ view_template ] --END-- [ RunTime:0.001974s ]
INFO: [ view_parse ] --START--
INFO: Run ParseTemplate Behavior [ RunTime:-0.008286s ]
INFO: [ view_parse ] --END-- [ RunTime:0.007491s ]
INFO: [ view_filter ] --START--
INFO: Run ContentReplace Behavior [ RunTime:-0.015775s ]
INFO: Run TokenBuild Behavior [ RunTime:-0.016324s ]
INFO: Run WriteHtmlCache Behavior [ RunTime:-0.016685s ]
INFO: Run ShowRuntime Behavior [ RunTime:-0.016991s ]
INFO: [ view_filter ] --END-- [ RunTime:0.001706s ]
INFO: [ view_end ] --START--
INFO: Run ShowPageTrace Behavior [ RunTime:-0.017701s ]
INFO: [ view_end ] --END-- [ RunTime:0.000692s ]

[ 2016-07-18T23:47:36+08:00 ] 127.0.0.1 /hotel/admin.php/Auser/index
INFO: [ route_check ] --START--
INFO: Run CheckRoute Behavior [ RunTime:0.000756s ]
INFO: [ route_check ] --END-- [ RunTime:0.000824s ]
INFO: [ app_begin ] --START--
INFO: Run ReadHtmlCache Behavior [ RunTime:-0.000247s ]
INFO: [ app_begin ] --END-- [ RunTime:0.000580s ]
INFO: [ view_template ] --START--
INFO: Run LocationTemplate Behavior [ RunTime:-0.002309s ]
INFO: [ view_template ] --END-- [ RunTime:0.001021s ]
INFO: [ view_parse ] --START--
NOTIC: [8] Undefined variable: time D:\Hotel\Apache\htdocs\hotel\Admin\Runtime\Cache\17f64007229cc80dfeec02b2cf21cc3e.php 第 157 行.
NOTIC: [8] Undefined variable: time D:\Hotel\Apache\htdocs\hotel\Admin\Runtime\Cache\17f64007229cc80dfeec02b2cf21cc3e.php 第 158 行.
INFO: Run ParseTemplate Behavior [ RunTime:-0.003384s ]
INFO: [ view_parse ] --END-- [ RunTime:0.013632s ]
INFO: [ view_filter ] --START--
INFO: Run ContentReplace Behavior [ RunTime:-0.017050s ]
INFO: Run TokenBuild Behavior [ RunTime:-0.017809s ]
INFO: Run WriteHtmlCache Behavior [ RunTime:-0.018452s ]
INFO: Run ShowRuntime Behavior [ RunTime:-0.018920s ]
INFO: [ view_filter ] --END-- [ RunTime:0.002603s ]
INFO: [ view_end ] --START--
INFO: Run ShowPageTrace Behavior [ RunTime:-0.019964s ]
INFO: [ view_end ] --END-- [ RunTime:0.000717s ]

[ 2016-07-18T23:48:12+08:00 ] 127.0.0.1 /hotel/admin.php/Index/login
INFO: [ route_check ] --START--
INFO: Run CheckRoute Behavior [ RunTime:0.000588s ]
INFO: [ route_check ] --END-- [ RunTime:0.000641s ]
INFO: [ app_begin ] --START--
INFO: Run ReadHtmlCache Behavior [ RunTime:-0.000200s ]
INFO: [ app_begin ] --END-- [ RunTime:0.000507s ]
INFO: [ view_template ] --START--
INFO: Run LocationTemplate Behavior [ RunTime:-0.001772s ]
INFO: [ view_template ] --END-- [ RunTime:0.000483s ]
INFO: [ view_parse ] --START--
INFO: Run ParseTemplate Behavior [ RunTime:-0.002284s ]
INFO: [ view_parse ] --END-- [ RunTime:0.005161s ]
INFO: [ view_filter ] --START--
INFO: Run ContentReplace Behavior [ RunTime:-0.007457s ]
INFO: Run TokenBuild Behavior [ RunTime:-0.007734s ]
INFO: Run WriteHtmlCache Behavior [ RunTime:-0.008010s ]
INFO: Run ShowRuntime Behavior [ RunTime:-0.008205s ]
INFO: [ view_filter ] --END-- [ RunTime:0.001105s ]
INFO: [ view_end ] --START--
INFO: Run ShowPageTrace Behavior [ RunTime:-0.008598s ]
INFO: [ view_end ] --END-- [ RunTime:0.000427s ]

[ 2016-07-18T23:48:22+08:00 ] 127.0.0.1 /hotel/admin.php
INFO: [ app_begin ] --START--
INFO: Run ReadHtmlCache Behavior [ RunTime:0.000392s ]
INFO: [ app_begin ] --END-- [ RunTime:0.000438s ]
INFO: [ view_template ] --START--
INFO: Run LocationTemplate Behavior [ RunTime:-0.000841s ]
INFO: [ view_template ] --END-- [ RunTime:0.000479s ]
INFO: [ view_parse ] --START--
INFO: Run ParseTemplate Behavior [ RunTime:-0.001341s ]
INFO: [ view_parse ] --END-- [ RunTime:0.004905s ]
INFO: [ view_filter ] --START--
INFO: Run ContentReplace Behavior [ RunTime:-0.006270s ]
INFO: Run TokenBuild Behavior [ RunTime:-0.006559s ]
INFO: Run WriteHtmlCache Behavior [ RunTime:-0.006852s ]
INFO: Run ShowRuntime Behavior [ RunTime:-0.007055s ]
INFO: [ view_filter ] --END-- [ RunTime:0.001109s ]
INFO: [ view_end ] --START--
INFO: Run ShowPageTrace Behavior [ RunTime:-0.007416s ]
INFO: [ view_end ] --END-- [ RunTime:0.000466s ]

[ 2016-07-18T23:48:22+08:00 ] 127.0.0.1 /hotel/admin.php/Layout/north?_=1468856902521
INFO: [ route_check ] --START--
INFO: Run CheckRoute Behavior [ RunTime:0.000629s ]
INFO: [ route_check ] --END-- [ RunTime:0.000689s ]
INFO: [ app_begin ] --START--
INFO: Run ReadHtmlCache Behavior [ RunTime:-0.000214s ]
INFO: [ app_begin ] --END-- [ RunTime:0.000489s ]
INFO: [ view_template ] --START--
INFO: Run LocationTemplate Behavior [ RunTime:-0.002065s ]
INFO: [ view_template ] --END-- [ RunTime:0.000572s ]
INFO: [ view_parse ] --START--
INFO: Run ParseTemplate Behavior [ RunTime:-0.002657s ]
INFO: [ view_parse ] --END-- [ RunTime:0.006045s ]
INFO: [ view_filter ] --START--
INFO: Run ContentReplace Behavior [ RunTime:-0.008725s ]
INFO: Run TokenBuild Behavior [ RunTime:-0.009047s ]
INFO: Run WriteHtmlCache Behavior [ RunTime:-0.009370s ]
INFO: Run ShowRuntime Behavior [ RunTime:-0.009593s ]
INFO: [ view_filter ] --END-- [ RunTime:0.001231s ]
INFO: [ view_end ] --START--
INFO: Run ShowPageTrace Behavior [ RunTime:-0.009995s ]
INFO: [ view_end ] --END-- [ RunTime:0.000551s ]

[ 2016-07-18T23:48:22+08:00 ] 127.0.0.1 /hotel/admin.php/Layout/west?_=1468856902528
INFO: [ route_check ] --START--
INFO: Run CheckRoute Behavior [ RunTime:0.000600s ]
INFO: [ route_check ] --END-- [ RunTime:0.000658s ]
INFO: [ app_begin ] --START--
INFO: Run ReadHtmlCache Behavior [ RunTime:-0.000196s ]
INFO: [ app_begin ] --END-- [ RunTime:0.000461s ]
INFO: [ view_template ] --START--
INFO: Run LocationTemplate Behavior [ RunTime:-0.001616s ]
INFO: [ view_template ] --END-- [ RunTime:0.000529s ]
INFO: [ view_parse ] --START--
INFO: Run ParseTemplate Behavior [ RunTime:-0.002167s ]
INFO: [ view_parse ] --END-- [ RunTime:0.006875s ]
INFO: [ view_filter ] --START--
INFO: Run ContentReplace Behavior [ RunTime:-0.009069s ]
INFO: Run TokenBuild Behavior [ RunTime:-0.009465s ]
INFO: Run WriteHtmlCache Behavior [ RunTime:-0.009769s ]
INFO: Run ShowRuntime Behavior [ RunTime:-0.009992s ]
INFO: [ view_filter ] --END-- [ RunTime:0.001302s ]
INFO: [ view_end ] --START--
INFO: Run ShowPageTrace Behavior [ RunTime:-0.010421s ]
INFO: [ view_end ] --END-- [ RunTime:0.000497s ]

[ 2016-07-18T23:48:22+08:00 ] 127.0.0.1 /hotel/admin.php/Layout/center?_=1468856902532
INFO: [ route_check ] --START--
INFO: Run CheckRoute Behavior [ RunTime:0.000609s ]
INFO: [ route_check ] --END-- [ RunTime:0.000664s ]
INFO: [ app_begin ] --START--
INFO: Run ReadHtmlCache Behavior [ RunTime:-0.000263s ]
INFO: [ app_begin ] --END-- [ RunTime:0.000607s ]
INFO: [ view_template ] --START--
INFO: Run LocationTemplate Behavior [ RunTime:-0.002087s ]
INFO: [ view_template ] --END-- [ RunTime:0.000720s ]
INFO: [ view_parse ] --START--
INFO: Run ParseTemplate Behavior [ RunTime:-0.002831s ]
INFO: [ view_parse ] --END-- [ RunTime:0.008002s ]
INFO: [ view_filter ] --START--
INFO: Run ContentReplace Behavior [ RunTime:-0.010857s ]
INFO: Run TokenBuild Behavior [ RunTime:-0.011172s ]
INFO: Run WriteHtmlCache Behavior [ RunTime:-0.011463s ]
INFO: Run ShowRuntime Behavior [ RunTime:-0.011682s ]
INFO: [ view_filter ] --END-- [ RunTime:0.001193s ]
INFO: [ view_end ] --START--
INFO: Run ShowPageTrace Behavior [ RunTime:-0.012090s ]
INFO: [ view_end ] --END-- [ RunTime:0.000474s ]

[ 2016-07-18T23:48:22+08:00 ] 127.0.0.1 /hotel/admin.php/Order/index
INFO: [ route_check ] --START--
INFO: Run CheckRoute Behavior [ RunTime:0.000904s ]
INFO: [ route_check ] --END-- [ RunTime:0.000985s ]
INFO: [ app_begin ] --START--
INFO: Run ReadHtmlCache Behavior [ RunTime:-0.000304s ]
INFO: [ app_begin ] --END-- [ RunTime:0.000736s ]
INFO: [ view_template ] --START--
INFO: Run LocationTemplate Behavior [ RunTime:-0.002636s ]
INFO: [ view_template ] --END-- [ RunTime:0.000680s ]
INFO: [ view_parse ] --START--
INFO: Run ParseTemplate Behavior [ RunTime:-0.003342s ]
INFO: [ view_parse ] --END-- [ RunTime:0.010356s ]
INFO: [ view_filter ] --START--
INFO: Run ContentReplace Behavior [ RunTime:-0.013837s ]
INFO: Run TokenBuild Behavior [ RunTime:-0.014817s ]
INFO: Run WriteHtmlCache Behavior [ RunTime:-0.015405s ]
INFO: Run ShowRuntime Behavior [ RunTime:-0.015758s ]
INFO: [ view_filter ] --END-- [ RunTime:0.002612s ]
INFO: [ view_end ] --START--
INFO: Run ShowPageTrace Behavior [ RunTime:-0.016677s ]
INFO: [ view_end ] --END-- [ RunTime:0.000834s ]

[ 2016-07-18T23:48:22+08:00 ] 127.0.0.1 /hotel/admin.php/Order/index
INFO: [ route_check ] --START--
INFO: Run CheckRoute Behavior [ RunTime:0.001161s ]
INFO: [ route_check ] --END-- [ RunTime:0.001251s ]
INFO: [ app_begin ] --START--
INFO: Run ReadHtmlCache Behavior [ RunTime:-0.000377s ]
INFO: [ app_begin ] --END-- [ RunTime:0.000945s ]
INFO: [ view_template ] --START--
INFO: Run LocationTemplate Behavior [ RunTime:-0.003421s ]
INFO: [ view_template ] --END-- [ RunTime:0.001080s ]
INFO: [ view_parse ] --START--
INFO: Run ParseTemplate Behavior [ RunTime:-0.004668s ]
INFO: [ view_parse ] --END-- [ RunTime:0.009282s ]
INFO: [ view_filter ] --START--
INFO: Run ContentReplace Behavior [ RunTime:-0.013948s ]
INFO: Run TokenBuild Behavior [ RunTime:-0.014588s ]
INFO: Run WriteHtmlCache Behavior [ RunTime:-0.015136s ]
INFO: Run ShowRuntime Behavior [ RunTime:-0.015577s ]
INFO: [ view_filter ] --END-- [ RunTime:0.002158s ]
INFO: [ view_end ] --START--
INFO: Run ShowPageTrace Behavior [ RunTime:-0.016378s ]
INFO: [ view_end ] --END-- [ RunTime:0.000919s ]

[ 2016-07-18T23:48:27+08:00 ] 127.0.0.1 /hotel/admin.php/Goods/index
INFO: [ route_check ] --START--
INFO: Run CheckRoute Behavior [ RunTime:0.001169s ]
INFO: [ route_check ] --END-- [ RunTime:0.001251s ]
INFO: [ app_begin ] --START--
INFO: Run ReadHtmlCache Behavior [ RunTime:-0.000321s ]
INFO: [ app_begin ] --END-- [ RunTime:0.000742s ]
INFO: [ view_template ] --START--
INFO: Run LocationTemplate Behavior [ RunTime:-0.002791s ]
INFO: [ view_template ] --END-- [ RunTime:0.001005s ]
INFO: [ view_parse ] --START--
INFO: Run ParseTemplate Behavior [ RunTime:-0.003836s ]
INFO: [ view_parse ] --END-- [ RunTime:0.013575s ]
INFO: [ view_filter ] --START--
INFO: Run ContentReplace Behavior [ RunTime:-0.017432s ]
INFO: Run TokenBuild Behavior [ RunTime:-0.017876s ]
INFO: Run WriteHtmlCache Behavior [ RunTime:-0.018207s ]
INFO: Run ShowRuntime Behavior [ RunTime:-0.018457s ]
INFO: [ view_filter ] --END-- [ RunTime:0.001382s ]
INFO: [ view_end ] --START--
INFO: Run ShowPageTrace Behavior [ RunTime:-0.019006s ]
INFO: [ view_end ] --END-- [ RunTime:0.000494s ]

[ 2016-07-18T23:48:27+08:00 ] 127.0.0.1 /hotel/admin.php/Goods/index
INFO: [ route_check ] --START--
INFO: Run CheckRoute Behavior [ RunTime:0.000639s ]
INFO: [ route_check ] --END-- [ RunTime:0.000694s ]
INFO: [ app_begin ] --START--
INFO: Run ReadHtmlCache Behavior [ RunTime:-0.000197s ]
INFO: [ app_begin ] --END-- [ RunTime:0.000482s ]
INFO: [ view_template ] --START--
INFO: Run LocationTemplate Behavior [ RunTime:-0.003016s ]
INFO: [ view_template ] --END-- [ RunTime:0.000813s ]
INFO: [ view_parse ] --START--
INFO: Run ParseTemplate Behavior [ RunTime:-0.003859s ]
INFO: [ view_parse ] --END-- [ RunTime:0.008469s ]
INFO: [ view_filter ] --START--
INFO: Run ContentReplace Behavior [ RunTime:-0.012355s ]
INFO: Run TokenBuild Behavior [ RunTime:-0.012933s ]
INFO: Run WriteHtmlCache Behavior [ RunTime:-0.013338s ]
INFO: Run ShowRuntime Behavior [ RunTime:-0.013615s ]
INFO: [ view_filter ] --END-- [ RunTime:0.001662s ]
INFO: [ view_end ] --START--
INFO: Run ShowPageTrace Behavior [ RunTime:-0.014232s ]
INFO: [ view_end ] --END-- [ RunTime:0.000560s ]

[ 2016-07-18T23:48:31+08:00 ] 127.0.0.1 /hotel/admin.php/Goods/uppd?id=3
INFO: [ route_check ] --START--
INFO: Run CheckRoute Behavior [ RunTime:0.000735s ]
INFO: [ route_check ] --END-- [ RunTime:0.000800s ]
INFO: [ app_begin ] --START--
INFO: Run ReadHtmlCache Behavior [ RunTime:-0.000248s ]
INFO: [ app_begin ] --END-- [ RunTime:0.000752s ]
SQL: SHOW COLUMNS FROM `rooms` [ RunTime:0.002820s ]
NOTIC: [8] Use of undefined constant type_id - assumed 'type_id' D:\Hotel\Apache\htdocs\hotel\Admin\Lib\Action\GoodsAction.class.php 第 187 行.
SQL: SELECT * FROM `rooms` WHERE ( `type_id` = 3 ) LIMIT 1   [ RunTime:0.000597s ]
INFO: [ view_template ] --START--
INFO: Run LocationTemplate Behavior [ RunTime:-0.017949s ]
INFO: [ view_template ] --END-- [ RunTime:0.000880s ]
INFO: [ view_parse ] --START--
INFO: Run ParseTemplate Behavior [ RunTime:-0.018858s ]
INFO: [ view_parse ] --END-- [ RunTime:0.007894s ]
INFO: [ view_filter ] --START--
INFO: Run ContentReplace Behavior [ RunTime:-0.026787s ]
INFO: Run TokenBuild Behavior [ RunTime:-0.027194s ]
INFO: Run WriteHtmlCache Behavior [ RunTime:-0.027471s ]
INFO: Run ShowRuntime Behavior [ RunTime:-0.027667s ]
INFO: [ view_filter ] --END-- [ RunTime:0.001324s ]
INFO: [ view_end ] --START--
INFO: Run ShowPageTrace Behavior [ RunTime:-0.028159s ]
INFO: [ view_end ] --END-- [ RunTime:0.000481s ]

[ 2016-07-18T23:48:32+08:00 ] 127.0.0.1 /hotel/admin.php/Goods/
INFO: [ route_check ] --START--
INFO: Run CheckRoute Behavior [ RunTime:0.001595s ]
INFO: [ route_check ] --END-- [ RunTime:0.001724s ]
INFO: [ app_begin ] --START--
INFO: Run ReadHtmlCache Behavior [ RunTime:-0.000490s ]
INFO: [ app_begin ] --END-- [ RunTime:0.001175s ]
INFO: [ view_template ] --START--
INFO: Run LocationTemplate Behavior [ RunTime:-0.004607s ]
INFO: [ view_template ] --END-- [ RunTime:0.000745s ]
INFO: [ view_parse ] --START--
INFO: Run ParseTemplate Behavior [ RunTime:-0.005319s ]
INFO: [ view_parse ] --END-- [ RunTime:0.008303s ]
INFO: [ view_filter ] --START--
INFO: Run ContentReplace Behavior [ RunTime:-0.013651s ]
INFO: Run TokenBuild Behavior [ RunTime:-0.014082s ]
INFO: Run WriteHtmlCache Behavior [ RunTime:-0.014539s ]
INFO: Run ShowRuntime Behavior [ RunTime:-0.014865s ]
INFO: [ view_filter ] --END-- [ RunTime:0.001707s ]
INFO: [ view_end ] --START--
INFO: Run ShowPageTrace Behavior [ RunTime:-0.015590s ]
INFO: [ view_end ] --END-- [ RunTime:0.000721s ]

[ 2016-07-18T23:48:39+08:00 ] 127.0.0.1 /hotel/admin.php/Goods/uploadify
INFO: [ route_check ] --START--
INFO: Run CheckRoute Behavior [ RunTime:0.000930s ]
INFO: [ route_check ] --END-- [ RunTime:0.000983s ]
INFO: [ app_begin ] --START--
INFO: Run ReadHtmlCache Behavior [ RunTime:-0.000333s ]
INFO: [ app_begin ] --END-- [ RunTime:0.000482s ]
NOTIC: [8] Undefined property: UploadFile::$zipImags D:\Hotel\Apache\htdocs\hotel\ThinkPHP\Extend\Library\ORG\Net\UploadFile.class.php 第 172 行.

[ 2016-07-18T23:48:39+08:00 ] ERR: (ThinkException) 非法操作:﻿
[ 2016-07-18T23:48:54+08:00 ] 127.0.0.1 /hotel/admin.php/Goods/index
INFO: [ route_check ] --START--
INFO: Run CheckRoute Behavior [ RunTime:0.001100s ]
INFO: [ route_check ] --END-- [ RunTime:0.001161s ]
INFO: [ app_begin ] --START--
INFO: Run ReadHtmlCache Behavior [ RunTime:-0.000418s ]
INFO: [ app_begin ] --END-- [ RunTime:0.000929s ]
INFO: [ view_template ] --START--
INFO: Run LocationTemplate Behavior [ RunTime:-0.003654s ]
INFO: [ view_template ] --END-- [ RunTime:0.001375s ]
INFO: [ view_parse ] --START--
INFO: Run ParseTemplate Behavior [ RunTime:-0.005060s ]
INFO: [ view_parse ] --END-- [ RunTime:0.009860s ]
INFO: [ view_filter ] --START--
INFO: Run ContentReplace Behavior [ RunTime:-0.014931s ]
INFO: Run TokenBuild Behavior [ RunTime:-0.015689s ]
INFO: Run WriteHtmlCache Behavior [ RunTime:-0.016365s ]
INFO: Run ShowRuntime Behavior [ RunTime:-0.016874s ]
INFO: [ view_filter ] --END-- [ RunTime:0.002617s ]
INFO: [ view_end ] --START--
INFO: Run ShowPageTrace Behavior [ RunTime:-0.017788s ]
INFO: [ view_end ] --END-- [ RunTime:0.001002s ]

