[ 2016-07-14T14:55:59+08:00 ] 127.0.0.1 /hotel/admin.php/Index/login
INFO: [ route_check ] --START--
INFO: Run CheckRoute Behavior [ RunTime:0.001071s ]
INFO: [ route_check ] --END-- [ RunTime:0.001127s ]
INFO: [ app_begin ] --START--
INFO: Run ReadHtmlCache Behavior [ RunTime:-0.000215s ]
INFO: [ app_begin ] --END-- [ RunTime:0.000497s ]
INFO: [ view_template ] --START--
INFO: Run LocationTemplate Behavior [ RunTime:-0.023555s ]
INFO: [ view_template ] --END-- [ RunTime:0.000753s ]
INFO: [ view_parse ] --START--
INFO: Run ParseTemplate Behavior [ RunTime:-0.024327s ]
INFO: [ view_parse ] --END-- [ RunTime:0.041459s ]
INFO: [ view_filter ] --START--
INFO: Run ContentReplace Behavior [ RunTime:-0.065838s ]
INFO: Run TokenBuild Behavior [ RunTime:-0.066843s ]
INFO: Run WriteHtmlCache Behavior [ RunTime:-0.068049s ]
INFO: Run ShowRuntime Behavior [ RunTime:-0.068673s ]
INFO: [ view_filter ] --END-- [ RunTime:0.003753s ]
INFO: [ view_end ] --START--
INFO: Run ShowPageTrace Behavior [ RunTime:-0.069630s ]
INFO: [ view_end ] --END-- [ RunTime:0.001526s ]

[ 2016-07-14T14:56:32+08:00 ] ERR: (ThinkException) 由于连接方在一段时间后没有正确答复或连接的主机没有反应，连接尝试失败。

[ 2016-07-14T14:58:44+08:00 ] 127.0.0.1 /hotel/admin.php/Index/login
INFO: [ route_check ] --START--
INFO: Run CheckRoute Behavior [ RunTime:0.000662s ]
INFO: [ route_check ] --END-- [ RunTime:0.000708s ]
INFO: [ app_begin ] --START--
INFO: Run ReadHtmlCache Behavior [ RunTime:-0.000164s ]
INFO: [ app_begin ] --END-- [ RunTime:0.000416s ]
INFO: [ view_template ] --START--
INFO: Run LocationTemplate Behavior [ RunTime:-0.001463s ]
INFO: [ view_template ] --END-- [ RunTime:0.000362s ]
INFO: [ view_parse ] --START--
INFO: Run ParseTemplate Behavior [ RunTime:-0.001850s ]
INFO: [ view_parse ] --END-- [ RunTime:0.005412s ]
INFO: [ view_filter ] --START--
INFO: Run ContentReplace Behavior [ RunTime:-0.007282s ]
INFO: Run TokenBuild Behavior [ RunTime:-0.007648s ]
INFO: Run WriteHtmlCache Behavior [ RunTime:-0.008001s ]
INFO: Run ShowRuntime Behavior [ RunTime:-0.008303s ]
INFO: [ view_filter ] --END-- [ RunTime:0.001424s ]
INFO: [ view_end ] --START--
INFO: Run ShowPageTrace Behavior [ RunTime:-0.008743s ]
INFO: [ view_end ] --END-- [ RunTime:0.000526s ]

[ 2016-07-14T14:59:20+08:00 ] ERR: (ThinkException) 由于连接方在一段时间后没有正确答复或连接的主机没有反应，连接尝试失败。

[ 2016-07-14T14:59:20+08:00 ] 127.0.0.1 /hotel/admin.php/Index/login
INFO: [ route_check ] --START--
INFO: Run CheckRoute Behavior [ RunTime:0.000712s ]
INFO: [ route_check ] --END-- [ RunTime:0.000760s ]
INFO: [ app_begin ] --START--
INFO: Run ReadHtmlCache Behavior [ RunTime:-0.000311s ]
INFO: [ app_begin ] --END-- [ RunTime:0.000490s ]
INFO: [ view_template ] --START--
INFO: Run LocationTemplate Behavior [ RunTime:-1.870807s ]
INFO: [ view_template ] --END-- [ RunTime:0.000629s ]
INFO: [ view_parse ] --START--
INFO: Run ParseTemplate Behavior [ RunTime:-1.871472s ]
INFO: [ view_parse ] --END-- [ RunTime:0.009285s ]
INFO: [ view_filter ] --START--
INFO: Run ContentReplace Behavior [ RunTime:-1.880795s ]
INFO: Run TokenBuild Behavior [ RunTime:-1.881383s ]
INFO: Run WriteHtmlCache Behavior [ RunTime:-1.881970s ]
INFO: Run ShowRuntime Behavior [ RunTime:-1.882422s ]
INFO: [ view_filter ] --END-- [ RunTime:0.002976s ]
INFO: [ view_end ] --START--
INFO: Run ShowPageTrace Behavior [ RunTime:-1.883851s ]
INFO: [ view_end ] --END-- [ RunTime:0.001166s ]

[ 2016-07-14T14:59:27+08:00 ] 127.0.0.1 /hotel/admin.php/Index/login
INFO: [ route_check ] --START--
INFO: Run CheckRoute Behavior [ RunTime:0.000572s ]
INFO: [ route_check ] --END-- [ RunTime:0.000624s ]
INFO: [ app_begin ] --START--
INFO: Run ReadHtmlCache Behavior [ RunTime:-0.000183s ]
INFO: [ app_begin ] --END-- [ RunTime:0.000424s ]
INFO: [ view_template ] --START--
INFO: Run LocationTemplate Behavior [ RunTime:-0.001388s ]
INFO: [ view_template ] --END-- [ RunTime:0.000426s ]
INFO: [ view_parse ] --START--
INFO: Run ParseTemplate Behavior [ RunTime:-0.001867s ]
INFO: [ view_parse ] --END-- [ RunTime:0.005563s ]
INFO: [ view_filter ] --START--
INFO: Run ContentReplace Behavior [ RunTime:-0.007452s ]
INFO: Run TokenBuild Behavior [ RunTime:-0.007764s ]
INFO: Run WriteHtmlCache Behavior [ RunTime:-0.008064s ]
INFO: Run ShowRuntime Behavior [ RunTime:-0.008284s ]
INFO: [ view_filter ] --END-- [ RunTime:0.001205s ]
INFO: [ view_end ] --START--
INFO: Run ShowPageTrace Behavior [ RunTime:-0.008690s ]
INFO: [ view_end ] --END-- [ RunTime:0.000457s ]

[ 2016-07-14T14:59:36+08:00 ] 127.0.0.1 /hotel/admin.php
INFO: [ app_begin ] --START--
INFO: Run ReadHtmlCache Behavior [ RunTime:0.000391s ]
INFO: [ app_begin ] --END-- [ RunTime:0.000439s ]
INFO: [ view_template ] --START--
INFO: Run LocationTemplate Behavior [ RunTime:-0.000680s ]
INFO: [ view_template ] --END-- [ RunTime:0.000626s ]
INFO: [ view_parse ] --START--
INFO: Run ParseTemplate Behavior [ RunTime:-0.001330s ]
INFO: [ view_parse ] --END-- [ RunTime:0.071918s ]
INFO: [ view_filter ] --START--
INFO: Run ContentReplace Behavior [ RunTime:-0.073352s ]
INFO: Run TokenBuild Behavior [ RunTime:-0.074533s ]
INFO: Run WriteHtmlCache Behavior [ RunTime:-0.075773s ]
INFO: Run ShowRuntime Behavior [ RunTime:-0.076684s ]
INFO: [ view_filter ] --END-- [ RunTime:0.004668s ]
INFO: [ view_end ] --START--
INFO: Run ShowPageTrace Behavior [ RunTime:-0.078141s ]
INFO: [ view_end ] --END-- [ RunTime:0.001732s ]

[ 2016-07-14T14:59:36+08:00 ] 127.0.0.1 /hotel/admin.php/Layout/north?_=1468479576328
INFO: [ route_check ] --START--
INFO: Run CheckRoute Behavior [ RunTime:0.000641s ]
INFO: [ route_check ] --END-- [ RunTime:0.000706s ]
INFO: [ app_begin ] --START--
INFO: Run ReadHtmlCache Behavior [ RunTime:-0.000220s ]
INFO: [ app_begin ] --END-- [ RunTime:0.000510s ]
INFO: [ view_template ] --START--
INFO: Run LocationTemplate Behavior [ RunTime:-0.001859s ]
INFO: [ view_template ] --END-- [ RunTime:0.000388s ]
INFO: [ view_parse ] --START--
INFO: Run ParseTemplate Behavior [ RunTime:-0.002267s ]
INFO: [ view_parse ] --END-- [ RunTime:0.009572s ]
INFO: [ view_filter ] --START--
INFO: Run ContentReplace Behavior [ RunTime:-0.011888s ]
INFO: Run TokenBuild Behavior [ RunTime:-0.012356s ]
INFO: Run WriteHtmlCache Behavior [ RunTime:-0.012799s ]
INFO: Run ShowRuntime Behavior [ RunTime:-0.013147s ]
INFO: [ view_filter ] --END-- [ RunTime:0.001849s ]
INFO: [ view_end ] --START--
INFO: Run ShowPageTrace Behavior [ RunTime:-0.013801s ]
INFO: [ view_end ] --END-- [ RunTime:0.000748s ]

[ 2016-07-14T14:59:36+08:00 ] 127.0.0.1 /hotel/admin.php/Layout/west?_=1468479576344
INFO: [ route_check ] --START--
INFO: Run CheckRoute Behavior [ RunTime:0.000935s ]
INFO: [ route_check ] --END-- [ RunTime:0.001019s ]
INFO: [ app_begin ] --START--
INFO: Run ReadHtmlCache Behavior [ RunTime:-0.000310s ]
INFO: [ app_begin ] --END-- [ RunTime:0.000691s ]
INFO: [ view_template ] --START--
INFO: Run LocationTemplate Behavior [ RunTime:-0.002692s ]
INFO: [ view_template ] --END-- [ RunTime:0.000570s ]
INFO: [ view_parse ] --START--
INFO: Run ParseTemplate Behavior [ RunTime:-0.003302s ]
INFO: [ view_parse ] --END-- [ RunTime:0.023595s ]
INFO: [ view_filter ] --START--
INFO: Run ContentReplace Behavior [ RunTime:-0.026955s ]
INFO: Run TokenBuild Behavior [ RunTime:-0.027822s ]
INFO: Run WriteHtmlCache Behavior [ RunTime:-0.028817s ]
INFO: Run ShowRuntime Behavior [ RunTime:-0.029432s ]
INFO: [ view_filter ] --END-- [ RunTime:0.003516s ]
INFO: [ view_end ] --START--
INFO: Run ShowPageTrace Behavior [ RunTime:-0.030535s ]
INFO: [ view_end ] --END-- [ RunTime:0.000944s ]

[ 2016-07-14T14:59:36+08:00 ] 127.0.0.1 /hotel/admin.php/Layout/center?_=1468479576354
INFO: [ route_check ] --START--
INFO: Run CheckRoute Behavior [ RunTime:0.002228s ]
INFO: [ route_check ] --END-- [ RunTime:0.002343s ]
INFO: [ app_begin ] --START--
INFO: Run ReadHtmlCache Behavior [ RunTime:-0.000964s ]
INFO: [ app_begin ] --END-- [ RunTime:0.001462s ]
INFO: [ view_template ] --START--
INFO: Run LocationTemplate Behavior [ RunTime:-0.019247s ]
INFO: [ view_template ] --END-- [ RunTime:0.000685s ]
INFO: [ view_parse ] --START--
INFO: Run ParseTemplate Behavior [ RunTime:-0.019947s ]
INFO: [ view_parse ] --END-- [ RunTime:0.007667s ]
INFO: [ view_filter ] --START--
INFO: Run ContentReplace Behavior [ RunTime:-0.027657s ]
INFO: Run TokenBuild Behavior [ RunTime:-0.028450s ]
INFO: Run WriteHtmlCache Behavior [ RunTime:-0.029116s ]
INFO: Run ShowRuntime Behavior [ RunTime:-0.029617s ]
INFO: [ view_filter ] --END-- [ RunTime:0.002672s ]
INFO: [ view_end ] --START--
INFO: Run ShowPageTrace Behavior [ RunTime:-0.030380s ]
INFO: [ view_end ] --END-- [ RunTime:0.000620s ]

[ 2016-07-14T14:59:36+08:00 ] 127.0.0.1 /hotel/admin.php/Order/index
INFO: [ route_check ] --START--
INFO: Run CheckRoute Behavior [ RunTime:0.000976s ]
INFO: [ route_check ] --END-- [ RunTime:0.001061s ]
INFO: [ app_begin ] --START--
INFO: Run ReadHtmlCache Behavior [ RunTime:-0.000302s ]
INFO: [ app_begin ] --END-- [ RunTime:0.000696s ]
INFO: [ view_template ] --START--
INFO: Run LocationTemplate Behavior [ RunTime:-0.021183s ]
INFO: [ view_template ] --END-- [ RunTime:0.002881s ]
INFO: [ view_parse ] --START--
INFO: Run ParseTemplate Behavior [ RunTime:-0.024102s ]
INFO: [ view_parse ] --END-- [ RunTime:0.009276s ]
INFO: [ view_filter ] --START--
INFO: Run ContentReplace Behavior [ RunTime:-0.033400s ]
INFO: Run TokenBuild Behavior [ RunTime:-0.033759s ]
INFO: Run WriteHtmlCache Behavior [ RunTime:-0.034062s ]
INFO: Run ShowRuntime Behavior [ RunTime:-0.034281s ]
INFO: [ view_filter ] --END-- [ RunTime:0.001244s ]
INFO: [ view_end ] --START--
INFO: Run ShowPageTrace Behavior [ RunTime:-0.035008s ]
INFO: [ view_end ] --END-- [ RunTime:0.000502s ]

[ 2016-07-14T14:59:36+08:00 ] 127.0.0.1 /hotel/admin.php/Order/index
INFO: [ route_check ] --START--
INFO: Run CheckRoute Behavior [ RunTime:0.000620s ]
INFO: [ route_check ] --END-- [ RunTime:0.000686s ]
INFO: [ app_begin ] --START--
INFO: Run ReadHtmlCache Behavior [ RunTime:-0.000209s ]
INFO: [ app_begin ] --END-- [ RunTime:0.000481s ]
INFO: [ view_template ] --START--
INFO: Run LocationTemplate Behavior [ RunTime:-0.029597s ]
INFO: [ view_template ] --END-- [ RunTime:0.000505s ]
INFO: [ view_parse ] --START--
INFO: Run ParseTemplate Behavior [ RunTime:-0.030123s ]
INFO: [ view_parse ] --END-- [ RunTime:0.007147s ]
INFO: [ view_filter ] --START--
INFO: Run ContentReplace Behavior [ RunTime:-0.037308s ]
INFO: Run TokenBuild Behavior [ RunTime:-0.037642s ]
INFO: Run WriteHtmlCache Behavior [ RunTime:-0.037916s ]
INFO: Run ShowRuntime Behavior [ RunTime:-0.038118s ]
INFO: [ view_filter ] --END-- [ RunTime:0.001225s ]
INFO: [ view_end ] --START--
INFO: Run ShowPageTrace Behavior [ RunTime:-0.038782s ]
INFO: [ view_end ] --END-- [ RunTime:0.000821s ]

[ 2016-07-14T14:59:41+08:00 ] 127.0.0.1 /hotel/admin.php/Auser/index
INFO: [ route_check ] --START--
INFO: Run CheckRoute Behavior [ RunTime:0.001433s ]
INFO: [ route_check ] --END-- [ RunTime:0.001559s ]
INFO: [ app_begin ] --START--
INFO: Run ReadHtmlCache Behavior [ RunTime:-0.000661s ]
INFO: [ app_begin ] --END-- [ RunTime:0.001140s ]
INFO: [ view_template ] --START--
INFO: Run LocationTemplate Behavior [ RunTime:-0.078503s ]
INFO: [ view_template ] --END-- [ RunTime:0.000721s ]
INFO: [ view_parse ] --START--
INFO: Run ParseTemplate Behavior [ RunTime:-0.079250s ]
INFO: [ view_parse ] --END-- [ RunTime:0.006991s ]
INFO: [ view_filter ] --START--
INFO: Run ContentReplace Behavior [ RunTime:-0.086265s ]
INFO: Run TokenBuild Behavior [ RunTime:-0.086589s ]
INFO: Run WriteHtmlCache Behavior [ RunTime:-0.086861s ]
INFO: Run ShowRuntime Behavior [ RunTime:-0.087059s ]
INFO: [ view_filter ] --END-- [ RunTime:0.001159s ]
INFO: [ view_end ] --START--
INFO: Run ShowPageTrace Behavior [ RunTime:-0.087758s ]
INFO: [ view_end ] --END-- [ RunTime:0.000498s ]

[ 2016-07-14T14:59:41+08:00 ] 127.0.0.1 /hotel/admin.php/Auser/index
INFO: [ route_check ] --START--
INFO: Run CheckRoute Behavior [ RunTime:0.001933s ]
INFO: [ route_check ] --END-- [ RunTime:0.002072s ]
INFO: [ app_begin ] --START--
INFO: Run ReadHtmlCache Behavior [ RunTime:-0.000693s ]
INFO: [ app_begin ] --END-- [ RunTime:0.002290s ]
INFO: [ view_template ] --START--
INFO: Run LocationTemplate Behavior [ RunTime:-0.066944s ]
INFO: [ view_template ] --END-- [ RunTime:0.000600s ]
INFO: [ view_parse ] --START--
INFO: Run ParseTemplate Behavior [ RunTime:-0.067567s ]
INFO: [ view_parse ] --END-- [ RunTime:0.006447s ]
INFO: [ view_filter ] --START--
INFO: Run ContentReplace Behavior [ RunTime:-0.074040s ]
INFO: Run TokenBuild Behavior [ RunTime:-0.074408s ]
INFO: Run WriteHtmlCache Behavior [ RunTime:-0.074707s ]
INFO: Run ShowRuntime Behavior [ RunTime:-0.074928s ]
INFO: [ view_filter ] --END-- [ RunTime:0.001257s ]
INFO: [ view_end ] --START--
INFO: Run ShowPageTrace Behavior [ RunTime:-0.075524s ]
INFO: [ view_end ] --END-- [ RunTime:0.000539s ]

[ 2016-07-14T15:00:21+08:00 ] 127.0.0.1 /hotel/admin.php/Index/editPwd
INFO: [ route_check ] --START--
INFO: Run CheckRoute Behavior [ RunTime:0.001717s ]
INFO: [ route_check ] --END-- [ RunTime:0.001852s ]
INFO: [ app_begin ] --START--
INFO: Run ReadHtmlCache Behavior [ RunTime:-0.000515s ]
INFO: [ app_begin ] --END-- [ RunTime:0.001723s ]
SQL: SHOW COLUMNS FROM `admin` [ RunTime:0.007606s ]
SQL: SHOW COLUMNS FROM `admin` [ RunTime:0.000543s ]
SQL: SELECT * FROM `admin` WHERE ( `Name` = 'admin' ) AND ( `Password` = '123456' ) LIMIT 1   [ RunTime:0.000248s ]

[ 2016-07-14T15:00:37+08:00 ] 127.0.0.1 /hotel/admin.php/Index/editPwd
INFO: [ route_check ] --START--
INFO: Run CheckRoute Behavior [ RunTime:0.000677s ]
INFO: [ route_check ] --END-- [ RunTime:0.000773s ]
INFO: [ app_begin ] --START--
INFO: Run ReadHtmlCache Behavior [ RunTime:-0.000260s ]
INFO: [ app_begin ] --END-- [ RunTime:0.000504s ]
SQL: SHOW COLUMNS FROM `admin` [ RunTime:0.001739s ]
SQL: SHOW COLUMNS FROM `admin` [ RunTime:0.000626s ]
SQL: SELECT * FROM `admin` WHERE ( `Name` = 'admin' ) AND ( `Password` = '123456' ) LIMIT 1   [ RunTime:0.000355s ]

[ 2016-07-14T15:02:53+08:00 ] 127.0.0.1 /hotel/admin.php/Auser/index
INFO: [ route_check ] --START--
INFO: Run CheckRoute Behavior [ RunTime:0.001625s ]
INFO: [ route_check ] --END-- [ RunTime:0.001755s ]
INFO: [ app_begin ] --START--
INFO: Run ReadHtmlCache Behavior [ RunTime:-0.000494s ]
INFO: [ app_begin ] --END-- [ RunTime:0.001977s ]
INFO: [ view_template ] --START--
INFO: Run LocationTemplate Behavior [ RunTime:-0.003858s ]
INFO: [ view_template ] --END-- [ RunTime:0.000674s ]
INFO: [ view_parse ] --START--
INFO: Run ParseTemplate Behavior [ RunTime:-0.004570s ]
INFO: [ view_parse ] --END-- [ RunTime:0.006068s ]
INFO: [ view_filter ] --START--
INFO: Run ContentReplace Behavior [ RunTime:-0.010644s ]
INFO: Run TokenBuild Behavior [ RunTime:-0.011068s ]
INFO: Run WriteHtmlCache Behavior [ RunTime:-0.011437s ]
INFO: Run ShowRuntime Behavior [ RunTime:-0.011788s ]
INFO: [ view_filter ] --END-- [ RunTime:0.001550s ]
INFO: [ view_end ] --START--
INFO: Run ShowPageTrace Behavior [ RunTime:-0.012414s ]
INFO: [ view_end ] --END-- [ RunTime:0.000979s ]

[ 2016-07-14T15:05:08+08:00 ] 127.0.0.1 /hotel/admin.php/Index/editPwd
INFO: [ route_check ] --START--
INFO: Run CheckRoute Behavior [ RunTime:0.002017s ]
INFO: [ route_check ] --END-- [ RunTime:0.002149s ]
INFO: [ app_begin ] --START--
INFO: Run ReadHtmlCache Behavior [ RunTime:-0.000894s ]
INFO: [ app_begin ] --END-- [ RunTime:0.001359s ]
SQL: SHOW COLUMNS FROM `admin` [ RunTime:0.001305s ]
SQL: SHOW COLUMNS FROM `admin` [ RunTime:0.000450s ]
SQL: SELECT * FROM `admin` WHERE ( `Name` = 'admin' ) AND ( `Password` = '123456' ) LIMIT 1   [ RunTime:0.000232s ]

[ 2016-07-14T15:06:07+08:00 ] 127.0.0.1 /hotel/admin.php/Index/editPwd
INFO: [ route_check ] --START--
INFO: Run CheckRoute Behavior [ RunTime:0.002020s ]
INFO: [ route_check ] --END-- [ RunTime:0.002158s ]
INFO: [ app_begin ] --START--
INFO: Run ReadHtmlCache Behavior [ RunTime:-0.000892s ]
INFO: [ app_begin ] --END-- [ RunTime:0.001657s ]
SQL: SHOW COLUMNS FROM `admin` [ RunTime:0.000710s ]
SQL: SHOW COLUMNS FROM `admin` [ RunTime:0.000782s ]
SQL: SELECT * FROM `admin` WHERE ( `Name` = 'admin' ) AND ( `Password` = '123456' ) LIMIT 1   [ RunTime:0.000352s ]

[ 2016-07-14T15:06:56+08:00 ] 127.0.0.1 /hotel/admin.php/Auser/index
INFO: [ route_check ] --START--
INFO: Run CheckRoute Behavior [ RunTime:0.001808s ]
INFO: [ route_check ] --END-- [ RunTime:0.001941s ]
INFO: [ app_begin ] --START--
INFO: Run ReadHtmlCache Behavior [ RunTime:-0.000492s ]
INFO: [ app_begin ] --END-- [ RunTime:0.001169s ]
INFO: [ view_template ] --START--
INFO: Run LocationTemplate Behavior [ RunTime:-0.005103s ]
INFO: [ view_template ] --END-- [ RunTime:0.001754s ]
INFO: [ view_parse ] --START--
INFO: Run ParseTemplate Behavior [ RunTime:-0.006929s ]
INFO: [ view_parse ] --END-- [ RunTime:0.009031s ]
INFO: [ view_filter ] --START--
INFO: Run ContentReplace Behavior [ RunTime:-0.015959s ]
INFO: Run TokenBuild Behavior [ RunTime:-0.016380s ]
INFO: Run WriteHtmlCache Behavior [ RunTime:-0.016725s ]
INFO: Run ShowRuntime Behavior [ RunTime:-0.017014s ]
INFO: [ view_filter ] --END-- [ RunTime:0.001457s ]
INFO: [ view_end ] --START--
INFO: Run ShowPageTrace Behavior [ RunTime:-0.017624s ]
INFO: [ view_end ] --END-- [ RunTime:0.001017s ]

[ 2016-07-14T15:07:13+08:00 ] 127.0.0.1 /hotel/admin.php/Index/editPwd
INFO: [ route_check ] --START--
INFO: Run CheckRoute Behavior [ RunTime:0.000880s ]
INFO: [ route_check ] --END-- [ RunTime:0.000960s ]
INFO: [ app_begin ] --START--
INFO: Run ReadHtmlCache Behavior [ RunTime:-0.000317s ]
INFO: [ app_begin ] --END-- [ RunTime:0.000691s ]
SQL: SHOW COLUMNS FROM `admin` [ RunTime:0.001529s ]
SQL: SHOW COLUMNS FROM `admin` [ RunTime:0.000625s ]
SQL: SELECT * FROM `admin` WHERE ( `Name` = 'admin' ) AND ( `Password` = '123456' ) LIMIT 1   [ RunTime:0.001127s ]

[ 2016-07-14T15:08:51+08:00 ] 127.0.0.1 /hotel/admin.php/Index/editPwd
INFO: [ route_check ] --START--
INFO: Run CheckRoute Behavior [ RunTime:0.001062s ]
INFO: [ route_check ] --END-- [ RunTime:0.001157s ]
INFO: [ app_begin ] --START--
INFO: Run ReadHtmlCache Behavior [ RunTime:-0.000633s ]
INFO: [ app_begin ] --END-- [ RunTime:0.000829s ]
SQL: SHOW COLUMNS FROM `admin` [ RunTime:0.001496s ]
SQL: SHOW COLUMNS FROM `admin` [ RunTime:0.000494s ]
SQL: SELECT * FROM `admin` WHERE ( `Name` = 'admin' ) AND ( `Password` = '123456' ) LIMIT 1   [ RunTime:0.000258s ]

[ 2016-07-14T15:10:17+08:00 ] 127.0.0.1 /hotel/admin.php/Auser/index
INFO: [ route_check ] --START--
INFO: Run CheckRoute Behavior [ RunTime:0.001603s ]
INFO: [ route_check ] --END-- [ RunTime:0.001697s ]
INFO: [ app_begin ] --START--
INFO: Run ReadHtmlCache Behavior [ RunTime:-0.000383s ]
INFO: [ app_begin ] --END-- [ RunTime:0.000608s ]
INFO: [ view_template ] --START--
INFO: Run LocationTemplate Behavior [ RunTime:-0.002246s ]
INFO: [ view_template ] --END-- [ RunTime:0.000705s ]
INFO: [ view_parse ] --START--
INFO: Run ParseTemplate Behavior [ RunTime:-0.002982s ]
INFO: [ view_parse ] --END-- [ RunTime:0.007444s ]
INFO: [ view_filter ] --START--
INFO: Run ContentReplace Behavior [ RunTime:-0.010455s ]
INFO: Run TokenBuild Behavior [ RunTime:-0.011077s ]
INFO: Run WriteHtmlCache Behavior [ RunTime:-0.011683s ]
INFO: Run ShowRuntime Behavior [ RunTime:-0.012146s ]
INFO: [ view_filter ] --END-- [ RunTime:0.002221s ]
INFO: [ view_end ] --START--
INFO: Run ShowPageTrace Behavior [ RunTime:-0.012963s ]
INFO: [ view_end ] --END-- [ RunTime:0.000897s ]

[ 2016-07-14T15:10:30+08:00 ] 127.0.0.1 /hotel/admin.php/Index/editPwd
INFO: [ route_check ] --START--
INFO: Run CheckRoute Behavior [ RunTime:0.000715s ]
INFO: [ route_check ] --END-- [ RunTime:0.000804s ]
INFO: [ app_begin ] --START--
INFO: Run ReadHtmlCache Behavior [ RunTime:-0.000229s ]
INFO: [ app_begin ] --END-- [ RunTime:0.000552s ]
SQL: SHOW COLUMNS FROM `admin` [ RunTime:0.001417s ]
SQL: SHOW COLUMNS FROM `admin` [ RunTime:0.000509s ]
SQL: SELECT * FROM `admin` WHERE ( `Name` = 'admin' ) AND ( `Password` = '123456' ) LIMIT 1   [ RunTime:0.000364s ]

[ 2016-07-14T15:11:29+08:00 ] 127.0.0.1 /hotel/admin.php/Index/editPwd
INFO: [ route_check ] --START--
INFO: Run CheckRoute Behavior [ RunTime:0.002570s ]
INFO: [ route_check ] --END-- [ RunTime:0.002700s ]
INFO: [ app_begin ] --START--
INFO: Run ReadHtmlCache Behavior [ RunTime:-0.000862s ]
INFO: [ app_begin ] --END-- [ RunTime:0.001262s ]
SQL: SHOW COLUMNS FROM `admin` [ RunTime:0.001431s ]
SQL: SHOW COLUMNS FROM `admin` [ RunTime:0.000411s ]
SQL: SELECT * FROM `admin` WHERE ( `Name` = 'admin' ) AND ( `Password` = '123456' ) LIMIT 1   [ RunTime:0.000248s ]

[ 2016-07-14T15:12:04+08:00 ] 127.0.0.1 /hotel/admin.php/Index/editPwd
INFO: [ route_check ] --START--
INFO: Run CheckRoute Behavior [ RunTime:0.000932s ]
INFO: [ route_check ] --END-- [ RunTime:0.001013s ]
INFO: [ app_begin ] --START--
INFO: Run ReadHtmlCache Behavior [ RunTime:-0.000293s ]
INFO: [ app_begin ] --END-- [ RunTime:0.000704s ]
SQL: SHOW COLUMNS FROM `admin` [ RunTime:0.002040s ]
SQL: SHOW COLUMNS FROM `admin` [ RunTime:0.000671s ]
SQL: SELECT * FROM `admin` WHERE ( `Name` = 'admin' ) AND ( `Password` = '123456' ) LIMIT 1   [ RunTime:0.000341s ]

[ 2016-07-14T15:12:48+08:00 ] 127.0.0.1 /hotel/admin.php/Index/editPwd
INFO: [ route_check ] --START--
INFO: Run CheckRoute Behavior [ RunTime:0.001546s ]
INFO: [ route_check ] --END-- [ RunTime:0.001674s ]
INFO: [ app_begin ] --START--
INFO: Run ReadHtmlCache Behavior [ RunTime:-0.000484s ]
INFO: [ app_begin ] --END-- [ RunTime:0.001606s ]
SQL: SHOW COLUMNS FROM `admin` [ RunTime:0.003301s ]
SQL: SHOW COLUMNS FROM `admin` [ RunTime:0.001060s ]
SQL: SELECT * FROM `admin` WHERE ( `Name` = 'admin' ) AND ( `Password` = '123456' ) LIMIT 1   [ RunTime:0.000533s ]

[ 2016-07-14T15:13:23+08:00 ] 127.0.0.1 /hotel/admin.php/User/index
INFO: [ route_check ] --START--
INFO: Run CheckRoute Behavior [ RunTime:0.001839s ]
INFO: [ route_check ] --END-- [ RunTime:0.001957s ]
INFO: [ app_begin ] --START--
INFO: Run ReadHtmlCache Behavior [ RunTime:-0.000795s ]
INFO: [ app_begin ] --END-- [ RunTime:0.001364s ]
INFO: [ view_template ] --START--
INFO: Run LocationTemplate Behavior [ RunTime:-0.005327s ]
INFO: [ view_template ] --END-- [ RunTime:0.005583s ]
INFO: [ view_parse ] --START--
INFO: Run ParseTemplate Behavior [ RunTime:-0.010918s ]
INFO: [ view_parse ] --END-- [ RunTime:0.305137s ]
INFO: [ view_filter ] --START--
INFO: Run ContentReplace Behavior [ RunTime:-0.316101s ]
INFO: Run TokenBuild Behavior [ RunTime:-0.316798s ]
INFO: Run WriteHtmlCache Behavior [ RunTime:-0.317439s ]
INFO: Run ShowRuntime Behavior [ RunTime:-0.318431s ]
INFO: [ view_filter ] --END-- [ RunTime:0.003450s ]
INFO: [ view_end ] --START--
INFO: Run ShowPageTrace Behavior [ RunTime:-0.319625s ]
INFO: [ view_end ] --END-- [ RunTime:0.000993s ]

[ 2016-07-14T15:18:08+08:00 ] 127.0.0.1 /hotel/admin.php/Index/editPwd
INFO: [ route_check ] --START--
INFO: Run CheckRoute Behavior [ RunTime:0.000921s ]
INFO: [ route_check ] --END-- [ RunTime:0.000986s ]
INFO: [ app_begin ] --START--
INFO: Run ReadHtmlCache Behavior [ RunTime:-0.000418s ]
INFO: [ app_begin ] --END-- [ RunTime:0.000628s ]
SQL: SHOW COLUMNS FROM `admin` [ RunTime:0.002475s ]
SQL: SHOW COLUMNS FROM `admin` [ RunTime:0.000545s ]
SQL: SELECT * FROM `admin` WHERE ( `Name` = 'admin' ) AND ( `Password` = '123456' ) LIMIT 1   [ RunTime:0.000262s ]

[ 2016-07-14T15:19:50+08:00 ] 127.0.0.1 /hotel/admin.php/User/index
INFO: [ route_check ] --START--
INFO: Run CheckRoute Behavior [ RunTime:0.002136s ]
INFO: [ route_check ] --END-- [ RunTime:0.002234s ]
INFO: [ app_begin ] --START--
INFO: Run ReadHtmlCache Behavior [ RunTime:-0.000631s ]
INFO: [ app_begin ] --END-- [ RunTime:0.000950s ]
INFO: [ view_template ] --START--
INFO: Run LocationTemplate Behavior [ RunTime:-0.003749s ]
INFO: [ view_template ] --END-- [ RunTime:0.001342s ]
INFO: [ view_parse ] --START--
INFO: Run ParseTemplate Behavior [ RunTime:-0.005137s ]
INFO: [ view_parse ] --END-- [ RunTime:0.012003s ]
INFO: [ view_filter ] --START--
INFO: Run ContentReplace Behavior [ RunTime:-0.017188s ]
INFO: Run TokenBuild Behavior [ RunTime:-0.017988s ]
INFO: Run WriteHtmlCache Behavior [ RunTime:-0.018706s ]
INFO: Run ShowRuntime Behavior [ RunTime:-0.019314s ]
INFO: [ view_filter ] --END-- [ RunTime:0.003069s ]
INFO: [ view_end ] --START--
INFO: Run ShowPageTrace Behavior [ RunTime:-0.020341s ]
INFO: [ view_end ] --END-- [ RunTime:0.001039s ]

[ 2016-07-14T15:28:36+08:00 ] 127.0.0.1 /hotel/admin.php/Index/editPwd
INFO: [ route_check ] --START--
INFO: Run CheckRoute Behavior [ RunTime:0.001475s ]
INFO: [ route_check ] --END-- [ RunTime:0.001554s ]
INFO: [ app_begin ] --START--
INFO: Run ReadHtmlCache Behavior [ RunTime:-0.000525s ]
INFO: [ app_begin ] --END-- [ RunTime:0.000751s ]
SQL: SHOW COLUMNS FROM `admin` [ RunTime:0.000650s ]
SQL: SHOW COLUMNS FROM `admin` [ RunTime:0.000545s ]
SQL: SELECT * FROM `admin` WHERE ( `Name` = 'admin' ) AND ( `Password` = '123456' ) LIMIT 1   [ RunTime:0.000242s ]

[ 2016-07-14T15:31:59+08:00 ] 127.0.0.1 /hotel/admin.php/Index/editPwd
INFO: [ route_check ] --START--
INFO: Run CheckRoute Behavior [ RunTime:0.001836s ]
INFO: [ route_check ] --END-- [ RunTime:0.001936s ]
INFO: [ app_begin ] --START--
INFO: Run ReadHtmlCache Behavior [ RunTime:-0.000387s ]
INFO: [ app_begin ] --END-- [ RunTime:0.000569s ]
SQL: SHOW COLUMNS FROM `admin` [ RunTime:0.001464s ]
SQL: SHOW COLUMNS FROM `admin` [ RunTime:0.000472s ]
SQL: SELECT * FROM `admin` WHERE ( `Name` = 'admin' ) AND ( `Password` = '123456' ) LIMIT 1   [ RunTime:0.000259s ]

[ 2016-07-14T15:32:38+08:00 ] 127.0.0.1 /hotel/admin.php/Index/editPwd
INFO: [ route_check ] --START--
INFO: Run CheckRoute Behavior [ RunTime:0.001128s ]
INFO: [ route_check ] --END-- [ RunTime:0.001210s ]
INFO: [ app_begin ] --START--
INFO: Run ReadHtmlCache Behavior [ RunTime:-0.000537s ]
INFO: [ app_begin ] --END-- [ RunTime:0.000685s ]
SQL: SHOW COLUMNS FROM `admin` [ RunTime:0.000579s ]
SQL: SHOW COLUMNS FROM `admin` [ RunTime:0.000579s ]
SQL: SELECT * FROM `admin` WHERE ( `Name` = 'admin' ) AND ( `Password` = '123456' ) LIMIT 1   [ RunTime:0.000322s ]

[ 2016-07-14T15:38:01+08:00 ] ERR: (ThinkException) Unknown column 'AdminId' in 'field list'
 [ SQL璇 ] : SELECT `AdminId` FROM `hotel_admin` WHERE ( `name` = 'admin' ) AND ( `password` = '123456' ) LIMIT 1  
[ 2016-07-14T15:38:08+08:00 ] 127.0.0.1 /hotel/admin.php/Auser/index
INFO: [ route_check ] --START--
INFO: Run CheckRoute Behavior [ RunTime:0.001018s ]
INFO: [ route_check ] --END-- [ RunTime:0.001096s ]
INFO: [ app_begin ] --START--
INFO: Run ReadHtmlCache Behavior [ RunTime:-0.000446s ]
INFO: [ app_begin ] --END-- [ RunTime:0.000689s ]
INFO: [ view_template ] --START--
INFO: Run LocationTemplate Behavior [ RunTime:-0.002727s ]
INFO: [ view_template ] --END-- [ RunTime:0.001218s ]
INFO: [ view_parse ] --START--
INFO: Run ParseTemplate Behavior [ RunTime:-0.003978s ]
INFO: [ view_parse ] --END-- [ RunTime:0.017067s ]
INFO: [ view_filter ] --START--
INFO: Run ContentReplace Behavior [ RunTime:-0.021067s ]
INFO: Run TokenBuild Behavior [ RunTime:-0.021508s ]
INFO: Run WriteHtmlCache Behavior [ RunTime:-0.021868s ]
INFO: Run ShowRuntime Behavior [ RunTime:-0.022170s ]
INFO: [ view_filter ] --END-- [ RunTime:0.001516s ]
INFO: [ view_end ] --START--
INFO: Run ShowPageTrace Behavior [ RunTime:-0.022853s ]
INFO: [ view_end ] --END-- [ RunTime:0.000612s ]

[ 2016-07-14T15:38:08+08:00 ] 127.0.0.1 /hotel/admin.php/Auser/index
INFO: [ route_check ] --START--
INFO: Run CheckRoute Behavior [ RunTime:0.001686s ]
INFO: [ route_check ] --END-- [ RunTime:0.001821s ]
INFO: [ app_begin ] --START--
INFO: Run ReadHtmlCache Behavior [ RunTime:-0.000939s ]
INFO: [ app_begin ] --END-- [ RunTime:0.002162s ]
INFO: [ view_template ] --START--
INFO: Run LocationTemplate Behavior [ RunTime:-0.005725s ]
INFO: [ view_template ] --END-- [ RunTime:0.001264s ]
INFO: [ view_parse ] --START--
INFO: Run ParseTemplate Behavior [ RunTime:-0.007053s ]
INFO: [ view_parse ] --END-- [ RunTime:0.010846s ]
INFO: [ view_filter ] --START--
INFO: Run ContentReplace Behavior [ RunTime:-0.017919s ]
INFO: Run TokenBuild Behavior [ RunTime:-0.018429s ]
INFO: Run WriteHtmlCache Behavior [ RunTime:-0.018930s ]
INFO: Run ShowRuntime Behavior [ RunTime:-0.019275s ]
INFO: [ view_filter ] --END-- [ RunTime:0.003059s ]
INFO: [ view_end ] --START--
INFO: Run ShowPageTrace Behavior [ RunTime:-0.022124s ]
INFO: [ view_end ] --END-- [ RunTime:0.001685s ]

[ 2016-07-14T15:38:10+08:00 ] 127.0.0.1 /hotel/admin.php/Auser/index
INFO: [ route_check ] --START--
INFO: Run CheckRoute Behavior [ RunTime:0.000960s ]
INFO: [ route_check ] --END-- [ RunTime:0.001052s ]
INFO: [ app_begin ] --START--
INFO: Run ReadHtmlCache Behavior [ RunTime:-0.000410s ]
INFO: [ app_begin ] --END-- [ RunTime:0.000876s ]
INFO: [ view_template ] --START--
INFO: Run LocationTemplate Behavior [ RunTime:-0.002672s ]
INFO: [ view_template ] --END-- [ RunTime:0.000873s ]
INFO: [ view_parse ] --START--
INFO: Run ParseTemplate Behavior [ RunTime:-0.003601s ]
INFO: [ view_parse ] --END-- [ RunTime:0.008702s ]
INFO: [ view_filter ] --START--
INFO: Run ContentReplace Behavior [ RunTime:-0.012378s ]
INFO: Run TokenBuild Behavior [ RunTime:-0.012969s ]
INFO: Run WriteHtmlCache Behavior [ RunTime:-0.013465s ]
INFO: Run ShowRuntime Behavior [ RunTime:-0.013804s ]
INFO: [ view_filter ] --END-- [ RunTime:0.002012s ]
INFO: [ view_end ] --START--
INFO: Run ShowPageTrace Behavior [ RunTime:-0.014731s ]
INFO: [ view_end ] --END-- [ RunTime:0.001759s ]

[ 2016-07-14T15:38:24+08:00 ] ERR: (ThinkException) Unknown column 'AdminId' in 'field list'
 [ SQL璇 ] : SELECT `AdminId` FROM `hotel_admin` WHERE ( `name` = 'admin' ) AND ( `password` = '123456' ) LIMIT 1  
[ 2016-07-14T15:39:40+08:00 ] 127.0.0.1 /hotel/admin.php/Index/editPwd
INFO: [ route_check ] --START--
INFO: Run CheckRoute Behavior [ RunTime:0.000925s ]
INFO: [ route_check ] --END-- [ RunTime:0.001004s ]
INFO: [ app_begin ] --START--
INFO: Run ReadHtmlCache Behavior [ RunTime:-0.000294s ]
INFO: [ app_begin ] --END-- [ RunTime:0.000698s ]
SQL: SHOW COLUMNS FROM `hotel_admin` [ RunTime:0.000809s ]
SQL: SHOW COLUMNS FROM `hotel_admin` [ RunTime:0.000697s ]
SQL: SELECT * FROM `hotel_admin` WHERE ( `name` = 'admin' ) AND ( `password` = '123456' ) LIMIT 1   [ RunTime:0.000377s ]
SQL: SELECT `admin_id` FROM `hotel_admin` WHERE ( `name` = 'admin' ) AND ( `password` = '123456' ) LIMIT 1   [ RunTime:0.000299s ]
SQL: UPDATE `hotel_admin` SET `name`='admin',`password`='12345678' WHERE ( `admin_id` = 4 ) [ RunTime:0.004218s ]

[ 2016-07-14T15:39:41+08:00 ] 127.0.0.1 /hotel/admin.php/Index/login
INFO: [ route_check ] --START--
INFO: Run CheckRoute Behavior [ RunTime:0.000699s ]
INFO: [ route_check ] --END-- [ RunTime:0.000758s ]
INFO: [ app_begin ] --START--
INFO: Run ReadHtmlCache Behavior [ RunTime:-0.000227s ]
INFO: [ app_begin ] --END-- [ RunTime:0.000524s ]
INFO: [ view_template ] --START--
INFO: Run LocationTemplate Behavior [ RunTime:-0.001898s ]
INFO: [ view_template ] --END-- [ RunTime:0.000494s ]
INFO: [ view_parse ] --START--
INFO: Run ParseTemplate Behavior [ RunTime:-0.002419s ]
INFO: [ view_parse ] --END-- [ RunTime:0.006574s ]
INFO: [ view_filter ] --START--
INFO: Run ContentReplace Behavior [ RunTime:-0.009012s ]
INFO: Run TokenBuild Behavior [ RunTime:-0.009385s ]
INFO: Run WriteHtmlCache Behavior [ RunTime:-0.009719s ]
INFO: Run ShowRuntime Behavior [ RunTime:-0.009983s ]
INFO: [ view_filter ] --END-- [ RunTime:0.001391s ]
INFO: [ view_end ] --START--
INFO: Run ShowPageTrace Behavior [ RunTime:-0.010440s ]
INFO: [ view_end ] --END-- [ RunTime:0.000499s ]

[ 2016-07-14T15:39:49+08:00 ] 127.0.0.1 /hotel/admin.php
INFO: [ app_begin ] --START--
INFO: Run ReadHtmlCache Behavior [ RunTime:0.000420s ]
INFO: [ app_begin ] --END-- [ RunTime:0.000475s ]
INFO: [ view_template ] --START--
INFO: Run LocationTemplate Behavior [ RunTime:-0.001023s ]
INFO: [ view_template ] --END-- [ RunTime:0.000720s ]
INFO: [ view_parse ] --START--
INFO: Run ParseTemplate Behavior [ RunTime:-0.001800s ]
INFO: [ view_parse ] --END-- [ RunTime:0.008698s ]
INFO: [ view_filter ] --START--
INFO: Run ContentReplace Behavior [ RunTime:-0.010538s ]
INFO: Run TokenBuild Behavior [ RunTime:-0.011028s ]
INFO: Run WriteHtmlCache Behavior [ RunTime:-0.011506s ]
INFO: Run ShowRuntime Behavior [ RunTime:-0.011885s ]
INFO: [ view_filter ] --END-- [ RunTime:0.001929s ]
INFO: [ view_end ] --START--
INFO: Run ShowPageTrace Behavior [ RunTime:-0.012533s ]
INFO: [ view_end ] --END-- [ RunTime:0.001382s ]

[ 2016-07-14T15:39:49+08:00 ] 127.0.0.1 /hotel/admin.php/Layout/north?_=1468481989433
INFO: [ route_check ] --START--
INFO: Run CheckRoute Behavior [ RunTime:0.001049s ]
INFO: [ route_check ] --END-- [ RunTime:0.001141s ]
INFO: [ app_begin ] --START--
INFO: Run ReadHtmlCache Behavior [ RunTime:-0.000316s ]
INFO: [ app_begin ] --END-- [ RunTime:0.000686s ]
INFO: [ view_template ] --START--
INFO: Run LocationTemplate Behavior [ RunTime:-0.002327s ]
INFO: [ view_template ] --END-- [ RunTime:0.000765s ]
INFO: [ view_parse ] --START--
INFO: Run ParseTemplate Behavior [ RunTime:-0.003129s ]
INFO: [ view_parse ] --END-- [ RunTime:0.008745s ]
INFO: [ view_filter ] --START--
INFO: Run ContentReplace Behavior [ RunTime:-0.011906s ]
INFO: Run TokenBuild Behavior [ RunTime:-0.012404s ]
INFO: Run WriteHtmlCache Behavior [ RunTime:-0.012906s ]
INFO: Run ShowRuntime Behavior [ RunTime:-0.013264s ]
INFO: [ view_filter ] --END-- [ RunTime:0.002822s ]
INFO: [ view_end ] --START--
INFO: Run ShowPageTrace Behavior [ RunTime:-0.014962s ]
INFO: [ view_end ] --END-- [ RunTime:0.001017s ]

[ 2016-07-14T15:39:49+08:00 ] 127.0.0.1 /hotel/admin.php/Layout/west?_=1468481989449
INFO: [ route_check ] --START--
INFO: Run CheckRoute Behavior [ RunTime:0.000928s ]
INFO: [ route_check ] --END-- [ RunTime:0.001013s ]
INFO: [ app_begin ] --START--
INFO: Run ReadHtmlCache Behavior [ RunTime:-0.000305s ]
INFO: [ app_begin ] --END-- [ RunTime:0.001779s ]
INFO: [ view_template ] --START--
INFO: Run LocationTemplate Behavior [ RunTime:-0.005296s ]
INFO: [ view_template ] --END-- [ RunTime:0.000896s ]
INFO: [ view_parse ] --START--
INFO: Run ParseTemplate Behavior [ RunTime:-0.006303s ]
INFO: [ view_parse ] --END-- [ RunTime:0.010205s ]
INFO: [ view_filter ] --START--
INFO: Run ContentReplace Behavior [ RunTime:-0.016530s ]
INFO: Run TokenBuild Behavior [ RunTime:-0.017021s ]
INFO: Run WriteHtmlCache Behavior [ RunTime:-0.017531s ]
INFO: Run ShowRuntime Behavior [ RunTime:-0.017903s ]
INFO: [ view_filter ] --END-- [ RunTime:0.001964s ]
INFO: [ view_end ] --START--
INFO: Run ShowPageTrace Behavior [ RunTime:-0.018556s ]
INFO: [ view_end ] --END-- [ RunTime:0.000763s ]

[ 2016-07-14T15:39:49+08:00 ] 127.0.0.1 /hotel/admin.php/Layout/center?_=1468481989458
INFO: [ route_check ] --START--
INFO: Run CheckRoute Behavior [ RunTime:0.000943s ]
INFO: [ route_check ] --END-- [ RunTime:0.001031s ]
INFO: [ app_begin ] --START--
INFO: Run ReadHtmlCache Behavior [ RunTime:-0.000303s ]
INFO: [ app_begin ] --END-- [ RunTime:0.000728s ]
INFO: [ view_template ] --START--
INFO: Run LocationTemplate Behavior [ RunTime:-0.002201s ]
INFO: [ view_template ] --END-- [ RunTime:0.000639s ]
INFO: [ view_parse ] --START--
INFO: Run ParseTemplate Behavior [ RunTime:-0.002878s ]
INFO: [ view_parse ] --END-- [ RunTime:0.008010s ]
INFO: [ view_filter ] --START--
INFO: Run ContentReplace Behavior [ RunTime:-0.010924s ]
INFO: Run TokenBuild Behavior [ RunTime:-0.011409s ]
INFO: Run WriteHtmlCache Behavior [ RunTime:-0.011914s ]
INFO: Run ShowRuntime Behavior [ RunTime:-0.012290s ]
INFO: [ view_filter ] --END-- [ RunTime:0.001977s ]
INFO: [ view_end ] --START--
INFO: Run ShowPageTrace Behavior [ RunTime:-0.012967s ]
INFO: [ view_end ] --END-- [ RunTime:0.000791s ]

[ 2016-07-14T15:39:49+08:00 ] 127.0.0.1 /hotel/admin.php/Order/index
INFO: [ route_check ] --START--
INFO: Run CheckRoute Behavior [ RunTime:0.000932s ]
INFO: [ route_check ] --END-- [ RunTime:0.001017s ]
INFO: [ app_begin ] --START--
INFO: Run ReadHtmlCache Behavior [ RunTime:-0.000329s ]
INFO: [ app_begin ] --END-- [ RunTime:0.000762s ]
INFO: [ view_template ] --START--
INFO: Run LocationTemplate Behavior [ RunTime:-0.003091s ]
INFO: [ view_template ] --END-- [ RunTime:0.001241s ]
INFO: [ view_parse ] --START--
INFO: Run ParseTemplate Behavior [ RunTime:-0.004444s ]
INFO: [ view_parse ] --END-- [ RunTime:0.008325s ]
INFO: [ view_filter ] --START--
INFO: Run ContentReplace Behavior [ RunTime:-0.012820s ]
INFO: Run TokenBuild Behavior [ RunTime:-0.013575s ]
INFO: Run WriteHtmlCache Behavior [ RunTime:-0.014328s ]
INFO: Run ShowRuntime Behavior [ RunTime:-0.014817s ]
INFO: [ view_filter ] --END-- [ RunTime:0.002786s ]
INFO: [ view_end ] --START--
INFO: Run ShowPageTrace Behavior [ RunTime:-0.016012s ]
INFO: [ view_end ] --END-- [ RunTime:0.001146s ]

[ 2016-07-14T15:39:49+08:00 ] 127.0.0.1 /hotel/admin.php/Order/index
INFO: [ route_check ] --START--
INFO: Run CheckRoute Behavior [ RunTime:0.001048s ]
INFO: [ route_check ] --END-- [ RunTime:0.001145s ]
INFO: [ app_begin ] --START--
INFO: Run ReadHtmlCache Behavior [ RunTime:-0.000322s ]
INFO: [ app_begin ] --END-- [ RunTime:0.000754s ]
INFO: [ view_template ] --START--
INFO: Run LocationTemplate Behavior [ RunTime:-0.018420s ]
INFO: [ view_template ] --END-- [ RunTime:0.001739s ]
INFO: [ view_parse ] --START--
INFO: Run ParseTemplate Behavior [ RunTime:-0.020209s ]
INFO: [ view_parse ] --END-- [ RunTime:0.009632s ]
INFO: [ view_filter ] --START--
INFO: Run ContentReplace Behavior [ RunTime:-0.029856s ]
INFO: Run TokenBuild Behavior [ RunTime:-0.030257s ]
INFO: Run WriteHtmlCache Behavior [ RunTime:-0.030557s ]
INFO: Run ShowRuntime Behavior [ RunTime:-0.030772s ]
INFO: [ view_filter ] --END-- [ RunTime:0.001276s ]
INFO: [ view_end ] --START--
INFO: Run ShowPageTrace Behavior [ RunTime:-0.031418s ]
INFO: [ view_end ] --END-- [ RunTime:0.000660s ]

[ 2016-07-14T15:39:53+08:00 ] 127.0.0.1 /hotel/admin.php/Auser/index
INFO: [ route_check ] --START--
INFO: Run CheckRoute Behavior [ RunTime:0.000738s ]
INFO: [ route_check ] --END-- [ RunTime:0.000806s ]
INFO: [ app_begin ] --START--
INFO: Run ReadHtmlCache Behavior [ RunTime:-0.000239s ]
INFO: [ app_begin ] --END-- [ RunTime:0.000568s ]
INFO: [ view_template ] --START--
INFO: Run LocationTemplate Behavior [ RunTime:-0.001954s ]
INFO: [ view_template ] --END-- [ RunTime:0.000663s ]
INFO: [ view_parse ] --START--
INFO: Run ParseTemplate Behavior [ RunTime:-0.002652s ]
INFO: [ view_parse ] --END-- [ RunTime:0.009664s ]
INFO: [ view_filter ] --START--
INFO: Run ContentReplace Behavior [ RunTime:-0.012352s ]
INFO: Run TokenBuild Behavior [ RunTime:-0.012874s ]
INFO: Run WriteHtmlCache Behavior [ RunTime:-0.013273s ]
INFO: Run ShowRuntime Behavior [ RunTime:-0.013555s ]
INFO: [ view_filter ] --END-- [ RunTime:0.003058s ]
INFO: [ view_end ] --START--
INFO: Run ShowPageTrace Behavior [ RunTime:-0.015746s ]
INFO: [ view_end ] --END-- [ RunTime:0.000965s ]

[ 2016-07-14T15:39:53+08:00 ] 127.0.0.1 /hotel/admin.php/Auser/index
INFO: [ route_check ] --START--
INFO: Run CheckRoute Behavior [ RunTime:0.000652s ]
INFO: [ route_check ] --END-- [ RunTime:0.000712s ]
INFO: [ app_begin ] --START--
INFO: Run ReadHtmlCache Behavior [ RunTime:-0.000201s ]
INFO: [ app_begin ] --END-- [ RunTime:0.000448s ]
INFO: [ view_template ] --START--
INFO: Run LocationTemplate Behavior [ RunTime:-0.001950s ]
INFO: [ view_template ] --END-- [ RunTime:0.000711s ]
INFO: [ view_parse ] --START--
INFO: Run ParseTemplate Behavior [ RunTime:-0.002685s ]
INFO: [ view_parse ] --END-- [ RunTime:0.007031s ]
INFO: [ view_filter ] --START--
INFO: Run ContentReplace Behavior [ RunTime:-0.009743s ]
INFO: Run TokenBuild Behavior [ RunTime:-0.010140s ]
INFO: Run WriteHtmlCache Behavior [ RunTime:-0.010540s ]
INFO: Run ShowRuntime Behavior [ RunTime:-0.010788s ]
INFO: [ view_filter ] --END-- [ RunTime:0.001475s ]
INFO: [ view_end ] --START--
INFO: Run ShowPageTrace Behavior [ RunTime:-0.011451s ]
INFO: [ view_end ] --END-- [ RunTime:0.000545s ]

[ 2016-07-14T15:41:16+08:00 ] 127.0.0.1 /hotel/admin.php/Order/index
INFO: [ route_check ] --START--
INFO: Run CheckRoute Behavior [ RunTime:0.001995s ]
INFO: [ route_check ] --END-- [ RunTime:0.002128s ]
INFO: [ app_begin ] --START--
INFO: Run ReadHtmlCache Behavior [ RunTime:-0.000882s ]
INFO: [ app_begin ] --END-- [ RunTime:0.001364s ]
INFO: [ view_template ] --START--
INFO: Run LocationTemplate Behavior [ RunTime:-0.005655s ]
INFO: [ view_template ] --END-- [ RunTime:0.002241s ]
INFO: [ view_parse ] --START--
INFO: Run ParseTemplate Behavior [ RunTime:-0.007970s ]
INFO: [ view_parse ] --END-- [ RunTime:0.010117s ]
INFO: [ view_filter ] --START--
INFO: Run ContentReplace Behavior [ RunTime:-0.018095s ]
INFO: Run TokenBuild Behavior [ RunTime:-0.018600s ]
INFO: Run WriteHtmlCache Behavior [ RunTime:-0.019038s ]
INFO: Run ShowRuntime Behavior [ RunTime:-0.019378s ]
INFO: [ view_filter ] --END-- [ RunTime:0.001800s ]
INFO: [ view_end ] --START--
INFO: Run ShowPageTrace Behavior [ RunTime:-0.020133s ]
INFO: [ view_end ] --END-- [ RunTime:0.000904s ]

[ 2016-07-14T15:41:19+08:00 ] 127.0.0.1 /hotel/admin.php/Auser/index
INFO: [ route_check ] --START--
INFO: Run CheckRoute Behavior [ RunTime:0.000982s ]
INFO: [ route_check ] --END-- [ RunTime:0.001066s ]
INFO: [ app_begin ] --START--
INFO: Run ReadHtmlCache Behavior [ RunTime:-0.000424s ]
INFO: [ app_begin ] --END-- [ RunTime:0.000832s ]
INFO: [ view_template ] --START--
INFO: Run LocationTemplate Behavior [ RunTime:-0.002737s ]
INFO: [ view_template ] --END-- [ RunTime:0.000842s ]
INFO: [ view_parse ] --START--
INFO: Run ParseTemplate Behavior [ RunTime:-0.003620s ]
INFO: [ view_parse ] --END-- [ RunTime:0.010917s ]
INFO: [ view_filter ] --START--
INFO: Run ContentReplace Behavior [ RunTime:-0.014555s ]
INFO: Run TokenBuild Behavior [ RunTime:-0.014983s ]
INFO: Run WriteHtmlCache Behavior [ RunTime:-0.015340s ]
INFO: Run ShowRuntime Behavior [ RunTime:-0.015661s ]
INFO: [ view_filter ] --END-- [ RunTime:0.001495s ]
INFO: [ view_end ] --START--
INFO: Run ShowPageTrace Behavior [ RunTime:-0.016326s ]
INFO: [ view_end ] --END-- [ RunTime:0.000621s ]

