[ 2016-09-07T10:15:47+08:00 ] 127.0.0.1 /hotel/admin.php/Index/login
INFO: [ route_check ] --START--
INFO: Run CheckRoute Behavior [ RunTime:0.002264s ]
INFO: [ route_check ] --END-- [ RunTime:0.002385s ]
INFO: [ app_begin ] --START--
INFO: Run ReadHtmlCache Behavior [ RunTime:-0.000490s ]
INFO: [ app_begin ] --END-- [ RunTime:0.001091s ]
INFO: [ view_template ] --START--
INFO: Run LocationTemplate Behavior [ RunTime:-0.011649s ]
INFO: [ view_template ] --END-- [ RunTime:0.001496s ]
INFO: [ view_parse ] --START--
INFO: Run ParseTemplate Behavior [ RunTime:-0.013211s ]
INFO: [ view_parse ] --END-- [ RunTime:0.067088s ]
INFO: [ view_filter ] --START--
INFO: Run ContentReplace Behavior [ RunTime:-0.080366s ]
INFO: Run TokenBuild Behavior [ RunTime:-0.083087s ]
INFO: Run WriteHtmlCache Behavior [ RunTime:-0.085535s ]
INFO: Run ShowRuntime Behavior [ RunTime:-0.087005s ]
INFO: [ view_filter ] --END-- [ RunTime:0.009421s ]
INFO: [ view_end ] --START--
INFO: Run ShowPageTrace Behavior [ RunTime:-0.089909s ]
INFO: [ view_end ] --END-- [ RunTime:0.002987s ]

[ 2016-09-07T10:15:56+08:00 ] 127.0.0.1 /hotel/admin.php
INFO: [ app_begin ] --START--
INFO: Run ReadHtmlCache Behavior [ RunTime:0.000436s ]
INFO: [ app_begin ] --END-- [ RunTime:0.000489s ]
INFO: [ view_template ] --START--
INFO: Run LocationTemplate Behavior [ RunTime:-0.000797s ]
INFO: [ view_template ] --END-- [ RunTime:0.000615s ]
INFO: [ view_parse ] --START--
INFO: Run ParseTemplate Behavior [ RunTime:-0.001438s ]
INFO: [ view_parse ] --END-- [ RunTime:0.036746s ]
INFO: [ view_filter ] --START--
INFO: Run ContentReplace Behavior [ RunTime:-0.038220s ]
INFO: Run TokenBuild Behavior [ RunTime:-0.038650s ]
INFO: Run WriteHtmlCache Behavior [ RunTime:-0.039025s ]
INFO: Run ShowRuntime Behavior [ RunTime:-0.039308s ]
INFO: [ view_filter ] --END-- [ RunTime:0.001478s ]
INFO: [ view_end ] --START--
INFO: Run ShowPageTrace Behavior [ RunTime:-0.039732s ]
INFO: [ view_end ] --END-- [ RunTime:0.000520s ]

[ 2016-09-07T10:15:56+08:00 ] 127.0.0.1 /hotel/admin.php/Layout/north?_=1473214556471
INFO: [ route_check ] --START--
INFO: Run CheckRoute Behavior [ RunTime:0.000884s ]
INFO: [ route_check ] --END-- [ RunTime:0.000961s ]
INFO: [ app_begin ] --START--
INFO: Run ReadHtmlCache Behavior [ RunTime:-0.000300s ]
INFO: [ app_begin ] --END-- [ RunTime:0.000714s ]
INFO: [ view_template ] --START--
INFO: Run LocationTemplate Behavior [ RunTime:-0.002501s ]
INFO: [ view_template ] --END-- [ RunTime:0.000519s ]
INFO: [ view_parse ] --START--
INFO: Run ParseTemplate Behavior [ RunTime:-0.003053s ]
INFO: [ view_parse ] --END-- [ RunTime:0.028441s ]
INFO: [ view_filter ] --START--
INFO: Run ContentReplace Behavior [ RunTime:-0.031511s ]
INFO: Run TokenBuild Behavior [ RunTime:-0.031833s ]
INFO: Run WriteHtmlCache Behavior [ RunTime:-0.032113s ]
INFO: Run ShowRuntime Behavior [ RunTime:-0.032315s ]
INFO: [ view_filter ] --END-- [ RunTime:0.001160s ]
INFO: [ view_end ] --START--
INFO: Run ShowPageTrace Behavior [ RunTime:-0.032710s ]
INFO: [ view_end ] --END-- [ RunTime:0.000462s ]

[ 2016-09-07T10:15:56+08:00 ] 127.0.0.1 /hotel/admin.php/Layout/west?_=1473214556483
INFO: [ route_check ] --START--
INFO: Run CheckRoute Behavior [ RunTime:0.000743s ]
INFO: [ route_check ] --END-- [ RunTime:0.000798s ]
INFO: [ app_begin ] --START--
INFO: Run ReadHtmlCache Behavior [ RunTime:-0.000351s ]
INFO: [ app_begin ] --END-- [ RunTime:0.000545s ]
INFO: [ view_template ] --START--
INFO: Run LocationTemplate Behavior [ RunTime:-0.017218s ]
INFO: [ view_template ] --END-- [ RunTime:0.000506s ]
INFO: [ view_parse ] --START--
INFO: Run ParseTemplate Behavior [ RunTime:-0.017745s ]
INFO: [ view_parse ] --END-- [ RunTime:0.006690s ]
INFO: [ view_filter ] --START--
INFO: Run ContentReplace Behavior [ RunTime:-0.024458s ]
INFO: Run TokenBuild Behavior [ RunTime:-0.024965s ]
INFO: Run WriteHtmlCache Behavior [ RunTime:-0.025464s ]
INFO: Run ShowRuntime Behavior [ RunTime:-0.025946s ]
INFO: [ view_filter ] --END-- [ RunTime:0.002223s ]
INFO: [ view_end ] --START--
INFO: Run ShowPageTrace Behavior [ RunTime:-0.026750s ]
INFO: [ view_end ] --END-- [ RunTime:0.000984s ]

[ 2016-09-07T10:15:56+08:00 ] 127.0.0.1 /hotel/admin.php/Layout/center?_=1473214556492
INFO: [ route_check ] --START--
INFO: Run CheckRoute Behavior [ RunTime:0.000772s ]
INFO: [ route_check ] --END-- [ RunTime:0.000829s ]
INFO: [ app_begin ] --START--
INFO: Run ReadHtmlCache Behavior [ RunTime:-0.000346s ]
INFO: [ app_begin ] --END-- [ RunTime:0.000499s ]
INFO: [ view_template ] --START--
INFO: Run LocationTemplate Behavior [ RunTime:-0.022146s ]
INFO: [ view_template ] --END-- [ RunTime:0.000715s ]
INFO: [ view_parse ] --START--
INFO: Run ParseTemplate Behavior [ RunTime:-0.022891s ]
INFO: [ view_parse ] --END-- [ RunTime:0.007467s ]
INFO: [ view_filter ] --START--
INFO: Run ContentReplace Behavior [ RunTime:-0.030377s ]
INFO: Run TokenBuild Behavior [ RunTime:-0.030900s ]
INFO: Run WriteHtmlCache Behavior [ RunTime:-0.031588s ]
INFO: Run ShowRuntime Behavior [ RunTime:-0.032023s ]
INFO: [ view_filter ] --END-- [ RunTime:0.002279s ]
INFO: [ view_end ] --START--
INFO: Run ShowPageTrace Behavior [ RunTime:-0.032698s ]
INFO: [ view_end ] --END-- [ RunTime:0.000806s ]

[ 2016-09-07T10:15:56+08:00 ] 127.0.0.1 /hotel/admin.php/Order/index
INFO: [ route_check ] --START--
INFO: Run CheckRoute Behavior [ RunTime:0.000878s ]
INFO: [ route_check ] --END-- [ RunTime:0.000953s ]
INFO: [ app_begin ] --START--
INFO: Run ReadHtmlCache Behavior [ RunTime:-0.000295s ]
INFO: [ app_begin ] --END-- [ RunTime:0.000858s ]
INFO: [ view_template ] --START--
INFO: Run LocationTemplate Behavior [ RunTime:-0.027949s ]
INFO: [ view_template ] --END-- [ RunTime:0.000904s ]
INFO: [ view_parse ] --START--
INFO: Run ParseTemplate Behavior [ RunTime:-0.028877s ]
INFO: [ view_parse ] --END-- [ RunTime:0.038629s ]
INFO: [ view_filter ] --START--
INFO: Run ContentReplace Behavior [ RunTime:-0.067532s ]
INFO: Run TokenBuild Behavior [ RunTime:-0.067899s ]
INFO: Run WriteHtmlCache Behavior [ RunTime:-0.068200s ]
INFO: Run ShowRuntime Behavior [ RunTime:-0.068417s ]
INFO: [ view_filter ] --END-- [ RunTime:0.001392s ]
INFO: [ view_end ] --START--
INFO: Run ShowPageTrace Behavior [ RunTime:-0.069339s ]
INFO: [ view_end ] --END-- [ RunTime:0.000756s ]

[ 2016-09-07T10:15:56+08:00 ] 127.0.0.1 /hotel/admin.php/Order/index
INFO: [ route_check ] --START--
INFO: Run CheckRoute Behavior [ RunTime:0.000924s ]
INFO: [ route_check ] --END-- [ RunTime:0.001002s ]
INFO: [ app_begin ] --START--
INFO: Run ReadHtmlCache Behavior [ RunTime:-0.000252s ]
INFO: [ app_begin ] --END-- [ RunTime:0.000720s ]
INFO: [ view_template ] --START--
INFO: Run LocationTemplate Behavior [ RunTime:-0.069885s ]
INFO: [ view_template ] --END-- [ RunTime:0.000614s ]
INFO: [ view_parse ] --START--
INFO: Run ParseTemplate Behavior [ RunTime:-0.070546s ]
INFO: [ view_parse ] --END-- [ RunTime:0.006199s ]
INFO: [ view_filter ] --START--
INFO: Run ContentReplace Behavior [ RunTime:-0.076763s ]
INFO: Run TokenBuild Behavior [ RunTime:-0.077104s ]
INFO: Run WriteHtmlCache Behavior [ RunTime:-0.077397s ]
INFO: Run ShowRuntime Behavior [ RunTime:-0.077604s ]
INFO: [ view_filter ] --END-- [ RunTime:0.001201s ]
INFO: [ view_end ] --START--
INFO: Run ShowPageTrace Behavior [ RunTime:-0.078186s ]
INFO: [ view_end ] --END-- [ RunTime:0.000524s ]

[ 2016-09-07T10:16:04+08:00 ] 127.0.0.1 /hotel/admin.php/Goods/index
INFO: [ route_check ] --START--
INFO: Run CheckRoute Behavior [ RunTime:0.000762s ]
INFO: [ route_check ] --END-- [ RunTime:0.000819s ]
INFO: [ app_begin ] --START--
INFO: Run ReadHtmlCache Behavior [ RunTime:-0.000398s ]
INFO: [ app_begin ] --END-- [ RunTime:0.000549s ]
INFO: [ view_template ] --START--
INFO: Run LocationTemplate Behavior [ RunTime:-0.049931s ]
INFO: [ view_template ] --END-- [ RunTime:0.000967s ]
INFO: [ view_parse ] --START--
INFO: Run ParseTemplate Behavior [ RunTime:-0.050928s ]
INFO: [ view_parse ] --END-- [ RunTime:0.053598s ]
INFO: [ view_filter ] --START--
INFO: Run ContentReplace Behavior [ RunTime:-0.104555s ]
INFO: Run TokenBuild Behavior [ RunTime:-0.105115s ]
INFO: Run WriteHtmlCache Behavior [ RunTime:-0.105556s ]
INFO: Run ShowRuntime Behavior [ RunTime:-0.105865s ]
INFO: [ view_filter ] --END-- [ RunTime:0.001912s ]
INFO: [ view_end ] --START--
INFO: Run ShowPageTrace Behavior [ RunTime:-0.106790s ]
INFO: [ view_end ] --END-- [ RunTime:0.000614s ]

[ 2016-09-07T10:16:04+08:00 ] 127.0.0.1 /hotel/admin.php/Goods/index
INFO: [ route_check ] --START--
INFO: Run CheckRoute Behavior [ RunTime:0.001735s ]
INFO: [ route_check ] --END-- [ RunTime:0.001842s ]
INFO: [ app_begin ] --START--
INFO: Run ReadHtmlCache Behavior [ RunTime:-0.000591s ]
INFO: [ app_begin ] --END-- [ RunTime:0.001156s ]
INFO: [ view_template ] --START--
INFO: Run LocationTemplate Behavior [ RunTime:-0.092407s ]
INFO: [ view_template ] --END-- [ RunTime:0.000688s ]
INFO: [ view_parse ] --START--
INFO: Run ParseTemplate Behavior [ RunTime:-0.093112s ]
INFO: [ view_parse ] --END-- [ RunTime:0.006352s ]
INFO: [ view_filter ] --START--
INFO: Run ContentReplace Behavior [ RunTime:-0.099485s ]
INFO: Run TokenBuild Behavior [ RunTime:-0.099864s ]
INFO: Run WriteHtmlCache Behavior [ RunTime:-0.100235s ]
INFO: Run ShowRuntime Behavior [ RunTime:-0.100511s ]
INFO: [ view_filter ] --END-- [ RunTime:0.001448s ]
INFO: [ view_end ] --START--
INFO: Run ShowPageTrace Behavior [ RunTime:-0.101144s ]
INFO: [ view_end ] --END-- [ RunTime:0.000593s ]

[ 2016-09-07T10:16:08+08:00 ] 127.0.0.1 /hotel/admin.php/Credit/query
INFO: [ route_check ] --START--
INFO: Run CheckRoute Behavior [ RunTime:0.001326s ]
INFO: [ route_check ] --END-- [ RunTime:0.001477s ]
INFO: [ app_begin ] --START--
INFO: Run ReadHtmlCache Behavior [ RunTime:-0.000568s ]
INFO: [ app_begin ] --END-- [ RunTime:0.000765s ]
INFO: [ view_template ] --START--
INFO: Run LocationTemplate Behavior [ RunTime:-0.085822s ]
INFO: [ view_template ] --END-- [ RunTime:0.000575s ]
INFO: [ view_parse ] --START--
INFO: Run ParseTemplate Behavior [ RunTime:-0.086459s ]
INFO: [ view_parse ] --END-- [ RunTime:0.030588s ]
INFO: [ view_filter ] --START--
INFO: Run ContentReplace Behavior [ RunTime:-0.117106s ]
INFO: Run TokenBuild Behavior [ RunTime:-0.117833s ]
INFO: Run WriteHtmlCache Behavior [ RunTime:-0.118536s ]
INFO: Run ShowRuntime Behavior [ RunTime:-0.119037s ]
INFO: [ view_filter ] --END-- [ RunTime:0.002798s ]
INFO: [ view_end ] --START--
INFO: Run ShowPageTrace Behavior [ RunTime:-0.119998s ]
INFO: [ view_end ] --END-- [ RunTime:0.001127s ]

[ 2016-09-07T10:16:08+08:00 ] 127.0.0.1 /hotel/admin.php/Credit/query
INFO: [ route_check ] --START--
INFO: Run CheckRoute Behavior [ RunTime:0.000686s ]
INFO: [ route_check ] --END-- [ RunTime:0.000749s ]
INFO: [ app_begin ] --START--
INFO: Run ReadHtmlCache Behavior [ RunTime:-0.000247s ]
INFO: [ app_begin ] --END-- [ RunTime:0.000505s ]
INFO: [ view_template ] --START--
INFO: Run LocationTemplate Behavior [ RunTime:-0.001670s ]
INFO: [ view_template ] --END-- [ RunTime:0.000637s ]
INFO: [ view_parse ] --START--
INFO: Run ParseTemplate Behavior [ RunTime:-0.002311s ]
INFO: [ view_parse ] --END-- [ RunTime:0.007455s ]
INFO: [ view_filter ] --START--
INFO: Run ContentReplace Behavior [ RunTime:-0.009792s ]
INFO: Run TokenBuild Behavior [ RunTime:-0.010121s ]
INFO: Run WriteHtmlCache Behavior [ RunTime:-0.010522s ]
INFO: Run ShowRuntime Behavior [ RunTime:-0.010836s ]
INFO: [ view_filter ] --END-- [ RunTime:0.001569s ]
INFO: [ view_end ] --START--
INFO: Run ShowPageTrace Behavior [ RunTime:-0.011422s ]
INFO: [ view_end ] --END-- [ RunTime:0.000713s ]

[ 2016-09-07T10:18:46+08:00 ] 127.0.0.1 /hotel/admin.php/Credit/index
INFO: [ route_check ] --START--
INFO: Run CheckRoute Behavior [ RunTime:0.001986s ]
INFO: [ route_check ] --END-- [ RunTime:0.002115s ]
INFO: [ app_begin ] --START--
INFO: Run ReadHtmlCache Behavior [ RunTime:-0.000993s ]
INFO: [ app_begin ] --END-- [ RunTime:0.001371s ]
INFO: [ view_template ] --START--
INFO: Run LocationTemplate Behavior [ RunTime:-0.004593s ]
INFO: [ view_template ] --END-- [ RunTime:0.001622s ]
INFO: [ view_parse ] --START--
INFO: Run ParseTemplate Behavior [ RunTime:-0.006284s ]
INFO: [ view_parse ] --END-- [ RunTime:0.074037s ]
INFO: [ view_filter ] --START--
INFO: Run ContentReplace Behavior [ RunTime:-0.080388s ]
INFO: Run TokenBuild Behavior [ RunTime:-0.082589s ]
INFO: Run WriteHtmlCache Behavior [ RunTime:-0.083672s ]
INFO: Run ShowRuntime Behavior [ RunTime:-0.084477s ]
INFO: [ view_filter ] --END-- [ RunTime:0.005243s ]
INFO: [ view_end ] --START--
INFO: Run ShowPageTrace Behavior [ RunTime:-0.085737s ]
INFO: [ view_end ] --END-- [ RunTime:0.001489s ]

[ 2016-09-07T10:29:57+08:00 ] 127.0.0.1 /hotel/admin.php/Credit/index
INFO: [ route_check ] --START--
INFO: Run CheckRoute Behavior [ RunTime:0.002251s ]
INFO: [ route_check ] --END-- [ RunTime:0.002385s ]
INFO: [ app_begin ] --START--
INFO: Run ReadHtmlCache Behavior [ RunTime:-0.001242s ]
INFO: [ app_begin ] --END-- [ RunTime:0.002811s ]
INFO: [ view_template ] --START--
INFO: Run LocationTemplate Behavior [ RunTime:-0.005412s ]
INFO: [ view_template ] --END-- [ RunTime:0.000663s ]
INFO: [ view_parse ] --START--
INFO: Run ParseTemplate Behavior [ RunTime:-0.006104s ]
INFO: [ view_parse ] --END-- [ RunTime:0.004994s ]
INFO: [ view_filter ] --START--
INFO: Run ContentReplace Behavior [ RunTime:-0.011118s ]
INFO: Run TokenBuild Behavior [ RunTime:-0.011474s ]
INFO: Run WriteHtmlCache Behavior [ RunTime:-0.011975s ]
INFO: Run ShowRuntime Behavior [ RunTime:-0.012243s ]
INFO: [ view_filter ] --END-- [ RunTime:0.001542s ]
INFO: [ view_end ] --START--
INFO: Run ShowPageTrace Behavior [ RunTime:-0.012700s ]
INFO: [ view_end ] --END-- [ RunTime:0.000520s ]

[ 2016-09-07T10:32:23+08:00 ] 127.0.0.1 /hotel/admin.php/Credit/index
INFO: [ route_check ] --START--
INFO: Run CheckRoute Behavior [ RunTime:0.001293s ]
INFO: [ route_check ] --END-- [ RunTime:0.001385s ]
INFO: [ app_begin ] --START--
INFO: Run ReadHtmlCache Behavior [ RunTime:-0.000653s ]
INFO: [ app_begin ] --END-- [ RunTime:0.000799s ]
INFO: [ view_template ] --START--
INFO: Run LocationTemplate Behavior [ RunTime:-0.002533s ]
INFO: [ view_template ] --END-- [ RunTime:0.000640s ]
INFO: [ view_parse ] --START--
INFO: Run ParseTemplate Behavior [ RunTime:-0.003199s ]
INFO: [ view_parse ] --END-- [ RunTime:0.005474s ]
INFO: [ view_filter ] --START--
INFO: Run ContentReplace Behavior [ RunTime:-0.008696s ]
INFO: Run TokenBuild Behavior [ RunTime:-0.009077s ]
INFO: Run WriteHtmlCache Behavior [ RunTime:-0.009457s ]
INFO: Run ShowRuntime Behavior [ RunTime:-0.009745s ]
INFO: [ view_filter ] --END-- [ RunTime:0.001496s ]
INFO: [ view_end ] --START--
INFO: Run ShowPageTrace Behavior [ RunTime:-0.010233s ]
INFO: [ view_end ] --END-- [ RunTime:0.000558s ]

[ 2016-09-07T10:32:33+08:00 ] 127.0.0.1 /hotel/admin.php/Credit/index
INFO: [ route_check ] --START--
INFO: Run CheckRoute Behavior [ RunTime:0.001085s ]
INFO: [ route_check ] --END-- [ RunTime:0.001164s ]
INFO: [ app_begin ] --START--
INFO: Run ReadHtmlCache Behavior [ RunTime:-0.000491s ]
INFO: [ app_begin ] --END-- [ RunTime:0.000788s ]
INFO: [ view_template ] --START--
INFO: Run LocationTemplate Behavior [ RunTime:-0.002615s ]
INFO: [ view_template ] --END-- [ RunTime:0.000870s ]
INFO: [ view_parse ] --START--
INFO: Run ParseTemplate Behavior [ RunTime:-0.003522s ]
INFO: [ view_parse ] --END-- [ RunTime:0.007922s ]
INFO: [ view_filter ] --START--
INFO: Run ContentReplace Behavior [ RunTime:-0.011479s ]
INFO: Run TokenBuild Behavior [ RunTime:-0.012054s ]
INFO: Run WriteHtmlCache Behavior [ RunTime:-0.012586s ]
INFO: Run ShowRuntime Behavior [ RunTime:-0.013068s ]
INFO: [ view_filter ] --END-- [ RunTime:0.002450s ]
INFO: [ view_end ] --START--
INFO: Run ShowPageTrace Behavior [ RunTime:-0.014462s ]
INFO: [ view_end ] --END-- [ RunTime:0.001378s ]

