[ 2016-12-23T12:05:12+08:00 ] 127.0.0.1 /admin.php/Index/login
INFO: [ route_check ] --START--
INFO: Run CheckRoute Behavior [ RunTime:0.043065s ]
INFO: [ route_check ] --END-- [ RunTime:0.043358s ]
NOTIC: [8192] preg_replace(): The /e modifier is deprecated, use preg_replace_callback instead D:\hotel\ThinkPHP\Lib\Core\Dispatcher.class.php 第 120 行.
INFO: [ app_begin ] --START--
INFO: Run ReadHtmlCache Behavior [ RunTime:-0.001459s ]
INFO: [ app_begin ] --END-- [ RunTime:0.001754s ]
INFO: [ view_template ] --START--
INFO: Run LocationTemplate Behavior [ RunTime:-0.032355s ]
INFO: [ view_template ] --END-- [ RunTime:0.003615s ]
INFO: [ view_parse ] --START--
NOTIC: [8192] preg_replace(): The /e modifier is deprecated, use preg_replace_callback instead D:\hotel\ThinkPHP\Lib\Template\ThinkTemplate.class.php 第 164 行.
NOTIC: [8192] preg_replace(): The /e modifier is deprecated, use preg_replace_callback instead D:\hotel\ThinkPHP\Lib\Template\ThinkTemplate.class.php 第 359 行.
NOTIC: [8192] preg_replace(): The /e modifier is deprecated, use preg_replace_callback instead D:\hotel\ThinkPHP\Lib\Template\ThinkTemplate.class.php 第 359 行.
NOTIC: [8192] preg_replace(): The /e modifier is deprecated, use preg_replace_callback instead D:\hotel\ThinkPHP\Lib\Template\ThinkTemplate.class.php 第 359 行.
NOTIC: [8192] preg_replace(): The /e modifier is deprecated, use preg_replace_callback instead D:\hotel\ThinkPHP\Lib\Template\ThinkTemplate.class.php 第 359 行.
NOTIC: [8192] preg_replace(): The /e modifier is deprecated, use preg_replace_callback instead D:\hotel\ThinkPHP\Lib\Template\ThinkTemplate.class.php 第 359 行.
NOTIC: [8192] preg_replace(): The /e modifier is deprecated, use preg_replace_callback instead D:\hotel\ThinkPHP\Lib\Template\ThinkTemplate.class.php 第 359 行.
NOTIC: [8192] preg_replace(): The /e modifier is deprecated, use preg_replace_callback instead D:\hotel\ThinkPHP\Lib\Template\ThinkTemplate.class.php 第 359 行.
NOTIC: [8192] preg_replace(): The /e modifier is deprecated, use preg_replace_callback instead D:\hotel\ThinkPHP\Lib\Template\ThinkTemplate.class.php 第 359 行.
NOTIC: [8192] preg_replace(): The /e modifier is deprecated, use preg_replace_callback instead D:\hotel\ThinkPHP\Lib\Template\ThinkTemplate.class.php 第 359 行.
NOTIC: [8192] preg_replace(): The /e modifier is deprecated, use preg_replace_callback instead D:\hotel\ThinkPHP\Lib\Template\ThinkTemplate.class.php 第 359 行.
NOTIC: [8192] preg_replace(): The /e modifier is deprecated, use preg_replace_callback instead D:\hotel\ThinkPHP\Lib\Template\ThinkTemplate.class.php 第 359 行.
NOTIC: [8192] preg_replace(): The /e modifier is deprecated, use preg_replace_callback instead D:\hotel\ThinkPHP\Lib\Template\ThinkTemplate.class.php 第 359 行.
NOTIC: [8192] preg_replace(): The /e modifier is deprecated, use preg_replace_callback instead D:\hotel\ThinkPHP\Lib\Template\ThinkTemplate.class.php 第 354 行.
NOTIC: [8192] preg_replace(): The /e modifier is deprecated, use preg_replace_callback instead D:\hotel\ThinkPHP\Lib\Template\ThinkTemplate.class.php 第 354 行.
NOTIC: [8192] preg_replace(): The /e modifier is deprecated, use preg_replace_callback instead D:\hotel\ThinkPHP\Lib\Template\ThinkTemplate.class.php 第 359 行.
NOTIC: [8192] preg_replace(): The /e modifier is deprecated, use preg_replace_callback instead D:\hotel\ThinkPHP\Lib\Template\ThinkTemplate.class.php 第 359 行.
NOTIC: [8192] preg_replace(): The /e modifier is deprecated, use preg_replace_callback instead D:\hotel\ThinkPHP\Lib\Template\ThinkTemplate.class.php 第 359 行.
NOTIC: [8192] preg_replace(): The /e modifier is deprecated, use preg_replace_callback instead D:\hotel\ThinkPHP\Lib\Template\ThinkTemplate.class.php 第 354 行.
NOTIC: [8192] preg_replace(): The /e modifier is deprecated, use preg_replace_callback instead D:\hotel\ThinkPHP\Lib\Template\ThinkTemplate.class.php 第 359 行.
NOTIC: [8192] preg_replace(): The /e modifier is deprecated, use preg_replace_callback instead D:\hotel\ThinkPHP\Lib\Template\ThinkTemplate.class.php 第 359 行.
NOTIC: [8192] preg_replace(): The /e modifier is deprecated, use preg_replace_callback instead D:\hotel\ThinkPHP\Lib\Template\ThinkTemplate.class.php 第 359 行.
NOTIC: [8192] preg_replace(): The /e modifier is deprecated, use preg_replace_callback instead D:\hotel\ThinkPHP\Lib\Template\ThinkTemplate.class.php 第 359 行.
NOTIC: [8192] preg_replace(): The /e modifier is deprecated, use preg_replace_callback instead D:\hotel\ThinkPHP\Lib\Template\ThinkTemplate.class.php 第 359 行.
NOTIC: [8192] preg_replace(): The /e modifier is deprecated, use preg_replace_callback instead D:\hotel\ThinkPHP\Lib\Template\ThinkTemplate.class.php 第 359 行.
NOTIC: [8192] preg_replace(): The /e modifier is deprecated, use preg_replace_callback instead D:\hotel\ThinkPHP\Lib\Template\ThinkTemplate.class.php 第 359 行.
NOTIC: [8192] preg_replace(): The /e modifier is deprecated, use preg_replace_callback instead D:\hotel\ThinkPHP\Lib\Template\ThinkTemplate.class.php 第 359 行.
NOTIC: [8192] preg_replace(): The /e modifier is deprecated, use preg_replace_callback instead D:\hotel\ThinkPHP\Lib\Template\ThinkTemplate.class.php 第 359 行.
NOTIC: [8192] preg_replace(): The /e modifier is deprecated, use preg_replace_callback instead D:\hotel\ThinkPHP\Lib\Template\ThinkTemplate.class.php 第 359 行.
NOTIC: [8192] preg_replace(): The /e modifier is deprecated, use preg_replace_callback instead D:\hotel\ThinkPHP\Lib\Template\ThinkTemplate.class.php 第 359 行.
NOTIC: [8192] preg_replace(): The /e modifier is deprecated, use preg_replace_callback instead D:\hotel\ThinkPHP\Lib\Template\ThinkTemplate.class.php 第 359 行.
NOTIC: [8192] preg_replace(): The /e modifier is deprecated, use preg_replace_callback instead D:\hotel\ThinkPHP\Lib\Template\ThinkTemplate.class.php 第 359 行.
NOTIC: [8192] preg_replace(): The /e modifier is deprecated, use preg_replace_callback instead D:\hotel\ThinkPHP\Lib\Template\ThinkTemplate.class.php 第 359 行.
NOTIC: [8192] preg_replace(): The /e modifier is deprecated, use preg_replace_callback instead D:\hotel\ThinkPHP\Lib\Template\ThinkTemplate.class.php 第 359 行.
NOTIC: [8192] preg_replace(): The /e modifier is deprecated, use preg_replace_callback instead D:\hotel\ThinkPHP\Lib\Template\ThinkTemplate.class.php 第 359 行.
NOTIC: [8192] preg_replace(): The /e modifier is deprecated, use preg_replace_callback instead D:\hotel\ThinkPHP\Lib\Template\ThinkTemplate.class.php 第 359 行.
NOTIC: [8192] preg_replace(): The /e modifier is deprecated, use preg_replace_callback instead D:\hotel\ThinkPHP\Lib\Template\ThinkTemplate.class.php 第 359 行.
NOTIC: [8192] preg_replace(): The /e modifier is deprecated, use preg_replace_callback instead D:\hotel\ThinkPHP\Lib\Template\ThinkTemplate.class.php 第 359 行.
NOTIC: [8192] preg_replace(): The /e modifier is deprecated, use preg_replace_callback instead D:\hotel\ThinkPHP\Lib\Template\ThinkTemplate.class.php 第 359 行.
NOTIC: [8192] preg_replace(): The /e modifier is deprecated, use preg_replace_callback instead D:\hotel\ThinkPHP\Lib\Template\ThinkTemplate.class.php 第 359 行.
NOTIC: [8192] preg_replace(): The /e modifier is deprecated, use preg_replace_callback instead D:\hotel\ThinkPHP\Lib\Template\ThinkTemplate.class.php 第 359 行.
NOTIC: [8192] preg_replace(): The /e modifier is deprecated, use preg_replace_callback instead D:\hotel\ThinkPHP\Lib\Template\ThinkTemplate.class.php 第 359 行.
NOTIC: [8192] preg_replace(): The /e modifier is deprecated, use preg_replace_callback instead D:\hotel\ThinkPHP\Lib\Template\ThinkTemplate.class.php 第 359 行.
NOTIC: [8192] preg_replace(): The /e modifier is deprecated, use preg_replace_callback instead D:\hotel\ThinkPHP\Lib\Template\ThinkTemplate.class.php 第 359 行.
NOTIC: [8192] preg_replace(): The /e modifier is deprecated, use preg_replace_callback instead D:\hotel\ThinkPHP\Lib\Template\ThinkTemplate.class.php 第 359 行.
NOTIC: [8192] preg_replace(): The /e modifier is deprecated, use preg_replace_callback instead D:\hotel\ThinkPHP\Lib\Template\ThinkTemplate.class.php 第 359 行.
NOTIC: [8192] preg_replace(): The /e modifier is deprecated, use preg_replace_callback instead D:\hotel\ThinkPHP\Lib\Template\ThinkTemplate.class.php 第 359 行.
NOTIC: [8192] preg_replace(): The /e modifier is deprecated, use preg_replace_callback instead D:\hotel\ThinkPHP\Lib\Template\ThinkTemplate.class.php 第 359 行.
NOTIC: [8192] preg_replace(): The /e modifier is deprecated, use preg_replace_callback instead D:\hotel\ThinkPHP\Lib\Template\ThinkTemplate.class.php 第 359 行.
NOTIC: [8192] preg_replace(): The /e modifier is deprecated, use preg_replace_callback instead D:\hotel\ThinkPHP\Lib\Template\ThinkTemplate.class.php 第 359 行.
NOTIC: [8192] preg_replace(): The /e modifier is deprecated, use preg_replace_callback instead D:\hotel\ThinkPHP\Lib\Template\ThinkTemplate.class.php 第 359 行.
NOTIC: [8192] preg_replace(): The /e modifier is deprecated, use preg_replace_callback instead D:\hotel\ThinkPHP\Lib\Template\ThinkTemplate.class.php 第 359 行.
NOTIC: [8192] preg_replace(): The /e modifier is deprecated, use preg_replace_callback instead D:\hotel\ThinkPHP\Lib\Template\ThinkTemplate.class.php 第 359 行.
NOTIC: [8192] preg_replace(): The /e modifier is deprecated, use preg_replace_callback instead D:\hotel\ThinkPHP\Lib\Template\ThinkTemplate.class.php 第 359 行.
NOTIC: [8192] preg_replace(): The /e modifier is deprecated, use preg_replace_callback instead D:\hotel\ThinkPHP\Lib\Template\ThinkTemplate.class.php 第 359 行.
NOTIC: [8192] preg_replace(): The /e modifier is deprecated, use preg_replace_callback instead D:\hotel\ThinkPHP\Lib\Template\ThinkTemplate.class.php 第 359 行.
NOTIC: [8192] preg_replace(): The /e modifier is deprecated, use preg_replace_callback instead D:\hotel\ThinkPHP\Lib\Template\ThinkTemplate.class.php 第 359 行.
NOTIC: [8192] preg_replace(): The /e modifier is deprecated, use preg_replace_callback instead D:\hotel\ThinkPHP\Lib\Template\ThinkTemplate.class.php 第 359 行.
NOTIC: [8192] preg_replace(): The /e modifier is deprecated, use preg_replace_callback instead D:\hotel\ThinkPHP\Lib\Template\ThinkTemplate.class.php 第 359 行.
NOTIC: [8192] preg_replace(): The /e modifier is deprecated, use preg_replace_callback instead D:\hotel\ThinkPHP\Lib\Template\ThinkTemplate.class.php 第 359 行.
NOTIC: [8192] preg_replace(): The /e modifier is deprecated, use preg_replace_callback instead D:\hotel\ThinkPHP\Lib\Template\ThinkTemplate.class.php 第 359 行.
NOTIC: [8192] preg_replace(): The /e modifier is deprecated, use preg_replace_callback instead D:\hotel\ThinkPHP\Lib\Template\ThinkTemplate.class.php 第 359 行.
NOTIC: [8192] preg_replace(): The /e modifier is deprecated, use preg_replace_callback instead D:\hotel\ThinkPHP\Lib\Template\ThinkTemplate.class.php 第 359 行.
NOTIC: [8192] preg_replace(): The /e modifier is deprecated, use preg_replace_callback instead D:\hotel\ThinkPHP\Lib\Template\ThinkTemplate.class.php 第 359 行.
NOTIC: [8192] preg_replace(): The /e modifier is deprecated, use preg_replace_callback instead D:\hotel\ThinkPHP\Lib\Template\ThinkTemplate.class.php 第 359 行.
NOTIC: [8192] preg_replace(): The /e modifier is deprecated, use preg_replace_callback instead D:\hotel\ThinkPHP\Lib\Template\ThinkTemplate.class.php 第 359 行.
NOTIC: [8192] preg_replace(): The /e modifier is deprecated, use preg_replace_callback instead D:\hotel\ThinkPHP\Lib\Template\ThinkTemplate.class.php 第 359 行.
NOTIC: [8192] preg_replace(): The /e modifier is deprecated, use preg_replace_callback instead D:\hotel\ThinkPHP\Lib\Template\ThinkTemplate.class.php 第 359 行.
NOTIC: [8192] preg_replace(): The /e modifier is deprecated, use preg_replace_callback instead D:\hotel\ThinkPHP\Lib\Template\ThinkTemplate.class.php 第 359 行.
NOTIC: [8192] preg_replace(): The /e modifier is deprecated, use preg_replace_callback instead D:\hotel\ThinkPHP\Lib\Template\ThinkTemplate.class.php 第 359 行.
NOTIC: [8192] preg_replace(): The /e modifier is deprecated, use preg_replace_callback instead D:\hotel\ThinkPHP\Lib\Template\ThinkTemplate.class.php 第 359 行.
NOTIC: [8192] preg_replace(): The /e modifier is deprecated, use preg_replace_callback instead D:\hotel\ThinkPHP\Lib\Template\ThinkTemplate.class.php 第 359 行.
NOTIC: [8192] preg_replace(): The /e modifier is deprecated, use preg_replace_callback instead D:\hotel\ThinkPHP\Lib\Template\ThinkTemplate.class.php 第 359 行.
NOTIC: [8192] preg_replace(): The /e modifier is deprecated, use preg_replace_callback instead D:\hotel\ThinkPHP\Lib\Template\ThinkTemplate.class.php 第 359 行.
NOTIC: [8192] preg_replace(): The /e modifier is deprecated, use preg_replace_callback instead D:\hotel\ThinkPHP\Lib\Template\ThinkTemplate.class.php 第 359 行.
NOTIC: [8192] preg_replace(): The /e modifier is deprecated, use preg_replace_callback instead D:\hotel\ThinkPHP\Lib\Template\ThinkTemplate.class.php 第 359 行.
NOTIC: [8192] preg_replace(): The /e modifier is deprecated, use preg_replace_callback instead D:\hotel\ThinkPHP\Lib\Template\ThinkTemplate.class.php 第 359 行.
NOTIC: [8192] preg_replace(): The /e modifier is deprecated, use preg_replace_callback instead D:\hotel\ThinkPHP\Lib\Template\ThinkTemplate.class.php 第 359 行.
NOTIC: [8192] preg_replace(): The /e modifier is deprecated, use preg_replace_callback instead D:\hotel\ThinkPHP\Lib\Template\ThinkTemplate.class.php 第 359 行.
NOTIC: [8192] preg_replace(): The /e modifier is deprecated, use preg_replace_callback instead D:\hotel\ThinkPHP\Lib\Template\ThinkTemplate.class.php 第 359 行.
NOTIC: [8192] preg_replace(): The /e modifier is deprecated, use preg_replace_callback instead D:\hotel\ThinkPHP\Lib\Template\ThinkTemplate.class.php 第 359 行.
NOTIC: [8192] preg_replace(): The /e modifier is deprecated, use preg_replace_callback instead D:\hotel\ThinkPHP\Lib\Template\ThinkTemplate.class.php 第 359 行.
NOTIC: [8192] preg_replace(): The /e modifier is deprecated, use preg_replace_callback instead D:\hotel\ThinkPHP\Lib\Template\ThinkTemplate.class.php 第 359 行.
NOTIC: [8192] preg_replace(): The /e modifier is deprecated, use preg_replace_callback instead D:\hotel\ThinkPHP\Lib\Template\ThinkTemplate.class.php 第 359 行.
NOTIC: [8192] preg_replace(): The /e modifier is deprecated, use preg_replace_callback instead D:\hotel\ThinkPHP\Lib\Template\ThinkTemplate.class.php 第 359 行.
NOTIC: [8192] preg_replace(): The /e modifier is deprecated, use preg_replace_callback instead D:\hotel\ThinkPHP\Lib\Template\ThinkTemplate.class.php 第 354 行.
NOTIC: [8192] preg_replace(): The /e modifier is deprecated, use preg_replace_callback instead D:\hotel\ThinkPHP\Lib\Template\ThinkTemplate.class.php 第 354 行.
NOTIC: [8192] preg_replace(): The /e modifier is deprecated, use preg_replace_callback instead D:\hotel\ThinkPHP\Lib\Template\ThinkTemplate.class.php 第 354 行.
NOTIC: [8192] preg_replace(): The /e modifier is deprecated, use preg_replace_callback instead D:\hotel\ThinkPHP\Lib\Template\ThinkTemplate.class.php 第 354 行.
NOTIC: [8192] preg_replace(): The /e modifier is deprecated, use preg_replace_callback instead D:\hotel\ThinkPHP\Lib\Template\ThinkTemplate.class.php 第 354 行.
NOTIC: [8192] preg_replace(): The /e modifier is deprecated, use preg_replace_callback instead D:\hotel\ThinkPHP\Lib\Template\ThinkTemplate.class.php 第 354 行.
NOTIC: [8192] preg_replace(): The /e modifier is deprecated, use preg_replace_callback instead D:\hotel\ThinkPHP\Lib\Template\ThinkTemplate.class.php 第 359 行.
NOTIC: [8192] preg_replace(): The /e modifier is deprecated, use preg_replace_callback instead D:\hotel\ThinkPHP\Lib\Template\ThinkTemplate.class.php 第 359 行.
NOTIC: [8192] preg_replace(): The /e modifier is deprecated, use preg_replace_callback instead D:\hotel\ThinkPHP\Lib\Template\ThinkTemplate.class.php 第 359 行.
NOTIC: [8192] preg_replace(): The /e modifier is deprecated, use preg_replace_callback instead D:\hotel\ThinkPHP\Lib\Template\ThinkTemplate.class.php 第 193 行.
NOTIC: [8192] preg_replace(): The /e modifier is deprecated, use preg_replace_callback instead D:\hotel\ThinkPHP\Lib\Template\ThinkTemplate.class.php 第 133 行.
INFO: Run ParseTemplate Behavior [ RunTime:-0.036304s ]
INFO: [ view_parse ] --END-- [ RunTime:0.096320s ]
INFO: [ view_filter ] --START--
INFO: Run ContentReplace Behavior [ RunTime:-0.132722s ]
INFO: Run TokenBuild Behavior [ RunTime:-0.134428s ]
INFO: Run WriteHtmlCache Behavior [ RunTime:-0.135905s ]
INFO: Run ShowRuntime Behavior [ RunTime:-0.137202s ]
INFO: [ view_filter ] --END-- [ RunTime:0.006241s ]
INFO: [ view_end ] --START--
INFO: Run ShowPageTrace Behavior [ RunTime:-0.140407s ]
INFO: [ view_end ] --END-- [ RunTime:0.003245s ]

