[ 2014-08-23T00:11:50+08:00 ] 127.0.0.1 /
INFO: [ app_begin ] --START--
INFO: Run ReadHtmlCache Behavior [ RunTime:0.002795s ]
INFO: [ app_begin ] --END-- [ RunTime:0.003033s ]
INFO: [ view_parse ] --START--
INFO: Run ParseTemplate Behavior [ RunTime:-0.006243s ]
INFO: [ view_parse ] --END-- [ RunTime:0.031431s ]
INFO: [ view_filter ] --START--
INFO: Run ContentReplace Behavior [ RunTime:-0.037788s ]
INFO: Run TokenBuild Behavior [ RunTime:-0.039509s ]
INFO: Run WriteHtmlCache Behavior [ RunTime:-0.041260s ]
INFO: Run ShowRuntime Behavior [ RunTime:-0.042777s ]
INFO: [ view_filter ] --END-- [ RunTime:0.006979s ]
INFO: [ view_end ] --START--
INFO: Run ShowPageTrace Behavior [ RunTime:-0.044961s ]
INFO: [ view_end ] --END-- [ RunTime:0.002178s ]

[ 2014-08-23T00:11:59+08:00 ] 127.0.0.1 /index.php
INFO: [ app_begin ] --START--
INFO: Run ReadHtmlCache Behavior [ RunTime:0.002776s ]
INFO: [ app_begin ] --END-- [ RunTime:0.003004s ]
INFO: [ view_parse ] --START--
INFO: Run ParseTemplate Behavior [ RunTime:-0.004866s ]
INFO: [ view_parse ] --END-- [ RunTime:0.037080s ]
INFO: [ view_filter ] --START--
INFO: Run ContentReplace Behavior [ RunTime:-0.042077s ]
INFO: Run TokenBuild Behavior [ RunTime:-0.043899s ]
INFO: Run WriteHtmlCache Behavior [ RunTime:-0.046377s ]
INFO: Run ShowRuntime Behavior [ RunTime:-0.048354s ]
INFO: [ view_filter ] --END-- [ RunTime:0.008868s ]
INFO: [ view_end ] --START--
INFO: Run ShowPageTrace Behavior [ RunTime:-0.051153s ]
INFO: [ view_end ] --END-- [ RunTime:0.002603s ]

[ 2014-08-23T00:12:24+08:00 ] 127.0.0.1 /index.php
INFO: [ app_begin ] --START--
INFO: Run ReadHtmlCache Behavior [ RunTime:0.001357s ]
INFO: [ app_begin ] --END-- [ RunTime:0.001600s ]
INFO: [ view_parse ] --START--
INFO: Run ParseTemplate Behavior [ RunTime:-0.002473s ]
INFO: [ view_parse ] --END-- [ RunTime:0.013819s ]
INFO: [ view_filter ] --START--
INFO: Run ContentReplace Behavior [ RunTime:-0.016408s ]
INFO: Run TokenBuild Behavior [ RunTime:-0.017491s ]
INFO: Run WriteHtmlCache Behavior [ RunTime:-0.018617s ]
INFO: Run ShowRuntime Behavior [ RunTime:-0.019487s ]
INFO: [ view_filter ] --END-- [ RunTime:0.007818s ]
INFO: [ view_end ] --START--
INFO: Run ShowPageTrace Behavior [ RunTime:-0.024447s ]
INFO: [ view_end ] --END-- [ RunTime:0.002030s ]

[ 2014-08-23T00:13:20+08:00 ] 127.0.0.1 /index.php
INFO: [ app_begin ] --START--
INFO: Run ReadHtmlCache Behavior [ RunTime:0.002934s ]
INFO: [ app_begin ] --END-- [ RunTime:0.003179s ]
INFO: [ view_parse ] --START--
INFO: Run ParseTemplate Behavior [ RunTime:-0.004881s ]
INFO: [ view_parse ] --END-- [ RunTime:0.030619s ]
INFO: [ view_filter ] --START--
INFO: Run ContentReplace Behavior [ RunTime:-0.035617s ]
INFO: Run TokenBuild Behavior [ RunTime:-0.037385s ]
INFO: Run WriteHtmlCache Behavior [ RunTime:-0.039493s ]
INFO: Run ShowRuntime Behavior [ RunTime:-0.041173s ]
INFO: [ view_filter ] --END-- [ RunTime:0.007714s ]
INFO: [ view_end ] --START--
INFO: Run ShowPageTrace Behavior [ RunTime:-0.043529s ]
INFO: [ view_end ] --END-- [ RunTime:0.002338s ]

[ 2014-08-23T00:14:07+08:00 ] 127.0.0.1 /index.php
INFO: [ app_begin ] --START--
INFO: Run ReadHtmlCache Behavior [ RunTime:0.002738s ]
INFO: [ app_begin ] --END-- [ RunTime:0.002958s ]
INFO: [ view_parse ] --START--
INFO: Run ParseTemplate Behavior [ RunTime:-0.004733s ]
INFO: [ view_parse ] --END-- [ RunTime:0.030471s ]
INFO: [ view_filter ] --START--
INFO: Run ContentReplace Behavior [ RunTime:-0.035321s ]
INFO: Run TokenBuild Behavior [ RunTime:-0.037097s ]
INFO: Run WriteHtmlCache Behavior [ RunTime:-0.039185s ]
INFO: Run ShowRuntime Behavior [ RunTime:-0.040999s ]
INFO: [ view_filter ] --END-- [ RunTime:0.007773s ]
INFO: [ view_end ] --START--
INFO: Run ShowPageTrace Behavior [ RunTime:-0.043293s ]
INFO: [ view_end ] --END-- [ RunTime:0.002316s ]

[ 2014-08-23T00:14:43+08:00 ] 127.0.0.1 /index.php
INFO: [ app_begin ] --START--
INFO: Run ReadHtmlCache Behavior [ RunTime:0.001891s ]
INFO: [ app_begin ] --END-- [ RunTime:0.002154s ]
INFO: [ view_parse ] --START--
INFO: Run ParseTemplate Behavior [ RunTime:-0.002781s ]
INFO: [ view_parse ] --END-- [ RunTime:0.016633s ]
INFO: [ view_filter ] --START--
INFO: Run ContentReplace Behavior [ RunTime:-0.019531s ]
INFO: Run TokenBuild Behavior [ RunTime:-0.020638s ]
INFO: Run WriteHtmlCache Behavior [ RunTime:-0.021780s ]
INFO: Run ShowRuntime Behavior [ RunTime:-0.022654s ]
INFO: [ view_filter ] --END-- [ RunTime:0.004489s ]
INFO: [ view_end ] --START--
INFO: Run ShowPageTrace Behavior [ RunTime:-0.024279s ]
INFO: [ view_end ] --END-- [ RunTime:0.001877s ]

[ 2014-08-23T00:14:48+08:00 ] 127.0.0.1 /index.php/
INFO: [ route_check ] --START--
INFO: Run CheckRoute Behavior [ RunTime:0.002465s ]
INFO: [ route_check ] --END-- [ RunTime:0.002677s ]
INFO: [ app_begin ] --START--
INFO: Run ReadHtmlCache Behavior [ RunTime:-0.000827s ]
INFO: [ app_begin ] --END-- [ RunTime:0.001515s ]
INFO: [ view_parse ] --START--
INFO: Run ParseTemplate Behavior [ RunTime:-0.004403s ]
INFO: [ view_parse ] --END-- [ RunTime:0.019997s ]
INFO: [ view_filter ] --START--
INFO: Run ContentReplace Behavior [ RunTime:-0.024520s ]
INFO: Run TokenBuild Behavior [ RunTime:-0.025628s ]
INFO: Run WriteHtmlCache Behavior [ RunTime:-0.030459s ]
INFO: Run ShowRuntime Behavior [ RunTime:-0.031651s ]
INFO: [ view_filter ] --END-- [ RunTime:0.009045s ]
INFO: [ view_end ] --START--
INFO: Run ShowPageTrace Behavior [ RunTime:-0.033794s ]
INFO: [ view_end ] --END-- [ RunTime:0.001848s ]

[ 2014-08-23T00:16:37+08:00 ] 127.0.0.1 /index.php/
INFO: [ route_check ] --START--
INFO: Run CheckRoute Behavior [ RunTime:0.001699s ]
INFO: [ route_check ] --END-- [ RunTime:0.001907s ]
INFO: [ app_begin ] --START--
INFO: Run ReadHtmlCache Behavior [ RunTime:-0.001985s ]
INFO: [ app_begin ] --END-- [ RunTime:0.002844s ]
INFO: [ view_parse ] --START--
INFO: Run ParseTemplate Behavior [ RunTime:-0.009160s ]
INFO: [ view_parse ] --END-- [ RunTime:0.018797s ]
INFO: [ view_filter ] --START--
INFO: Run ContentReplace Behavior [ RunTime:-0.028077s ]
INFO: Run TokenBuild Behavior [ RunTime:-0.030494s ]
INFO: Run WriteHtmlCache Behavior [ RunTime:-0.032722s ]
INFO: Run ShowRuntime Behavior [ RunTime:-0.034526s ]
INFO: [ view_filter ] --END-- [ RunTime:0.009247s ]
INFO: [ view_end ] --START--
INFO: Run ShowPageTrace Behavior [ RunTime:-0.037536s ]
INFO: [ view_end ] --END-- [ RunTime:0.003904s ]

