[ 2014-10-21T20:20:58+08:00 ] 127.0.0.1 /
INFO: [ app_begin ] --START--
INFO: Run ReadHtmlCache Behavior [ RunTime:0.003540s ]
INFO: [ app_begin ] --END-- [ RunTime:0.020859s ]
INFO: [ view_parse ] --START--
INFO: Run ParseTemplate Behavior [ RunTime:-0.075496s ]
INFO: [ view_parse ] --END-- [ RunTime:0.033869s ]
INFO: [ view_filter ] --START--
INFO: Run ContentReplace Behavior [ RunTime:-0.109522s ]
INFO: Run TokenBuild Behavior [ RunTime:-0.111341s ]
INFO: Run WriteHtmlCache Behavior [ RunTime:-0.113217s ]
INFO: Run ShowRuntime Behavior [ RunTime:-0.115557s ]
INFO: [ view_filter ] --END-- [ RunTime:0.008198s ]
INFO: [ view_end ] --START--
INFO: Run ShowPageTrace Behavior [ RunTime:-0.117989s ]
INFO: [ view_end ] --END-- [ RunTime:0.002398s ]

[ 2014-10-21T20:22:52+08:00 ] 127.0.0.1 /
INFO: [ app_begin ] --START--
INFO: Run ReadHtmlCache Behavior [ RunTime:0.001616s ]
INFO: [ app_begin ] --END-- [ RunTime:0.001914s ]
INFO: [ view_parse ] --START--
INFO: Run ParseTemplate Behavior [ RunTime:-0.003137s ]
INFO: [ view_parse ] --END-- [ RunTime:0.015782s ]
INFO: [ view_filter ] --START--
INFO: Run ContentReplace Behavior [ RunTime:-0.019087s ]
INFO: Run TokenBuild Behavior [ RunTime:-0.020468s ]
INFO: Run WriteHtmlCache Behavior [ RunTime:-0.022009s ]
INFO: Run ShowRuntime Behavior [ RunTime:-0.026398s ]
INFO: [ view_filter ] --END-- [ RunTime:0.009269s ]
INFO: [ view_end ] --START--
INFO: Run ShowPageTrace Behavior [ RunTime:-0.028618s ]
INFO: [ view_end ] --END-- [ RunTime:0.001739s ]

